CRITICAL - 2023-01-28 06:00:27 --> Cannot access offset of type string on string
in APPPATH/Views/adminDashboard/addDriver.php on line 82.
 1 SYSTEMPATH/View/View.php(213): include()
 2 SYSTEMPATH/View/View.php(216): CodeIgniter\View\View->CodeIgniter\View\{closure}()
 3 SYSTEMPATH/Common.php(1134): CodeIgniter\View\View->render('adminDashboard/addDriver', [], true)
 4 APPPATH/Controllers/AdminController.php(386): view('adminDashboard/addDriver', [...])
 5 SYSTEMPATH/CodeIgniter.php(927): App\Controllers\AdminController->addDriverSave()
 6 SYSTEMPATH/CodeIgniter.php(482): CodeIgniter\CodeIgniter->runController(Object(App\Controllers\AdminController))
 7 SYSTEMPATH/CodeIgniter.php(351): CodeIgniter\CodeIgniter->handleRequest(null, Object(Config\Cache), false)
 8 FCPATH/index.php(67): CodeIgniter\CodeIgniter->run()
CRITICAL - 2023-01-28 06:01:51 --> Cannot access offset of type string on string
in APPPATH/Views/adminDashboard/addDriver.php on line 82.
 1 SYSTEMPATH/View/View.php(213): include()
 2 SYSTEMPATH/View/View.php(216): CodeIgniter\View\View->CodeIgniter\View\{closure}()
 3 SYSTEMPATH/Common.php(1134): CodeIgniter\View\View->render('adminDashboard/addDriver', [], true)
 4 APPPATH/Controllers/AdminController.php(386): view('adminDashboard/addDriver', [...])
 5 SYSTEMPATH/CodeIgniter.php(927): App\Controllers\AdminController->addDriverSave()
 6 SYSTEMPATH/CodeIgniter.php(482): CodeIgniter\CodeIgniter->runController(Object(App\Controllers\AdminController))
 7 SYSTEMPATH/CodeIgniter.php(351): CodeIgniter\CodeIgniter->handleRequest(null, Object(Config\Cache), false)
 8 FCPATH/index.php(67): CodeIgniter\CodeIgniter->run()
CRITICAL - 2023-01-28 06:02:47 --> Undefined variable $driversFind
in APPPATH/Controllers/AdminController.php on line 383.
 1 APPPATH/Controllers/AdminController.php(383): CodeIgniter\Debug\Exceptions->errorHandler(2, 'Undefined variable $driversFind', 'APPPATH/Controllers/AdminController.php', 383)
 2 SYSTEMPATH/CodeIgniter.php(927): App\Controllers\AdminController->addDriverSave()
 3 SYSTEMPATH/CodeIgniter.php(482): CodeIgniter\CodeIgniter->runController(Object(App\Controllers\AdminController))
 4 SYSTEMPATH/CodeIgniter.php(351): CodeIgniter\CodeIgniter->handleRequest(null, Object(Config\Cache), false)
 5 FCPATH/index.php(67): CodeIgniter\CodeIgniter->run()
CRITICAL - 2023-01-28 16:06:46 --> Undefined array key "driver"
in APPPATH/Views/adminDashboard/drivers.php on line 13.
 1 APPPATH/Views/adminDashboard/drivers.php(13): CodeIgniter\Debug\Exceptions->errorHandler(2, 'Undefined array key "driver"', 'APPPATH/Views/adminDashboard/drivers.php', 13)
 2 SYSTEMPATH/View/View.php(213): include('APPPATH/Views/adminDashboard/drivers.php')
 3 SYSTEMPATH/View/View.php(216): CodeIgniter\View\View->CodeIgniter\View\{closure}()
 4 SYSTEMPATH/Common.php(1134): CodeIgniter\View\View->render('adminDashboard/drivers', [], true)
 5 APPPATH/Controllers/AdminController.php(310): view('adminDashboard/drivers')
 6 SYSTEMPATH/CodeIgniter.php(927): App\Controllers\AdminController->drivers()
 7 SYSTEMPATH/CodeIgniter.php(482): CodeIgniter\CodeIgniter->runController(Object(App\Controllers\AdminController))
 8 SYSTEMPATH/CodeIgniter.php(351): CodeIgniter\CodeIgniter->handleRequest(null, Object(Config\Cache), false)
 9 FCPATH/index.php(67): CodeIgniter\CodeIgniter->run()
CRITICAL - 2023-01-28 16:33:34 --> Trying to access array offset on value of type bool
in APPPATH/Views/adminDashboard/drivers.php on line 18.
 1 APPPATH/Views/adminDashboard/drivers.php(18): CodeIgniter\Debug\Exceptions->errorHandler(2, 'Trying to access array offset on value of type bool', 'APPPATH/Views/adminDashboard/drivers.php', 18)
 2 SYSTEMPATH/View/View.php(213): include('APPPATH/Views/adminDashboard/drivers.php')
 3 SYSTEMPATH/View/View.php(216): CodeIgniter\View\View->CodeIgniter\View\{closure}()
 4 SYSTEMPATH/Common.php(1134): CodeIgniter\View\View->render('adminDashboard/drivers', [], true)
 5 APPPATH/Controllers/AdminController.php(310): view('adminDashboard/drivers')
 6 SYSTEMPATH/CodeIgniter.php(927): App\Controllers\AdminController->drivers()
 7 SYSTEMPATH/CodeIgniter.php(482): CodeIgniter\CodeIgniter->runController(Object(App\Controllers\AdminController))
 8 SYSTEMPATH/CodeIgniter.php(351): CodeIgniter\CodeIgniter->handleRequest(null, Object(Config\Cache), false)
 9 FCPATH/index.php(67): CodeIgniter\CodeIgniter->run()
CRITICAL - 2023-01-28 16:45:11 --> syntax error, unexpected token "else", expecting "," or ";"
in APPPATH/Views/adminDashboard/drivers.php on line 23.
 1 SYSTEMPATH/View/View.php(216): CodeIgniter\View\View->CodeIgniter\View\{closure}()
 2 SYSTEMPATH/Common.php(1134): CodeIgniter\View\View->render('adminDashboard/drivers', [], true)
 3 APPPATH/Controllers/AdminController.php(310): view('adminDashboard/drivers')
 4 SYSTEMPATH/CodeIgniter.php(927): App\Controllers\AdminController->drivers()
 5 SYSTEMPATH/CodeIgniter.php(482): CodeIgniter\CodeIgniter->runController(Object(App\Controllers\AdminController))
 6 SYSTEMPATH/CodeIgniter.php(351): CodeIgniter\CodeIgniter->handleRequest(null, Object(Config\Cache), false)
 7 FCPATH/index.php(67): CodeIgniter\CodeIgniter->run()
CRITICAL - 2023-01-28 16:53:02 --> Undefined array key "refferal_reward"
in APPPATH/Views/adminDashboard/drivers.php on line 27.
 1 APPPATH/Views/adminDashboard/drivers.php(27): CodeIgniter\Debug\Exceptions->errorHandler(2, 'Undefined array key "refferal_reward"', 'APPPATH/Views/adminDashboard/drivers.php', 27)
 2 SYSTEMPATH/View/View.php(213): include('APPPATH/Views/adminDashboard/drivers.php')
 3 SYSTEMPATH/View/View.php(216): CodeIgniter\View\View->CodeIgniter\View\{closure}()
 4 SYSTEMPATH/Common.php(1134): CodeIgniter\View\View->render('adminDashboard/drivers', [], true)
 5 APPPATH/Controllers/AdminController.php(310): view('adminDashboard/drivers')
 6 SYSTEMPATH/CodeIgniter.php(927): App\Controllers\AdminController->drivers()
 7 SYSTEMPATH/CodeIgniter.php(482): CodeIgniter\CodeIgniter->runController(Object(App\Controllers\AdminController))
 8 SYSTEMPATH/CodeIgniter.php(351): CodeIgniter\CodeIgniter->handleRequest(null, Object(Config\Cache), false)
 9 FCPATH/index.php(67): CodeIgniter\CodeIgniter->run()
CRITICAL - 2023-01-28 17:33:40 --> Undefined variable $driver
in APPPATH/Controllers/AdminController.php on line 316.
 1 APPPATH/Controllers/AdminController.php(316): CodeIgniter\Debug\Exceptions->errorHandler(2, 'Undefined variable $driver', 'APPPATH/Controllers/AdminController.php', 316)
 2 SYSTEMPATH/CodeIgniter.php(927): App\Controllers\AdminController->driver()
 3 SYSTEMPATH/CodeIgniter.php(482): CodeIgniter\CodeIgniter->runController(Object(App\Controllers\AdminController))
 4 SYSTEMPATH/CodeIgniter.php(351): CodeIgniter\CodeIgniter->handleRequest(null, Object(Config\Cache), false)
 5 FCPATH/index.php(67): CodeIgniter\CodeIgniter->run()
CRITICAL - 2023-01-28 17:35:41 --> Too few arguments to function App\Controllers\AdminController::driver(), 0 passed in /homepages/0/d941215561/htdocs/system/CodeIgniter.php on line 927 and exactly 1 expected
in APPPATH/Controllers/AdminController.php on line 314.
 1 SYSTEMPATH/CodeIgniter.php(927): App\Controllers\AdminController->driver()
 2 SYSTEMPATH/CodeIgniter.php(482): CodeIgniter\CodeIgniter->runController(Object(App\Controllers\AdminController))
 3 SYSTEMPATH/CodeIgniter.php(351): CodeIgniter\CodeIgniter->handleRequest(null, Object(Config\Cache), false)
 4 FCPATH/index.php(67): CodeIgniter\CodeIgniter->run()
CRITICAL - 2023-01-28 17:47:41 --> Undefined property: App\Controllers\AdminController::$uri
in APPPATH/Controllers/AdminController.php on line 315.
 1 APPPATH/Controllers/AdminController.php(315): CodeIgniter\Debug\Exceptions->errorHandler(2, 'Undefined property: App\\Controllers\\AdminController::$uri', 'APPPATH/Controllers/AdminController.php', 315)
 2 SYSTEMPATH/CodeIgniter.php(927): App\Controllers\AdminController->driver()
 3 SYSTEMPATH/CodeIgniter.php(482): CodeIgniter\CodeIgniter->runController(Object(App\Controllers\AdminController))
 4 SYSTEMPATH/CodeIgniter.php(351): CodeIgniter\CodeIgniter->handleRequest(null, Object(Config\Cache), false)
 5 FCPATH/index.php(67): CodeIgniter\CodeIgniter->run()
CRITICAL - 2023-01-28 17:48:24 --> Undefined property: App\Controllers\AdminController::$load
in APPPATH/Controllers/AdminController.php on line 315.
 1 APPPATH/Controllers/AdminController.php(315): CodeIgniter\Debug\Exceptions->errorHandler(2, 'Undefined property: App\\Controllers\\AdminController::$load', 'APPPATH/Controllers/AdminController.php', 315)
 2 SYSTEMPATH/CodeIgniter.php(927): App\Controllers\AdminController->driver()
 3 SYSTEMPATH/CodeIgniter.php(482): CodeIgniter\CodeIgniter->runController(Object(App\Controllers\AdminController))
 4 SYSTEMPATH/CodeIgniter.php(351): CodeIgniter\CodeIgniter->handleRequest(null, Object(Config\Cache), false)
 5 FCPATH/index.php(67): CodeIgniter\CodeIgniter->run()
CRITICAL - 2023-01-28 17:48:40 --> Undefined property: App\Controllers\AdminController::$uri
in APPPATH/Controllers/AdminController.php on line 316.
 1 APPPATH/Controllers/AdminController.php(316): CodeIgniter\Debug\Exceptions->errorHandler(2, 'Undefined property: App\\Controllers\\AdminController::$uri', 'APPPATH/Controllers/AdminController.php', 316)
 2 SYSTEMPATH/CodeIgniter.php(927): App\Controllers\AdminController->driver()
 3 SYSTEMPATH/CodeIgniter.php(482): CodeIgniter\CodeIgniter->runController(Object(App\Controllers\AdminController))
 4 SYSTEMPATH/CodeIgniter.php(351): CodeIgniter\CodeIgniter->handleRequest(null, Object(Config\Cache), false)
 5 FCPATH/index.php(67): CodeIgniter\CodeIgniter->run()
CRITICAL - 2023-01-28 17:49:38 --> Call to undefined method CodeIgniter\HTTP\URI::segment()
in APPPATH/Controllers/AdminController.php on line 316.
 1 SYSTEMPATH/CodeIgniter.php(927): App\Controllers\AdminController->driver()
 2 SYSTEMPATH/CodeIgniter.php(482): CodeIgniter\CodeIgniter->runController(Object(App\Controllers\AdminController))
 3 SYSTEMPATH/CodeIgniter.php(351): CodeIgniter\CodeIgniter->handleRequest(null, Object(Config\Cache), false)
 4 FCPATH/index.php(67): CodeIgniter\CodeIgniter->run()
CRITICAL - 2023-01-28 17:49:54 --> Call to undefined method CodeIgniter\HTTP\URI::segment()
in APPPATH/Controllers/AdminController.php on line 316.
 1 SYSTEMPATH/CodeIgniter.php(927): App\Controllers\AdminController->driver()
 2 SYSTEMPATH/CodeIgniter.php(482): CodeIgniter\CodeIgniter->runController(Object(App\Controllers\AdminController))
 3 SYSTEMPATH/CodeIgniter.php(351): CodeIgniter\CodeIgniter->handleRequest(null, Object(Config\Cache), false)
 4 FCPATH/index.php(67): CodeIgniter\CodeIgniter->run()
CRITICAL - 2023-01-28 17:54:12 --> Undefined variable $uri
in APPPATH/Controllers/AdminController.php on line 316.
 1 APPPATH/Controllers/AdminController.php(316): CodeIgniter\Debug\Exceptions->errorHandler(2, 'Undefined variable $uri', 'APPPATH/Controllers/AdminController.php', 316)
 2 SYSTEMPATH/CodeIgniter.php(927): App\Controllers\AdminController->driver()
 3 SYSTEMPATH/CodeIgniter.php(482): CodeIgniter\CodeIgniter->runController(Object(App\Controllers\AdminController))
 4 SYSTEMPATH/CodeIgniter.php(351): CodeIgniter\CodeIgniter->handleRequest(null, Object(Config\Cache), false)
 5 FCPATH/index.php(67): CodeIgniter\CodeIgniter->run()
CRITICAL - 2023-01-28 17:55:04 --> Request URI segment is out of range: 2
in SYSTEMPATH/HTTP/URI.php on line 529.
 1 SYSTEMPATH/HTTP/URI.php(529): CodeIgniter\HTTP\Exceptions\HTTPException::forURISegmentOutOfRange(2)
 2 APPPATH/Controllers/AdminController.php(316): CodeIgniter\HTTP\URI->getSegment(2)
 3 SYSTEMPATH/CodeIgniter.php(927): App\Controllers\AdminController->driver()
 4 SYSTEMPATH/CodeIgniter.php(482): CodeIgniter\CodeIgniter->runController(Object(App\Controllers\AdminController))
 5 SYSTEMPATH/CodeIgniter.php(351): CodeIgniter\CodeIgniter->handleRequest(null, Object(Config\Cache), false)
 6 FCPATH/index.php(67): CodeIgniter\CodeIgniter->run()
CRITICAL - 2023-01-28 17:55:25 --> Request URI segment is out of range: 1
in SYSTEMPATH/HTTP/URI.php on line 529.
 1 SYSTEMPATH/HTTP/URI.php(529): CodeIgniter\HTTP\Exceptions\HTTPException::forURISegmentOutOfRange(1)
 2 APPPATH/Controllers/AdminController.php(316): CodeIgniter\HTTP\URI->getSegment(1)
 3 SYSTEMPATH/CodeIgniter.php(927): App\Controllers\AdminController->driver()
 4 SYSTEMPATH/CodeIgniter.php(482): CodeIgniter\CodeIgniter->runController(Object(App\Controllers\AdminController))
 5 SYSTEMPATH/CodeIgniter.php(351): CodeIgniter\CodeIgniter->handleRequest(null, Object(Config\Cache), false)
 6 FCPATH/index.php(67): CodeIgniter\CodeIgniter->run()
CRITICAL - 2023-01-28 17:55:26 --> Request URI segment is out of range: 1
in SYSTEMPATH/HTTP/URI.php on line 529.
 1 SYSTEMPATH/HTTP/URI.php(529): CodeIgniter\HTTP\Exceptions\HTTPException::forURISegmentOutOfRange(1)
 2 APPPATH/Controllers/AdminController.php(316): CodeIgniter\HTTP\URI->getSegment(1)
 3 SYSTEMPATH/CodeIgniter.php(927): App\Controllers\AdminController->driver()
 4 SYSTEMPATH/CodeIgniter.php(482): CodeIgniter\CodeIgniter->runController(Object(App\Controllers\AdminController))
 5 SYSTEMPATH/CodeIgniter.php(351): CodeIgniter\CodeIgniter->handleRequest(null, Object(Config\Cache), false)
 6 FCPATH/index.php(67): CodeIgniter\CodeIgniter->run()
CRITICAL - 2023-01-28 18:04:42 --> Too few arguments to function App\Controllers\AdminController::driver(), 0 passed in /homepages/0/d941215561/htdocs/system/CodeIgniter.php on line 927 and exactly 1 expected
in APPPATH/Controllers/AdminController.php on line 314.
 1 SYSTEMPATH/CodeIgniter.php(927): App\Controllers\AdminController->driver()
 2 SYSTEMPATH/CodeIgniter.php(482): CodeIgniter\CodeIgniter->runController(Object(App\Controllers\AdminController))
 3 SYSTEMPATH/CodeIgniter.php(351): CodeIgniter\CodeIgniter->handleRequest(null, Object(Config\Cache), false)
 4 FCPATH/index.php(67): CodeIgniter\CodeIgniter->run()
CRITICAL - 2023-01-28 18:07:58 --> You must supply the parameters: from, to.
in SYSTEMPATH/Router/RouteCollection.php on line 867.
 1 APPPATH/Config/Routes.php(55): CodeIgniter\Router\RouteCollection->match([...])
 2 SYSTEMPATH/CodeIgniter.php(789): require('APPPATH/Config/Routes.php')
 3 SYSTEMPATH/CodeIgniter.php(430): CodeIgniter\CodeIgniter->tryToRouteIt(Object(CodeIgniter\Router\RouteCollection))
 4 SYSTEMPATH/CodeIgniter.php(351): CodeIgniter\CodeIgniter->handleRequest(null, Object(Config\Cache), false)
 5 FCPATH/index.php(67): CodeIgniter\CodeIgniter->run()
CRITICAL - 2023-01-28 18:08:53 --> Too few arguments to function App\Controllers\AdminController::driver(), 0 passed in /homepages/0/d941215561/htdocs/system/CodeIgniter.php on line 927 and exactly 1 expected
in APPPATH/Controllers/AdminController.php on line 314.
 1 SYSTEMPATH/CodeIgniter.php(927): App\Controllers\AdminController->driver()
 2 SYSTEMPATH/CodeIgniter.php(482): CodeIgniter\CodeIgniter->runController(Object(App\Controllers\AdminController))
 3 SYSTEMPATH/CodeIgniter.php(351): CodeIgniter\CodeIgniter->handleRequest(null, Object(Config\Cache), false)
 4 FCPATH/index.php(67): CodeIgniter\CodeIgniter->run()
CRITICAL - 2023-01-28 18:10:53 --> Too few arguments to function App\Controllers\AdminController::driver(), 0 passed in /homepages/0/d941215561/htdocs/system/CodeIgniter.php on line 927 and exactly 1 expected
in APPPATH/Controllers/AdminController.php on line 314.
 1 SYSTEMPATH/CodeIgniter.php(927): App\Controllers\AdminController->driver()
 2 SYSTEMPATH/CodeIgniter.php(482): CodeIgniter\CodeIgniter->runController(Object(App\Controllers\AdminController))
 3 SYSTEMPATH/CodeIgniter.php(351): CodeIgniter\CodeIgniter->handleRequest(null, Object(Config\Cache), false)
 4 FCPATH/index.php(67): CodeIgniter\CodeIgniter->run()
CRITICAL - 2023-01-28 18:10:55 --> Too few arguments to function App\Controllers\AdminController::driver(), 0 passed in /homepages/0/d941215561/htdocs/system/CodeIgniter.php on line 927 and exactly 1 expected
in APPPATH/Controllers/AdminController.php on line 314.
 1 SYSTEMPATH/CodeIgniter.php(927): App\Controllers\AdminController->driver()
 2 SYSTEMPATH/CodeIgniter.php(482): CodeIgniter\CodeIgniter->runController(Object(App\Controllers\AdminController))
 3 SYSTEMPATH/CodeIgniter.php(351): CodeIgniter\CodeIgniter->handleRequest(null, Object(Config\Cache), false)
 4 FCPATH/index.php(67): CodeIgniter\CodeIgniter->run()
CRITICAL - 2023-01-28 18:11:24 --> Undefined property: App\Controllers\AdminController::$input
in APPPATH/Controllers/AdminController.php on line 315.
 1 APPPATH/Controllers/AdminController.php(315): CodeIgniter\Debug\Exceptions->errorHandler(2, 'Undefined property: App\\Controllers\\AdminController::$input', 'APPPATH/Controllers/AdminController.php', 315)
 2 SYSTEMPATH/CodeIgniter.php(927): App\Controllers\AdminController->driver()
 3 SYSTEMPATH/CodeIgniter.php(482): CodeIgniter\CodeIgniter->runController(Object(App\Controllers\AdminController))
 4 SYSTEMPATH/CodeIgniter.php(351): CodeIgniter\CodeIgniter->handleRequest(null, Object(Config\Cache), false)
 5 FCPATH/index.php(67): CodeIgniter\CodeIgniter->run()
CRITICAL - 2023-01-28 18:14:32 --> Undefined property: App\Controllers\AdminController::$input
in APPPATH/Controllers/AdminController.php on line 315.
 1 APPPATH/Controllers/AdminController.php(315): CodeIgniter\Debug\Exceptions->errorHandler(2, 'Undefined property: App\\Controllers\\AdminController::$input', 'APPPATH/Controllers/AdminController.php', 315)
 2 SYSTEMPATH/CodeIgniter.php(927): App\Controllers\AdminController->driver('4')
 3 SYSTEMPATH/CodeIgniter.php(482): CodeIgniter\CodeIgniter->runController(Object(App\Controllers\AdminController))
 4 SYSTEMPATH/CodeIgniter.php(351): CodeIgniter\CodeIgniter->handleRequest(null, Object(Config\Cache), false)
 5 FCPATH/index.php(67): CodeIgniter\CodeIgniter->run()
ERROR - 2023-01-28 18:28:20 --> mysqli_sql_exception: Unknown column 'Vozac' in 'where clause' in /homepages/0/d941215561/htdocs/system/Database/MySQLi/Connection.php:292
Stack trace:
#0 /homepages/0/d941215561/htdocs/system/Database/MySQLi/Connection.php(292): mysqli->query('SELECT *\nFROM `...', 0)
#1 /homepages/0/d941215561/htdocs/system/Database/BaseConnection.php(666): CodeIgniter\Database\MySQLi\Connection->execute('SELECT *\nFROM `...')
#2 /homepages/0/d941215561/htdocs/system/Database/BaseConnection.php(593): CodeIgniter\Database\BaseConnection->simpleQuery('SELECT *\nFROM `...')
#3 /homepages/0/d941215561/htdocs/system/Database/BaseBuilder.php(1585): CodeIgniter\Database\BaseConnection->query('SELECT *\nFROM `...', Array, false)
#4 /homepages/0/d941215561/htdocs/system/Model.php(223): CodeIgniter\Database\BaseBuilder->get()
#5 /homepages/0/d941215561/htdocs/system/BaseModel.php(585): CodeIgniter\Model->doFindAll(0, 0)
#6 /homepages/0/d941215561/htdocs/app/Controllers/AdminController.php(319): CodeIgniter\BaseModel->findAll()
#7 /homepages/0/d941215561/htdocs/system/CodeIgniter.php(927): App\Controllers\AdminController->driver('4')
#8 /homepages/0/d941215561/htdocs/system/CodeIgniter.php(482): CodeIgniter\CodeIgniter->runController(Object(App\Controllers\AdminController))
#9 /homepages/0/d941215561/htdocs/system/CodeIgniter.php(351): CodeIgniter\CodeIgniter->handleRequest(NULL, Object(Config\Cache), false)
#10 /homepages/0/d941215561/htdocs/public/index.php(67): CodeIgniter\CodeIgniter->run()
#11 {main}
CRITICAL - 2023-01-28 18:28:20 --> Unknown column 'Vozac' in 'where clause'
in SYSTEMPATH/Database/MySQLi/Connection.php on line 292.
 1 SYSTEMPATH/Database/MySQLi/Connection.php(292): mysqli->query('SELECT *
FROM `myPos_reports`
WHERE `Vozac` = \'Nikola Sagi\'', 0)
 2 SYSTEMPATH/Database/BaseConnection.php(666): CodeIgniter\Database\MySQLi\Connection->execute('SELECT *
FROM `myPos_reports`
WHERE `Vozac` = \'Nikola Sagi\'')
 3 SYSTEMPATH/Database/BaseConnection.php(593): CodeIgniter\Database\BaseConnection->simpleQuery('SELECT *
FROM `myPos_reports`
WHERE `Vozac` = \'Nikola Sagi\'')
 4 SYSTEMPATH/Database/BaseBuilder.php(1585): CodeIgniter\Database\BaseConnection->query('SELECT *
FROM `myPos_reports`
WHERE `Vozac` = :Vozac:', [...], false)
 5 SYSTEMPATH/Model.php(223): CodeIgniter\Database\BaseBuilder->get()
 6 SYSTEMPATH/BaseModel.php(585): CodeIgniter\Model->doFindAll(0, 0)
 7 APPPATH/Controllers/AdminController.php(319): CodeIgniter\BaseModel->findAll()
 8 SYSTEMPATH/CodeIgniter.php(927): App\Controllers\AdminController->driver('4')
 9 SYSTEMPATH/CodeIgniter.php(482): CodeIgniter\CodeIgniter->runController(Object(App\Controllers\AdminController))
10 SYSTEMPATH/CodeIgniter.php(351): CodeIgniter\CodeIgniter->handleRequest(null, Object(Config\Cache), false)
11 FCPATH/index.php(67): CodeIgniter\CodeIgniter->run()
CRITICAL - 2023-01-28 18:48:55 --> Undefined array key "Vozac"
in APPPATH/Controllers/AdminController.php on line 344.
 1 APPPATH/Controllers/AdminController.php(344): CodeIgniter\Debug\Exceptions->errorHandler(2, 'Undefined array key "Vozac"', 'APPPATH/Controllers/AdminController.php', 344)
 2 SYSTEMPATH/CodeIgniter.php(927): App\Controllers\AdminController->driver('4')
 3 SYSTEMPATH/CodeIgniter.php(482): CodeIgniter\CodeIgniter->runController(Object(App\Controllers\AdminController))
 4 SYSTEMPATH/CodeIgniter.php(351): CodeIgniter\CodeIgniter->handleRequest(null, Object(Config\Cache), false)
 5 FCPATH/index.php(67): CodeIgniter\CodeIgniter->run()
CRITICAL - 2023-01-28 18:49:13 --> Invalid file: adminDashboard/driver.php
in SYSTEMPATH/Exceptions/FrameworkException.php on line 33.
 1 SYSTEMPATH/View/View.php(201): CodeIgniter\Exceptions\FrameworkException::forInvalidFile('adminDashboard/driver.php')
 2 SYSTEMPATH/Common.php(1134): CodeIgniter\View\View->render('adminDashboard/driver', [], true)
 3 APPPATH/Controllers/AdminController.php(347): view('adminDashboard/driver', [...])
 4 SYSTEMPATH/CodeIgniter.php(927): App\Controllers\AdminController->driver('4')
 5 SYSTEMPATH/CodeIgniter.php(482): CodeIgniter\CodeIgniter->runController(Object(App\Controllers\AdminController))
 6 SYSTEMPATH/CodeIgniter.php(351): CodeIgniter\CodeIgniter->handleRequest(null, Object(Config\Cache), false)
 7 FCPATH/index.php(67): CodeIgniter\CodeIgniter->run()
