CRITICAL - 2023-03-05 06:53:57 --> Trying to access array offset on value of type null
in APPPATH/Controllers/AdminController.php on line 387.
 1 APPPATH/Controllers/AdminController.php(387): CodeIgniter\Debug\Exceptions->errorHandler(2, 'Trying to access array offset on value of type null', 'APPPATH/Controllers/AdminController.php', 387)
 2 SYSTEMPATH/CodeIgniter.php(927): App\Controllers\AdminController->driver('94')
 3 SYSTEMPATH/CodeIgniter.php(482): CodeIgniter\CodeIgniter->runController(Object(App\Controllers\AdminController))
 4 SYSTEMPATH/CodeIgniter.php(351): CodeIgniter\CodeIgniter->handleRequest(null, Object(Config\Cache), false)
 5 FCPATH/index.php(67): CodeIgniter\CodeIgniter->run()
CRITICAL - 2023-03-05 07:21:16 --> Undefined variable $yearNo
in APPPATH/Controllers/AdminController.php on line 827.
 1 APPPATH/Controllers/AdminController.php(827): CodeIgniter\Debug\Exceptions->errorHandler(2, 'Undefined variable $yearNo', 'APPPATH/Controllers/AdminController.php', 827)
 2 SYSTEMPATH/CodeIgniter.php(927): App\Controllers\AdminController->knjigovodstvo('202302')
 3 SYSTEMPATH/CodeIgniter.php(482): CodeIgniter\CodeIgniter->runController(Object(App\Controllers\AdminController))
 4 SYSTEMPATH/CodeIgniter.php(351): CodeIgniter\CodeIgniter->handleRequest(null, Object(Config\Cache), false)
 5 FCPATH/index.php(67): CodeIgniter\CodeIgniter->run()
CRITICAL - 2023-03-05 07:22:22 --> Undefined variable $drivers
in APPPATH/Controllers/AdminController.php on line 878.
 1 APPPATH/Controllers/AdminController.php(878): CodeIgniter\Debug\Exceptions->errorHandler(2, 'Undefined variable $drivers', 'APPPATH/Controllers/AdminController.php', 878)
 2 SYSTEMPATH/CodeIgniter.php(927): App\Controllers\AdminController->knjigovodstvo('202302')
 3 SYSTEMPATH/CodeIgniter.php(482): CodeIgniter\CodeIgniter->runController(Object(App\Controllers\AdminController))
 4 SYSTEMPATH/CodeIgniter.php(351): CodeIgniter\CodeIgniter->handleRequest(null, Object(Config\Cache), false)
 5 FCPATH/index.php(67): CodeIgniter\CodeIgniter->run()
CRITICAL - 2023-03-05 07:45:45 --> substr(): Passing null to parameter #1 ($string) of type string is deprecated
in APPPATH/Controllers/AdminController.php on line 821.
 1 [internal function]: CodeIgniter\Debug\Exceptions->errorHandler(8192, 'substr(): Passing null to parameter #1 ($string) of type string is deprecated', 'APPPATH/Controllers/AdminController.php', 821)
 2 APPPATH/Controllers/AdminController.php(821): substr(null, 0, 4)
 3 SYSTEMPATH/CodeIgniter.php(927): App\Controllers\AdminController->knjigovodstvo()
 4 SYSTEMPATH/CodeIgniter.php(482): CodeIgniter\CodeIgniter->runController(Object(App\Controllers\AdminController))
 5 SYSTEMPATH/CodeIgniter.php(351): CodeIgniter\CodeIgniter->handleRequest(null, Object(Config\Cache), false)
 6 FCPATH/index.php(67): CodeIgniter\CodeIgniter->run()
CRITICAL - 2023-03-05 09:06:38 --> Undefined variable $zadnjDan
in APPPATH/Views/adminDashboard/knjigovodstvo.php on line 5.
 1 APPPATH/Views/adminDashboard/knjigovodstvo.php(5): CodeIgniter\Debug\Exceptions->errorHandler(2, 'Undefined variable $zadnjDan', 'APPPATH/Views/adminDashboard/knjigovodstvo.php', 5)
 2 SYSTEMPATH/View/View.php(213): include('APPPATH/Views/adminDashboard/knjigovodstvo.php')
 3 SYSTEMPATH/View/View.php(216): CodeIgniter\View\View->CodeIgniter\View\{closure}()
 4 SYSTEMPATH/Common.php(1134): CodeIgniter\View\View->render('adminDashboard/knjigovodstvo', [], true)
 5 APPPATH/Controllers/AdminController.php(900): view('adminDashboard/knjigovodstvo')
 6 SYSTEMPATH/CodeIgniter.php(927): App\Controllers\AdminController->knjigovodstvo('202308')
 7 SYSTEMPATH/CodeIgniter.php(482): CodeIgniter\CodeIgniter->runController(Object(App\Controllers\AdminController))
 8 SYSTEMPATH/CodeIgniter.php(351): CodeIgniter\CodeIgniter->handleRequest(null, Object(Config\Cache), false)
 9 FCPATH/index.php(67): CodeIgniter\CodeIgniter->run()
CRITICAL - 2023-03-05 12:11:09 --> Undefined variable $driver
in APPPATH/Views/adminDashboard/knjigovodstvo.php on line 21.
 1 APPPATH/Views/adminDashboard/knjigovodstvo.php(21): CodeIgniter\Debug\Exceptions->errorHandler(2, 'Undefined variable $driver', 'APPPATH/Views/adminDashboard/knjigovodstvo.php', 21)
 2 SYSTEMPATH/View/View.php(213): include('APPPATH/Views/adminDashboard/knjigovodstvo.php')
 3 SYSTEMPATH/View/View.php(216): CodeIgniter\View\View->CodeIgniter\View\{closure}()
 4 SYSTEMPATH/Common.php(1134): CodeIgniter\View\View->render('adminDashboard/knjigovodstvo', [], true)
 5 APPPATH/Controllers/AdminController.php(900): view('adminDashboard/knjigovodstvo')
 6 SYSTEMPATH/CodeIgniter.php(927): App\Controllers\AdminController->knjigovodstvo('202308')
 7 SYSTEMPATH/CodeIgniter.php(482): CodeIgniter\CodeIgniter->runController(Object(App\Controllers\AdminController))
 8 SYSTEMPATH/CodeIgniter.php(351): CodeIgniter\CodeIgniter->handleRequest(null, Object(Config\Cache), false)
 9 FCPATH/index.php(67): CodeIgniter\CodeIgniter->run()
CRITICAL - 2023-03-05 12:16:40 --> Undefined array key "id"
in APPPATH/Views/adminDashboard/knjigovodstvo.php on line 21.
 1 APPPATH/Views/adminDashboard/knjigovodstvo.php(21): CodeIgniter\Debug\Exceptions->errorHandler(2, 'Undefined array key "id"', 'APPPATH/Views/adminDashboard/knjigovodstvo.php', 21)
 2 SYSTEMPATH/View/View.php(213): include('APPPATH/Views/adminDashboard/knjigovodstvo.php')
 3 SYSTEMPATH/View/View.php(216): CodeIgniter\View\View->CodeIgniter\View\{closure}()
 4 SYSTEMPATH/Common.php(1134): CodeIgniter\View\View->render('adminDashboard/knjigovodstvo', [], true)
 5 APPPATH/Controllers/AdminController.php(900): view('adminDashboard/knjigovodstvo')
 6 SYSTEMPATH/CodeIgniter.php(927): App\Controllers\AdminController->knjigovodstvo('202308')
 7 SYSTEMPATH/CodeIgniter.php(482): CodeIgniter\CodeIgniter->runController(Object(App\Controllers\AdminController))
 8 SYSTEMPATH/CodeIgniter.php(351): CodeIgniter\CodeIgniter->handleRequest(null, Object(Config\Cache), false)
 9 FCPATH/index.php(67): CodeIgniter\CodeIgniter->run()
CRITICAL - 2023-03-05 12:16:48 --> Undefined array key "id"
in APPPATH/Views/adminDashboard/knjigovodstvo.php on line 21.
 1 APPPATH/Views/adminDashboard/knjigovodstvo.php(21): CodeIgniter\Debug\Exceptions->errorHandler(2, 'Undefined array key "id"', 'APPPATH/Views/adminDashboard/knjigovodstvo.php', 21)
 2 SYSTEMPATH/View/View.php(213): include('APPPATH/Views/adminDashboard/knjigovodstvo.php')
 3 SYSTEMPATH/View/View.php(216): CodeIgniter\View\View->CodeIgniter\View\{closure}()
 4 SYSTEMPATH/Common.php(1134): CodeIgniter\View\View->render('adminDashboard/knjigovodstvo', [], true)
 5 APPPATH/Controllers/AdminController.php(900): view('adminDashboard/knjigovodstvo')
 6 SYSTEMPATH/CodeIgniter.php(927): App\Controllers\AdminController->knjigovodstvo('202302')
 7 SYSTEMPATH/CodeIgniter.php(482): CodeIgniter\CodeIgniter->runController(Object(App\Controllers\AdminController))
 8 SYSTEMPATH/CodeIgniter.php(351): CodeIgniter\CodeIgniter->handleRequest(null, Object(Config\Cache), false)
 9 FCPATH/index.php(67): CodeIgniter\CodeIgniter->run()
CRITICAL - 2023-03-05 12:16:50 --> Undefined array key "id"
in APPPATH/Views/adminDashboard/knjigovodstvo.php on line 21.
 1 APPPATH/Views/adminDashboard/knjigovodstvo.php(21): CodeIgniter\Debug\Exceptions->errorHandler(2, 'Undefined array key "id"', 'APPPATH/Views/adminDashboard/knjigovodstvo.php', 21)
 2 SYSTEMPATH/View/View.php(213): include('APPPATH/Views/adminDashboard/knjigovodstvo.php')
 3 SYSTEMPATH/View/View.php(216): CodeIgniter\View\View->CodeIgniter\View\{closure}()
 4 SYSTEMPATH/Common.php(1134): CodeIgniter\View\View->render('adminDashboard/knjigovodstvo', [], true)
 5 APPPATH/Controllers/AdminController.php(900): view('adminDashboard/knjigovodstvo')
 6 SYSTEMPATH/CodeIgniter.php(927): App\Controllers\AdminController->knjigovodstvo('202302')
 7 SYSTEMPATH/CodeIgniter.php(482): CodeIgniter\CodeIgniter->runController(Object(App\Controllers\AdminController))
 8 SYSTEMPATH/CodeIgniter.php(351): CodeIgniter\CodeIgniter->handleRequest(null, Object(Config\Cache), false)
 9 FCPATH/index.php(67): CodeIgniter\CodeIgniter->run()
CRITICAL - 2023-03-05 12:24:07 --> Class "App\Controllers\DriversModel" not found
in APPPATH/Controllers/AdminController.php on line 1289.
 1 SYSTEMPATH/CodeIgniter.php(927): App\Controllers\AdminController->obracunNajma('3')
 2 SYSTEMPATH/CodeIgniter.php(482): CodeIgniter\CodeIgniter->runController(Object(App\Controllers\AdminController))
 3 SYSTEMPATH/CodeIgniter.php(351): CodeIgniter\CodeIgniter->handleRequest(null, Object(Config\Cache), false)
 4 FCPATH/index.php(67): CodeIgniter\CodeIgniter->run()
CRITICAL - 2023-03-05 12:26:23 --> Undefined variable $page
in APPPATH/Views/adminDashboard/header.php on line 8.
 1 APPPATH/Views/adminDashboard/header.php(8): CodeIgniter\Debug\Exceptions->errorHandler(2, 'Undefined variable $page', 'APPPATH/Views/adminDashboard/header.php', 8)
 2 SYSTEMPATH/View/View.php(213): include('APPPATH/Views/adminDashboard/header.php')
 3 SYSTEMPATH/View/View.php(216): CodeIgniter\View\View->CodeIgniter\View\{closure}()
 4 SYSTEMPATH/Common.php(1134): CodeIgniter\View\View->render('adminDashboard/header', [], true)
 5 APPPATH/Controllers/AdminController.php(1355): view('adminDashboard/header', [...])
 6 SYSTEMPATH/CodeIgniter.php(927): App\Controllers\AdminController->obracunNajma('3')
 7 SYSTEMPATH/CodeIgniter.php(482): CodeIgniter\CodeIgniter->runController(Object(App\Controllers\AdminController))
 8 SYSTEMPATH/CodeIgniter.php(351): CodeIgniter\CodeIgniter->handleRequest(null, Object(Config\Cache), false)
 9 FCPATH/index.php(67): CodeIgniter\CodeIgniter->run()
