CRITICAL - 2023-02-21 08:29:56 --> Trying to access array offset on value of type null
in APPPATH/Controllers/AdminController.php on line 474.
 1 APPPATH/Controllers/AdminController.php(474): CodeIgniter\Debug\Exceptions->errorHandler(2, 'Trying to access array offset on value of type null', 'APPPATH/Controllers/AdminController.php', 474)
 2 SYSTEMPATH/CodeIgniter.php(927): App\Controllers\AdminController->ugovoroNajmu('7')
 3 SYSTEMPATH/CodeIgniter.php(482): CodeIgniter\CodeIgniter->runController(Object(App\Controllers\AdminController))
 4 SYSTEMPATH/CodeIgniter.php(351): CodeIgniter\CodeIgniter->handleRequest(null, Object(Config\Cache), false)
 5 FCPATH/index.php(67): CodeIgniter\CodeIgniter->run()
CRITICAL - 2023-02-21 08:30:49 --> Trying to access array offset on value of type null
in APPPATH/Controllers/AdminController.php on line 474.
 1 APPPATH/Controllers/AdminController.php(474): CodeIgniter\Debug\Exceptions->errorHandler(2, 'Trying to access array offset on value of type null', 'APPPATH/Controllers/AdminController.php', 474)
 2 SYSTEMPATH/CodeIgniter.php(927): App\Controllers\AdminController->ugovoroNajmu('7')
 3 SYSTEMPATH/CodeIgniter.php(482): CodeIgniter\CodeIgniter->runController(Object(App\Controllers\AdminController))
 4 SYSTEMPATH/CodeIgniter.php(351): CodeIgniter\CodeIgniter->handleRequest(null, Object(Config\Cache), false)
 5 FCPATH/index.php(67): CodeIgniter\CodeIgniter->run()
CRITICAL - 2023-02-21 08:30:56 --> Trying to access array offset on value of type null
in APPPATH/Controllers/AdminController.php on line 474.
 1 APPPATH/Controllers/AdminController.php(474): CodeIgniter\Debug\Exceptions->errorHandler(2, 'Trying to access array offset on value of type null', 'APPPATH/Controllers/AdminController.php', 474)
 2 SYSTEMPATH/CodeIgniter.php(927): App\Controllers\AdminController->ugovoroNajmu('7')
 3 SYSTEMPATH/CodeIgniter.php(482): CodeIgniter\CodeIgniter->runController(Object(App\Controllers\AdminController))
 4 SYSTEMPATH/CodeIgniter.php(351): CodeIgniter\CodeIgniter->handleRequest(null, Object(Config\Cache), false)
 5 FCPATH/index.php(67): CodeIgniter\CodeIgniter->run()
CRITICAL - 2023-02-21 08:31:35 --> Invalid file: adminDashboard/ugovoroNajmu.php
in SYSTEMPATH/Exceptions/FrameworkException.php on line 33.
 1 SYSTEMPATH/View/View.php(201): CodeIgniter\Exceptions\FrameworkException::forInvalidFile('adminDashboard/ugovoroNajmu.php')
 2 SYSTEMPATH/Common.php(1134): CodeIgniter\View\View->render('adminDashboard/ugovoroNajmu', [], true)
 3 APPPATH/Controllers/AdminController.php(494): view('adminDashboard/ugovoroNajmu')
 4 SYSTEMPATH/CodeIgniter.php(927): App\Controllers\AdminController->ugovoroNajmu('5')
 5 SYSTEMPATH/CodeIgniter.php(482): CodeIgniter\CodeIgniter->runController(Object(App\Controllers\AdminController))
 6 SYSTEMPATH/CodeIgniter.php(351): CodeIgniter\CodeIgniter->handleRequest(null, Object(Config\Cache), false)
 7 FCPATH/index.php(67): CodeIgniter\CodeIgniter->run()
CRITICAL - 2023-02-21 08:32:25 --> Undefined variable $pocetakRada
in APPPATH/Views/adminDashboard/ugovoroNajmu.php on line 8.
 1 APPPATH/Views/adminDashboard/ugovoroNajmu.php(8): CodeIgniter\Debug\Exceptions->errorHandler(2, 'Undefined variable $pocetakRada', 'APPPATH/Views/adminDashboard/ugovoroNajmu.php', 8)
 2 SYSTEMPATH/View/View.php(213): include('APPPATH/Views/adminDashboard/ugovoroNajmu.php')
 3 SYSTEMPATH/View/View.php(216): CodeIgniter\View\View->CodeIgniter\View\{closure}()
 4 SYSTEMPATH/Common.php(1134): CodeIgniter\View\View->render('adminDashboard/ugovoroNajmu', [], true)
 5 APPPATH/Controllers/AdminController.php(494): view('adminDashboard/ugovoroNajmu')
 6 SYSTEMPATH/CodeIgniter.php(927): App\Controllers\AdminController->ugovoroNajmu('5')
 7 SYSTEMPATH/CodeIgniter.php(482): CodeIgniter\CodeIgniter->runController(Object(App\Controllers\AdminController))
 8 SYSTEMPATH/CodeIgniter.php(351): CodeIgniter\CodeIgniter->handleRequest(null, Object(Config\Cache), false)
 9 FCPATH/index.php(67): CodeIgniter\CodeIgniter->run()
CRITICAL - 2023-02-21 08:33:26 --> Undefined variable $pocetakRada
in APPPATH/Views/adminDashboard/ugovoroNajmu.php on line 18.
 1 APPPATH/Views/adminDashboard/ugovoroNajmu.php(18): CodeIgniter\Debug\Exceptions->errorHandler(2, 'Undefined variable $pocetakRada', 'APPPATH/Views/adminDashboard/ugovoroNajmu.php', 18)
 2 SYSTEMPATH/View/View.php(213): include('APPPATH/Views/adminDashboard/ugovoroNajmu.php')
 3 SYSTEMPATH/View/View.php(216): CodeIgniter\View\View->CodeIgniter\View\{closure}()
 4 SYSTEMPATH/Common.php(1134): CodeIgniter\View\View->render('adminDashboard/ugovoroNajmu', [], true)
 5 APPPATH/Controllers/AdminController.php(494): view('adminDashboard/ugovoroNajmu')
 6 SYSTEMPATH/CodeIgniter.php(927): App\Controllers\AdminController->ugovoroNajmu('5')
 7 SYSTEMPATH/CodeIgniter.php(482): CodeIgniter\CodeIgniter->runController(Object(App\Controllers\AdminController))
 8 SYSTEMPATH/CodeIgniter.php(351): CodeIgniter\CodeIgniter->handleRequest(null, Object(Config\Cache), false)
 9 FCPATH/index.php(67): CodeIgniter\CodeIgniter->run()
CRITICAL - 2023-02-21 08:33:53 --> Undefined variable $tjedniSati
in APPPATH/Views/adminDashboard/ugovoroNajmu.php on line 36.
 1 APPPATH/Views/adminDashboard/ugovoroNajmu.php(36): CodeIgniter\Debug\Exceptions->errorHandler(2, 'Undefined variable $tjedniSati', 'APPPATH/Views/adminDashboard/ugovoroNajmu.php', 36)
 2 SYSTEMPATH/View/View.php(213): include('APPPATH/Views/adminDashboard/ugovoroNajmu.php')
 3 SYSTEMPATH/View/View.php(216): CodeIgniter\View\View->CodeIgniter\View\{closure}()
 4 SYSTEMPATH/Common.php(1134): CodeIgniter\View\View->render('adminDashboard/ugovoroNajmu', [], true)
 5 APPPATH/Controllers/AdminController.php(494): view('adminDashboard/ugovoroNajmu')
 6 SYSTEMPATH/CodeIgniter.php(927): App\Controllers\AdminController->ugovoroNajmu('5')
 7 SYSTEMPATH/CodeIgniter.php(482): CodeIgniter\CodeIgniter->runController(Object(App\Controllers\AdminController))
 8 SYSTEMPATH/CodeIgniter.php(351): CodeIgniter\CodeIgniter->handleRequest(null, Object(Config\Cache), false)
 9 FCPATH/index.php(67): CodeIgniter\CodeIgniter->run()
