CRITICAL - 2023-01-22 07:32:22 --> Class "App\Controllers\MyPosReportModel" not found
in APPPATH/Controllers/AdminController.php on line 241.
 1 SYSTEMPATH/CodeIgniter.php(927): App\Controllers\AdminController->myPosReportImport()
 2 SYSTEMPATH/CodeIgniter.php(482): CodeIgniter\CodeIgniter->runController(Object(App\Controllers\AdminController))
 3 SYSTEMPATH/CodeIgniter.php(351): CodeIgniter\CodeIgniter->handleRequest(null, Object(Config\Cache), false)
 4 FCPATH/index.php(67): CodeIgniter\CodeIgniter->run()
CRITICAL - 2023-01-22 09:46:52 --> Undefined variable $data
in APPPATH/Controllers/AdminController.php on line 22.
 1 APPPATH/Controllers/AdminController.php(22): CodeIgniter\Debug\Exceptions->errorHandler(2, 'Undefined variable $data', 'APPPATH/Controllers/AdminController.php', 22)
 2 SYSTEMPATH/CodeIgniter.php(927): App\Controllers\AdminController->uberImport()
 3 SYSTEMPATH/CodeIgniter.php(482): CodeIgniter\CodeIgniter->runController(Object(App\Controllers\AdminController))
 4 SYSTEMPATH/CodeIgniter.php(351): CodeIgniter\CodeIgniter->handleRequest(null, Object(Config\Cache), false)
 5 FCPATH/index.php(67): CodeIgniter\CodeIgniter->run()
CRITICAL - 2023-01-22 10:05:14 --> Undefined variable $title
in APPPATH/Views/adminDashboard/addDriver.php on line 1.
 1 APPPATH/Views/adminDashboard/addDriver.php(1): CodeIgniter\Debug\Exceptions->errorHandler(2, 'Undefined variable $title', 'APPPATH/Views/adminDashboard/addDriver.php', 1)
 2 SYSTEMPATH/View/View.php(213): include('APPPATH/Views/adminDashboard/addDriver.php')
 3 SYSTEMPATH/View/View.php(216): CodeIgniter\View\View->CodeIgniter\View\{closure}()
 4 SYSTEMPATH/Common.php(1134): CodeIgniter\View\View->render('adminDashboard/addDriver', [], true)
 5 APPPATH/Controllers/AdminController.php(297): view('adminDashboard/addDriver', [...])
 6 SYSTEMPATH/CodeIgniter.php(927): App\Controllers\AdminController->addDriver()
 7 SYSTEMPATH/CodeIgniter.php(482): CodeIgniter\CodeIgniter->runController(Object(App\Controllers\AdminController))
 8 SYSTEMPATH/CodeIgniter.php(351): CodeIgniter\CodeIgniter->handleRequest(null, Object(Config\Cache), false)
 9 FCPATH/index.php(67): CodeIgniter\CodeIgniter->run()
CRITICAL - 2023-01-22 10:05:41 --> Call to undefined function validation_list_errors()
in APPPATH/Views/adminDashboard/addDriver.php on line 4.
 1 SYSTEMPATH/View/View.php(213): include()
 2 SYSTEMPATH/View/View.php(216): CodeIgniter\View\View->CodeIgniter\View\{closure}()
 3 SYSTEMPATH/Common.php(1134): CodeIgniter\View\View->render('adminDashboard/addDriver', [], true)
 4 APPPATH/Controllers/AdminController.php(297): view('adminDashboard/addDriver', [...])
 5 SYSTEMPATH/CodeIgniter.php(927): App\Controllers\AdminController->addDriver()
 6 SYSTEMPATH/CodeIgniter.php(482): CodeIgniter\CodeIgniter->runController(Object(App\Controllers\AdminController))
 7 SYSTEMPATH/CodeIgniter.php(351): CodeIgniter\CodeIgniter->handleRequest(null, Object(Config\Cache), false)
 8 FCPATH/index.php(67): CodeIgniter\CodeIgniter->run()
CRITICAL - 2023-01-22 10:26:10 --> Call to undefined method CodeIgniter\HTTP\IncomingRequest::is()
in APPPATH/Controllers/AdminController.php on line 298.
 1 SYSTEMPATH/CodeIgniter.php(927): App\Controllers\AdminController->addDriver()
 2 SYSTEMPATH/CodeIgniter.php(482): CodeIgniter\CodeIgniter->runController(Object(App\Controllers\AdminController))
 3 SYSTEMPATH/CodeIgniter.php(351): CodeIgniter\CodeIgniter->handleRequest(null, Object(Config\Cache), false)
 4 FCPATH/index.php(67): CodeIgniter\CodeIgniter->run()
CRITICAL - 2023-01-22 10:27:33 --> Call to undefined method CodeIgniter\HTTP\IncomingRequest::is()
in APPPATH/Controllers/AdminController.php on line 298.
 1 SYSTEMPATH/CodeIgniter.php(927): App\Controllers\AdminController->addDriver()
 2 SYSTEMPATH/CodeIgniter.php(482): CodeIgniter\CodeIgniter->runController(Object(App\Controllers\AdminController))
 3 SYSTEMPATH/CodeIgniter.php(351): CodeIgniter\CodeIgniter->handleRequest(null, Object(Config\Cache), false)
 4 FCPATH/index.php(67): CodeIgniter\CodeIgniter->run()
CRITICAL - 2023-01-22 10:27:34 --> Call to undefined method CodeIgniter\HTTP\IncomingRequest::is()
in APPPATH/Controllers/AdminController.php on line 298.
 1 SYSTEMPATH/CodeIgniter.php(927): App\Controllers\AdminController->addDriver()
 2 SYSTEMPATH/CodeIgniter.php(482): CodeIgniter\CodeIgniter->runController(Object(App\Controllers\AdminController))
 3 SYSTEMPATH/CodeIgniter.php(351): CodeIgniter\CodeIgniter->handleRequest(null, Object(Config\Cache), false)
 4 FCPATH/index.php(67): CodeIgniter\CodeIgniter->run()
CRITICAL - 2023-01-22 10:30:22 --> Call to undefined method CodeIgniter\HTTP\IncomingRequest::is()
in APPPATH/Controllers/AdminController.php on line 298.
 1 SYSTEMPATH/CodeIgniter.php(927): App\Controllers\AdminController->addDriver()
 2 SYSTEMPATH/CodeIgniter.php(482): CodeIgniter\CodeIgniter->runController(Object(App\Controllers\AdminController))
 3 SYSTEMPATH/CodeIgniter.php(351): CodeIgniter\CodeIgniter->handleRequest(null, Object(Config\Cache), false)
 4 FCPATH/index.php(67): CodeIgniter\CodeIgniter->run()
CRITICAL - 2023-01-22 10:30:25 --> Call to undefined method CodeIgniter\HTTP\IncomingRequest::is()
in APPPATH/Controllers/AdminController.php on line 298.
 1 SYSTEMPATH/CodeIgniter.php(927): App\Controllers\AdminController->addDriver()
 2 SYSTEMPATH/CodeIgniter.php(482): CodeIgniter\CodeIgniter->runController(Object(App\Controllers\AdminController))
 3 SYSTEMPATH/CodeIgniter.php(351): CodeIgniter\CodeIgniter->handleRequest(null, Object(Config\Cache), false)
 4 FCPATH/index.php(67): CodeIgniter\CodeIgniter->run()
CRITICAL - 2023-01-22 10:31:37 --> Call to undefined method CodeIgniter\HTTP\IncomingRequest::is()
in APPPATH/Controllers/AdminController.php on line 299.
 1 SYSTEMPATH/CodeIgniter.php(927): App\Controllers\AdminController->addDriver()
 2 SYSTEMPATH/CodeIgniter.php(482): CodeIgniter\CodeIgniter->runController(Object(App\Controllers\AdminController))
 3 SYSTEMPATH/CodeIgniter.php(351): CodeIgniter\CodeIgniter->handleRequest(null, Object(Config\Cache), false)
 4 FCPATH/index.php(67): CodeIgniter\CodeIgniter->run()
CRITICAL - 2023-01-22 10:31:38 --> Call to undefined method CodeIgniter\HTTP\IncomingRequest::is()
in APPPATH/Controllers/AdminController.php on line 299.
 1 SYSTEMPATH/CodeIgniter.php(927): App\Controllers\AdminController->addDriver()
 2 SYSTEMPATH/CodeIgniter.php(482): CodeIgniter\CodeIgniter->runController(Object(App\Controllers\AdminController))
 3 SYSTEMPATH/CodeIgniter.php(351): CodeIgniter\CodeIgniter->handleRequest(null, Object(Config\Cache), false)
 4 FCPATH/index.php(67): CodeIgniter\CodeIgniter->run()
CRITICAL - 2023-01-22 10:31:41 --> Call to undefined method CodeIgniter\HTTP\IncomingRequest::is()
in APPPATH/Controllers/AdminController.php on line 299.
 1 SYSTEMPATH/CodeIgniter.php(927): App\Controllers\AdminController->addDriver()
 2 SYSTEMPATH/CodeIgniter.php(482): CodeIgniter\CodeIgniter->runController(Object(App\Controllers\AdminController))
 3 SYSTEMPATH/CodeIgniter.php(351): CodeIgniter\CodeIgniter->handleRequest(null, Object(Config\Cache), false)
 4 FCPATH/index.php(67): CodeIgniter\CodeIgniter->run()
CRITICAL - 2023-01-22 10:31:43 --> Call to undefined method CodeIgniter\HTTP\IncomingRequest::is()
in APPPATH/Controllers/AdminController.php on line 299.
 1 SYSTEMPATH/CodeIgniter.php(927): App\Controllers\AdminController->addDriver()
 2 SYSTEMPATH/CodeIgniter.php(482): CodeIgniter\CodeIgniter->runController(Object(App\Controllers\AdminController))
 3 SYSTEMPATH/CodeIgniter.php(351): CodeIgniter\CodeIgniter->handleRequest(null, Object(Config\Cache), false)
 4 FCPATH/index.php(67): CodeIgniter\CodeIgniter->run()
CRITICAL - 2023-01-22 10:33:10 --> Call to undefined method CodeIgniter\HTTP\IncomingRequest::is()
in APPPATH/Controllers/AdminController.php on line 299.
 1 SYSTEMPATH/CodeIgniter.php(927): App\Controllers\AdminController->addDriver()
 2 SYSTEMPATH/CodeIgniter.php(482): CodeIgniter\CodeIgniter->runController(Object(App\Controllers\AdminController))
 3 SYSTEMPATH/CodeIgniter.php(351): CodeIgniter\CodeIgniter->handleRequest(null, Object(Config\Cache), false)
 4 FCPATH/index.php(67): CodeIgniter\CodeIgniter->run()
CRITICAL - 2023-01-22 10:33:11 --> Call to undefined method CodeIgniter\HTTP\IncomingRequest::is()
in APPPATH/Controllers/AdminController.php on line 299.
 1 SYSTEMPATH/CodeIgniter.php(927): App\Controllers\AdminController->addDriver()
 2 SYSTEMPATH/CodeIgniter.php(482): CodeIgniter\CodeIgniter->runController(Object(App\Controllers\AdminController))
 3 SYSTEMPATH/CodeIgniter.php(351): CodeIgniter\CodeIgniter->handleRequest(null, Object(Config\Cache), false)
 4 FCPATH/index.php(67): CodeIgniter\CodeIgniter->run()
CRITICAL - 2023-01-22 10:33:13 --> Call to undefined method CodeIgniter\HTTP\IncomingRequest::is()
in APPPATH/Controllers/AdminController.php on line 299.
 1 SYSTEMPATH/CodeIgniter.php(927): App\Controllers\AdminController->addDriver()
 2 SYSTEMPATH/CodeIgniter.php(482): CodeIgniter\CodeIgniter->runController(Object(App\Controllers\AdminController))
 3 SYSTEMPATH/CodeIgniter.php(351): CodeIgniter\CodeIgniter->handleRequest(null, Object(Config\Cache), false)
 4 FCPATH/index.php(67): CodeIgniter\CodeIgniter->run()
CRITICAL - 2023-01-22 10:42:24 --> Call to undefined method CodeIgniter\HTTP\IncomingRequest::is()
in APPPATH/Controllers/AdminController.php on line 299.
 1 SYSTEMPATH/CodeIgniter.php(927): App\Controllers\AdminController->addDriver()
 2 SYSTEMPATH/CodeIgniter.php(482): CodeIgniter\CodeIgniter->runController(Object(App\Controllers\AdminController))
 3 SYSTEMPATH/CodeIgniter.php(351): CodeIgniter\CodeIgniter->handleRequest(null, Object(Config\Cache), false)
 4 FCPATH/index.php(67): CodeIgniter\CodeIgniter->run()
CRITICAL - 2023-01-22 10:42:25 --> Call to undefined method CodeIgniter\HTTP\IncomingRequest::is()
in APPPATH/Controllers/AdminController.php on line 299.
 1 SYSTEMPATH/CodeIgniter.php(927): App\Controllers\AdminController->addDriver()
 2 SYSTEMPATH/CodeIgniter.php(482): CodeIgniter\CodeIgniter->runController(Object(App\Controllers\AdminController))
 3 SYSTEMPATH/CodeIgniter.php(351): CodeIgniter\CodeIgniter->handleRequest(null, Object(Config\Cache), false)
 4 FCPATH/index.php(67): CodeIgniter\CodeIgniter->run()
CRITICAL - 2023-01-22 10:44:04 --> Call to undefined method CodeIgniter\HTTP\IncomingRequest::is()
in APPPATH/Controllers/AdminController.php on line 299.
 1 SYSTEMPATH/CodeIgniter.php(927): App\Controllers\AdminController->addDriver()
 2 SYSTEMPATH/CodeIgniter.php(482): CodeIgniter\CodeIgniter->runController(Object(App\Controllers\AdminController))
 3 SYSTEMPATH/CodeIgniter.php(351): CodeIgniter\CodeIgniter->handleRequest(null, Object(Config\Cache), false)
 4 FCPATH/index.php(67): CodeIgniter\CodeIgniter->run()
CRITICAL - 2023-01-22 10:47:40 --> Undefined variable $data
in APPPATH/Controllers/AdminController.php on line 332.
 1 APPPATH/Controllers/AdminController.php(332): CodeIgniter\Debug\Exceptions->errorHandler(2, 'Undefined variable $data', 'APPPATH/Controllers/AdminController.php', 332)
 2 SYSTEMPATH/CodeIgniter.php(927): App\Controllers\AdminController->addDriver()
 3 SYSTEMPATH/CodeIgniter.php(482): CodeIgniter\CodeIgniter->runController(Object(App\Controllers\AdminController))
 4 SYSTEMPATH/CodeIgniter.php(351): CodeIgniter\CodeIgniter->handleRequest(null, Object(Config\Cache), false)
 5 FCPATH/index.php(67): CodeIgniter\CodeIgniter->run()
CRITICAL - 2023-01-22 10:48:31 --> Call to undefined function validation_list_errors()
in APPPATH/Views/adminDashboard/addDriver.php on line 4.
 1 SYSTEMPATH/View/View.php(213): include()
 2 SYSTEMPATH/View/View.php(216): CodeIgniter\View\View->CodeIgniter\View\{closure}()
 3 SYSTEMPATH/Common.php(1134): CodeIgniter\View\View->render('adminDashboard/addDriver', [], true)
 4 APPPATH/Controllers/AdminController.php(334): view('adminDashboard/addDriver', [...])
 5 SYSTEMPATH/CodeIgniter.php(927): App\Controllers\AdminController->addDriver()
 6 SYSTEMPATH/CodeIgniter.php(482): CodeIgniter\CodeIgniter->runController(Object(App\Controllers\AdminController))
 7 SYSTEMPATH/CodeIgniter.php(351): CodeIgniter\CodeIgniter->handleRequest(null, Object(Config\Cache), false)
 8 FCPATH/index.php(67): CodeIgniter\CodeIgniter->run()
