CRITICAL - 2023-01-04 07:41:52 --> syntax error, unexpected token "if"
in APPPATH/Config/Routes.php on line 64.
 1 SYSTEMPATH/CodeIgniter.php(430): CodeIgniter\CodeIgniter->tryToRouteIt(null)
 2 SYSTEMPATH/CodeIgniter.php(351): CodeIgniter\CodeIgniter->handleRequest(null, Object(Config\Cache), false)
 3 FCPATH/index.php(67): CodeIgniter\CodeIgniter->run()
CRITICAL - 2023-01-04 07:43:30 --> Invalid file: adminDashboard/uberImport.php
in SYSTEMPATH/Exceptions/FrameworkException.php on line 33.
 1 SYSTEMPATH/View/View.php(201): CodeIgniter\Exceptions\FrameworkException::forInvalidFile('adminDashboard/uberImport.php')
 2 SYSTEMPATH/Common.php(1134): CodeIgniter\View\View->render('adminDashboard/uberImport', [], true)
 3 APPPATH/Controllers/AdminController.php(16): view('adminDashboard/uberImport')
 4 SYSTEMPATH/CodeIgniter.php(927): App\Controllers\AdminController->uberImport()
 5 SYSTEMPATH/CodeIgniter.php(482): CodeIgniter\CodeIgniter->runController(Object(App\Controllers\AdminController))
 6 SYSTEMPATH/CodeIgniter.php(351): CodeIgniter\CodeIgniter->handleRequest(null, Object(Config\Cache), false)
 7 FCPATH/index.php(67): CodeIgniter\CodeIgniter->run()
CRITICAL - 2023-01-04 07:50:33 --> The route for "/importUber" cannot be found.
in SYSTEMPATH/HTTP/RedirectResponse.php on line 60.
 1 SYSTEMPATH/HTTP/RedirectResponse.php(60): CodeIgniter\HTTP\Exceptions\HTTPException::forInvalidRedirectRoute('/importUber')
 2 APPPATH/Controllers/AdminController.php(80): CodeIgniter\HTTP\RedirectResponse->route(false)
 3 SYSTEMPATH/CodeIgniter.php(927): App\Controllers\AdminController->uberReportImport()
 4 SYSTEMPATH/CodeIgniter.php(482): CodeIgniter\CodeIgniter->runController(Object(App\Controllers\AdminController))
 5 SYSTEMPATH/CodeIgniter.php(351): CodeIgniter\CodeIgniter->handleRequest(null, Object(Config\Cache), false)
 6 FCPATH/index.php(67): CodeIgniter\CodeIgniter->run()
CRITICAL - 2023-01-04 07:51:37 --> The route for "index.php/importUber" cannot be found.
in SYSTEMPATH/HTTP/RedirectResponse.php on line 60.
 1 SYSTEMPATH/HTTP/RedirectResponse.php(60): CodeIgniter\HTTP\Exceptions\HTTPException::forInvalidRedirectRoute('index.php/importUber')
 2 APPPATH/Controllers/AdminController.php(80): CodeIgniter\HTTP\RedirectResponse->route(false)
 3 SYSTEMPATH/CodeIgniter.php(927): App\Controllers\AdminController->uberReportImport()
 4 SYSTEMPATH/CodeIgniter.php(482): CodeIgniter\CodeIgniter->runController(Object(App\Controllers\AdminController))
 5 SYSTEMPATH/CodeIgniter.php(351): CodeIgniter\CodeIgniter->handleRequest(null, Object(Config\Cache), false)
 6 FCPATH/index.php(67): CodeIgniter\CodeIgniter->run()
CRITICAL - 2023-01-04 07:52:34 --> The route for "AdminController/uberImport" cannot be found.
in SYSTEMPATH/HTTP/RedirectResponse.php on line 60.
 1 SYSTEMPATH/HTTP/RedirectResponse.php(60): CodeIgniter\HTTP\Exceptions\HTTPException::forInvalidRedirectRoute('AdminController/uberImport')
 2 APPPATH/Controllers/AdminController.php(80): CodeIgniter\HTTP\RedirectResponse->route(false)
 3 SYSTEMPATH/CodeIgniter.php(927): App\Controllers\AdminController->uberReportImport()
 4 SYSTEMPATH/CodeIgniter.php(482): CodeIgniter\CodeIgniter->runController(Object(App\Controllers\AdminController))
 5 SYSTEMPATH/CodeIgniter.php(351): CodeIgniter\CodeIgniter->handleRequest(null, Object(Config\Cache), false)
 6 FCPATH/index.php(67): CodeIgniter\CodeIgniter->run()
CRITICAL - 2023-01-04 07:57:04 --> The route for "index.php/AdminController/uberImport" cannot be found.
in SYSTEMPATH/HTTP/RedirectResponse.php on line 60.
 1 SYSTEMPATH/HTTP/RedirectResponse.php(60): CodeIgniter\HTTP\Exceptions\HTTPException::forInvalidRedirectRoute('index.php/AdminController/uberImport')
 2 APPPATH/Controllers/AdminController.php(80): CodeIgniter\HTTP\RedirectResponse->route(false)
 3 SYSTEMPATH/CodeIgniter.php(927): App\Controllers\AdminController->uberReportImport()
 4 SYSTEMPATH/CodeIgniter.php(482): CodeIgniter\CodeIgniter->runController(Object(App\Controllers\AdminController))
 5 SYSTEMPATH/CodeIgniter.php(351): CodeIgniter\CodeIgniter->handleRequest(null, Object(Config\Cache), false)
 6 FCPATH/index.php(67): CodeIgniter\CodeIgniter->run()
CRITICAL - 2023-01-04 07:57:16 --> The route for "index.php/AdminController/uberImport" cannot be found.
in SYSTEMPATH/HTTP/RedirectResponse.php on line 60.
 1 SYSTEMPATH/HTTP/RedirectResponse.php(60): CodeIgniter\HTTP\Exceptions\HTTPException::forInvalidRedirectRoute('index.php/AdminController/uberImport')
 2 APPPATH/Controllers/AdminController.php(80): CodeIgniter\HTTP\RedirectResponse->route(false)
 3 SYSTEMPATH/CodeIgniter.php(927): App\Controllers\AdminController->uberReportImport()
 4 SYSTEMPATH/CodeIgniter.php(482): CodeIgniter\CodeIgniter->runController(Object(App\Controllers\AdminController))
 5 SYSTEMPATH/CodeIgniter.php(351): CodeIgniter\CodeIgniter->handleRequest(null, Object(Config\Cache), false)
 6 FCPATH/index.php(67): CodeIgniter\CodeIgniter->run()
CRITICAL - 2023-01-04 07:59:53 --> The route for "/uberImport" cannot be found.
in SYSTEMPATH/HTTP/RedirectResponse.php on line 60.
 1 SYSTEMPATH/HTTP/RedirectResponse.php(60): CodeIgniter\HTTP\Exceptions\HTTPException::forInvalidRedirectRoute('/uberImport')
 2 APPPATH/Controllers/AdminController.php(80): CodeIgniter\HTTP\RedirectResponse->route(false)
 3 SYSTEMPATH/CodeIgniter.php(927): App\Controllers\AdminController->uberReportImport()
 4 SYSTEMPATH/CodeIgniter.php(482): CodeIgniter\CodeIgniter->runController(Object(App\Controllers\AdminController))
 5 SYSTEMPATH/CodeIgniter.php(351): CodeIgniter\CodeIgniter->handleRequest(null, Object(Config\Cache), false)
 6 FCPATH/index.php(67): CodeIgniter\CodeIgniter->run()
CRITICAL - 2023-01-04 08:11:07 --> The route for "/profile" cannot be found.
in SYSTEMPATH/HTTP/RedirectResponse.php on line 60.
 1 SYSTEMPATH/HTTP/RedirectResponse.php(60): CodeIgniter\HTTP\Exceptions\HTTPException::forInvalidRedirectRoute('/profile')
 2 APPPATH/Controllers/AdminController.php(80): CodeIgniter\HTTP\RedirectResponse->route(false)
 3 SYSTEMPATH/CodeIgniter.php(927): App\Controllers\AdminController->uberReportImport()
 4 SYSTEMPATH/CodeIgniter.php(482): CodeIgniter\CodeIgniter->runController(Object(App\Controllers\AdminController))
 5 SYSTEMPATH/CodeIgniter.php(351): CodeIgniter\CodeIgniter->handleRequest(null, Object(Config\Cache), false)
 6 FCPATH/index.php(67): CodeIgniter\CodeIgniter->run()
CRITICAL - 2023-01-04 08:13:08 --> The route for "AdminController/uberImport" cannot be found.
in SYSTEMPATH/HTTP/RedirectResponse.php on line 60.
 1 SYSTEMPATH/HTTP/RedirectResponse.php(60): CodeIgniter\HTTP\Exceptions\HTTPException::forInvalidRedirectRoute('AdminController/uberImport')
 2 APPPATH/Controllers/AdminController.php(80): CodeIgniter\HTTP\RedirectResponse->route(false)
 3 SYSTEMPATH/CodeIgniter.php(927): App\Controllers\AdminController->uberReportImport()
 4 SYSTEMPATH/CodeIgniter.php(482): CodeIgniter\CodeIgniter->runController(Object(App\Controllers\AdminController))
 5 SYSTEMPATH/CodeIgniter.php(351): CodeIgniter\CodeIgniter->handleRequest(null, Object(Config\Cache), false)
 6 FCPATH/index.php(67): CodeIgniter\CodeIgniter->run()
CRITICAL - 2023-01-04 08:14:54 --> syntax error, unexpected token "(", expecting identifier or variable or "{" or "$"
in APPPATH/Controllers/AdminController.php on line 80.
 1 SYSTEMPATH/Autoloader/Autoloader.php(259): CodeIgniter\Autoloader\Autoloader->includeFile('APPPATH/Controllers/AdminController.php')
 2 SYSTEMPATH/Autoloader/Autoloader.php(237): CodeIgniter\Autoloader\Autoloader->loadInNamespace('App\\Controllers\\AdminController')
 3 [internal function]: CodeIgniter\Autoloader\Autoloader->loadClass('App\\Controllers\\AdminController')
 4 SYSTEMPATH/CodeIgniter.php(877): class_exists('\\App\\Controllers\\AdminController', true)
 5 SYSTEMPATH/CodeIgniter.php(469): CodeIgniter\CodeIgniter->startController()
 6 SYSTEMPATH/CodeIgniter.php(351): CodeIgniter\CodeIgniter->handleRequest(null, Object(Config\Cache), false)
 7 FCPATH/index.php(67): CodeIgniter\CodeIgniter->run()
CRITICAL - 2023-01-04 08:15:25 --> syntax error, unexpected token "(", expecting identifier or variable or "{" or "$"
in APPPATH/Controllers/AdminController.php on line 80.
 1 SYSTEMPATH/Autoloader/Autoloader.php(259): CodeIgniter\Autoloader\Autoloader->includeFile('APPPATH/Controllers/AdminController.php')
 2 SYSTEMPATH/Autoloader/Autoloader.php(237): CodeIgniter\Autoloader\Autoloader->loadInNamespace('App\\Controllers\\AdminController')
 3 [internal function]: CodeIgniter\Autoloader\Autoloader->loadClass('App\\Controllers\\AdminController')
 4 SYSTEMPATH/CodeIgniter.php(877): class_exists('\\App\\Controllers\\AdminController', true)
 5 SYSTEMPATH/CodeIgniter.php(469): CodeIgniter\CodeIgniter->startController()
 6 SYSTEMPATH/CodeIgniter.php(351): CodeIgniter\CodeIgniter->handleRequest(null, Object(Config\Cache), false)
 7 FCPATH/index.php(67): CodeIgniter\CodeIgniter->run()
CRITICAL - 2023-01-04 13:54:57 --> Undefined array key 12
in APPPATH/Controllers/AdminController.php on line 53.
 1 APPPATH/Controllers/AdminController.php(53): CodeIgniter\Debug\Exceptions->errorHandler(2, 'Undefined array key 12', 'APPPATH/Controllers/AdminController.php', 53)
 2 SYSTEMPATH/CodeIgniter.php(927): App\Controllers\AdminController->uberReportImport()
 3 SYSTEMPATH/CodeIgniter.php(482): CodeIgniter\CodeIgniter->runController(Object(App\Controllers\AdminController))
 4 SYSTEMPATH/CodeIgniter.php(351): CodeIgniter\CodeIgniter->handleRequest(null, Object(Config\Cache), false)
 5 FCPATH/index.php(67): CodeIgniter\CodeIgniter->run()
CRITICAL - 2023-01-04 14:16:37 --> Invalid file: index.php/uberImport.php
in SYSTEMPATH/Exceptions/FrameworkException.php on line 33.
 1 SYSTEMPATH/View/View.php(201): CodeIgniter\Exceptions\FrameworkException::forInvalidFile('index.php/uberImport.php')
 2 SYSTEMPATH/Common.php(1134): CodeIgniter\View\View->render('index.php/uberImport', [], true)
 3 APPPATH/Controllers/AdminController.php(57): view('index.php/uberImport', [])
 4 SYSTEMPATH/CodeIgniter.php(927): App\Controllers\AdminController->uberReportImport()
 5 SYSTEMPATH/CodeIgniter.php(482): CodeIgniter\CodeIgniter->runController(Object(App\Controllers\AdminController))
 6 SYSTEMPATH/CodeIgniter.php(351): CodeIgniter\CodeIgniter->handleRequest(null, Object(Config\Cache), false)
 7 FCPATH/index.php(67): CodeIgniter\CodeIgniter->run()
CRITICAL - 2023-01-04 14:18:36 --> Invalid file: index.php/uberImport.php
in SYSTEMPATH/Exceptions/FrameworkException.php on line 33.
 1 SYSTEMPATH/View/View.php(201): CodeIgniter\Exceptions\FrameworkException::forInvalidFile('index.php/uberImport.php')
 2 SYSTEMPATH/Common.php(1134): CodeIgniter\View\View->render('index.php/uberImport', [], true)
 3 APPPATH/Controllers/AdminController.php(58): view('index.php/uberImport', [])
 4 SYSTEMPATH/CodeIgniter.php(927): App\Controllers\AdminController->uberReportImport()
 5 SYSTEMPATH/CodeIgniter.php(482): CodeIgniter\CodeIgniter->runController(Object(App\Controllers\AdminController))
 6 SYSTEMPATH/CodeIgniter.php(351): CodeIgniter\CodeIgniter->handleRequest(null, Object(Config\Cache), false)
 7 FCPATH/index.php(67): CodeIgniter\CodeIgniter->run()
CRITICAL - 2023-01-04 14:18:53 --> Invalid file: index.php/uberImport.php
in SYSTEMPATH/Exceptions/FrameworkException.php on line 33.
 1 SYSTEMPATH/View/View.php(201): CodeIgniter\Exceptions\FrameworkException::forInvalidFile('index.php/uberImport.php')
 2 SYSTEMPATH/Common.php(1134): CodeIgniter\View\View->render('index.php/uberImport', [], true)
 3 APPPATH/Controllers/AdminController.php(58): view('index.php/uberImport', [])
 4 SYSTEMPATH/CodeIgniter.php(927): App\Controllers\AdminController->uberReportImport()
 5 SYSTEMPATH/CodeIgniter.php(482): CodeIgniter\CodeIgniter->runController(Object(App\Controllers\AdminController))
 6 SYSTEMPATH/CodeIgniter.php(351): CodeIgniter\CodeIgniter->handleRequest(null, Object(Config\Cache), false)
 7 FCPATH/index.php(67): CodeIgniter\CodeIgniter->run()
CRITICAL - 2023-01-04 14:54:12 --> Class "App\Controllers\UberReportModel" not found
in APPPATH/Controllers/AdminController.php on line 59.
 1 SYSTEMPATH/CodeIgniter.php(927): App\Controllers\AdminController->uberReportImport()
 2 SYSTEMPATH/CodeIgniter.php(482): CodeIgniter\CodeIgniter->runController(Object(App\Controllers\AdminController))
 3 SYSTEMPATH/CodeIgniter.php(351): CodeIgniter\CodeIgniter->handleRequest(null, Object(Config\Cache), false)
 4 FCPATH/index.php(67): CodeIgniter\CodeIgniter->run()
CRITICAL - 2023-01-04 15:37:57 --> Class "App\Controllers\BoltReportModel" not found
in APPPATH/Controllers/AdminController.php on line 132.
 1 SYSTEMPATH/CodeIgniter.php(927): App\Controllers\AdminController->boltReportImport()
 2 SYSTEMPATH/CodeIgniter.php(482): CodeIgniter\CodeIgniter->runController(Object(App\Controllers\AdminController))
 3 SYSTEMPATH/CodeIgniter.php(351): CodeIgniter\CodeIgniter->handleRequest(null, Object(Config\Cache), false)
 4 FCPATH/index.php(67): CodeIgniter\CodeIgniter->run()
CRITICAL - 2023-01-04 15:39:41 --> Class "App\Controllers\BoltReportModel" not found
in APPPATH/Controllers/AdminController.php on line 132.
 1 SYSTEMPATH/CodeIgniter.php(927): App\Controllers\AdminController->boltReportImport()
 2 SYSTEMPATH/CodeIgniter.php(482): CodeIgniter\CodeIgniter->runController(Object(App\Controllers\AdminController))
 3 SYSTEMPATH/CodeIgniter.php(351): CodeIgniter\CodeIgniter->handleRequest(null, Object(Config\Cache), false)
 4 FCPATH/index.php(67): CodeIgniter\CodeIgniter->run()
CRITICAL - 2023-01-04 15:40:08 --> Undefined variable $driverBoltData
in APPPATH/Controllers/AdminController.php on line 134.
 1 APPPATH/Controllers/AdminController.php(134): CodeIgniter\Debug\Exceptions->errorHandler(2, 'Undefined variable $driverBoltData', 'APPPATH/Controllers/AdminController.php', 134)
 2 SYSTEMPATH/CodeIgniter.php(927): App\Controllers\AdminController->boltReportImport()
 3 SYSTEMPATH/CodeIgniter.php(482): CodeIgniter\CodeIgniter->runController(Object(App\Controllers\AdminController))
 4 SYSTEMPATH/CodeIgniter.php(351): CodeIgniter\CodeIgniter->handleRequest(null, Object(Config\Cache), false)
 5 FCPATH/index.php(67): CodeIgniter\CodeIgniter->run()
CRITICAL - 2023-01-04 15:42:43 --> Undefined variable $driverBoltData
in APPPATH/Controllers/AdminController.php on line 134.
 1 APPPATH/Controllers/AdminController.php(134): CodeIgniter\Debug\Exceptions->errorHandler(2, 'Undefined variable $driverBoltData', 'APPPATH/Controllers/AdminController.php', 134)
 2 SYSTEMPATH/CodeIgniter.php(927): App\Controllers\AdminController->boltReportImport()
 3 SYSTEMPATH/CodeIgniter.php(482): CodeIgniter\CodeIgniter->runController(Object(App\Controllers\AdminController))
 4 SYSTEMPATH/CodeIgniter.php(351): CodeIgniter\CodeIgniter->handleRequest(null, Object(Config\Cache), false)
 5 FCPATH/index.php(67): CodeIgniter\CodeIgniter->run()
CRITICAL - 2023-01-04 15:43:00 --> Undefined variable $driverBoltData
in APPPATH/Controllers/AdminController.php on line 134.
 1 APPPATH/Controllers/AdminController.php(134): CodeIgniter\Debug\Exceptions->errorHandler(2, 'Undefined variable $driverBoltData', 'APPPATH/Controllers/AdminController.php', 134)
 2 SYSTEMPATH/CodeIgniter.php(927): App\Controllers\AdminController->boltReportImport()
 3 SYSTEMPATH/CodeIgniter.php(482): CodeIgniter\CodeIgniter->runController(Object(App\Controllers\AdminController))
 4 SYSTEMPATH/CodeIgniter.php(351): CodeIgniter\CodeIgniter->handleRequest(null, Object(Config\Cache), false)
 5 FCPATH/index.php(67): CodeIgniter\CodeIgniter->run()
CRITICAL - 2023-01-04 15:43:33 --> Undefined variable $driverBoltData
in APPPATH/Controllers/AdminController.php on line 134.
 1 APPPATH/Controllers/AdminController.php(134): CodeIgniter\Debug\Exceptions->errorHandler(2, 'Undefined variable $driverBoltData', 'APPPATH/Controllers/AdminController.php', 134)
 2 SYSTEMPATH/CodeIgniter.php(927): App\Controllers\AdminController->boltReportImport()
 3 SYSTEMPATH/CodeIgniter.php(482): CodeIgniter\CodeIgniter->runController(Object(App\Controllers\AdminController))
 4 SYSTEMPATH/CodeIgniter.php(351): CodeIgniter\CodeIgniter->handleRequest(null, Object(Config\Cache), false)
 5 FCPATH/index.php(67): CodeIgniter\CodeIgniter->run()
ERROR - 2023-01-04 15:44:32 --> mysqli_sql_exception: You have an error in your SQL syntax; check the manual that corresponds to your MySQL server version for the right syntax to use near '(placanje), Naknada_za_rezervaciju(odbitak), `Naknada_za_cestarinu`, `Bolt_nakna' at line 1 in /homepages/0/d941215561/htdocs/system/Database/MySQLi/Connection.php:292
Stack trace:
#0 /homepages/0/d941215561/htdocs/system/Database/MySQLi/Connection.php(292): mysqli->query('INSERT INTO `bo...', 0)
#1 /homepages/0/d941215561/htdocs/system/Database/BaseConnection.php(666): CodeIgniter\Database\MySQLi\Connection->execute('INSERT INTO `bo...')
#2 /homepages/0/d941215561/htdocs/system/Database/BaseConnection.php(593): CodeIgniter\Database\BaseConnection->simpleQuery('INSERT INTO `bo...')
#3 /homepages/0/d941215561/htdocs/system/Database/BaseBuilder.php(1916): CodeIgniter\Database\BaseConnection->query('INSERT INTO `bo...', Array, false)
#4 /homepages/0/d941215561/htdocs/system/Model.php(279): CodeIgniter\Database\BaseBuilder->insert()
#5 /homepages/0/d941215561/htdocs/system/BaseModel.php(749): CodeIgniter\Model->doInsert(Array)
#6 /homepages/0/d941215561/htdocs/system/Model.php(667): CodeIgniter\BaseModel->insert(Array, true)
#7 /homepages/0/d941215561/htdocs/app/Controllers/AdminController.php(136): CodeIgniter\Model->insert(Array)
#8 /homepages/0/d941215561/htdocs/system/CodeIgniter.php(927): App\Controllers\AdminController->boltReportImport()
#9 /homepages/0/d941215561/htdocs/system/CodeIgniter.php(482): CodeIgniter\CodeIgniter->runController(Object(App\Controllers\AdminController))
#10 /homepages/0/d941215561/htdocs/system/CodeIgniter.php(351): CodeIgniter\CodeIgniter->handleRequest(NULL, Object(Config\Cache), false)
#11 /homepages/0/d941215561/htdocs/public/index.php(67): CodeIgniter\CodeIgniter->run()
#12 {main}
CRITICAL - 2023-01-04 15:44:32 --> You have an error in your SQL syntax; check the manual that corresponds to your MySQL server version for the right syntax to use near '(placanje), Naknada_za_rezervaciju(odbitak), `Naknada_za_cestarinu`, `Bolt_nakna' at line 1
in SYSTEMPATH/Database/MySQLi/Connection.php on line 292.
 1 SYSTEMPATH/Database/MySQLi/Connection.php(292): mysqli->query('INSERT INTO `bolt_reports` (`Vozac`, `Telefonski_broj_vozaca`, `Period`, `Bruto_iznos`, `Otkazna_naknada`, Naknada_za_rezervaciju(placanje), Naknada_za_rezervaciju(odbitak), `Naknada_za_cestarinu`, `Bolt_naknada`, Voznje_placene_gotovinom_(prikupljena_gotovina), `Popusti_na_vožnje_na_gotovinu_od_Bolt`, `Bonus`, `Nadoknade`, `Povrati_novca`, `Napojnica`, `Tjedno_stanje_racuna`, `Sati_na_mrezi`, `Utilization`) VALUES (\'Svi vozači\', \'\', \'Tjedan 2022-12-19 - 2022-12-25\', \'6528.60\', \'0.00\', \'0.00\', \'0.00\', \'108.00\', \'-1632.15\', \'-2797.00\', \'581.00\', \'452.70\', \'0.00\', \'0.00\', \'26.50\', \'2686.65\', \'47.15\', \'62.34\')', 0)
 2 SYSTEMPATH/Database/BaseConnection.php(666): CodeIgniter\Database\MySQLi\Connection->execute('INSERT INTO `bolt_reports` (`Vozac`, `Telefonski_broj_vozaca`, `Period`, `Bruto_iznos`, `Otkazna_naknada`, Naknada_za_rezervaciju(placanje), Naknada_za_rezervaciju(odbitak), `Naknada_za_cestarinu`, `Bolt_naknada`, Voznje_placene_gotovinom_(prikupljena_gotovina), `Popusti_na_vožnje_na_gotovinu_od_Bolt`, `Bonus`, `Nadoknade`, `Povrati_novca`, `Napojnica`, `Tjedno_stanje_racuna`, `Sati_na_mrezi`, `Utilization`) VALUES (\'Svi vozači\', \'\', \'Tjedan 2022-12-19 - 2022-12-25\', \'6528.60\', \'0.00\', \'0.00\', \'0.00\', \'108.00\', \'-1632.15\', \'-2797.00\', \'581.00\', \'452.70\', \'0.00\', \'0.00\', \'26.50\', \'2686.65\', \'47.15\', \'62.34\')')
 3 SYSTEMPATH/Database/BaseConnection.php(593): CodeIgniter\Database\BaseConnection->simpleQuery('INSERT INTO `bolt_reports` (`Vozac`, `Telefonski_broj_vozaca`, `Period`, `Bruto_iznos`, `Otkazna_naknada`, Naknada_za_rezervaciju(placanje), Naknada_za_rezervaciju(odbitak), `Naknada_za_cestarinu`, `Bolt_naknada`, Voznje_placene_gotovinom_(prikupljena_gotovina), `Popusti_na_vožnje_na_gotovinu_od_Bolt`, `Bonus`, `Nadoknade`, `Povrati_novca`, `Napojnica`, `Tjedno_stanje_racuna`, `Sati_na_mrezi`, `Utilization`) VALUES (\'Svi vozači\', \'\', \'Tjedan 2022-12-19 - 2022-12-25\', \'6528.60\', \'0.00\', \'0.00\', \'0.00\', \'108.00\', \'-1632.15\', \'-2797.00\', \'581.00\', \'452.70\', \'0.00\', \'0.00\', \'26.50\', \'2686.65\', \'47.15\', \'62.34\')')
 4 SYSTEMPATH/Database/BaseBuilder.php(1916): CodeIgniter\Database\BaseConnection->query('INSERT INTO `bolt_reports` (`Vozac`, `Telefonski_broj_vozaca`, `Period`, `Bruto_iznos`, `Otkazna_naknada`, Naknada_za_rezervaciju(placanje), Naknada_za_rezervaciju(odbitak), `Naknada_za_cestarinu`, `Bolt_naknada`, Voznje_placene_gotovinom_(prikupljena_gotovina), `Popusti_na_vožnje_na_gotovinu_od_Bolt`, `Bonus`, `Nadoknade`, `Povrati_novca`, `Napojnica`, `Tjedno_stanje_racuna`, `Sati_na_mrezi`, `Utilization`) VALUES (:Vozac.1:, :Telefonski_broj_vozaca:, :Period:, :Bruto_iznos:, :Otkazna_naknada:, :Naknada_za_rezervaciju(placanje):, :Naknada_za_rezervaciju(odbitak):, :Naknada_za_cestarinu:, :Bolt_naknada:, :Voznje_placene_gotovinom_(prikupljena_gotovina):, :Popusti_na_vožnje_na_gotovinu_od_Bolt:, :Bonus:, :Nadoknade:, :Povrati_novca:, :Napojnica:, :Tjedno_stanje_racuna:, :Sati_na_mrezi:, :Utilization:)', [...], false)
 5 SYSTEMPATH/Model.php(279): CodeIgniter\Database\BaseBuilder->insert()
 6 SYSTEMPATH/BaseModel.php(749): CodeIgniter\Model->doInsert([...])
 7 SYSTEMPATH/Model.php(667): CodeIgniter\BaseModel->insert([...], true)
 8 APPPATH/Controllers/AdminController.php(136): CodeIgniter\Model->insert([...])
 9 SYSTEMPATH/CodeIgniter.php(927): App\Controllers\AdminController->boltReportImport()
10 SYSTEMPATH/CodeIgniter.php(482): CodeIgniter\CodeIgniter->runController(Object(App\Controllers\AdminController))
11 SYSTEMPATH/CodeIgniter.php(351): CodeIgniter\CodeIgniter->handleRequest(null, Object(Config\Cache), false)
12 FCPATH/index.php(67): CodeIgniter\CodeIgniter->run()
CRITICAL - 2023-01-04 15:56:55 --> Invalid file: index.php
in SYSTEMPATH/Exceptions/FrameworkException.php on line 33.
 1 SYSTEMPATH/View/View.php(201): CodeIgniter\Exceptions\FrameworkException::forInvalidFile('FCPATH/index.php')
 2 SYSTEMPATH/Common.php(1134): CodeIgniter\View\View->render('index', [], true)
 3 APPPATH/Controllers/AdminController.php(95): view('index', [...])
 4 SYSTEMPATH/CodeIgniter.php(927): App\Controllers\AdminController->boltReportImport()
 5 SYSTEMPATH/CodeIgniter.php(482): CodeIgniter\CodeIgniter->runController(Object(App\Controllers\AdminController))
 6 SYSTEMPATH/CodeIgniter.php(351): CodeIgniter\CodeIgniter->handleRequest(null, Object(Config\Cache), false)
 7 FCPATH/index.php(67): CodeIgniter\CodeIgniter->run()
