CRITICAL - 2023-01-31 05:31:34 --> Undefined array key "uberNeto"
in APPPATH/Views/adminDashboard/obracun.php on line 121.
 1 APPPATH/Views/adminDashboard/obracun.php(121): CodeIgniter\Debug\Exceptions->errorHandler(2, 'Undefined array key "uberNeto"', 'APPPATH/Views/adminDashboard/obracun.php', 121)
 2 SYSTEMPATH/View/View.php(213): include('APPPATH/Views/adminDashboard/obracun.php')
 3 SYSTEMPATH/View/View.php(216): CodeIgniter\View\View->CodeIgniter\View\{closure}()
 4 SYSTEMPATH/Common.php(1134): CodeIgniter\View\View->render('adminDashboard/obracun', [], true)
 5 APPPATH/Controllers/AdminController.php(604): view('adminDashboard/obracun', [...])
 6 SYSTEMPATH/CodeIgniter.php(927): App\Controllers\AdminController->obracun('202304')
 7 SYSTEMPATH/CodeIgniter.php(482): CodeIgniter\CodeIgniter->runController(Object(App\Controllers\AdminController))
 8 SYSTEMPATH/CodeIgniter.php(351): CodeIgniter\CodeIgniter->handleRequest(null, Object(Config\Cache), false)
 9 FCPATH/index.php(67): CodeIgniter\CodeIgniter->run()
CRITICAL - 2023-01-31 05:32:40 --> Undefined array key "boltGotovinaSvi"
in APPPATH/Views/adminDashboard/obracun.php on line 130.
 1 APPPATH/Views/adminDashboard/obracun.php(130): CodeIgniter\Debug\Exceptions->errorHandler(2, 'Undefined array key "boltGotovinaSvi"', 'APPPATH/Views/adminDashboard/obracun.php', 130)
 2 SYSTEMPATH/View/View.php(213): include('APPPATH/Views/adminDashboard/obracun.php')
 3 SYSTEMPATH/View/View.php(216): CodeIgniter\View\View->CodeIgniter\View\{closure}()
 4 SYSTEMPATH/Common.php(1134): CodeIgniter\View\View->render('adminDashboard/obracun', [], true)
 5 APPPATH/Controllers/AdminController.php(604): view('adminDashboard/obracun', [...])
 6 SYSTEMPATH/CodeIgniter.php(927): App\Controllers\AdminController->obracun('202304')
 7 SYSTEMPATH/CodeIgniter.php(482): CodeIgniter\CodeIgniter->runController(Object(App\Controllers\AdminController))
 8 SYSTEMPATH/CodeIgniter.php(351): CodeIgniter\CodeIgniter->handleRequest(null, Object(Config\Cache), false)
 9 FCPATH/index.php(67): CodeIgniter\CodeIgniter->run()
CRITICAL - 2023-01-31 05:32:59 --> Undefined array key "myPosGotovinaSvi"
in APPPATH/Views/adminDashboard/obracun.php on line 138.
 1 APPPATH/Views/adminDashboard/obracun.php(138): CodeIgniter\Debug\Exceptions->errorHandler(2, 'Undefined array key "myPosGotovinaSvi"', 'APPPATH/Views/adminDashboard/obracun.php', 138)
 2 SYSTEMPATH/View/View.php(213): include('APPPATH/Views/adminDashboard/obracun.php')
 3 SYSTEMPATH/View/View.php(216): CodeIgniter\View\View->CodeIgniter\View\{closure}()
 4 SYSTEMPATH/Common.php(1134): CodeIgniter\View\View->render('adminDashboard/obracun', [], true)
 5 APPPATH/Controllers/AdminController.php(604): view('adminDashboard/obracun', [...])
 6 SYSTEMPATH/CodeIgniter.php(927): App\Controllers\AdminController->obracun('202304')
 7 SYSTEMPATH/CodeIgniter.php(482): CodeIgniter\CodeIgniter->runController(Object(App\Controllers\AdminController))
 8 SYSTEMPATH/CodeIgniter.php(351): CodeIgniter\CodeIgniter->handleRequest(null, Object(Config\Cache), false)
 9 FCPATH/index.php(67): CodeIgniter\CodeIgniter->run()
CRITICAL - 2023-01-31 11:57:26 --> Undefined variable $fleet
in APPPATH/Views/adminDashboard/navBar.php on line 6.
 1 APPPATH/Views/adminDashboard/navBar.php(6): CodeIgniter\Debug\Exceptions->errorHandler(2, 'Undefined variable $fleet', 'APPPATH/Views/adminDashboard/navBar.php', 6)
 2 SYSTEMPATH/View/View.php(213): include('APPPATH/Views/adminDashboard/navBar.php')
 3 SYSTEMPATH/View/View.php(216): CodeIgniter\View\View->CodeIgniter\View\{closure}()
 4 SYSTEMPATH/Common.php(1134): CodeIgniter\View\View->render('adminDashboard/navBar', [], true)
 5 APPPATH/Controllers/AdminController.php(618): view('adminDashboard/navBar')
 6 SYSTEMPATH/CodeIgniter.php(927): App\Controllers\AdminController->obracun('202304')
 7 SYSTEMPATH/CodeIgniter.php(482): CodeIgniter\CodeIgniter->runController(Object(App\Controllers\AdminController))
 8 SYSTEMPATH/CodeIgniter.php(351): CodeIgniter\CodeIgniter->handleRequest(null, Object(Config\Cache), false)
 9 FCPATH/index.php(67): CodeIgniter\CodeIgniter->run()
CRITICAL - 2023-01-31 11:58:28 --> syntax error, unexpected variable "$data", expecting "function" or "const"
in APPPATH/Controllers/AdminController.php on line 13.
 1 SYSTEMPATH/Autoloader/Autoloader.php(259): CodeIgniter\Autoloader\Autoloader->includeFile('APPPATH/Controllers/AdminController.php')
 2 SYSTEMPATH/Autoloader/Autoloader.php(237): CodeIgniter\Autoloader\Autoloader->loadInNamespace('App\\Controllers\\AdminController')
 3 [internal function]: CodeIgniter\Autoloader\Autoloader->loadClass('App\\Controllers\\AdminController')
 4 SYSTEMPATH/CodeIgniter.php(877): class_exists('\\App\\Controllers\\AdminController', true)
 5 SYSTEMPATH/CodeIgniter.php(469): CodeIgniter\CodeIgniter->startController()
 6 SYSTEMPATH/CodeIgniter.php(351): CodeIgniter\CodeIgniter->handleRequest(null, Object(Config\Cache), false)
 7 FCPATH/index.php(67): CodeIgniter\CodeIgniter->run()
