CRITICAL - 2023-01-20 04:21:04 --> Undefined array key "Vozac"
in APPPATH/Controllers/AdminController.php on line 168.
 1 APPPATH/Controllers/AdminController.php(168): CodeIgniter\Debug\Exceptions->errorHandler(2, 'Undefined array key "Vozac"', 'APPPATH/Controllers/AdminController.php', 168)
 2 SYSTEMPATH/CodeIgniter.php(927): App\Controllers\AdminController->boltReportImport()
 3 SYSTEMPATH/CodeIgniter.php(482): CodeIgniter\CodeIgniter->runController(Object(App\Controllers\AdminController))
 4 SYSTEMPATH/CodeIgniter.php(351): CodeIgniter\CodeIgniter->handleRequest(null, Object(Config\Cache), false)
 5 FCPATH/index.php(67): CodeIgniter\CodeIgniter->run()
CRITICAL - 2023-01-20 04:21:21 --> Undefined array key "Vozac "
in APPPATH/Controllers/AdminController.php on line 168.
 1 APPPATH/Controllers/AdminController.php(168): CodeIgniter\Debug\Exceptions->errorHandler(2, 'Undefined array key "Vozac "', 'APPPATH/Controllers/AdminController.php', 168)
 2 SYSTEMPATH/CodeIgniter.php(927): App\Controllers\AdminController->boltReportImport()
 3 SYSTEMPATH/CodeIgniter.php(482): CodeIgniter\CodeIgniter->runController(Object(App\Controllers\AdminController))
 4 SYSTEMPATH/CodeIgniter.php(351): CodeIgniter\CodeIgniter->handleRequest(null, Object(Config\Cache), false)
 5 FCPATH/index.php(67): CodeIgniter\CodeIgniter->run()
CRITICAL - 2023-01-20 04:22:21 --> Undefined array key "vozac"
in APPPATH/Controllers/AdminController.php on line 168.
 1 APPPATH/Controllers/AdminController.php(168): CodeIgniter\Debug\Exceptions->errorHandler(2, 'Undefined array key "vozac"', 'APPPATH/Controllers/AdminController.php', 168)
 2 SYSTEMPATH/CodeIgniter.php(927): App\Controllers\AdminController->boltReportImport()
 3 SYSTEMPATH/CodeIgniter.php(482): CodeIgniter\CodeIgniter->runController(Object(App\Controllers\AdminController))
 4 SYSTEMPATH/CodeIgniter.php(351): CodeIgniter\CodeIgniter->handleRequest(null, Object(Config\Cache), false)
 5 FCPATH/index.php(67): CodeIgniter\CodeIgniter->run()
CRITICAL - 2023-01-20 04:25:56 --> Undefined array key "Vozac"
in APPPATH/Controllers/AdminController.php on line 169.
 1 APPPATH/Controllers/AdminController.php(169): CodeIgniter\Debug\Exceptions->errorHandler(2, 'Undefined array key "Vozac"', 'APPPATH/Controllers/AdminController.php', 169)
 2 SYSTEMPATH/CodeIgniter.php(927): App\Controllers\AdminController->boltReportImport()
 3 SYSTEMPATH/CodeIgniter.php(482): CodeIgniter\CodeIgniter->runController(Object(App\Controllers\AdminController))
 4 SYSTEMPATH/CodeIgniter.php(351): CodeIgniter\CodeIgniter->handleRequest(null, Object(Config\Cache), false)
 5 FCPATH/index.php(67): CodeIgniter\CodeIgniter->run()
CRITICAL - 2023-01-20 04:38:35 --> Undefined array key "Vozac"
in APPPATH/Controllers/AdminController.php on line 169.
 1 APPPATH/Controllers/AdminController.php(169): CodeIgniter\Debug\Exceptions->errorHandler(2, 'Undefined array key "Vozac"', 'APPPATH/Controllers/AdminController.php', 169)
 2 SYSTEMPATH/CodeIgniter.php(927): App\Controllers\AdminController->boltReportImport()
 3 SYSTEMPATH/CodeIgniter.php(482): CodeIgniter\CodeIgniter->runController(Object(App\Controllers\AdminController))
 4 SYSTEMPATH/CodeIgniter.php(351): CodeIgniter\CodeIgniter->handleRequest(null, Object(Config\Cache), false)
 5 FCPATH/index.php(67): CodeIgniter\CodeIgniter->run()
CRITICAL - 2023-01-20 06:30:04 --> array_map() expects at least 2 arguments, 1 given
in APPPATH/Controllers/AdminController.php on line 177.
 1 APPPATH/Controllers/AdminController.php(177): array_map([...])
 2 SYSTEMPATH/CodeIgniter.php(927): App\Controllers\AdminController->boltReportImport()
 3 SYSTEMPATH/CodeIgniter.php(482): CodeIgniter\CodeIgniter->runController(Object(App\Controllers\AdminController))
 4 SYSTEMPATH/CodeIgniter.php(351): CodeIgniter\CodeIgniter->handleRequest(null, Object(Config\Cache), false)
 5 FCPATH/index.php(67): CodeIgniter\CodeIgniter->run()
