ERROR - 2024-09-21 07:53:49 --> Email: sendWithSmtp throwed ErrorException: stream_socket_enable_crypto(): SSL operation failed with code 1. OpenSSL Error messages:
error:0A000086:SSL routines::certificate verify failed in /home/damodar/htdocs/agregator.online/public/appstarter/system/Email/Email.php:1878
Stack trace:
#0 [internal function]: CodeIgniter\Debug\Exceptions->errorHandler()
#1 /home/damodar/htdocs/agregator.online/public/appstarter/system/Email/Email.php(1878): stream_socket_enable_crypto()
#2 /home/damodar/htdocs/agregator.online/public/appstarter/system/Email/Email.php(1777): CodeIgniter\Email\Email->SMTPConnect()
#3 /home/damodar/htdocs/agregator.online/public/appstarter/system/Email/Email.php(1662): CodeIgniter\Email\Email->sendWithSmtp()
#4 /home/damodar/htdocs/agregator.online/public/appstarter/system/Email/Email.php(1560): CodeIgniter\Email\Email->spoolEmail()
#5 /home/damodar/htdocs/agregator.online/public/appstarter/app/Controllers/SignupController.php(140): CodeIgniter\Email\Email->send()
#6 /home/damodar/htdocs/agregator.online/public/appstarter/app/Controllers/SignupController.php(255): App\Controllers\SignupController->sendPasswordResetLink()
#7 /home/damodar/htdocs/agregator.online/public/appstarter/system/CodeIgniter.php(927): App\Controllers\SignupController->passwordReset()
#8 /home/damodar/htdocs/agregator.online/public/appstarter/system/CodeIgniter.php(482): CodeIgniter\CodeIgniter->runController()
#9 /home/damodar/htdocs/agregator.online/public/appstarter/system/CodeIgniter.php(351): CodeIgniter\CodeIgniter->handleRequest()
#10 /home/damodar/htdocs/agregator.online/public/appstarter/public/index.php(67): CodeIgniter\CodeIgniter->run()
#11 {main}
ERROR - 2024-09-21 07:53:49 --> Email: Unable to send email using SMTP. Your server might not be configured to send mail using this method.
ERROR - 2024-09-21 07:53:49 --> 220 mail.agregator.online ESMTP Postcow

hello: 250-mail.agregator.online
250-PIPELINING
250-SIZE 104857600
250-ETRN
250-STARTTLS
250-ENHANCEDSTATUSCODES
250-8BITMIME
250 DSN

starttls: 220 2.0.0 Ready to start TLS

ERROR - 2024-09-21 08:20:23 --> Email: Unable to send email using SMTP. Your server might not be configured to send mail using this method.
ERROR - 2024-09-21 08:20:23 --> 220 mail.agregator.online ESMTP Postcow

hello: 250-mail.agregator.online
250-PIPELINING
250-SIZE 104857600
250-ETRN
250-STARTTLS
250-ENHANCEDSTATUSCODES
250-8BITMIME
250 DSN

starttls: 220 2.0.0 Ready to start TLS

hello: 250-mail.agregator.online
250-PIPELINING
250-SIZE 104857600
250-ETRN
250-AUTH PLAIN LOGIN
250-AUTH=PLAIN LOGIN
250-ENHANCEDSTATUSCODES
250-8BITMIME
250 DSN

Failed to authenticate password. Error: 535 5.7.8 Error: authentication failed: (reason unavailable)

ERROR - 2024-09-21 08:28:21 --> Email: Unable to send email using SMTP. Your server might not be configured to send mail using this method.
ERROR - 2024-09-21 08:28:21 --> 220 mail.agregator.online ESMTP Postcow

hello: 250-mail.agregator.online
250-PIPELINING
250-SIZE 104857600
250-ETRN
250-STARTTLS
250-ENHANCEDSTATUSCODES
250-8BITMIME
250 DSN

starttls: 220 2.0.0 Ready to start TLS

hello: 250-mail.agregator.online
250-PIPELINING
250-SIZE 104857600
250-ETRN
250-AUTH PLAIN LOGIN
250-AUTH=PLAIN LOGIN
250-ENHANCEDSTATUSCODES
250-8BITMIME
250 DSN

Failed to authenticate password. Error: 535 5.7.8 Error: authentication failed: (reason unavailable)

ERROR - 2024-09-21 08:28:43 --> Email: Unable to send email using SMTP. Your server might not be configured to send mail using this method.
ERROR - 2024-09-21 08:28:43 --> 220 mail.agregator.online ESMTP Postcow

hello: 250-mail.agregator.online
250-PIPELINING
250-SIZE 104857600
250-ETRN
250-STARTTLS
250-ENHANCEDSTATUSCODES
250-8BITMIME
250 DSN

starttls: 220 2.0.0 Ready to start TLS

hello: 250-mail.agregator.online
250-PIPELINING
250-SIZE 104857600
250-ETRN
250-AUTH PLAIN LOGIN
250-AUTH=PLAIN LOGIN
250-ENHANCEDSTATUSCODES
250-8BITMIME
250 DSN

Failed to authenticate password. Error: 535 5.7.8 Error: authentication failed: (reason unavailable)

ERROR - 2024-09-21 08:29:10 --> Email: Unable to send email using SMTP. Your server might not be configured to send mail using this method.
ERROR - 2024-09-21 08:29:10 --> 220 mail.agregator.online ESMTP Postcow

hello: 250-mail.agregator.online
250-PIPELINING
250-SIZE 104857600
250-ETRN
250-STARTTLS
250-ENHANCEDSTATUSCODES
250-8BITMIME
250 DSN

starttls: 220 2.0.0 Ready to start TLS

hello: 250-mail.agregator.online
250-PIPELINING
250-SIZE 104857600
250-ETRN
250-AUTH PLAIN LOGIN
250-AUTH=PLAIN LOGIN
250-ENHANCEDSTATUSCODES
250-8BITMIME
250 DSN

Failed to authenticate password. Error: 535 5.7.8 Error: authentication failed: (reason unavailable)

