CRITICAL - 2023-01-17 06:40:06 --> Invalid file: index.php
in SYSTEMPATH/Exceptions/FrameworkException.php on line 33.
 1 SYSTEMPATH/View/View.php(201): CodeIgniter\Exceptions\FrameworkException::forInvalidFile('FCPATH/index.php')
 2 SYSTEMPATH/Common.php(1134): CodeIgniter\View\View->render('index', [], true)
 3 APPPATH/Controllers/AdminController.php(31): view('index', [...])
 4 SYSTEMPATH/CodeIgniter.php(927): App\Controllers\AdminController->uberReportImport()
 5 SYSTEMPATH/CodeIgniter.php(482): CodeIgniter\CodeIgniter->runController(Object(App\Controllers\AdminController))
 6 SYSTEMPATH/CodeIgniter.php(351): CodeIgniter\CodeIgniter->handleRequest(null, Object(Config\Cache), false)
 7 FCPATH/index.php(67): CodeIgniter\CodeIgniter->run()
CRITICAL - 2023-01-17 07:40:50 --> Undefined array key "UUID_Vozaca"
in APPPATH/Controllers/AdminController.php on line 64.
 1 APPPATH/Controllers/AdminController.php(64): CodeIgniter\Debug\Exceptions->errorHandler(2, 'Undefined array key "UUID_Vozaca"', 'APPPATH/Controllers/AdminController.php', 64)
 2 SYSTEMPATH/CodeIgniter.php(927): App\Controllers\AdminController->uberReportImport()
 3 SYSTEMPATH/CodeIgniter.php(482): CodeIgniter\CodeIgniter->runController(Object(App\Controllers\AdminController))
 4 SYSTEMPATH/CodeIgniter.php(351): CodeIgniter\CodeIgniter->handleRequest(null, Object(Config\Cache), false)
 5 FCPATH/index.php(67): CodeIgniter\CodeIgniter->run()
CRITICAL - 2023-01-17 07:41:21 --> Undefined array key "UUID_Vozaca"
in APPPATH/Controllers/AdminController.php on line 67.
 1 APPPATH/Controllers/AdminController.php(67): CodeIgniter\Debug\Exceptions->errorHandler(2, 'Undefined array key "UUID_Vozaca"', 'APPPATH/Controllers/AdminController.php', 67)
 2 SYSTEMPATH/CodeIgniter.php(927): App\Controllers\AdminController->uberReportImport()
 3 SYSTEMPATH/CodeIgniter.php(482): CodeIgniter\CodeIgniter->runController(Object(App\Controllers\AdminController))
 4 SYSTEMPATH/CodeIgniter.php(351): CodeIgniter\CodeIgniter->handleRequest(null, Object(Config\Cache), false)
 5 FCPATH/index.php(67): CodeIgniter\CodeIgniter->run()
CRITICAL - 2023-01-17 07:41:54 --> Trying to access array offset on value of type int
in APPPATH/Controllers/AdminController.php on line 67.
 1 APPPATH/Controllers/AdminController.php(67): CodeIgniter\Debug\Exceptions->errorHandler(2, 'Trying to access array offset on value of type int', 'APPPATH/Controllers/AdminController.php', 67)
 2 SYSTEMPATH/CodeIgniter.php(927): App\Controllers\AdminController->uberReportImport()
 3 SYSTEMPATH/CodeIgniter.php(482): CodeIgniter\CodeIgniter->runController(Object(App\Controllers\AdminController))
 4 SYSTEMPATH/CodeIgniter.php(351): CodeIgniter\CodeIgniter->handleRequest(null, Object(Config\Cache), false)
 5 FCPATH/index.php(67): CodeIgniter\CodeIgniter->run()
CRITICAL - 2023-01-17 07:42:48 --> Array to string conversion
in APPPATH/Controllers/AdminController.php on line 67.
 1 APPPATH/Controllers/AdminController.php(67): CodeIgniter\Debug\Exceptions->errorHandler(2, 'Array to string conversion', 'APPPATH/Controllers/AdminController.php', 67)
 2 SYSTEMPATH/CodeIgniter.php(927): App\Controllers\AdminController->uberReportImport()
 3 SYSTEMPATH/CodeIgniter.php(482): CodeIgniter\CodeIgniter->runController(Object(App\Controllers\AdminController))
 4 SYSTEMPATH/CodeIgniter.php(351): CodeIgniter\CodeIgniter->handleRequest(null, Object(Config\Cache), false)
 5 FCPATH/index.php(67): CodeIgniter\CodeIgniter->run()
CRITICAL - 2023-01-17 07:43:33 --> Undefined array key "UUID_Vozaca"
in APPPATH/Controllers/AdminController.php on line 67.
 1 APPPATH/Controllers/AdminController.php(67): CodeIgniter\Debug\Exceptions->errorHandler(2, 'Undefined array key "UUID_Vozaca"', 'APPPATH/Controllers/AdminController.php', 67)
 2 SYSTEMPATH/CodeIgniter.php(927): App\Controllers\AdminController->uberReportImport()
 3 SYSTEMPATH/CodeIgniter.php(482): CodeIgniter\CodeIgniter->runController(Object(App\Controllers\AdminController))
 4 SYSTEMPATH/CodeIgniter.php(351): CodeIgniter\CodeIgniter->handleRequest(null, Object(Config\Cache), false)
 5 FCPATH/index.php(67): CodeIgniter\CodeIgniter->run()
CRITICAL - 2023-01-17 07:43:54 --> Undefined array key "UUID_Vozaca"
in APPPATH/Controllers/AdminController.php on line 67.
 1 APPPATH/Controllers/AdminController.php(67): CodeIgniter\Debug\Exceptions->errorHandler(2, 'Undefined array key "UUID_Vozaca"', 'APPPATH/Controllers/AdminController.php', 67)
 2 SYSTEMPATH/CodeIgniter.php(927): App\Controllers\AdminController->uberReportImport()
 3 SYSTEMPATH/CodeIgniter.php(482): CodeIgniter\CodeIgniter->runController(Object(App\Controllers\AdminController))
 4 SYSTEMPATH/CodeIgniter.php(351): CodeIgniter\CodeIgniter->handleRequest(null, Object(Config\Cache), false)
 5 FCPATH/index.php(67): CodeIgniter\CodeIgniter->run()
CRITICAL - 2023-01-17 07:44:34 --> syntax error, unexpected token "[", expecting "]"
in APPPATH/Controllers/AdminController.php on line 67.
 1 SYSTEMPATH/Autoloader/Autoloader.php(259): CodeIgniter\Autoloader\Autoloader->includeFile('APPPATH/Controllers/AdminController.php')
 2 SYSTEMPATH/Autoloader/Autoloader.php(237): CodeIgniter\Autoloader\Autoloader->loadInNamespace('App\\Controllers\\AdminController')
 3 [internal function]: CodeIgniter\Autoloader\Autoloader->loadClass('App\\Controllers\\AdminController')
 4 SYSTEMPATH/CodeIgniter.php(877): class_exists('\\App\\Controllers\\AdminController', true)
 5 SYSTEMPATH/CodeIgniter.php(469): CodeIgniter\CodeIgniter->startController()
 6 SYSTEMPATH/CodeIgniter.php(351): CodeIgniter\CodeIgniter->handleRequest(null, Object(Config\Cache), false)
 7 FCPATH/index.php(67): CodeIgniter\CodeIgniter->run()
CRITICAL - 2023-01-17 07:44:46 --> syntax error, unexpected token ",", expecting "]"
in APPPATH/Controllers/AdminController.php on line 67.
 1 SYSTEMPATH/Autoloader/Autoloader.php(259): CodeIgniter\Autoloader\Autoloader->includeFile('APPPATH/Controllers/AdminController.php')
 2 SYSTEMPATH/Autoloader/Autoloader.php(237): CodeIgniter\Autoloader\Autoloader->loadInNamespace('App\\Controllers\\AdminController')
 3 [internal function]: CodeIgniter\Autoloader\Autoloader->loadClass('App\\Controllers\\AdminController')
 4 SYSTEMPATH/CodeIgniter.php(877): class_exists('\\App\\Controllers\\AdminController', true)
 5 SYSTEMPATH/CodeIgniter.php(469): CodeIgniter\CodeIgniter->startController()
 6 SYSTEMPATH/CodeIgniter.php(351): CodeIgniter\CodeIgniter->handleRequest(null, Object(Config\Cache), false)
 7 FCPATH/index.php(67): CodeIgniter\CodeIgniter->run()
CRITICAL - 2023-01-17 07:45:17 --> syntax error, unexpected token ",", expecting "]"
in APPPATH/Controllers/AdminController.php on line 67.
 1 SYSTEMPATH/Autoloader/Autoloader.php(259): CodeIgniter\Autoloader\Autoloader->includeFile('APPPATH/Controllers/AdminController.php')
 2 SYSTEMPATH/Autoloader/Autoloader.php(237): CodeIgniter\Autoloader\Autoloader->loadInNamespace('App\\Controllers\\AdminController')
 3 [internal function]: CodeIgniter\Autoloader\Autoloader->loadClass('App\\Controllers\\AdminController')
 4 SYSTEMPATH/CodeIgniter.php(877): class_exists('\\App\\Controllers\\AdminController', true)
 5 SYSTEMPATH/CodeIgniter.php(469): CodeIgniter\CodeIgniter->startController()
 6 SYSTEMPATH/CodeIgniter.php(351): CodeIgniter\CodeIgniter->handleRequest(null, Object(Config\Cache), false)
 7 FCPATH/index.php(67): CodeIgniter\CodeIgniter->run()
CRITICAL - 2023-01-17 07:46:52 --> Undefined array key "UUID_vozaca"
in APPPATH/Controllers/AdminController.php on line 68.
 1 APPPATH/Controllers/AdminController.php(68): CodeIgniter\Debug\Exceptions->errorHandler(2, 'Undefined array key "UUID_vozaca"', 'APPPATH/Controllers/AdminController.php', 68)
 2 SYSTEMPATH/CodeIgniter.php(927): App\Controllers\AdminController->uberReportImport()
 3 SYSTEMPATH/CodeIgniter.php(482): CodeIgniter\CodeIgniter->runController(Object(App\Controllers\AdminController))
 4 SYSTEMPATH/CodeIgniter.php(351): CodeIgniter\CodeIgniter->handleRequest(null, Object(Config\Cache), false)
 5 FCPATH/index.php(67): CodeIgniter\CodeIgniter->run()
CRITICAL - 2023-01-17 08:03:51 --> Undefined array key "UUID_vozaca"
in APPPATH/Controllers/AdminController.php on line 68.
 1 APPPATH/Controllers/AdminController.php(68): CodeIgniter\Debug\Exceptions->errorHandler(2, 'Undefined array key "UUID_vozaca"', 'APPPATH/Controllers/AdminController.php', 68)
 2 SYSTEMPATH/CodeIgniter.php(927): App\Controllers\AdminController->uberReportImport()
 3 SYSTEMPATH/CodeIgniter.php(482): CodeIgniter\CodeIgniter->runController(Object(App\Controllers\AdminController))
 4 SYSTEMPATH/CodeIgniter.php(351): CodeIgniter\CodeIgniter->handleRequest(null, Object(Config\Cache), false)
 5 FCPATH/index.php(67): CodeIgniter\CodeIgniter->run()
CRITICAL - 2023-01-17 08:04:59 --> Undefined array key "UUID_vozaca"
in APPPATH/Controllers/AdminController.php on line 69.
 1 APPPATH/Controllers/AdminController.php(69): CodeIgniter\Debug\Exceptions->errorHandler(2, 'Undefined array key "UUID_vozaca"', 'APPPATH/Controllers/AdminController.php', 69)
 2 SYSTEMPATH/CodeIgniter.php(927): App\Controllers\AdminController->uberReportImport()
 3 SYSTEMPATH/CodeIgniter.php(482): CodeIgniter\CodeIgniter->runController(Object(App\Controllers\AdminController))
 4 SYSTEMPATH/CodeIgniter.php(351): CodeIgniter\CodeIgniter->handleRequest(null, Object(Config\Cache), false)
 5 FCPATH/index.php(67): CodeIgniter\CodeIgniter->run()
CRITICAL - 2023-01-17 18:42:22 --> unlink(/homepages/0/d941215561/htdocs/writable/debugbar/debugbar_1673948553.773208.json): No such file or directory
in SYSTEMPATH/Debug/Toolbar/Collectors/History.php on line 76.
 1 [internal function]: CodeIgniter\Debug\Exceptions->errorHandler(2, 'unlink(/homepages/0/d941215561/htdocs/writable/debugbar/debugbar_1673948553.773208.json): No such file or directory', 'SYSTEMPATH/Debug/Toolbar/Collectors/History.php', 76)
 2 SYSTEMPATH/Debug/Toolbar/Collectors/History.php(76): unlink('ROOTPATH/writable/debugbar/debugbar_1673948553.773208.json')
 3 SYSTEMPATH/Debug/Toolbar.php(500): CodeIgniter\Debug\Toolbar\Collectors\History->setFiles('1674002536.410629', 20)
 4 SYSTEMPATH/Debug/Toolbar.php(477): CodeIgniter\Debug\Toolbar->format([...], 'html')
 5 APPPATH/Config/Events.php(46): CodeIgniter\Debug\Toolbar->respond()
 6 SYSTEMPATH/Events/Events.php(149): CodeIgniter\Events\Events::Config\{closure}()
 7 SYSTEMPATH/CodeIgniter.php(328): CodeIgniter\Events\Events::trigger('pre_system')
 8 FCPATH/index.php(67): CodeIgniter\CodeIgniter->run()
