CRITICAL - 2023-01-30 03:15:17 --> Undefined variable $obracun
in APPPATH/Views/adminDashboard/obracun.php on line 6.
 1 APPPATH/Views/adminDashboard/obracun.php(6): CodeIgniter\Debug\Exceptions->errorHandler(2, 'Undefined variable $obracun', 'APPPATH/Views/adminDashboard/obracun.php', 6)
 2 SYSTEMPATH/View/View.php(213): include('APPPATH/Views/adminDashboard/obracun.php')
 3 SYSTEMPATH/View/View.php(216): CodeIgniter\View\View->CodeIgniter\View\{closure}()
 4 SYSTEMPATH/Common.php(1134): CodeIgniter\View\View->render('adminDashboard/obracun', [], true)
 5 APPPATH/Controllers/AdminController.php(584): view('adminDashboard/obracun', [...])
 6 SYSTEMPATH/CodeIgniter.php(927): App\Controllers\AdminController->obracun()
 7 SYSTEMPATH/CodeIgniter.php(482): CodeIgniter\CodeIgniter->runController(Object(App\Controllers\AdminController))
 8 SYSTEMPATH/CodeIgniter.php(351): CodeIgniter\CodeIgniter->handleRequest(null, Object(Config\Cache), false)
 9 FCPATH/index.php(67): CodeIgniter\CodeIgniter->run()
CRITICAL - 2023-01-30 03:17:09 --> Undefined variable $obracun
in APPPATH/Views/adminDashboard/obracun.php on line 6.
 1 APPPATH/Views/adminDashboard/obracun.php(6): CodeIgniter\Debug\Exceptions->errorHandler(2, 'Undefined variable $obracun', 'APPPATH/Views/adminDashboard/obracun.php', 6)
 2 SYSTEMPATH/View/View.php(213): include('APPPATH/Views/adminDashboard/obracun.php')
 3 SYSTEMPATH/View/View.php(216): CodeIgniter\View\View->CodeIgniter\View\{closure}()
 4 SYSTEMPATH/Common.php(1134): CodeIgniter\View\View->render('adminDashboard/obracun', [], true)
 5 APPPATH/Controllers/AdminController.php(584): view('adminDashboard/obracun', [...])
 6 SYSTEMPATH/CodeIgniter.php(927): App\Controllers\AdminController->obracun()
 7 SYSTEMPATH/CodeIgniter.php(482): CodeIgniter\CodeIgniter->runController(Object(App\Controllers\AdminController))
 8 SYSTEMPATH/CodeIgniter.php(351): CodeIgniter\CodeIgniter->handleRequest(null, Object(Config\Cache), false)
 9 FCPATH/index.php(67): CodeIgniter\CodeIgniter->run()
CRITICAL - 2023-01-30 03:17:12 --> Undefined variable $obracun
in APPPATH/Views/adminDashboard/obracun.php on line 6.
 1 APPPATH/Views/adminDashboard/obracun.php(6): CodeIgniter\Debug\Exceptions->errorHandler(2, 'Undefined variable $obracun', 'APPPATH/Views/adminDashboard/obracun.php', 6)
 2 SYSTEMPATH/View/View.php(213): include('APPPATH/Views/adminDashboard/obracun.php')
 3 SYSTEMPATH/View/View.php(216): CodeIgniter\View\View->CodeIgniter\View\{closure}()
 4 SYSTEMPATH/Common.php(1134): CodeIgniter\View\View->render('adminDashboard/obracun', [], true)
 5 APPPATH/Controllers/AdminController.php(584): view('adminDashboard/obracun', [...])
 6 SYSTEMPATH/CodeIgniter.php(927): App\Controllers\AdminController->obracun()
 7 SYSTEMPATH/CodeIgniter.php(482): CodeIgniter\CodeIgniter->runController(Object(App\Controllers\AdminController))
 8 SYSTEMPATH/CodeIgniter.php(351): CodeIgniter\CodeIgniter->handleRequest(null, Object(Config\Cache), false)
 9 FCPATH/index.php(67): CodeIgniter\CodeIgniter->run()
CRITICAL - 2023-01-30 03:19:01 --> Array to string conversion
in APPPATH/Controllers/AdminController.php on line 580.
 1 [internal function]: CodeIgniter\Debug\Exceptions->errorHandler(2, 'Array to string conversion', 'APPPATH/Controllers/AdminController.php', 580)
 2 APPPATH/Controllers/AdminController.php(580): array_unique([...])
 3 SYSTEMPATH/CodeIgniter.php(927): App\Controllers\AdminController->obracun()
 4 SYSTEMPATH/CodeIgniter.php(482): CodeIgniter\CodeIgniter->runController(Object(App\Controllers\AdminController))
 5 SYSTEMPATH/CodeIgniter.php(351): CodeIgniter\CodeIgniter->handleRequest(null, Object(Config\Cache), false)
 6 FCPATH/index.php(67): CodeIgniter\CodeIgniter->run()
CRITICAL - 2023-01-30 03:22:19 --> array_unique(): Argument #1 ($array) must be of type array, App\Models\MyPosReportModel given
in APPPATH/Controllers/AdminController.php on line 571.
 1 APPPATH/Controllers/AdminController.php(571): array_unique(Object(App\Models\MyPosReportModel))
 2 SYSTEMPATH/CodeIgniter.php(927): App\Controllers\AdminController->obracun()
 3 SYSTEMPATH/CodeIgniter.php(482): CodeIgniter\CodeIgniter->runController(Object(App\Controllers\AdminController))
 4 SYSTEMPATH/CodeIgniter.php(351): CodeIgniter\CodeIgniter->handleRequest(null, Object(Config\Cache), false)
 5 FCPATH/index.php(67): CodeIgniter\CodeIgniter->run()
CRITICAL - 2023-01-30 03:23:07 --> Array to string conversion
in APPPATH/Controllers/AdminController.php on line 572.
 1 [internal function]: CodeIgniter\Debug\Exceptions->errorHandler(2, 'Array to string conversion', 'APPPATH/Controllers/AdminController.php', 572)
 2 APPPATH/Controllers/AdminController.php(572): array_unique([...])
 3 SYSTEMPATH/CodeIgniter.php(927): App\Controllers\AdminController->obracun()
 4 SYSTEMPATH/CodeIgniter.php(482): CodeIgniter\CodeIgniter->runController(Object(App\Controllers\AdminController))
 5 SYSTEMPATH/CodeIgniter.php(351): CodeIgniter\CodeIgniter->handleRequest(null, Object(Config\Cache), false)
 6 FCPATH/index.php(67): CodeIgniter\CodeIgniter->run()
CRITICAL - 2023-01-30 03:32:54 --> Array to string conversion
in APPPATH/Controllers/AdminController.php on line 572.
 1 [internal function]: CodeIgniter\Debug\Exceptions->errorHandler(2, 'Array to string conversion', 'APPPATH/Controllers/AdminController.php', 572)
 2 APPPATH/Controllers/AdminController.php(572): array_unique([...])
 3 SYSTEMPATH/CodeIgniter.php(927): App\Controllers\AdminController->obracun()
 4 SYSTEMPATH/CodeIgniter.php(482): CodeIgniter\CodeIgniter->runController(Object(App\Controllers\AdminController))
 5 SYSTEMPATH/CodeIgniter.php(351): CodeIgniter\CodeIgniter->handleRequest(null, Object(Config\Cache), false)
 6 FCPATH/index.php(67): CodeIgniter\CodeIgniter->run()
CRITICAL - 2023-01-30 03:56:54 --> Undefined variable $reportForWeek
in APPPATH/Views/adminDashboard/obracun.php on line 109.
 1 APPPATH/Views/adminDashboard/obracun.php(109): CodeIgniter\Debug\Exceptions->errorHandler(2, 'Undefined variable $reportForWeek', 'APPPATH/Views/adminDashboard/obracun.php', 109)
 2 SYSTEMPATH/View/View.php(213): include('APPPATH/Views/adminDashboard/obracun.php')
 3 SYSTEMPATH/View/View.php(216): CodeIgniter\View\View->CodeIgniter\View\{closure}()
 4 SYSTEMPATH/Common.php(1134): CodeIgniter\View\View->render('adminDashboard/obracun', [], true)
 5 APPPATH/Controllers/AdminController.php(566): view('adminDashboard/obracun', [...])
 6 SYSTEMPATH/CodeIgniter.php(927): App\Controllers\AdminController->obracun('202303')
 7 SYSTEMPATH/CodeIgniter.php(482): CodeIgniter\CodeIgniter->runController(Object(App\Controllers\AdminController))
 8 SYSTEMPATH/CodeIgniter.php(351): CodeIgniter\CodeIgniter->handleRequest(null, Object(Config\Cache), false)
 9 FCPATH/index.php(67): CodeIgniter\CodeIgniter->run()
CRITICAL - 2023-01-30 04:02:39 --> Undefined variable $week
in APPPATH/Views/adminDashboard/obracun.php on line 12.
 1 APPPATH/Views/adminDashboard/obracun.php(12): CodeIgniter\Debug\Exceptions->errorHandler(2, 'Undefined variable $week', 'APPPATH/Views/adminDashboard/obracun.php', 12)
 2 SYSTEMPATH/View/View.php(213): include('APPPATH/Views/adminDashboard/obracun.php')
 3 SYSTEMPATH/View/View.php(216): CodeIgniter\View\View->CodeIgniter\View\{closure}()
 4 SYSTEMPATH/Common.php(1134): CodeIgniter\View\View->render('adminDashboard/obracun', [], true)
 5 APPPATH/Controllers/AdminController.php(573): view('adminDashboard/obracun', [...])
 6 SYSTEMPATH/CodeIgniter.php(927): App\Controllers\AdminController->obracun('202302')
 7 SYSTEMPATH/CodeIgniter.php(482): CodeIgniter\CodeIgniter->runController(Object(App\Controllers\AdminController))
 8 SYSTEMPATH/CodeIgniter.php(351): CodeIgniter\CodeIgniter->handleRequest(null, Object(Config\Cache), false)
 9 FCPATH/index.php(67): CodeIgniter\CodeIgniter->run()
CRITICAL - 2023-01-30 04:03:18 --> Undefined variable $week
in APPPATH/Views/adminDashboard/obracun.php on line 12.
 1 APPPATH/Views/adminDashboard/obracun.php(12): CodeIgniter\Debug\Exceptions->errorHandler(2, 'Undefined variable $week', 'APPPATH/Views/adminDashboard/obracun.php', 12)
 2 SYSTEMPATH/View/View.php(213): include('APPPATH/Views/adminDashboard/obracun.php')
 3 SYSTEMPATH/View/View.php(216): CodeIgniter\View\View->CodeIgniter\View\{closure}()
 4 SYSTEMPATH/Common.php(1134): CodeIgniter\View\View->render('adminDashboard/obracun', [], true)
 5 APPPATH/Controllers/AdminController.php(573): view('adminDashboard/obracun', [...])
 6 SYSTEMPATH/CodeIgniter.php(927): App\Controllers\AdminController->obracun('202303')
 7 SYSTEMPATH/CodeIgniter.php(482): CodeIgniter\CodeIgniter->runController(Object(App\Controllers\AdminController))
 8 SYSTEMPATH/CodeIgniter.php(351): CodeIgniter\CodeIgniter->handleRequest(null, Object(Config\Cache), false)
 9 FCPATH/index.php(67): CodeIgniter\CodeIgniter->run()
CRITICAL - 2023-01-30 04:03:27 --> Undefined array key "report_for_week"
in APPPATH/Views/adminDashboard/obracun.php on line 12.
 1 APPPATH/Views/adminDashboard/obracun.php(12): CodeIgniter\Debug\Exceptions->errorHandler(2, 'Undefined array key "report_for_week"', 'APPPATH/Views/adminDashboard/obracun.php', 12)
 2 SYSTEMPATH/View/View.php(213): include('APPPATH/Views/adminDashboard/obracun.php')
 3 SYSTEMPATH/View/View.php(216): CodeIgniter\View\View->CodeIgniter\View\{closure}()
 4 SYSTEMPATH/Common.php(1134): CodeIgniter\View\View->render('adminDashboard/obracun', [], true)
 5 APPPATH/Controllers/AdminController.php(573): view('adminDashboard/obracun', [...])
 6 SYSTEMPATH/CodeIgniter.php(927): App\Controllers\AdminController->obracun('202303')
 7 SYSTEMPATH/CodeIgniter.php(482): CodeIgniter\CodeIgniter->runController(Object(App\Controllers\AdminController))
 8 SYSTEMPATH/CodeIgniter.php(351): CodeIgniter\CodeIgniter->handleRequest(null, Object(Config\Cache), false)
 9 FCPATH/index.php(67): CodeIgniter\CodeIgniter->run()
CRITICAL - 2023-01-30 04:03:28 --> Undefined array key "report_for_week"
in APPPATH/Views/adminDashboard/obracun.php on line 12.
 1 APPPATH/Views/adminDashboard/obracun.php(12): CodeIgniter\Debug\Exceptions->errorHandler(2, 'Undefined array key "report_for_week"', 'APPPATH/Views/adminDashboard/obracun.php', 12)
 2 SYSTEMPATH/View/View.php(213): include('APPPATH/Views/adminDashboard/obracun.php')
 3 SYSTEMPATH/View/View.php(216): CodeIgniter\View\View->CodeIgniter\View\{closure}()
 4 SYSTEMPATH/Common.php(1134): CodeIgniter\View\View->render('adminDashboard/obracun', [], true)
 5 APPPATH/Controllers/AdminController.php(573): view('adminDashboard/obracun', [...])
 6 SYSTEMPATH/CodeIgniter.php(927): App\Controllers\AdminController->obracun('202303')
 7 SYSTEMPATH/CodeIgniter.php(482): CodeIgniter\CodeIgniter->runController(Object(App\Controllers\AdminController))
 8 SYSTEMPATH/CodeIgniter.php(351): CodeIgniter\CodeIgniter->handleRequest(null, Object(Config\Cache), false)
 9 FCPATH/index.php(67): CodeIgniter\CodeIgniter->run()
CRITICAL - 2023-01-30 04:03:28 --> Undefined array key "report_for_week"
in APPPATH/Views/adminDashboard/obracun.php on line 12.
 1 APPPATH/Views/adminDashboard/obracun.php(12): CodeIgniter\Debug\Exceptions->errorHandler(2, 'Undefined array key "report_for_week"', 'APPPATH/Views/adminDashboard/obracun.php', 12)
 2 SYSTEMPATH/View/View.php(213): include('APPPATH/Views/adminDashboard/obracun.php')
 3 SYSTEMPATH/View/View.php(216): CodeIgniter\View\View->CodeIgniter\View\{closure}()
 4 SYSTEMPATH/Common.php(1134): CodeIgniter\View\View->render('adminDashboard/obracun', [], true)
 5 APPPATH/Controllers/AdminController.php(573): view('adminDashboard/obracun', [...])
 6 SYSTEMPATH/CodeIgniter.php(927): App\Controllers\AdminController->obracun('202303')
 7 SYSTEMPATH/CodeIgniter.php(482): CodeIgniter\CodeIgniter->runController(Object(App\Controllers\AdminController))
 8 SYSTEMPATH/CodeIgniter.php(351): CodeIgniter\CodeIgniter->handleRequest(null, Object(Config\Cache), false)
 9 FCPATH/index.php(67): CodeIgniter\CodeIgniter->run()
CRITICAL - 2023-01-30 04:43:30 --> Undefined variable $bolt
in APPPATH/Controllers/AdminController.php on line 475.
 1 APPPATH/Controllers/AdminController.php(475): CodeIgniter\Debug\Exceptions->errorHandler(2, 'Undefined variable $bolt', 'APPPATH/Controllers/AdminController.php', 475)
 2 SYSTEMPATH/CodeIgniter.php(927): App\Controllers\AdminController->obracun('202303')
 3 SYSTEMPATH/CodeIgniter.php(482): CodeIgniter\CodeIgniter->runController(Object(App\Controllers\AdminController))
 4 SYSTEMPATH/CodeIgniter.php(351): CodeIgniter\CodeIgniter->handleRequest(null, Object(Config\Cache), false)
 5 FCPATH/index.php(67): CodeIgniter\CodeIgniter->run()
CRITICAL - 2023-01-30 04:44:04 --> Undefined variable $bolt
in APPPATH/Controllers/AdminController.php on line 473.
 1 APPPATH/Controllers/AdminController.php(473): CodeIgniter\Debug\Exceptions->errorHandler(2, 'Undefined variable $bolt', 'APPPATH/Controllers/AdminController.php', 473)
 2 SYSTEMPATH/CodeIgniter.php(927): App\Controllers\AdminController->obracun('202303')
 3 SYSTEMPATH/CodeIgniter.php(482): CodeIgniter\CodeIgniter->runController(Object(App\Controllers\AdminController))
 4 SYSTEMPATH/CodeIgniter.php(351): CodeIgniter\CodeIgniter->handleRequest(null, Object(Config\Cache), false)
 5 FCPATH/index.php(67): CodeIgniter\CodeIgniter->run()
CRITICAL - 2023-01-30 04:44:05 --> Undefined variable $bolt
in APPPATH/Controllers/AdminController.php on line 473.
 1 APPPATH/Controllers/AdminController.php(473): CodeIgniter\Debug\Exceptions->errorHandler(2, 'Undefined variable $bolt', 'APPPATH/Controllers/AdminController.php', 473)
 2 SYSTEMPATH/CodeIgniter.php(927): App\Controllers\AdminController->obracun('202303')
 3 SYSTEMPATH/CodeIgniter.php(482): CodeIgniter\CodeIgniter->runController(Object(App\Controllers\AdminController))
 4 SYSTEMPATH/CodeIgniter.php(351): CodeIgniter\CodeIgniter->handleRequest(null, Object(Config\Cache), false)
 5 FCPATH/index.php(67): CodeIgniter\CodeIgniter->run()
CRITICAL - 2023-01-30 04:44:32 --> Undefined variable $bolt
in APPPATH/Controllers/AdminController.php on line 473.
 1 APPPATH/Controllers/AdminController.php(473): CodeIgniter\Debug\Exceptions->errorHandler(2, 'Undefined variable $bolt', 'APPPATH/Controllers/AdminController.php', 473)
 2 SYSTEMPATH/CodeIgniter.php(927): App\Controllers\AdminController->obracun('202303')
 3 SYSTEMPATH/CodeIgniter.php(482): CodeIgniter\CodeIgniter->runController(Object(App\Controllers\AdminController))
 4 SYSTEMPATH/CodeIgniter.php(351): CodeIgniter\CodeIgniter->handleRequest(null, Object(Config\Cache), false)
 5 FCPATH/index.php(67): CodeIgniter\CodeIgniter->run()
CRITICAL - 2023-01-30 04:56:18 --> Call to undefined method App\Models\BoltReportModel::getResultArray
in SYSTEMPATH/Model.php on line 774.
 1 APPPATH/Controllers/AdminController.php(469): CodeIgniter\Model->__call('getResultArray', [])
 2 SYSTEMPATH/CodeIgniter.php(927): App\Controllers\AdminController->obracun('202303')
 3 SYSTEMPATH/CodeIgniter.php(482): CodeIgniter\CodeIgniter->runController(Object(App\Controllers\AdminController))
 4 SYSTEMPATH/CodeIgniter.php(351): CodeIgniter\CodeIgniter->handleRequest(null, Object(Config\Cache), false)
 5 FCPATH/index.php(67): CodeIgniter\CodeIgniter->run()
ERROR - 2023-01-30 04:59:46 --> mysqli_sql_exception: Unknown column 'bolt_unique_id' in 'where clause' in /homepages/0/d941215561/htdocs/system/Database/MySQLi/Connection.php:292
Stack trace:
#0 /homepages/0/d941215561/htdocs/system/Database/MySQLi/Connection.php(292): mysqli->query('SELECT *\nFROM `...', 0)
#1 /homepages/0/d941215561/htdocs/system/Database/BaseConnection.php(666): CodeIgniter\Database\MySQLi\Connection->execute('SELECT *\nFROM `...')
#2 /homepages/0/d941215561/htdocs/system/Database/BaseConnection.php(593): CodeIgniter\Database\BaseConnection->simpleQuery('SELECT *\nFROM `...')
#3 /homepages/0/d941215561/htdocs/system/Database/BaseBuilder.php(1585): CodeIgniter\Database\BaseConnection->query('SELECT *\nFROM `...', Array, false)
#4 /homepages/0/d941215561/htdocs/system/Model.php(772): CodeIgniter\Database\BaseBuilder->get()
#5 /homepages/0/d941215561/htdocs/app/Controllers/AdminController.php(469): CodeIgniter\Model->__call('get', Array)
#6 /homepages/0/d941215561/htdocs/system/CodeIgniter.php(927): App\Controllers\AdminController->obracun('202303')
#7 /homepages/0/d941215561/htdocs/system/CodeIgniter.php(482): CodeIgniter\CodeIgniter->runController(Object(App\Controllers\AdminController))
#8 /homepages/0/d941215561/htdocs/system/CodeIgniter.php(351): CodeIgniter\CodeIgniter->handleRequest(NULL, Object(Config\Cache), false)
#9 /homepages/0/d941215561/htdocs/public/index.php(67): CodeIgniter\CodeIgniter->run()
#10 {main}
CRITICAL - 2023-01-30 04:59:46 --> Unknown column 'bolt_unique_id' in 'where clause'
in SYSTEMPATH/Database/MySQLi/Connection.php on line 292.
 1 SYSTEMPATH/Database/MySQLi/Connection.php(292): mysqli->query('SELECT *
FROM `bolt_reports`
WHERE `report_for_week` = \'202303\'
AND `bolt_unique_id` = \'Nikola Šagi\'', 0)
 2 SYSTEMPATH/Database/BaseConnection.php(666): CodeIgniter\Database\MySQLi\Connection->execute('SELECT *
FROM `bolt_reports`
WHERE `report_for_week` = \'202303\'
AND `bolt_unique_id` = \'Nikola Šagi\'')
 3 SYSTEMPATH/Database/BaseConnection.php(593): CodeIgniter\Database\BaseConnection->simpleQuery('SELECT *
FROM `bolt_reports`
WHERE `report_for_week` = \'202303\'
AND `bolt_unique_id` = \'Nikola Šagi\'')
 4 SYSTEMPATH/Database/BaseBuilder.php(1585): CodeIgniter\Database\BaseConnection->query('SELECT *
FROM `bolt_reports`
WHERE `report_for_week` = :report_for_week:
AND `bolt_unique_id` = :bolt_unique_id:', [...], false)
 5 SYSTEMPATH/Model.php(772): CodeIgniter\Database\BaseBuilder->get()
 6 APPPATH/Controllers/AdminController.php(469): CodeIgniter\Model->__call('get', [])
 7 SYSTEMPATH/CodeIgniter.php(927): App\Controllers\AdminController->obracun('202303')
 8 SYSTEMPATH/CodeIgniter.php(482): CodeIgniter\CodeIgniter->runController(Object(App\Controllers\AdminController))
 9 SYSTEMPATH/CodeIgniter.php(351): CodeIgniter\CodeIgniter->handleRequest(null, Object(Config\Cache), false)
10 FCPATH/index.php(67): CodeIgniter\CodeIgniter->run()
CRITICAL - 2023-01-30 08:20:18 --> Undefined variable $week
in APPPATH/Views/adminDashboard/obracun.php on line 4.
 1 APPPATH/Views/adminDashboard/obracun.php(4): CodeIgniter\Debug\Exceptions->errorHandler(2, 'Undefined variable $week', 'APPPATH/Views/adminDashboard/obracun.php', 4)
 2 SYSTEMPATH/View/View.php(213): include('APPPATH/Views/adminDashboard/obracun.php')
 3 SYSTEMPATH/View/View.php(216): CodeIgniter\View\View->CodeIgniter\View\{closure}()
 4 SYSTEMPATH/Common.php(1134): CodeIgniter\View\View->render('adminDashboard/obracun', [], true)
 5 APPPATH/Controllers/AdminController.php(601): view('adminDashboard/obracun', [...])
 6 SYSTEMPATH/CodeIgniter.php(927): App\Controllers\AdminController->obracun()
 7 SYSTEMPATH/CodeIgniter.php(482): CodeIgniter\CodeIgniter->runController(Object(App\Controllers\AdminController))
 8 SYSTEMPATH/CodeIgniter.php(351): CodeIgniter\CodeIgniter->handleRequest(null, Object(Config\Cache), false)
 9 FCPATH/index.php(67): CodeIgniter\CodeIgniter->run()
CRITICAL - 2023-01-30 08:20:55 --> Undefined variable $week
in APPPATH/Views/adminDashboard/obracun.php on line 4.
 1 APPPATH/Views/adminDashboard/obracun.php(4): CodeIgniter\Debug\Exceptions->errorHandler(2, 'Undefined variable $week', 'APPPATH/Views/adminDashboard/obracun.php', 4)
 2 SYSTEMPATH/View/View.php(213): include('APPPATH/Views/adminDashboard/obracun.php')
 3 SYSTEMPATH/View/View.php(216): CodeIgniter\View\View->CodeIgniter\View\{closure}()
 4 SYSTEMPATH/Common.php(1134): CodeIgniter\View\View->render('adminDashboard/obracun', [], true)
 5 APPPATH/Controllers/AdminController.php(601): view('adminDashboard/obracun', [...])
 6 SYSTEMPATH/CodeIgniter.php(927): App\Controllers\AdminController->obracun()
 7 SYSTEMPATH/CodeIgniter.php(482): CodeIgniter\CodeIgniter->runController(Object(App\Controllers\AdminController))
 8 SYSTEMPATH/CodeIgniter.php(351): CodeIgniter\CodeIgniter->handleRequest(null, Object(Config\Cache), false)
 9 FCPATH/index.php(67): CodeIgniter\CodeIgniter->run()
CRITICAL - 2023-01-30 08:20:56 --> Undefined variable $week
in APPPATH/Views/adminDashboard/obracun.php on line 4.
 1 APPPATH/Views/adminDashboard/obracun.php(4): CodeIgniter\Debug\Exceptions->errorHandler(2, 'Undefined variable $week', 'APPPATH/Views/adminDashboard/obracun.php', 4)
 2 SYSTEMPATH/View/View.php(213): include('APPPATH/Views/adminDashboard/obracun.php')
 3 SYSTEMPATH/View/View.php(216): CodeIgniter\View\View->CodeIgniter\View\{closure}()
 4 SYSTEMPATH/Common.php(1134): CodeIgniter\View\View->render('adminDashboard/obracun', [], true)
 5 APPPATH/Controllers/AdminController.php(601): view('adminDashboard/obracun', [...])
 6 SYSTEMPATH/CodeIgniter.php(927): App\Controllers\AdminController->obracun()
 7 SYSTEMPATH/CodeIgniter.php(482): CodeIgniter\CodeIgniter->runController(Object(App\Controllers\AdminController))
 8 SYSTEMPATH/CodeIgniter.php(351): CodeIgniter\CodeIgniter->handleRequest(null, Object(Config\Cache), false)
 9 FCPATH/index.php(67): CodeIgniter\CodeIgniter->run()
CRITICAL - 2023-01-30 08:22:03 --> Array to string conversion
in APPPATH/Views/adminDashboard/obracun.php on line 4.
 1 APPPATH/Views/adminDashboard/obracun.php(4): CodeIgniter\Debug\Exceptions->errorHandler(2, 'Array to string conversion', 'APPPATH/Views/adminDashboard/obracun.php', 4)
 2 SYSTEMPATH/View/View.php(213): include('APPPATH/Views/adminDashboard/obracun.php')
 3 SYSTEMPATH/View/View.php(216): CodeIgniter\View\View->CodeIgniter\View\{closure}()
 4 SYSTEMPATH/Common.php(1134): CodeIgniter\View\View->render('adminDashboard/obracun', [], true)
 5 APPPATH/Controllers/AdminController.php(601): view('adminDashboard/obracun', [...])
 6 SYSTEMPATH/CodeIgniter.php(927): App\Controllers\AdminController->obracun()
 7 SYSTEMPATH/CodeIgniter.php(482): CodeIgniter\CodeIgniter->runController(Object(App\Controllers\AdminController))
 8 SYSTEMPATH/CodeIgniter.php(351): CodeIgniter\CodeIgniter->handleRequest(null, Object(Config\Cache), false)
 9 FCPATH/index.php(67): CodeIgniter\CodeIgniter->run()
CRITICAL - 2023-01-30 08:22:05 --> Array to string conversion
in APPPATH/Views/adminDashboard/obracun.php on line 4.
 1 APPPATH/Views/adminDashboard/obracun.php(4): CodeIgniter\Debug\Exceptions->errorHandler(2, 'Array to string conversion', 'APPPATH/Views/adminDashboard/obracun.php', 4)
 2 SYSTEMPATH/View/View.php(213): include('APPPATH/Views/adminDashboard/obracun.php')
 3 SYSTEMPATH/View/View.php(216): CodeIgniter\View\View->CodeIgniter\View\{closure}()
 4 SYSTEMPATH/Common.php(1134): CodeIgniter\View\View->render('adminDashboard/obracun', [], true)
 5 APPPATH/Controllers/AdminController.php(601): view('adminDashboard/obracun', [...])
 6 SYSTEMPATH/CodeIgniter.php(927): App\Controllers\AdminController->obracun()
 7 SYSTEMPATH/CodeIgniter.php(482): CodeIgniter\CodeIgniter->runController(Object(App\Controllers\AdminController))
 8 SYSTEMPATH/CodeIgniter.php(351): CodeIgniter\CodeIgniter->handleRequest(null, Object(Config\Cache), false)
 9 FCPATH/index.php(67): CodeIgniter\CodeIgniter->run()
CRITICAL - 2023-01-30 08:24:40 --> syntax error, unexpected end of file
in APPPATH/Views/adminDashboard/obracun.php on line 127.
 1 SYSTEMPATH/View/View.php(216): CodeIgniter\View\View->CodeIgniter\View\{closure}()
 2 SYSTEMPATH/Common.php(1134): CodeIgniter\View\View->render('adminDashboard/obracun', [], true)
 3 APPPATH/Controllers/AdminController.php(601): view('adminDashboard/obracun', [...])
 4 SYSTEMPATH/CodeIgniter.php(927): App\Controllers\AdminController->obracun()
 5 SYSTEMPATH/CodeIgniter.php(482): CodeIgniter\CodeIgniter->runController(Object(App\Controllers\AdminController))
 6 SYSTEMPATH/CodeIgniter.php(351): CodeIgniter\CodeIgniter->handleRequest(null, Object(Config\Cache), false)
 7 FCPATH/index.php(67): CodeIgniter\CodeIgniter->run()
CRITICAL - 2023-01-30 08:25:33 --> Undefined variable $week
in APPPATH/Views/adminDashboard/obracun.php on line 4.
 1 APPPATH/Views/adminDashboard/obracun.php(4): CodeIgniter\Debug\Exceptions->errorHandler(2, 'Undefined variable $week', 'APPPATH/Views/adminDashboard/obracun.php', 4)
 2 SYSTEMPATH/View/View.php(213): include('APPPATH/Views/adminDashboard/obracun.php')
 3 SYSTEMPATH/View/View.php(216): CodeIgniter\View\View->CodeIgniter\View\{closure}()
 4 SYSTEMPATH/Common.php(1134): CodeIgniter\View\View->render('adminDashboard/obracun', [], true)
 5 APPPATH/Controllers/AdminController.php(601): view('adminDashboard/obracun', [...])
 6 SYSTEMPATH/CodeIgniter.php(927): App\Controllers\AdminController->obracun()
 7 SYSTEMPATH/CodeIgniter.php(482): CodeIgniter\CodeIgniter->runController(Object(App\Controllers\AdminController))
 8 SYSTEMPATH/CodeIgniter.php(351): CodeIgniter\CodeIgniter->handleRequest(null, Object(Config\Cache), false)
 9 FCPATH/index.php(67): CodeIgniter\CodeIgniter->run()
CRITICAL - 2023-01-30 08:25:55 --> Undefined array key "Tjedno_stanje_racuna"
in APPPATH/Controllers/AdminController.php on line 468.
 1 APPPATH/Controllers/AdminController.php(468): CodeIgniter\Debug\Exceptions->errorHandler(2, 'Undefined array key "Tjedno_stanje_racuna"', 'APPPATH/Controllers/AdminController.php', 468)
 2 SYSTEMPATH/CodeIgniter.php(927): App\Controllers\AdminController->obracun('202303')
 3 SYSTEMPATH/CodeIgniter.php(482): CodeIgniter\CodeIgniter->runController(Object(App\Controllers\AdminController))
 4 SYSTEMPATH/CodeIgniter.php(351): CodeIgniter\CodeIgniter->handleRequest(null, Object(Config\Cache), false)
 5 FCPATH/index.php(67): CodeIgniter\CodeIgniter->run()
CRITICAL - 2023-01-30 08:26:51 --> Undefined array key "Tjedno_stanje_racuna"
in APPPATH/Controllers/AdminController.php on line 471.
 1 APPPATH/Controllers/AdminController.php(471): CodeIgniter\Debug\Exceptions->errorHandler(2, 'Undefined array key "Tjedno_stanje_racuna"', 'APPPATH/Controllers/AdminController.php', 471)
 2 SYSTEMPATH/CodeIgniter.php(927): App\Controllers\AdminController->obracun('202303')
 3 SYSTEMPATH/CodeIgniter.php(482): CodeIgniter\CodeIgniter->runController(Object(App\Controllers\AdminController))
 4 SYSTEMPATH/CodeIgniter.php(351): CodeIgniter\CodeIgniter->handleRequest(null, Object(Config\Cache), false)
 5 FCPATH/index.php(67): CodeIgniter\CodeIgniter->run()
CRITICAL - 2023-01-30 08:26:53 --> Undefined array key "Tjedno_stanje_racuna"
in APPPATH/Controllers/AdminController.php on line 471.
 1 APPPATH/Controllers/AdminController.php(471): CodeIgniter\Debug\Exceptions->errorHandler(2, 'Undefined array key "Tjedno_stanje_racuna"', 'APPPATH/Controllers/AdminController.php', 471)
 2 SYSTEMPATH/CodeIgniter.php(927): App\Controllers\AdminController->obracun('202303')
 3 SYSTEMPATH/CodeIgniter.php(482): CodeIgniter\CodeIgniter->runController(Object(App\Controllers\AdminController))
 4 SYSTEMPATH/CodeIgniter.php(351): CodeIgniter\CodeIgniter->handleRequest(null, Object(Config\Cache), false)
 5 FCPATH/index.php(67): CodeIgniter\CodeIgniter->run()
CRITICAL - 2023-01-30 08:26:53 --> Undefined array key "Tjedno_stanje_racuna"
in APPPATH/Controllers/AdminController.php on line 471.
 1 APPPATH/Controllers/AdminController.php(471): CodeIgniter\Debug\Exceptions->errorHandler(2, 'Undefined array key "Tjedno_stanje_racuna"', 'APPPATH/Controllers/AdminController.php', 471)
 2 SYSTEMPATH/CodeIgniter.php(927): App\Controllers\AdminController->obracun('202303')
 3 SYSTEMPATH/CodeIgniter.php(482): CodeIgniter\CodeIgniter->runController(Object(App\Controllers\AdminController))
 4 SYSTEMPATH/CodeIgniter.php(351): CodeIgniter\CodeIgniter->handleRequest(null, Object(Config\Cache), false)
 5 FCPATH/index.php(67): CodeIgniter\CodeIgniter->run()
CRITICAL - 2023-01-30 08:27:56 --> Trying to access array offset on value of type null
in APPPATH/Controllers/AdminController.php on line 471.
 1 APPPATH/Controllers/AdminController.php(471): CodeIgniter\Debug\Exceptions->errorHandler(2, 'Trying to access array offset on value of type null', 'APPPATH/Controllers/AdminController.php', 471)
 2 SYSTEMPATH/CodeIgniter.php(927): App\Controllers\AdminController->obracun('202303')
 3 SYSTEMPATH/CodeIgniter.php(482): CodeIgniter\CodeIgniter->runController(Object(App\Controllers\AdminController))
 4 SYSTEMPATH/CodeIgniter.php(351): CodeIgniter\CodeIgniter->handleRequest(null, Object(Config\Cache), false)
 5 FCPATH/index.php(67): CodeIgniter\CodeIgniter->run()
CRITICAL - 2023-01-30 08:34:00 --> Trying to access array offset on value of type null
in APPPATH/Controllers/AdminController.php on line 471.
 1 APPPATH/Controllers/AdminController.php(471): CodeIgniter\Debug\Exceptions->errorHandler(2, 'Trying to access array offset on value of type null', 'APPPATH/Controllers/AdminController.php', 471)
 2 SYSTEMPATH/CodeIgniter.php(927): App\Controllers\AdminController->obracun('202303')
 3 SYSTEMPATH/CodeIgniter.php(482): CodeIgniter\CodeIgniter->runController(Object(App\Controllers\AdminController))
 4 SYSTEMPATH/CodeIgniter.php(351): CodeIgniter\CodeIgniter->handleRequest(null, Object(Config\Cache), false)
 5 FCPATH/index.php(67): CodeIgniter\CodeIgniter->run()
CRITICAL - 2023-01-30 08:34:44 --> Trying to access array offset on value of type null
in APPPATH/Controllers/AdminController.php on line 471.
 1 APPPATH/Controllers/AdminController.php(471): CodeIgniter\Debug\Exceptions->errorHandler(2, 'Trying to access array offset on value of type null', 'APPPATH/Controllers/AdminController.php', 471)
 2 SYSTEMPATH/CodeIgniter.php(927): App\Controllers\AdminController->obracun('202303')
 3 SYSTEMPATH/CodeIgniter.php(482): CodeIgniter\CodeIgniter->runController(Object(App\Controllers\AdminController))
 4 SYSTEMPATH/CodeIgniter.php(351): CodeIgniter\CodeIgniter->handleRequest(null, Object(Config\Cache), false)
 5 FCPATH/index.php(67): CodeIgniter\CodeIgniter->run()
CRITICAL - 2023-01-30 08:46:00 --> Undefined array key "Gotovina"
in APPPATH/Controllers/AdminController.php on line 473.
 1 APPPATH/Controllers/AdminController.php(473): CodeIgniter\Debug\Exceptions->errorHandler(2, 'Undefined array key "Gotovina"', 'APPPATH/Controllers/AdminController.php', 473)
 2 SYSTEMPATH/CodeIgniter.php(927): App\Controllers\AdminController->obracun('202303')
 3 SYSTEMPATH/CodeIgniter.php(482): CodeIgniter\CodeIgniter->runController(Object(App\Controllers\AdminController))
 4 SYSTEMPATH/CodeIgniter.php(351): CodeIgniter\CodeIgniter->handleRequest(null, Object(Config\Cache), false)
 5 FCPATH/index.php(67): CodeIgniter\CodeIgniter->run()
CRITICAL - 2023-01-30 08:46:45 --> Undefined variable $boltGotovina
in APPPATH/Controllers/AdminController.php on line 475.
 1 APPPATH/Controllers/AdminController.php(475): CodeIgniter\Debug\Exceptions->errorHandler(2, 'Undefined variable $boltGotovina', 'APPPATH/Controllers/AdminController.php', 475)
 2 SYSTEMPATH/CodeIgniter.php(927): App\Controllers\AdminController->obracun('202303')
 3 SYSTEMPATH/CodeIgniter.php(482): CodeIgniter\CodeIgniter->runController(Object(App\Controllers\AdminController))
 4 SYSTEMPATH/CodeIgniter.php(351): CodeIgniter\CodeIgniter->handleRequest(null, Object(Config\Cache), false)
 5 FCPATH/index.php(67): CodeIgniter\CodeIgniter->run()
CRITICAL - 2023-01-30 08:47:08 --> Trying to access array offset on value of type null
in APPPATH/Controllers/AdminController.php on line 471.
 1 APPPATH/Controllers/AdminController.php(471): CodeIgniter\Debug\Exceptions->errorHandler(2, 'Trying to access array offset on value of type null', 'APPPATH/Controllers/AdminController.php', 471)
 2 SYSTEMPATH/CodeIgniter.php(927): App\Controllers\AdminController->obracun('202303')
 3 SYSTEMPATH/CodeIgniter.php(482): CodeIgniter\CodeIgniter->runController(Object(App\Controllers\AdminController))
 4 SYSTEMPATH/CodeIgniter.php(351): CodeIgniter\CodeIgniter->handleRequest(null, Object(Config\Cache), false)
 5 FCPATH/index.php(67): CodeIgniter\CodeIgniter->run()
CRITICAL - 2023-01-30 08:50:28 --> Trying to access array offset on value of type null
in APPPATH/Controllers/AdminController.php on line 472.
 1 APPPATH/Controllers/AdminController.php(472): CodeIgniter\Debug\Exceptions->errorHandler(2, 'Trying to access array offset on value of type null', 'APPPATH/Controllers/AdminController.php', 472)
 2 SYSTEMPATH/CodeIgniter.php(927): App\Controllers\AdminController->obracun('202303')
 3 SYSTEMPATH/CodeIgniter.php(482): CodeIgniter\CodeIgniter->runController(Object(App\Controllers\AdminController))
 4 SYSTEMPATH/CodeIgniter.php(351): CodeIgniter\CodeIgniter->handleRequest(null, Object(Config\Cache), false)
 5 FCPATH/index.php(67): CodeIgniter\CodeIgniter->run()
CRITICAL - 2023-01-30 08:50:43 --> Trying to access array offset on value of type null
in APPPATH/Controllers/AdminController.php on line 472.
 1 APPPATH/Controllers/AdminController.php(472): CodeIgniter\Debug\Exceptions->errorHandler(2, 'Trying to access array offset on value of type null', 'APPPATH/Controllers/AdminController.php', 472)
 2 SYSTEMPATH/CodeIgniter.php(927): App\Controllers\AdminController->obracun('202303')
 3 SYSTEMPATH/CodeIgniter.php(482): CodeIgniter\CodeIgniter->runController(Object(App\Controllers\AdminController))
 4 SYSTEMPATH/CodeIgniter.php(351): CodeIgniter\CodeIgniter->handleRequest(null, Object(Config\Cache), false)
 5 FCPATH/index.php(67): CodeIgniter\CodeIgniter->run()
CRITICAL - 2023-01-30 08:53:07 --> Trying to access array offset on value of type null
in APPPATH/Controllers/AdminController.php on line 472.
 1 APPPATH/Controllers/AdminController.php(472): CodeIgniter\Debug\Exceptions->errorHandler(2, 'Trying to access array offset on value of type null', 'APPPATH/Controllers/AdminController.php', 472)
 2 SYSTEMPATH/CodeIgniter.php(927): App\Controllers\AdminController->obracun('202303')
 3 SYSTEMPATH/CodeIgniter.php(482): CodeIgniter\CodeIgniter->runController(Object(App\Controllers\AdminController))
 4 SYSTEMPATH/CodeIgniter.php(351): CodeIgniter\CodeIgniter->handleRequest(null, Object(Config\Cache), false)
 5 FCPATH/index.php(67): CodeIgniter\CodeIgniter->run()
ERROR - 2023-01-30 09:09:20 --> mysqli_sql_exception: Unknown column 'vozac' in 'where clause' in /homepages/0/d941215561/htdocs/system/Database/MySQLi/Connection.php:292
Stack trace:
#0 /homepages/0/d941215561/htdocs/system/Database/MySQLi/Connection.php(292): mysqli->query('SELECT *\nFROM `...', 0)
#1 /homepages/0/d941215561/htdocs/system/Database/BaseConnection.php(666): CodeIgniter\Database\MySQLi\Connection->execute('SELECT *\nFROM `...')
#2 /homepages/0/d941215561/htdocs/system/Database/BaseConnection.php(593): CodeIgniter\Database\BaseConnection->simpleQuery('SELECT *\nFROM `...')
#3 /homepages/0/d941215561/htdocs/system/Database/BaseBuilder.php(1585): CodeIgniter\Database\BaseConnection->query('SELECT *\nFROM `...', Array, false)
#4 /homepages/0/d941215561/htdocs/system/Model.php(772): CodeIgniter\Database\BaseBuilder->get()
#5 /homepages/0/d941215561/htdocs/app/Controllers/AdminController.php(483): CodeIgniter\Model->__call('get', Array)
#6 /homepages/0/d941215561/htdocs/system/CodeIgniter.php(927): App\Controllers\AdminController->obracun('202303')
#7 /homepages/0/d941215561/htdocs/system/CodeIgniter.php(482): CodeIgniter\CodeIgniter->runController(Object(App\Controllers\AdminController))
#8 /homepages/0/d941215561/htdocs/system/CodeIgniter.php(351): CodeIgniter\CodeIgniter->handleRequest(NULL, Object(Config\Cache), false)
#9 /homepages/0/d941215561/htdocs/public/index.php(67): CodeIgniter\CodeIgniter->run()
#10 {main}
CRITICAL - 2023-01-30 09:09:20 --> Unknown column 'vozac' in 'where clause'
in SYSTEMPATH/Database/MySQLi/Connection.php on line 292.
 1 SYSTEMPATH/Database/MySQLi/Connection.php(292): mysqli->query('SELECT *
FROM `myPos_reports`
WHERE `report_for_week` = \'202303\'
AND `vozac` = \'Nikola Sagi\'', 0)
 2 SYSTEMPATH/Database/BaseConnection.php(666): CodeIgniter\Database\MySQLi\Connection->execute('SELECT *
FROM `myPos_reports`
WHERE `report_for_week` = \'202303\'
AND `vozac` = \'Nikola Sagi\'')
 3 SYSTEMPATH/Database/BaseConnection.php(593): CodeIgniter\Database\BaseConnection->simpleQuery('SELECT *
FROM `myPos_reports`
WHERE `report_for_week` = \'202303\'
AND `vozac` = \'Nikola Sagi\'')
 4 SYSTEMPATH/Database/BaseBuilder.php(1585): CodeIgniter\Database\BaseConnection->query('SELECT *
FROM `myPos_reports`
WHERE `report_for_week` = :report_for_week:
AND `vozac` = :vozac:', [...], false)
 5 SYSTEMPATH/Model.php(772): CodeIgniter\Database\BaseBuilder->get()
 6 APPPATH/Controllers/AdminController.php(483): CodeIgniter\Model->__call('get', [])
 7 SYSTEMPATH/CodeIgniter.php(927): App\Controllers\AdminController->obracun('202303')
 8 SYSTEMPATH/CodeIgniter.php(482): CodeIgniter\CodeIgniter->runController(Object(App\Controllers\AdminController))
 9 SYSTEMPATH/CodeIgniter.php(351): CodeIgniter\CodeIgniter->handleRequest(null, Object(Config\Cache), false)
10 FCPATH/index.php(67): CodeIgniter\CodeIgniter->run()
CRITICAL - 2023-01-30 09:20:58 --> Undefined variable $mypos
in APPPATH/Controllers/AdminController.php on line 486.
 1 APPPATH/Controllers/AdminController.php(486): CodeIgniter\Debug\Exceptions->errorHandler(2, 'Undefined variable $mypos', 'APPPATH/Controllers/AdminController.php', 486)
 2 SYSTEMPATH/CodeIgniter.php(927): App\Controllers\AdminController->obracun('202302')
 3 SYSTEMPATH/CodeIgniter.php(482): CodeIgniter\CodeIgniter->runController(Object(App\Controllers\AdminController))
 4 SYSTEMPATH/CodeIgniter.php(351): CodeIgniter\CodeIgniter->handleRequest(null, Object(Config\Cache), false)
 5 FCPATH/index.php(67): CodeIgniter\CodeIgniter->run()
CRITICAL - 2023-01-30 09:52:52 --> Undefined array key "refered_by"
in APPPATH/Controllers/AdminController.php on line 462.
 1 APPPATH/Controllers/AdminController.php(462): CodeIgniter\Debug\Exceptions->errorHandler(2, 'Undefined array key "refered_by"', 'APPPATH/Controllers/AdminController.php', 462)
 2 SYSTEMPATH/CodeIgniter.php(927): App\Controllers\AdminController->obracun('202302')
 3 SYSTEMPATH/CodeIgniter.php(482): CodeIgniter\CodeIgniter->runController(Object(App\Controllers\AdminController))
 4 SYSTEMPATH/CodeIgniter.php(351): CodeIgniter\CodeIgniter->handleRequest(null, Object(Config\Cache), false)
 5 FCPATH/index.php(67): CodeIgniter\CodeIgniter->run()
CRITICAL - 2023-01-30 10:00:04 --> Undefined variable $referal
in APPPATH/Controllers/AdminController.php on line 510.
 1 APPPATH/Controllers/AdminController.php(510): CodeIgniter\Debug\Exceptions->errorHandler(2, 'Undefined variable $referal', 'APPPATH/Controllers/AdminController.php', 510)
 2 SYSTEMPATH/CodeIgniter.php(927): App\Controllers\AdminController->obracun('202302')
 3 SYSTEMPATH/CodeIgniter.php(482): CodeIgniter\CodeIgniter->runController(Object(App\Controllers\AdminController))
 4 SYSTEMPATH/CodeIgniter.php(351): CodeIgniter\CodeIgniter->handleRequest(null, Object(Config\Cache), false)
 5 FCPATH/index.php(67): CodeIgniter\CodeIgniter->run()
CRITICAL - 2023-01-30 10:25:06 --> Undefined array key "netoBolt"
in APPPATH/Views/adminDashboard/obracun.php on line 35.
 1 APPPATH/Views/adminDashboard/obracun.php(35): CodeIgniter\Debug\Exceptions->errorHandler(2, 'Undefined array key "netoBolt"', 'APPPATH/Views/adminDashboard/obracun.php', 35)
 2 SYSTEMPATH/View/View.php(213): include('APPPATH/Views/adminDashboard/obracun.php')
 3 SYSTEMPATH/View/View.php(216): CodeIgniter\View\View->CodeIgniter\View\{closure}()
 4 SYSTEMPATH/Common.php(1134): CodeIgniter\View\View->render('adminDashboard/obracun', [], true)
 5 APPPATH/Controllers/AdminController.php(534): view('adminDashboard/obracun', [...])
 6 SYSTEMPATH/CodeIgniter.php(927): App\Controllers\AdminController->obracun('202302')
 7 SYSTEMPATH/CodeIgniter.php(482): CodeIgniter\CodeIgniter->runController(Object(App\Controllers\AdminController))
 8 SYSTEMPATH/CodeIgniter.php(351): CodeIgniter\CodeIgniter->handleRequest(null, Object(Config\Cache), false)
 9 FCPATH/index.php(67): CodeIgniter\CodeIgniter->run()
CRITICAL - 2023-01-30 10:39:51 --> array_combine(): Argument #1 ($keys) and argument #2 ($values) must have the same number of elements
in APPPATH/Controllers/AdminController.php on line 256.
 1 APPPATH/Controllers/AdminController.php(256): array_combine([...], [...])
 2 SYSTEMPATH/CodeIgniter.php(927): App\Controllers\AdminController->myPosReportImport()
 3 SYSTEMPATH/CodeIgniter.php(482): CodeIgniter\CodeIgniter->runController(Object(App\Controllers\AdminController))
 4 SYSTEMPATH/CodeIgniter.php(351): CodeIgniter\CodeIgniter->handleRequest(null, Object(Config\Cache), false)
 5 FCPATH/index.php(67): CodeIgniter\CodeIgniter->run()
CRITICAL - 2023-01-30 10:42:16 --> array_combine(): Argument #1 ($keys) and argument #2 ($values) must have the same number of elements
in APPPATH/Controllers/AdminController.php on line 256.
 1 APPPATH/Controllers/AdminController.php(256): array_combine([...], [...])
 2 SYSTEMPATH/CodeIgniter.php(927): App\Controllers\AdminController->myPosReportImport()
 3 SYSTEMPATH/CodeIgniter.php(482): CodeIgniter\CodeIgniter->runController(Object(App\Controllers\AdminController))
 4 SYSTEMPATH/CodeIgniter.php(351): CodeIgniter\CodeIgniter->handleRequest(null, Object(Config\Cache), false)
 5 FCPATH/index.php(67): CodeIgniter\CodeIgniter->run()
CRITICAL - 2023-01-30 10:48:27 --> array_combine(): Argument #1 ($keys) and argument #2 ($values) must have the same number of elements
in APPPATH/Controllers/AdminController.php on line 264.
 1 APPPATH/Controllers/AdminController.php(264): array_combine([...], [...])
 2 SYSTEMPATH/CodeIgniter.php(927): App\Controllers\AdminController->myPosReportImport()
 3 SYSTEMPATH/CodeIgniter.php(482): CodeIgniter\CodeIgniter->runController(Object(App\Controllers\AdminController))
 4 SYSTEMPATH/CodeIgniter.php(351): CodeIgniter\CodeIgniter->handleRequest(null, Object(Config\Cache), false)
 5 FCPATH/index.php(67): CodeIgniter\CodeIgniter->run()
CRITICAL - 2023-01-30 10:48:36 --> array_combine(): Argument #1 ($keys) and argument #2 ($values) must have the same number of elements
in APPPATH/Controllers/AdminController.php on line 264.
 1 APPPATH/Controllers/AdminController.php(264): array_combine([...], [...])
 2 SYSTEMPATH/CodeIgniter.php(927): App\Controllers\AdminController->myPosReportImport()
 3 SYSTEMPATH/CodeIgniter.php(482): CodeIgniter\CodeIgniter->runController(Object(App\Controllers\AdminController))
 4 SYSTEMPATH/CodeIgniter.php(351): CodeIgniter\CodeIgniter->handleRequest(null, Object(Config\Cache), false)
 5 FCPATH/index.php(67): CodeIgniter\CodeIgniter->run()
CRITICAL - 2023-01-30 11:10:27 --> Undefined variable $provizija
in APPPATH/Controllers/AdminController.php on line 546.
 1 APPPATH/Controllers/AdminController.php(546): CodeIgniter\Debug\Exceptions->errorHandler(2, 'Undefined variable $provizija', 'APPPATH/Controllers/AdminController.php', 546)
 2 SYSTEMPATH/CodeIgniter.php(927): App\Controllers\AdminController->obracun('202303')
 3 SYSTEMPATH/CodeIgniter.php(482): CodeIgniter\CodeIgniter->runController(Object(App\Controllers\AdminController))
 4 SYSTEMPATH/CodeIgniter.php(351): CodeIgniter\CodeIgniter->handleRequest(null, Object(Config\Cache), false)
 5 FCPATH/index.php(67): CodeIgniter\CodeIgniter->run()
CRITICAL - 2023-01-30 11:22:42 --> Undefined variable $-1906.92
in APPPATH/Controllers/AdminController.php on line 577.
 1 APPPATH/Controllers/AdminController.php(577): CodeIgniter\Debug\Exceptions->errorHandler(2, 'Undefined variable $-1906.92', 'APPPATH/Controllers/AdminController.php', 577)
 2 SYSTEMPATH/CodeIgniter.php(927): App\Controllers\AdminController->obracun('202303')
 3 SYSTEMPATH/CodeIgniter.php(482): CodeIgniter\CodeIgniter->runController(Object(App\Controllers\AdminController))
 4 SYSTEMPATH/CodeIgniter.php(351): CodeIgniter\CodeIgniter->handleRequest(null, Object(Config\Cache), false)
 5 FCPATH/index.php(67): CodeIgniter\CodeIgniter->run()
CRITICAL - 2023-01-30 11:24:19 --> A non-numeric value encountered
in APPPATH/Controllers/AdminController.php on line 541.
 1 APPPATH/Controllers/AdminController.php(541): CodeIgniter\Debug\Exceptions->errorHandler(2, 'A non-numeric value encountered', 'APPPATH/Controllers/AdminController.php', 541)
 2 SYSTEMPATH/CodeIgniter.php(927): App\Controllers\AdminController->obracun('202303')
 3 SYSTEMPATH/CodeIgniter.php(482): CodeIgniter\CodeIgniter->runController(Object(App\Controllers\AdminController))
 4 SYSTEMPATH/CodeIgniter.php(351): CodeIgniter\CodeIgniter->handleRequest(null, Object(Config\Cache), false)
 5 FCPATH/index.php(67): CodeIgniter\CodeIgniter->run()
CRITICAL - 2023-01-30 12:13:03 --> Undefined variable $referals
in APPPATH/Views/adminDashboard/obracun.php on line 78.
 1 APPPATH/Views/adminDashboard/obracun.php(78): CodeIgniter\Debug\Exceptions->errorHandler(2, 'Undefined variable $referals', 'APPPATH/Views/adminDashboard/obracun.php', 78)
 2 SYSTEMPATH/View/View.php(213): include('APPPATH/Views/adminDashboard/obracun.php')
 3 SYSTEMPATH/View/View.php(216): CodeIgniter\View\View->CodeIgniter\View\{closure}()
 4 SYSTEMPATH/Common.php(1134): CodeIgniter\View\View->render('adminDashboard/obracun', [], true)
 5 APPPATH/Controllers/AdminController.php(607): view('adminDashboard/obracun', [...])
 6 SYSTEMPATH/CodeIgniter.php(927): App\Controllers\AdminController->obracun('202303')
 7 SYSTEMPATH/CodeIgniter.php(482): CodeIgniter\CodeIgniter->runController(Object(App\Controllers\AdminController))
 8 SYSTEMPATH/CodeIgniter.php(351): CodeIgniter\CodeIgniter->handleRequest(null, Object(Config\Cache), false)
 9 FCPATH/index.php(67): CodeIgniter\CodeIgniter->run()
CRITICAL - 2023-01-30 12:18:51 --> Undefined array key "referals"
in APPPATH/Views/adminDashboard/obracun.php on line 79.
 1 APPPATH/Views/adminDashboard/obracun.php(79): CodeIgniter\Debug\Exceptions->errorHandler(2, 'Undefined array key "referals"', 'APPPATH/Views/adminDashboard/obracun.php', 79)
 2 SYSTEMPATH/View/View.php(213): include('APPPATH/Views/adminDashboard/obracun.php')
 3 SYSTEMPATH/View/View.php(216): CodeIgniter\View\View->CodeIgniter\View\{closure}()
 4 SYSTEMPATH/Common.php(1134): CodeIgniter\View\View->render('adminDashboard/obracun', [], true)
 5 APPPATH/Controllers/AdminController.php(607): view('adminDashboard/obracun', [...])
 6 SYSTEMPATH/CodeIgniter.php(927): App\Controllers\AdminController->obracun('202303')
 7 SYSTEMPATH/CodeIgniter.php(482): CodeIgniter\CodeIgniter->runController(Object(App\Controllers\AdminController))
 8 SYSTEMPATH/CodeIgniter.php(351): CodeIgniter\CodeIgniter->handleRequest(null, Object(Config\Cache), false)
 9 FCPATH/index.php(67): CodeIgniter\CodeIgniter->run()
CRITICAL - 2023-01-30 12:20:56 --> Undefined array key "referals"
in APPPATH/Views/adminDashboard/obracun.php on line 79.
 1 APPPATH/Views/adminDashboard/obracun.php(79): CodeIgniter\Debug\Exceptions->errorHandler(2, 'Undefined array key "referals"', 'APPPATH/Views/adminDashboard/obracun.php', 79)
 2 SYSTEMPATH/View/View.php(213): include('APPPATH/Views/adminDashboard/obracun.php')
 3 SYSTEMPATH/View/View.php(216): CodeIgniter\View\View->CodeIgniter\View\{closure}()
 4 SYSTEMPATH/Common.php(1134): CodeIgniter\View\View->render('adminDashboard/obracun', [], true)
 5 APPPATH/Controllers/AdminController.php(607): view('adminDashboard/obracun', [...])
 6 SYSTEMPATH/CodeIgniter.php(927): App\Controllers\AdminController->obracun('202303')
 7 SYSTEMPATH/CodeIgniter.php(482): CodeIgniter\CodeIgniter->runController(Object(App\Controllers\AdminController))
 8 SYSTEMPATH/CodeIgniter.php(351): CodeIgniter\CodeIgniter->handleRequest(null, Object(Config\Cache), false)
 9 FCPATH/index.php(67): CodeIgniter\CodeIgniter->run()
CRITICAL - 2023-01-30 12:20:57 --> Undefined array key "referals"
in APPPATH/Views/adminDashboard/obracun.php on line 79.
 1 APPPATH/Views/adminDashboard/obracun.php(79): CodeIgniter\Debug\Exceptions->errorHandler(2, 'Undefined array key "referals"', 'APPPATH/Views/adminDashboard/obracun.php', 79)
 2 SYSTEMPATH/View/View.php(213): include('APPPATH/Views/adminDashboard/obracun.php')
 3 SYSTEMPATH/View/View.php(216): CodeIgniter\View\View->CodeIgniter\View\{closure}()
 4 SYSTEMPATH/Common.php(1134): CodeIgniter\View\View->render('adminDashboard/obracun', [], true)
 5 APPPATH/Controllers/AdminController.php(607): view('adminDashboard/obracun', [...])
 6 SYSTEMPATH/CodeIgniter.php(927): App\Controllers\AdminController->obracun('202303')
 7 SYSTEMPATH/CodeIgniter.php(482): CodeIgniter\CodeIgniter->runController(Object(App\Controllers\AdminController))
 8 SYSTEMPATH/CodeIgniter.php(351): CodeIgniter\CodeIgniter->handleRequest(null, Object(Config\Cache), false)
 9 FCPATH/index.php(67): CodeIgniter\CodeIgniter->run()
CRITICAL - 2023-01-30 12:28:32 --> Undefined array key "referals"
in APPPATH/Views/adminDashboard/obracun.php on line 78.
 1 APPPATH/Views/adminDashboard/obracun.php(78): CodeIgniter\Debug\Exceptions->errorHandler(2, 'Undefined array key "referals"', 'APPPATH/Views/adminDashboard/obracun.php', 78)
 2 SYSTEMPATH/View/View.php(213): include('APPPATH/Views/adminDashboard/obracun.php')
 3 SYSTEMPATH/View/View.php(216): CodeIgniter\View\View->CodeIgniter\View\{closure}()
 4 SYSTEMPATH/Common.php(1134): CodeIgniter\View\View->render('adminDashboard/obracun', [], true)
 5 APPPATH/Controllers/AdminController.php(607): view('adminDashboard/obracun', [...])
 6 SYSTEMPATH/CodeIgniter.php(927): App\Controllers\AdminController->obracun('202303')
 7 SYSTEMPATH/CodeIgniter.php(482): CodeIgniter\CodeIgniter->runController(Object(App\Controllers\AdminController))
 8 SYSTEMPATH/CodeIgniter.php(351): CodeIgniter\CodeIgniter->handleRequest(null, Object(Config\Cache), false)
 9 FCPATH/index.php(67): CodeIgniter\CodeIgniter->run()
CRITICAL - 2023-01-30 12:29:10 --> Undefined array key "referal"
in APPPATH/Views/adminDashboard/obracun.php on line 78.
 1 APPPATH/Views/adminDashboard/obracun.php(78): CodeIgniter\Debug\Exceptions->errorHandler(2, 'Undefined array key "referal"', 'APPPATH/Views/adminDashboard/obracun.php', 78)
 2 SYSTEMPATH/View/View.php(213): include('APPPATH/Views/adminDashboard/obracun.php')
 3 SYSTEMPATH/View/View.php(216): CodeIgniter\View\View->CodeIgniter\View\{closure}()
 4 SYSTEMPATH/Common.php(1134): CodeIgniter\View\View->render('adminDashboard/obracun', [], true)
 5 APPPATH/Controllers/AdminController.php(607): view('adminDashboard/obracun', [...])
 6 SYSTEMPATH/CodeIgniter.php(927): App\Controllers\AdminController->obracun('202303')
 7 SYSTEMPATH/CodeIgniter.php(482): CodeIgniter\CodeIgniter->runController(Object(App\Controllers\AdminController))
 8 SYSTEMPATH/CodeIgniter.php(351): CodeIgniter\CodeIgniter->handleRequest(null, Object(Config\Cache), false)
 9 FCPATH/index.php(67): CodeIgniter\CodeIgniter->run()
CRITICAL - 2023-01-30 12:29:45 --> Undefined array key "referal"
in APPPATH/Views/adminDashboard/obracun.php on line 78.
 1 APPPATH/Views/adminDashboard/obracun.php(78): CodeIgniter\Debug\Exceptions->errorHandler(2, 'Undefined array key "referal"', 'APPPATH/Views/adminDashboard/obracun.php', 78)
 2 SYSTEMPATH/View/View.php(213): include('APPPATH/Views/adminDashboard/obracun.php')
 3 SYSTEMPATH/View/View.php(216): CodeIgniter\View\View->CodeIgniter\View\{closure}()
 4 SYSTEMPATH/Common.php(1134): CodeIgniter\View\View->render('adminDashboard/obracun', [], true)
 5 APPPATH/Controllers/AdminController.php(607): view('adminDashboard/obracun', [...])
 6 SYSTEMPATH/CodeIgniter.php(927): App\Controllers\AdminController->obracun('202303')
 7 SYSTEMPATH/CodeIgniter.php(482): CodeIgniter\CodeIgniter->runController(Object(App\Controllers\AdminController))
 8 SYSTEMPATH/CodeIgniter.php(351): CodeIgniter\CodeIgniter->handleRequest(null, Object(Config\Cache), false)
 9 FCPATH/index.php(67): CodeIgniter\CodeIgniter->run()
CRITICAL - 2023-01-30 12:29:46 --> Undefined array key "referal"
in APPPATH/Views/adminDashboard/obracun.php on line 78.
 1 APPPATH/Views/adminDashboard/obracun.php(78): CodeIgniter\Debug\Exceptions->errorHandler(2, 'Undefined array key "referal"', 'APPPATH/Views/adminDashboard/obracun.php', 78)
 2 SYSTEMPATH/View/View.php(213): include('APPPATH/Views/adminDashboard/obracun.php')
 3 SYSTEMPATH/View/View.php(216): CodeIgniter\View\View->CodeIgniter\View\{closure}()
 4 SYSTEMPATH/Common.php(1134): CodeIgniter\View\View->render('adminDashboard/obracun', [], true)
 5 APPPATH/Controllers/AdminController.php(607): view('adminDashboard/obracun', [...])
 6 SYSTEMPATH/CodeIgniter.php(927): App\Controllers\AdminController->obracun('202303')
 7 SYSTEMPATH/CodeIgniter.php(482): CodeIgniter\CodeIgniter->runController(Object(App\Controllers\AdminController))
 8 SYSTEMPATH/CodeIgniter.php(351): CodeIgniter\CodeIgniter->handleRequest(null, Object(Config\Cache), false)
 9 FCPATH/index.php(67): CodeIgniter\CodeIgniter->run()
CRITICAL - 2023-01-30 12:29:47 --> Undefined array key "referal"
in APPPATH/Views/adminDashboard/obracun.php on line 78.
 1 APPPATH/Views/adminDashboard/obracun.php(78): CodeIgniter\Debug\Exceptions->errorHandler(2, 'Undefined array key "referal"', 'APPPATH/Views/adminDashboard/obracun.php', 78)
 2 SYSTEMPATH/View/View.php(213): include('APPPATH/Views/adminDashboard/obracun.php')
 3 SYSTEMPATH/View/View.php(216): CodeIgniter\View\View->CodeIgniter\View\{closure}()
 4 SYSTEMPATH/Common.php(1134): CodeIgniter\View\View->render('adminDashboard/obracun', [], true)
 5 APPPATH/Controllers/AdminController.php(607): view('adminDashboard/obracun', [...])
 6 SYSTEMPATH/CodeIgniter.php(927): App\Controllers\AdminController->obracun('202303')
 7 SYSTEMPATH/CodeIgniter.php(482): CodeIgniter\CodeIgniter->runController(Object(App\Controllers\AdminController))
 8 SYSTEMPATH/CodeIgniter.php(351): CodeIgniter\CodeIgniter->handleRequest(null, Object(Config\Cache), false)
 9 FCPATH/index.php(67): CodeIgniter\CodeIgniter->run()
CRITICAL - 2023-01-30 12:29:56 --> Array to string conversion
in APPPATH/Views/adminDashboard/obracun.php on line 78.
 1 APPPATH/Views/adminDashboard/obracun.php(78): CodeIgniter\Debug\Exceptions->errorHandler(2, 'Array to string conversion', 'APPPATH/Views/adminDashboard/obracun.php', 78)
 2 SYSTEMPATH/View/View.php(213): include('APPPATH/Views/adminDashboard/obracun.php')
 3 SYSTEMPATH/View/View.php(216): CodeIgniter\View\View->CodeIgniter\View\{closure}()
 4 SYSTEMPATH/Common.php(1134): CodeIgniter\View\View->render('adminDashboard/obracun', [], true)
 5 APPPATH/Controllers/AdminController.php(607): view('adminDashboard/obracun', [...])
 6 SYSTEMPATH/CodeIgniter.php(927): App\Controllers\AdminController->obracun('202303')
 7 SYSTEMPATH/CodeIgniter.php(482): CodeIgniter\CodeIgniter->runController(Object(App\Controllers\AdminController))
 8 SYSTEMPATH/CodeIgniter.php(351): CodeIgniter\CodeIgniter->handleRequest(null, Object(Config\Cache), false)
 9 FCPATH/index.php(67): CodeIgniter\CodeIgniter->run()
CRITICAL - 2023-01-30 12:29:57 --> Array to string conversion
in APPPATH/Views/adminDashboard/obracun.php on line 78.
 1 APPPATH/Views/adminDashboard/obracun.php(78): CodeIgniter\Debug\Exceptions->errorHandler(2, 'Array to string conversion', 'APPPATH/Views/adminDashboard/obracun.php', 78)
 2 SYSTEMPATH/View/View.php(213): include('APPPATH/Views/adminDashboard/obracun.php')
 3 SYSTEMPATH/View/View.php(216): CodeIgniter\View\View->CodeIgniter\View\{closure}()
 4 SYSTEMPATH/Common.php(1134): CodeIgniter\View\View->render('adminDashboard/obracun', [], true)
 5 APPPATH/Controllers/AdminController.php(607): view('adminDashboard/obracun', [...])
 6 SYSTEMPATH/CodeIgniter.php(927): App\Controllers\AdminController->obracun('202303')
 7 SYSTEMPATH/CodeIgniter.php(482): CodeIgniter\CodeIgniter->runController(Object(App\Controllers\AdminController))
 8 SYSTEMPATH/CodeIgniter.php(351): CodeIgniter\CodeIgniter->handleRequest(null, Object(Config\Cache), false)
 9 FCPATH/index.php(67): CodeIgniter\CodeIgniter->run()
CRITICAL - 2023-01-30 12:29:57 --> Array to string conversion
in APPPATH/Views/adminDashboard/obracun.php on line 78.
 1 APPPATH/Views/adminDashboard/obracun.php(78): CodeIgniter\Debug\Exceptions->errorHandler(2, 'Array to string conversion', 'APPPATH/Views/adminDashboard/obracun.php', 78)
 2 SYSTEMPATH/View/View.php(213): include('APPPATH/Views/adminDashboard/obracun.php')
 3 SYSTEMPATH/View/View.php(216): CodeIgniter\View\View->CodeIgniter\View\{closure}()
 4 SYSTEMPATH/Common.php(1134): CodeIgniter\View\View->render('adminDashboard/obracun', [], true)
 5 APPPATH/Controllers/AdminController.php(607): view('adminDashboard/obracun', [...])
 6 SYSTEMPATH/CodeIgniter.php(927): App\Controllers\AdminController->obracun('202303')
 7 SYSTEMPATH/CodeIgniter.php(482): CodeIgniter\CodeIgniter->runController(Object(App\Controllers\AdminController))
 8 SYSTEMPATH/CodeIgniter.php(351): CodeIgniter\CodeIgniter->handleRequest(null, Object(Config\Cache), false)
 9 FCPATH/index.php(67): CodeIgniter\CodeIgniter->run()
CRITICAL - 2023-01-30 12:35:23 --> Undefined variable $obracunFirma
in APPPATH/Views/adminDashboard/obracun.php on line 121.
 1 APPPATH/Views/adminDashboard/obracun.php(121): CodeIgniter\Debug\Exceptions->errorHandler(2, 'Undefined variable $obracunFirma', 'APPPATH/Views/adminDashboard/obracun.php', 121)
 2 SYSTEMPATH/View/View.php(213): include('APPPATH/Views/adminDashboard/obracun.php')
 3 SYSTEMPATH/View/View.php(216): CodeIgniter\View\View->CodeIgniter\View\{closure}()
 4 SYSTEMPATH/Common.php(1134): CodeIgniter\View\View->render('adminDashboard/obracun', [], true)
 5 APPPATH/Controllers/AdminController.php(621): view('adminDashboard/obracun', [...])
 6 SYSTEMPATH/CodeIgniter.php(927): App\Controllers\AdminController->obracun()
 7 SYSTEMPATH/CodeIgniter.php(482): CodeIgniter\CodeIgniter->runController(Object(App\Controllers\AdminController))
 8 SYSTEMPATH/CodeIgniter.php(351): CodeIgniter\CodeIgniter->handleRequest(null, Object(Config\Cache), false)
 9 FCPATH/index.php(67): CodeIgniter\CodeIgniter->run()
CRITICAL - 2023-01-30 12:57:31 --> A non-numeric value encountered
in APPPATH/Views/adminDashboard/obracun.php on line 85.
 1 APPPATH/Views/adminDashboard/obracun.php(85): CodeIgniter\Debug\Exceptions->errorHandler(2, 'A non-numeric value encountered', 'APPPATH/Views/adminDashboard/obracun.php', 85)
 2 SYSTEMPATH/View/View.php(213): include('APPPATH/Views/adminDashboard/obracun.php')
 3 SYSTEMPATH/View/View.php(216): CodeIgniter\View\View->CodeIgniter\View\{closure}()
 4 SYSTEMPATH/Common.php(1134): CodeIgniter\View\View->render('adminDashboard/obracun', [], true)
 5 APPPATH/Controllers/AdminController.php(604): view('adminDashboard/obracun', [...])
 6 SYSTEMPATH/CodeIgniter.php(927): App\Controllers\AdminController->obracun('202304')
 7 SYSTEMPATH/CodeIgniter.php(482): CodeIgniter\CodeIgniter->runController(Object(App\Controllers\AdminController))
 8 SYSTEMPATH/CodeIgniter.php(351): CodeIgniter\CodeIgniter->handleRequest(null, Object(Config\Cache), false)
 9 FCPATH/index.php(67): CodeIgniter\CodeIgniter->run()
