ERROR - 2023-01-02 05:11:29 --> Error connecting to the database: mysqli_sql_exception: No such file or directory in /homepages/0/d941215561/htdocs/system/Database/MySQLi/Connection.php:171
Stack trace:
#0 /homepages/0/d941215561/htdocs/system/Database/MySQLi/Connection.php(171): mysqli->real_connect('localhost', '', '', '', 3306, '', 0)
#1 /homepages/0/d941215561/htdocs/system/Database/BaseConnection.php(382): CodeIgniter\Database\MySQLi\Connection->connect(false)
#2 /homepages/0/d941215561/htdocs/system/Database/BaseConnection.php(561): CodeIgniter\Database\BaseConnection->initialize()
#3 /homepages/0/d941215561/htdocs/system/Database/BaseBuilder.php(1585): CodeIgniter\Database\BaseConnection->query('SELECT 1\nFROM `...', Array, false)
#4 /homepages/0/d941215561/htdocs/system/Validation/Rules.php(142): CodeIgniter\Database\BaseBuilder->get()
#5 /homepages/0/d941215561/htdocs/system/Validation/Validation.php(315): CodeIgniter\Validation\Rules->is_unique('nikola.sagi@gma...', 'email', Array, NULL, 'email')
#6 /homepages/0/d941215561/htdocs/system/Validation/Validation.php(175): CodeIgniter\Validation\Validation->processRules('email', 'email', 'nikola.sagi@gma...', Array, Array)
#7 /homepages/0/d941215561/htdocs/system/Controller.php(140): CodeIgniter\Validation\Validation->run()
#8 /homepages/0/d941215561/htdocs/app/Controllers/SignupController.php(25): CodeIgniter\Controller->validate(Array)
#9 /homepages/0/d941215561/htdocs/system/CodeIgniter.php(927): App\Controllers\SignupController->store()
#10 /homepages/0/d941215561/htdocs/system/CodeIgniter.php(482): CodeIgniter\CodeIgniter->runController(Object(App\Controllers\SignupController))
#11 /homepages/0/d941215561/htdocs/system/CodeIgniter.php(351): CodeIgniter\CodeIgniter->handleRequest(NULL, Object(Config\Cache), false)
#12 /homepages/0/d941215561/htdocs/public/index.php(67): CodeIgniter\CodeIgniter->run()
#13 {main}

Next CodeIgniter\Database\Exceptions\DatabaseException: No such file or directory in /homepages/0/d941215561/htdocs/system/Database/MySQLi/Connection.php:215
Stack trace:
#0 /homepages/0/d941215561/htdocs/system/Database/BaseConnection.php(382): CodeIgniter\Database\MySQLi\Connection->connect(false)
#1 /homepages/0/d941215561/htdocs/system/Database/BaseConnection.php(561): CodeIgniter\Database\BaseConnection->initialize()
#2 /homepages/0/d941215561/htdocs/system/Database/BaseBuilder.php(1585): CodeIgniter\Database\BaseConnection->query('SELECT 1\nFROM `...', Array, false)
#3 /homepages/0/d941215561/htdocs/system/Validation/Rules.php(142): CodeIgniter\Database\BaseBuilder->get()
#4 /homepages/0/d941215561/htdocs/system/Validation/Validation.php(315): CodeIgniter\Validation\Rules->is_unique('nikola.sagi@gma...', 'email', Array, NULL, 'email')
#5 /homepages/0/d941215561/htdocs/system/Validation/Validation.php(175): CodeIgniter\Validation\Validation->processRules('email', 'email', 'nikola.sagi@gma...', Array, Array)
#6 /homepages/0/d941215561/htdocs/system/Controller.php(140): CodeIgniter\Validation\Validation->run()
#7 /homepages/0/d941215561/htdocs/app/Controllers/SignupController.php(25): CodeIgniter\Controller->validate(Array)
#8 /homepages/0/d941215561/htdocs/system/CodeIgniter.php(927): App\Controllers\SignupController->store()
#9 /homepages/0/d941215561/htdocs/system/CodeIgniter.php(482): CodeIgniter\CodeIgniter->runController(Object(App\Controllers\SignupController))
#10 /homepages/0/d941215561/htdocs/system/CodeIgniter.php(351): CodeIgniter\CodeIgniter->handleRequest(NULL, Object(Config\Cache), false)
#11 /homepages/0/d941215561/htdocs/public/index.php(67): CodeIgniter\CodeIgniter->run()
#12 {main}
CRITICAL - 2023-01-02 05:11:29 --> Unable to connect to the database.
Main connection [MySQLi]: No such file or directory
in SYSTEMPATH/Database/BaseConnection.php on line 418.
 1 SYSTEMPATH/Database/BaseConnection.php(561): CodeIgniter\Database\BaseConnection->initialize()
 2 SYSTEMPATH/Database/BaseBuilder.php(1585): CodeIgniter\Database\BaseConnection->query('SELECT 1
FROM `users`
WHERE `email` = :email:
 LIMIT 1', [...], false)
 3 SYSTEMPATH/Validation/Rules.php(142): CodeIgniter\Database\BaseBuilder->get()
 4 SYSTEMPATH/Validation/Validation.php(315): CodeIgniter\Validation\Rules->is_unique('nikola.sagi@gmail.com', 'email', [...], null, 'email')
 5 SYSTEMPATH/Validation/Validation.php(175): CodeIgniter\Validation\Validation->processRules('email', 'email', 'nikola.sagi@gmail.com', [...], [...])
 6 SYSTEMPATH/Controller.php(140): CodeIgniter\Validation\Validation->run()
 7 APPPATH/Controllers/SignupController.php(25): CodeIgniter\Controller->validate([...])
 8 SYSTEMPATH/CodeIgniter.php(927): App\Controllers\SignupController->store()
 9 SYSTEMPATH/CodeIgniter.php(482): CodeIgniter\CodeIgniter->runController(Object(App\Controllers\SignupController))
10 SYSTEMPATH/CodeIgniter.php(351): CodeIgniter\CodeIgniter->handleRequest(null, Object(Config\Cache), false)
11 FCPATH/index.php(67): CodeIgniter\CodeIgniter->run()
ERROR - 2023-01-02 05:13:15 --> Error connecting to the database: mysqli_sql_exception: Access denied for user 'dbu3774182'@'infong-eu419.clienthosting.eu' (using password: YES) in /homepages/0/d941215561/htdocs/system/Database/MySQLi/Connection.php:171
Stack trace:
#0 /homepages/0/d941215561/htdocs/system/Database/MySQLi/Connection.php(171): mysqli->real_connect('db5010865126.ho...', 'dbu3774182', 'DamoCb4i93G4', 'dbs9189261', 3306, '', 0)
#1 /homepages/0/d941215561/htdocs/system/Database/BaseConnection.php(382): CodeIgniter\Database\MySQLi\Connection->connect(false)
#2 /homepages/0/d941215561/htdocs/system/Database/BaseConnection.php(561): CodeIgniter\Database\BaseConnection->initialize()
#3 /homepages/0/d941215561/htdocs/system/Database/BaseBuilder.php(1585): CodeIgniter\Database\BaseConnection->query('SELECT 1\nFROM `...', Array, false)
#4 /homepages/0/d941215561/htdocs/system/Validation/Rules.php(142): CodeIgniter\Database\BaseBuilder->get()
#5 /homepages/0/d941215561/htdocs/system/Validation/Validation.php(315): CodeIgniter\Validation\Rules->is_unique('nikola.sagi@gma...', 'email', Array, NULL, 'email')
#6 /homepages/0/d941215561/htdocs/system/Validation/Validation.php(175): CodeIgniter\Validation\Validation->processRules('email', 'email', 'nikola.sagi@gma...', Array, Array)
#7 /homepages/0/d941215561/htdocs/system/Controller.php(140): CodeIgniter\Validation\Validation->run()
#8 /homepages/0/d941215561/htdocs/app/Controllers/SignupController.php(25): CodeIgniter\Controller->validate(Array)
#9 /homepages/0/d941215561/htdocs/system/CodeIgniter.php(927): App\Controllers\SignupController->store()
#10 /homepages/0/d941215561/htdocs/system/CodeIgniter.php(482): CodeIgniter\CodeIgniter->runController(Object(App\Controllers\SignupController))
#11 /homepages/0/d941215561/htdocs/system/CodeIgniter.php(351): CodeIgniter\CodeIgniter->handleRequest(NULL, Object(Config\Cache), false)
#12 /homepages/0/d941215561/htdocs/public/index.php(67): CodeIgniter\CodeIgniter->run()
#13 {main}

Next CodeIgniter\Database\Exceptions\DatabaseException: Access denied for user '****'@'infong-eu419.clienthosting.eu' (using password: YES) in /homepages/0/d941215561/htdocs/system/Database/MySQLi/Connection.php:215
Stack trace:
#0 /homepages/0/d941215561/htdocs/system/Database/BaseConnection.php(382): CodeIgniter\Database\MySQLi\Connection->connect(false)
#1 /homepages/0/d941215561/htdocs/system/Database/BaseConnection.php(561): CodeIgniter\Database\BaseConnection->initialize()
#2 /homepages/0/d941215561/htdocs/system/Database/BaseBuilder.php(1585): CodeIgniter\Database\BaseConnection->query('SELECT 1\nFROM `...', Array, false)
#3 /homepages/0/d941215561/htdocs/system/Validation/Rules.php(142): CodeIgniter\Database\BaseBuilder->get()
#4 /homepages/0/d941215561/htdocs/system/Validation/Validation.php(315): CodeIgniter\Validation\Rules->is_unique('nikola.sagi@gma...', 'email', Array, NULL, 'email')
#5 /homepages/0/d941215561/htdocs/system/Validation/Validation.php(175): CodeIgniter\Validation\Validation->processRules('email', 'email', 'nikola.sagi@gma...', Array, Array)
#6 /homepages/0/d941215561/htdocs/system/Controller.php(140): CodeIgniter\Validation\Validation->run()
#7 /homepages/0/d941215561/htdocs/app/Controllers/SignupController.php(25): CodeIgniter\Controller->validate(Array)
#8 /homepages/0/d941215561/htdocs/system/CodeIgniter.php(927): App\Controllers\SignupController->store()
#9 /homepages/0/d941215561/htdocs/system/CodeIgniter.php(482): CodeIgniter\CodeIgniter->runController(Object(App\Controllers\SignupController))
#10 /homepages/0/d941215561/htdocs/system/CodeIgniter.php(351): CodeIgniter\CodeIgniter->handleRequest(NULL, Object(Config\Cache), false)
#11 /homepages/0/d941215561/htdocs/public/index.php(67): CodeIgniter\CodeIgniter->run()
#12 {main}
CRITICAL - 2023-01-02 05:13:15 --> Unable to connect to the database.
Main connection [MySQLi]: Access denied for user '****'@'infong-eu419.clienthosting.eu' (using password: YES)
in SYSTEMPATH/Database/BaseConnection.php on line 418.
 1 SYSTEMPATH/Database/BaseConnection.php(561): CodeIgniter\Database\BaseConnection->initialize()
 2 SYSTEMPATH/Database/BaseBuilder.php(1585): CodeIgniter\Database\BaseConnection->query('SELECT 1
FROM `users`
WHERE `email` = :email:
 LIMIT 1', [...], false)
 3 SYSTEMPATH/Validation/Rules.php(142): CodeIgniter\Database\BaseBuilder->get()
 4 SYSTEMPATH/Validation/Validation.php(315): CodeIgniter\Validation\Rules->is_unique('nikola.sagi@gmail.com', 'email', [...], null, 'email')
 5 SYSTEMPATH/Validation/Validation.php(175): CodeIgniter\Validation\Validation->processRules('email', 'email', 'nikola.sagi@gmail.com', [...], [...])
 6 SYSTEMPATH/Controller.php(140): CodeIgniter\Validation\Validation->run()
 7 APPPATH/Controllers/SignupController.php(25): CodeIgniter\Controller->validate([...])
 8 SYSTEMPATH/CodeIgniter.php(927): App\Controllers\SignupController->store()
 9 SYSTEMPATH/CodeIgniter.php(482): CodeIgniter\CodeIgniter->runController(Object(App\Controllers\SignupController))
10 SYSTEMPATH/CodeIgniter.php(351): CodeIgniter\CodeIgniter->handleRequest(null, Object(Config\Cache), false)
11 FCPATH/index.php(67): CodeIgniter\CodeIgniter->run()
ERROR - 2023-01-02 05:13:33 --> Error connecting to the database: mysqli_sql_exception: Access denied for user 'dbu3774182'@'infong-eu419.clienthosting.eu' (using password: YES) in /homepages/0/d941215561/htdocs/system/Database/MySQLi/Connection.php:171
Stack trace:
#0 /homepages/0/d941215561/htdocs/system/Database/MySQLi/Connection.php(171): mysqli->real_connect('db5010865126.ho...', 'dbu3774182', 'Cb4i93G4', 'dbs9189261', 3306, '', 0)
#1 /homepages/0/d941215561/htdocs/system/Database/BaseConnection.php(382): CodeIgniter\Database\MySQLi\Connection->connect(false)
#2 /homepages/0/d941215561/htdocs/system/Database/BaseConnection.php(561): CodeIgniter\Database\BaseConnection->initialize()
#3 /homepages/0/d941215561/htdocs/system/Database/BaseBuilder.php(1585): CodeIgniter\Database\BaseConnection->query('SELECT 1\nFROM `...', Array, false)
#4 /homepages/0/d941215561/htdocs/system/Validation/Rules.php(142): CodeIgniter\Database\BaseBuilder->get()
#5 /homepages/0/d941215561/htdocs/system/Validation/Validation.php(315): CodeIgniter\Validation\Rules->is_unique('nikola.sagi@gma...', 'email', Array, NULL, 'email')
#6 /homepages/0/d941215561/htdocs/system/Validation/Validation.php(175): CodeIgniter\Validation\Validation->processRules('email', 'email', 'nikola.sagi@gma...', Array, Array)
#7 /homepages/0/d941215561/htdocs/system/Controller.php(140): CodeIgniter\Validation\Validation->run()
#8 /homepages/0/d941215561/htdocs/app/Controllers/SignupController.php(25): CodeIgniter\Controller->validate(Array)
#9 /homepages/0/d941215561/htdocs/system/CodeIgniter.php(927): App\Controllers\SignupController->store()
#10 /homepages/0/d941215561/htdocs/system/CodeIgniter.php(482): CodeIgniter\CodeIgniter->runController(Object(App\Controllers\SignupController))
#11 /homepages/0/d941215561/htdocs/system/CodeIgniter.php(351): CodeIgniter\CodeIgniter->handleRequest(NULL, Object(Config\Cache), false)
#12 /homepages/0/d941215561/htdocs/public/index.php(67): CodeIgniter\CodeIgniter->run()
#13 {main}

Next CodeIgniter\Database\Exceptions\DatabaseException: Access denied for user '****'@'infong-eu419.clienthosting.eu' (using password: YES) in /homepages/0/d941215561/htdocs/system/Database/MySQLi/Connection.php:215
Stack trace:
#0 /homepages/0/d941215561/htdocs/system/Database/BaseConnection.php(382): CodeIgniter\Database\MySQLi\Connection->connect(false)
#1 /homepages/0/d941215561/htdocs/system/Database/BaseConnection.php(561): CodeIgniter\Database\BaseConnection->initialize()
#2 /homepages/0/d941215561/htdocs/system/Database/BaseBuilder.php(1585): CodeIgniter\Database\BaseConnection->query('SELECT 1\nFROM `...', Array, false)
#3 /homepages/0/d941215561/htdocs/system/Validation/Rules.php(142): CodeIgniter\Database\BaseBuilder->get()
#4 /homepages/0/d941215561/htdocs/system/Validation/Validation.php(315): CodeIgniter\Validation\Rules->is_unique('nikola.sagi@gma...', 'email', Array, NULL, 'email')
#5 /homepages/0/d941215561/htdocs/system/Validation/Validation.php(175): CodeIgniter\Validation\Validation->processRules('email', 'email', 'nikola.sagi@gma...', Array, Array)
#6 /homepages/0/d941215561/htdocs/system/Controller.php(140): CodeIgniter\Validation\Validation->run()
#7 /homepages/0/d941215561/htdocs/app/Controllers/SignupController.php(25): CodeIgniter\Controller->validate(Array)
#8 /homepages/0/d941215561/htdocs/system/CodeIgniter.php(927): App\Controllers\SignupController->store()
#9 /homepages/0/d941215561/htdocs/system/CodeIgniter.php(482): CodeIgniter\CodeIgniter->runController(Object(App\Controllers\SignupController))
#10 /homepages/0/d941215561/htdocs/system/CodeIgniter.php(351): CodeIgniter\CodeIgniter->handleRequest(NULL, Object(Config\Cache), false)
#11 /homepages/0/d941215561/htdocs/public/index.php(67): CodeIgniter\CodeIgniter->run()
#12 {main}
CRITICAL - 2023-01-02 05:13:33 --> Unable to connect to the database.
Main connection [MySQLi]: Access denied for user '****'@'infong-eu419.clienthosting.eu' (using password: YES)
in SYSTEMPATH/Database/BaseConnection.php on line 418.
 1 SYSTEMPATH/Database/BaseConnection.php(561): CodeIgniter\Database\BaseConnection->initialize()
 2 SYSTEMPATH/Database/BaseBuilder.php(1585): CodeIgniter\Database\BaseConnection->query('SELECT 1
FROM `users`
WHERE `email` = :email:
 LIMIT 1', [...], false)
 3 SYSTEMPATH/Validation/Rules.php(142): CodeIgniter\Database\BaseBuilder->get()
 4 SYSTEMPATH/Validation/Validation.php(315): CodeIgniter\Validation\Rules->is_unique('nikola.sagi@gmail.com', 'email', [...], null, 'email')
 5 SYSTEMPATH/Validation/Validation.php(175): CodeIgniter\Validation\Validation->processRules('email', 'email', 'nikola.sagi@gmail.com', [...], [...])
 6 SYSTEMPATH/Controller.php(140): CodeIgniter\Validation\Validation->run()
 7 APPPATH/Controllers/SignupController.php(25): CodeIgniter\Controller->validate([...])
 8 SYSTEMPATH/CodeIgniter.php(927): App\Controllers\SignupController->store()
 9 SYSTEMPATH/CodeIgniter.php(482): CodeIgniter\CodeIgniter->runController(Object(App\Controllers\SignupController))
10 SYSTEMPATH/CodeIgniter.php(351): CodeIgniter\CodeIgniter->handleRequest(null, Object(Config\Cache), false)
11 FCPATH/index.php(67): CodeIgniter\CodeIgniter->run()
CRITICAL - 2023-01-02 10:36:52 --> view(): Argument #2 ($data) must be of type array, CodeIgniter\Session\Session given, called in /homepages/0/d941215561/htdocs/app/Controllers/ProfileController.php on line 13
in SYSTEMPATH/Common.php on line 1120.
 1 APPPATH/Controllers/ProfileController.php(13): view('admin', Object(CodeIgniter\Session\Session))
 2 SYSTEMPATH/CodeIgniter.php(927): App\Controllers\ProfileController->index()
 3 SYSTEMPATH/CodeIgniter.php(482): CodeIgniter\CodeIgniter->runController(Object(App\Controllers\ProfileController))
 4 SYSTEMPATH/CodeIgniter.php(351): CodeIgniter\CodeIgniter->handleRequest(null, Object(Config\Cache), false)
 5 FCPATH/index.php(67): CodeIgniter\CodeIgniter->run()
CRITICAL - 2023-01-02 10:37:42 --> Undefined variable $data
in APPPATH/Views/admin.php on line 11.
 1 APPPATH/Views/admin.php(11): CodeIgniter\Debug\Exceptions->errorHandler(2, 'Undefined variable $data', 'APPPATH/Views/admin.php', 11)
 2 SYSTEMPATH/View/View.php(213): include('APPPATH/Views/admin.php')
 3 SYSTEMPATH/View/View.php(216): CodeIgniter\View\View->CodeIgniter\View\{closure}()
 4 SYSTEMPATH/Common.php(1134): CodeIgniter\View\View->render('admin', [], true)
 5 APPPATH/Controllers/ProfileController.php(13): view('admin', [...])
 6 SYSTEMPATH/CodeIgniter.php(927): App\Controllers\ProfileController->index()
 7 SYSTEMPATH/CodeIgniter.php(482): CodeIgniter\CodeIgniter->runController(Object(App\Controllers\ProfileController))
 8 SYSTEMPATH/CodeIgniter.php(351): CodeIgniter\CodeIgniter->handleRequest(null, Object(Config\Cache), false)
 9 FCPATH/index.php(67): CodeIgniter\CodeIgniter->run()
CRITICAL - 2023-01-02 10:37:44 --> Undefined variable $data
in APPPATH/Views/admin.php on line 11.
 1 APPPATH/Views/admin.php(11): CodeIgniter\Debug\Exceptions->errorHandler(2, 'Undefined variable $data', 'APPPATH/Views/admin.php', 11)
 2 SYSTEMPATH/View/View.php(213): include('APPPATH/Views/admin.php')
 3 SYSTEMPATH/View/View.php(216): CodeIgniter\View\View->CodeIgniter\View\{closure}()
 4 SYSTEMPATH/Common.php(1134): CodeIgniter\View\View->render('admin', [], true)
 5 APPPATH/Controllers/ProfileController.php(13): view('admin', [...])
 6 SYSTEMPATH/CodeIgniter.php(927): App\Controllers\ProfileController->index()
 7 SYSTEMPATH/CodeIgniter.php(482): CodeIgniter\CodeIgniter->runController(Object(App\Controllers\ProfileController))
 8 SYSTEMPATH/CodeIgniter.php(351): CodeIgniter\CodeIgniter->handleRequest(null, Object(Config\Cache), false)
 9 FCPATH/index.php(67): CodeIgniter\CodeIgniter->run()
CRITICAL - 2023-01-02 10:38:18 --> Undefined variable $data
in APPPATH/Views/admin.php on line 11.
 1 APPPATH/Views/admin.php(11): CodeIgniter\Debug\Exceptions->errorHandler(2, 'Undefined variable $data', 'APPPATH/Views/admin.php', 11)
 2 SYSTEMPATH/View/View.php(213): include('APPPATH/Views/admin.php')
 3 SYSTEMPATH/View/View.php(216): CodeIgniter\View\View->CodeIgniter\View\{closure}()
 4 SYSTEMPATH/Common.php(1134): CodeIgniter\View\View->render('admin', [], true)
 5 APPPATH/Controllers/ProfileController.php(13): view('admin', [...])
 6 SYSTEMPATH/CodeIgniter.php(927): App\Controllers\ProfileController->index()
 7 SYSTEMPATH/CodeIgniter.php(482): CodeIgniter\CodeIgniter->runController(Object(App\Controllers\ProfileController))
 8 SYSTEMPATH/CodeIgniter.php(351): CodeIgniter\CodeIgniter->handleRequest(null, Object(Config\Cache), false)
 9 FCPATH/index.php(67): CodeIgniter\CodeIgniter->run()
CRITICAL - 2023-01-02 10:38:19 --> Undefined variable $data
in APPPATH/Views/admin.php on line 11.
 1 APPPATH/Views/admin.php(11): CodeIgniter\Debug\Exceptions->errorHandler(2, 'Undefined variable $data', 'APPPATH/Views/admin.php', 11)
 2 SYSTEMPATH/View/View.php(213): include('APPPATH/Views/admin.php')
 3 SYSTEMPATH/View/View.php(216): CodeIgniter\View\View->CodeIgniter\View\{closure}()
 4 SYSTEMPATH/Common.php(1134): CodeIgniter\View\View->render('admin', [], true)
 5 APPPATH/Controllers/ProfileController.php(13): view('admin', [...])
 6 SYSTEMPATH/CodeIgniter.php(927): App\Controllers\ProfileController->index()
 7 SYSTEMPATH/CodeIgniter.php(482): CodeIgniter\CodeIgniter->runController(Object(App\Controllers\ProfileController))
 8 SYSTEMPATH/CodeIgniter.php(351): CodeIgniter\CodeIgniter->handleRequest(null, Object(Config\Cache), false)
 9 FCPATH/index.php(67): CodeIgniter\CodeIgniter->run()
CRITICAL - 2023-01-02 10:38:29 --> Undefined variable $data
in APPPATH/Views/admin.php on line 11.
 1 APPPATH/Views/admin.php(11): CodeIgniter\Debug\Exceptions->errorHandler(2, 'Undefined variable $data', 'APPPATH/Views/admin.php', 11)
 2 SYSTEMPATH/View/View.php(213): include('APPPATH/Views/admin.php')
 3 SYSTEMPATH/View/View.php(216): CodeIgniter\View\View->CodeIgniter\View\{closure}()
 4 SYSTEMPATH/Common.php(1134): CodeIgniter\View\View->render('admin', [], true)
 5 APPPATH/Controllers/ProfileController.php(13): view('admin', [...])
 6 SYSTEMPATH/CodeIgniter.php(927): App\Controllers\ProfileController->index()
 7 SYSTEMPATH/CodeIgniter.php(482): CodeIgniter\CodeIgniter->runController(Object(App\Controllers\ProfileController))
 8 SYSTEMPATH/CodeIgniter.php(351): CodeIgniter\CodeIgniter->handleRequest(null, Object(Config\Cache), false)
 9 FCPATH/index.php(67): CodeIgniter\CodeIgniter->run()
CRITICAL - 2023-01-02 10:38:30 --> Undefined variable $data
in APPPATH/Views/admin.php on line 11.
 1 APPPATH/Views/admin.php(11): CodeIgniter\Debug\Exceptions->errorHandler(2, 'Undefined variable $data', 'APPPATH/Views/admin.php', 11)
 2 SYSTEMPATH/View/View.php(213): include('APPPATH/Views/admin.php')
 3 SYSTEMPATH/View/View.php(216): CodeIgniter\View\View->CodeIgniter\View\{closure}()
 4 SYSTEMPATH/Common.php(1134): CodeIgniter\View\View->render('admin', [], true)
 5 APPPATH/Controllers/ProfileController.php(13): view('admin', [...])
 6 SYSTEMPATH/CodeIgniter.php(927): App\Controllers\ProfileController->index()
 7 SYSTEMPATH/CodeIgniter.php(482): CodeIgniter\CodeIgniter->runController(Object(App\Controllers\ProfileController))
 8 SYSTEMPATH/CodeIgniter.php(351): CodeIgniter\CodeIgniter->handleRequest(null, Object(Config\Cache), false)
 9 FCPATH/index.php(67): CodeIgniter\CodeIgniter->run()
CRITICAL - 2023-01-02 10:38:55 --> syntax error, unexpected variable "$data"
in APPPATH/Views/admin.php on line 11.
 1 SYSTEMPATH/View/View.php(216): CodeIgniter\View\View->CodeIgniter\View\{closure}()
 2 SYSTEMPATH/Common.php(1134): CodeIgniter\View\View->render('admin', [], true)
 3 APPPATH/Controllers/ProfileController.php(13): view('admin', [...])
 4 SYSTEMPATH/CodeIgniter.php(927): App\Controllers\ProfileController->index()
 5 SYSTEMPATH/CodeIgniter.php(482): CodeIgniter\CodeIgniter->runController(Object(App\Controllers\ProfileController))
 6 SYSTEMPATH/CodeIgniter.php(351): CodeIgniter\CodeIgniter->handleRequest(null, Object(Config\Cache), false)
 7 FCPATH/index.php(67): CodeIgniter\CodeIgniter->run()
CRITICAL - 2023-01-02 10:39:11 --> syntax error, unexpected variable "$name"
in APPPATH/Views/admin.php on line 11.
 1 SYSTEMPATH/View/View.php(216): CodeIgniter\View\View->CodeIgniter\View\{closure}()
 2 SYSTEMPATH/Common.php(1134): CodeIgniter\View\View->render('admin', [], true)
 3 APPPATH/Controllers/ProfileController.php(13): view('admin', [...])
 4 SYSTEMPATH/CodeIgniter.php(927): App\Controllers\ProfileController->index()
 5 SYSTEMPATH/CodeIgniter.php(482): CodeIgniter\CodeIgniter->runController(Object(App\Controllers\ProfileController))
 6 SYSTEMPATH/CodeIgniter.php(351): CodeIgniter\CodeIgniter->handleRequest(null, Object(Config\Cache), false)
 7 FCPATH/index.php(67): CodeIgniter\CodeIgniter->run()
CRITICAL - 2023-01-02 10:39:35 --> Undefined variable $name
in APPPATH/Views/admin.php on line 11.
 1 APPPATH/Views/admin.php(11): CodeIgniter\Debug\Exceptions->errorHandler(2, 'Undefined variable $name', 'APPPATH/Views/admin.php', 11)
 2 SYSTEMPATH/View/View.php(213): include('APPPATH/Views/admin.php')
 3 SYSTEMPATH/View/View.php(216): CodeIgniter\View\View->CodeIgniter\View\{closure}()
 4 SYSTEMPATH/Common.php(1134): CodeIgniter\View\View->render('admin', [], true)
 5 APPPATH/Controllers/ProfileController.php(13): view('admin', [...])
 6 SYSTEMPATH/CodeIgniter.php(927): App\Controllers\ProfileController->index()
 7 SYSTEMPATH/CodeIgniter.php(482): CodeIgniter\CodeIgniter->runController(Object(App\Controllers\ProfileController))
 8 SYSTEMPATH/CodeIgniter.php(351): CodeIgniter\CodeIgniter->handleRequest(null, Object(Config\Cache), false)
 9 FCPATH/index.php(67): CodeIgniter\CodeIgniter->run()
CRITICAL - 2023-01-02 10:39:36 --> Undefined variable $name
in APPPATH/Views/admin.php on line 11.
 1 APPPATH/Views/admin.php(11): CodeIgniter\Debug\Exceptions->errorHandler(2, 'Undefined variable $name', 'APPPATH/Views/admin.php', 11)
 2 SYSTEMPATH/View/View.php(213): include('APPPATH/Views/admin.php')
 3 SYSTEMPATH/View/View.php(216): CodeIgniter\View\View->CodeIgniter\View\{closure}()
 4 SYSTEMPATH/Common.php(1134): CodeIgniter\View\View->render('admin', [], true)
 5 APPPATH/Controllers/ProfileController.php(13): view('admin', [...])
 6 SYSTEMPATH/CodeIgniter.php(927): App\Controllers\ProfileController->index()
 7 SYSTEMPATH/CodeIgniter.php(482): CodeIgniter\CodeIgniter->runController(Object(App\Controllers\ProfileController))
 8 SYSTEMPATH/CodeIgniter.php(351): CodeIgniter\CodeIgniter->handleRequest(null, Object(Config\Cache), false)
 9 FCPATH/index.php(67): CodeIgniter\CodeIgniter->run()
CRITICAL - 2023-01-02 10:39:43 --> Undefined variable $data
in APPPATH/Views/admin.php on line 11.
 1 APPPATH/Views/admin.php(11): CodeIgniter\Debug\Exceptions->errorHandler(2, 'Undefined variable $data', 'APPPATH/Views/admin.php', 11)
 2 SYSTEMPATH/View/View.php(213): include('APPPATH/Views/admin.php')
 3 SYSTEMPATH/View/View.php(216): CodeIgniter\View\View->CodeIgniter\View\{closure}()
 4 SYSTEMPATH/Common.php(1134): CodeIgniter\View\View->render('admin', [], true)
 5 APPPATH/Controllers/ProfileController.php(13): view('admin', [...])
 6 SYSTEMPATH/CodeIgniter.php(927): App\Controllers\ProfileController->index()
 7 SYSTEMPATH/CodeIgniter.php(482): CodeIgniter\CodeIgniter->runController(Object(App\Controllers\ProfileController))
 8 SYSTEMPATH/CodeIgniter.php(351): CodeIgniter\CodeIgniter->handleRequest(null, Object(Config\Cache), false)
 9 FCPATH/index.php(67): CodeIgniter\CodeIgniter->run()
CRITICAL - 2023-01-02 10:39:44 --> Undefined variable $data
in APPPATH/Views/admin.php on line 11.
 1 APPPATH/Views/admin.php(11): CodeIgniter\Debug\Exceptions->errorHandler(2, 'Undefined variable $data', 'APPPATH/Views/admin.php', 11)
 2 SYSTEMPATH/View/View.php(213): include('APPPATH/Views/admin.php')
 3 SYSTEMPATH/View/View.php(216): CodeIgniter\View\View->CodeIgniter\View\{closure}()
 4 SYSTEMPATH/Common.php(1134): CodeIgniter\View\View->render('admin', [], true)
 5 APPPATH/Controllers/ProfileController.php(13): view('admin', [...])
 6 SYSTEMPATH/CodeIgniter.php(927): App\Controllers\ProfileController->index()
 7 SYSTEMPATH/CodeIgniter.php(482): CodeIgniter\CodeIgniter->runController(Object(App\Controllers\ProfileController))
 8 SYSTEMPATH/CodeIgniter.php(351): CodeIgniter\CodeIgniter->handleRequest(null, Object(Config\Cache), false)
 9 FCPATH/index.php(67): CodeIgniter\CodeIgniter->run()
CRITICAL - 2023-01-02 10:39:45 --> Undefined variable $data
in APPPATH/Views/admin.php on line 11.
 1 APPPATH/Views/admin.php(11): CodeIgniter\Debug\Exceptions->errorHandler(2, 'Undefined variable $data', 'APPPATH/Views/admin.php', 11)
 2 SYSTEMPATH/View/View.php(213): include('APPPATH/Views/admin.php')
 3 SYSTEMPATH/View/View.php(216): CodeIgniter\View\View->CodeIgniter\View\{closure}()
 4 SYSTEMPATH/Common.php(1134): CodeIgniter\View\View->render('admin', [], true)
 5 APPPATH/Controllers/ProfileController.php(13): view('admin', [...])
 6 SYSTEMPATH/CodeIgniter.php(927): App\Controllers\ProfileController->index()
 7 SYSTEMPATH/CodeIgniter.php(482): CodeIgniter\CodeIgniter->runController(Object(App\Controllers\ProfileController))
 8 SYSTEMPATH/CodeIgniter.php(351): CodeIgniter\CodeIgniter->handleRequest(null, Object(Config\Cache), false)
 9 FCPATH/index.php(67): CodeIgniter\CodeIgniter->run()
CRITICAL - 2023-01-02 10:39:45 --> Undefined variable $data
in APPPATH/Views/admin.php on line 11.
 1 APPPATH/Views/admin.php(11): CodeIgniter\Debug\Exceptions->errorHandler(2, 'Undefined variable $data', 'APPPATH/Views/admin.php', 11)
 2 SYSTEMPATH/View/View.php(213): include('APPPATH/Views/admin.php')
 3 SYSTEMPATH/View/View.php(216): CodeIgniter\View\View->CodeIgniter\View\{closure}()
 4 SYSTEMPATH/Common.php(1134): CodeIgniter\View\View->render('admin', [], true)
 5 APPPATH/Controllers/ProfileController.php(13): view('admin', [...])
 6 SYSTEMPATH/CodeIgniter.php(927): App\Controllers\ProfileController->index()
 7 SYSTEMPATH/CodeIgniter.php(482): CodeIgniter\CodeIgniter->runController(Object(App\Controllers\ProfileController))
 8 SYSTEMPATH/CodeIgniter.php(351): CodeIgniter\CodeIgniter->handleRequest(null, Object(Config\Cache), false)
 9 FCPATH/index.php(67): CodeIgniter\CodeIgniter->run()
CRITICAL - 2023-01-02 14:22:01 --> Undefined variable $data
in APPPATH/Views/admin.php on line 11.
 1 APPPATH/Views/admin.php(11): CodeIgniter\Debug\Exceptions->errorHandler(2, 'Undefined variable $data', 'APPPATH/Views/admin.php', 11)
 2 SYSTEMPATH/View/View.php(213): include('APPPATH/Views/admin.php')
 3 SYSTEMPATH/View/View.php(216): CodeIgniter\View\View->CodeIgniter\View\{closure}()
 4 SYSTEMPATH/Common.php(1134): CodeIgniter\View\View->render('admin', [], true)
 5 APPPATH/Controllers/ProfileController.php(13): view('admin', [...])
 6 SYSTEMPATH/CodeIgniter.php(927): App\Controllers\ProfileController->index()
 7 SYSTEMPATH/CodeIgniter.php(482): CodeIgniter\CodeIgniter->runController(Object(App\Controllers\ProfileController))
 8 SYSTEMPATH/CodeIgniter.php(351): CodeIgniter\CodeIgniter->handleRequest(null, Object(Config\Cache), false)
 9 FCPATH/index.php(67): CodeIgniter\CodeIgniter->run()
CRITICAL - 2023-01-02 14:24:04 --> view(): Argument #2 ($data) must be of type array, CodeIgniter\Session\Session given, called in /homepages/0/d941215561/htdocs/app/Controllers/ProfileController.php on line 13
in SYSTEMPATH/Common.php on line 1120.
 1 APPPATH/Controllers/ProfileController.php(13): view('admin', Object(CodeIgniter\Session\Session))
 2 SYSTEMPATH/CodeIgniter.php(927): App\Controllers\ProfileController->index()
 3 SYSTEMPATH/CodeIgniter.php(482): CodeIgniter\CodeIgniter->runController(Object(App\Controllers\ProfileController))
 4 SYSTEMPATH/CodeIgniter.php(351): CodeIgniter\CodeIgniter->handleRequest(null, Object(Config\Cache), false)
 5 FCPATH/index.php(67): CodeIgniter\CodeIgniter->run()
CRITICAL - 2023-01-02 14:24:06 --> view(): Argument #2 ($data) must be of type array, CodeIgniter\Session\Session given, called in /homepages/0/d941215561/htdocs/app/Controllers/ProfileController.php on line 13
in SYSTEMPATH/Common.php on line 1120.
 1 APPPATH/Controllers/ProfileController.php(13): view('admin', Object(CodeIgniter\Session\Session))
 2 SYSTEMPATH/CodeIgniter.php(927): App\Controllers\ProfileController->index()
 3 SYSTEMPATH/CodeIgniter.php(482): CodeIgniter\CodeIgniter->runController(Object(App\Controllers\ProfileController))
 4 SYSTEMPATH/CodeIgniter.php(351): CodeIgniter\CodeIgniter->handleRequest(null, Object(Config\Cache), false)
 5 FCPATH/index.php(67): CodeIgniter\CodeIgniter->run()
CRITICAL - 2023-01-02 14:25:54 --> syntax error, unexpected variable "$role"
in APPPATH/Controllers/ProfileController.php on line 11.
 1 SYSTEMPATH/Autoloader/Autoloader.php(259): CodeIgniter\Autoloader\Autoloader->includeFile('APPPATH/Controllers/ProfileController.php')
 2 SYSTEMPATH/Autoloader/Autoloader.php(237): CodeIgniter\Autoloader\Autoloader->loadInNamespace('App\\Controllers\\ProfileController')
 3 [internal function]: CodeIgniter\Autoloader\Autoloader->loadClass('App\\Controllers\\ProfileController')
 4 SYSTEMPATH/CodeIgniter.php(877): class_exists('\\App\\Controllers\\ProfileController', true)
 5 SYSTEMPATH/CodeIgniter.php(469): CodeIgniter\CodeIgniter->startController()
 6 SYSTEMPATH/CodeIgniter.php(351): CodeIgniter\CodeIgniter->handleRequest(null, Object(Config\Cache), false)
 7 FCPATH/index.php(67): CodeIgniter\CodeIgniter->run()
CRITICAL - 2023-01-02 14:25:57 --> syntax error, unexpected variable "$role"
in APPPATH/Controllers/ProfileController.php on line 11.
 1 SYSTEMPATH/Autoloader/Autoloader.php(259): CodeIgniter\Autoloader\Autoloader->includeFile('APPPATH/Controllers/ProfileController.php')
 2 SYSTEMPATH/Autoloader/Autoloader.php(237): CodeIgniter\Autoloader\Autoloader->loadInNamespace('App\\Controllers\\ProfileController')
 3 [internal function]: CodeIgniter\Autoloader\Autoloader->loadClass('App\\Controllers\\ProfileController')
 4 SYSTEMPATH/CodeIgniter.php(877): class_exists('\\App\\Controllers\\ProfileController', true)
 5 SYSTEMPATH/CodeIgniter.php(469): CodeIgniter\CodeIgniter->startController()
 6 SYSTEMPATH/CodeIgniter.php(351): CodeIgniter\CodeIgniter->handleRequest(null, Object(Config\Cache), false)
 7 FCPATH/index.php(67): CodeIgniter\CodeIgniter->run()
CRITICAL - 2023-01-02 14:26:23 --> Undefined property: App\Controllers\ProfileController::$session
in APPPATH/Controllers/ProfileController.php on line 10.
 1 APPPATH/Controllers/ProfileController.php(10): CodeIgniter\Debug\Exceptions->errorHandler(2, 'Undefined property: App\\Controllers\\ProfileController::$session', 'APPPATH/Controllers/ProfileController.php', 10)
 2 SYSTEMPATH/CodeIgniter.php(927): App\Controllers\ProfileController->index()
 3 SYSTEMPATH/CodeIgniter.php(482): CodeIgniter\CodeIgniter->runController(Object(App\Controllers\ProfileController))
 4 SYSTEMPATH/CodeIgniter.php(351): CodeIgniter\CodeIgniter->handleRequest(null, Object(Config\Cache), false)
 5 FCPATH/index.php(67): CodeIgniter\CodeIgniter->run()
CRITICAL - 2023-01-02 14:27:10 --> view(): Argument #2 ($data) must be of type array, CodeIgniter\Session\Session given, called in /homepages/0/d941215561/htdocs/app/Controllers/ProfileController.php on line 13
in SYSTEMPATH/Common.php on line 1120.
 1 APPPATH/Controllers/ProfileController.php(13): view('admin', Object(CodeIgniter\Session\Session))
 2 SYSTEMPATH/CodeIgniter.php(927): App\Controllers\ProfileController->index()
 3 SYSTEMPATH/CodeIgniter.php(482): CodeIgniter\CodeIgniter->runController(Object(App\Controllers\ProfileController))
 4 SYSTEMPATH/CodeIgniter.php(351): CodeIgniter\CodeIgniter->handleRequest(null, Object(Config\Cache), false)
 5 FCPATH/index.php(67): CodeIgniter\CodeIgniter->run()
CRITICAL - 2023-01-02 14:28:04 --> Undefined variable $data
in APPPATH/Views/admin.php on line 11.
 1 APPPATH/Views/admin.php(11): CodeIgniter\Debug\Exceptions->errorHandler(2, 'Undefined variable $data', 'APPPATH/Views/admin.php', 11)
 2 SYSTEMPATH/View/View.php(213): include('APPPATH/Views/admin.php')
 3 SYSTEMPATH/View/View.php(216): CodeIgniter\View\View->CodeIgniter\View\{closure}()
 4 SYSTEMPATH/Common.php(1134): CodeIgniter\View\View->render('admin', [], true)
 5 APPPATH/Controllers/ProfileController.php(13): view('admin', [...])
 6 SYSTEMPATH/CodeIgniter.php(927): App\Controllers\ProfileController->index()
 7 SYSTEMPATH/CodeIgniter.php(482): CodeIgniter\CodeIgniter->runController(Object(App\Controllers\ProfileController))
 8 SYSTEMPATH/CodeIgniter.php(351): CodeIgniter\CodeIgniter->handleRequest(null, Object(Config\Cache), false)
 9 FCPATH/index.php(67): CodeIgniter\CodeIgniter->run()
CRITICAL - 2023-01-02 14:35:38 --> Invalid file: adminDashboard/admin.php
in SYSTEMPATH/Exceptions/FrameworkException.php on line 33.
 1 SYSTEMPATH/View/View.php(201): CodeIgniter\Exceptions\FrameworkException::forInvalidFile('adminDashboard/admin.php')
 2 SYSTEMPATH/Common.php(1134): CodeIgniter\View\View->render('adminDashboard/admin', [], true)
 3 APPPATH/Controllers/ProfileController.php(13): view('adminDashboard/admin', [...])
 4 SYSTEMPATH/CodeIgniter.php(927): App\Controllers\ProfileController->index()
 5 SYSTEMPATH/CodeIgniter.php(482): CodeIgniter\CodeIgniter->runController(Object(App\Controllers\ProfileController))
 6 SYSTEMPATH/CodeIgniter.php(351): CodeIgniter\CodeIgniter->handleRequest(null, Object(Config\Cache), false)
 7 FCPATH/index.php(67): CodeIgniter\CodeIgniter->run()
CRITICAL - 2023-01-02 15:18:42 --> Undefined property: App\Controllers\ProfileController::$session
in APPPATH/Controllers/ProfileController.php on line 23.
 1 APPPATH/Controllers/ProfileController.php(23): CodeIgniter\Debug\Exceptions->errorHandler(2, 'Undefined property: App\\Controllers\\ProfileController::$session', 'APPPATH/Controllers/ProfileController.php', 23)
 2 SYSTEMPATH/CodeIgniter.php(927): App\Controllers\ProfileController->logout()
 3 SYSTEMPATH/CodeIgniter.php(482): CodeIgniter\CodeIgniter->runController(Object(App\Controllers\ProfileController))
 4 SYSTEMPATH/CodeIgniter.php(351): CodeIgniter\CodeIgniter->handleRequest(null, Object(Config\Cache), false)
 5 FCPATH/index.php(67): CodeIgniter\CodeIgniter->run()
CRITICAL - 2023-01-02 15:19:46 --> Undefined property: App\Controllers\ProfileController::$session
in APPPATH/Controllers/ProfileController.php on line 23.
 1 APPPATH/Controllers/ProfileController.php(23): CodeIgniter\Debug\Exceptions->errorHandler(2, 'Undefined property: App\\Controllers\\ProfileController::$session', 'APPPATH/Controllers/ProfileController.php', 23)
 2 SYSTEMPATH/CodeIgniter.php(927): App\Controllers\ProfileController->logout()
 3 SYSTEMPATH/CodeIgniter.php(482): CodeIgniter\CodeIgniter->runController(Object(App\Controllers\ProfileController))
 4 SYSTEMPATH/CodeIgniter.php(351): CodeIgniter\CodeIgniter->handleRequest(null, Object(Config\Cache), false)
 5 FCPATH/index.php(67): CodeIgniter\CodeIgniter->run()
CRITICAL - 2023-01-02 15:25:11 --> Undefined variable $session
in APPPATH/Controllers/ProfileController.php on line 23.
 1 APPPATH/Controllers/ProfileController.php(23): CodeIgniter\Debug\Exceptions->errorHandler(2, 'Undefined variable $session', 'APPPATH/Controllers/ProfileController.php', 23)
 2 SYSTEMPATH/CodeIgniter.php(927): App\Controllers\ProfileController->logout()
 3 SYSTEMPATH/CodeIgniter.php(482): CodeIgniter\CodeIgniter->runController(Object(App\Controllers\ProfileController))
 4 SYSTEMPATH/CodeIgniter.php(351): CodeIgniter\CodeIgniter->handleRequest(null, Object(Config\Cache), false)
 5 FCPATH/index.php(67): CodeIgniter\CodeIgniter->run()
CRITICAL - 2023-01-02 15:25:12 --> Undefined variable $session
in APPPATH/Controllers/ProfileController.php on line 23.
 1 APPPATH/Controllers/ProfileController.php(23): CodeIgniter\Debug\Exceptions->errorHandler(2, 'Undefined variable $session', 'APPPATH/Controllers/ProfileController.php', 23)
 2 SYSTEMPATH/CodeIgniter.php(927): App\Controllers\ProfileController->logout()
 3 SYSTEMPATH/CodeIgniter.php(482): CodeIgniter\CodeIgniter->runController(Object(App\Controllers\ProfileController))
 4 SYSTEMPATH/CodeIgniter.php(351): CodeIgniter\CodeIgniter->handleRequest(null, Object(Config\Cache), false)
 5 FCPATH/index.php(67): CodeIgniter\CodeIgniter->run()
CRITICAL - 2023-01-02 15:25:35 --> Too few arguments to function CodeIgniter\Session\Session::remove(), 0 passed in /homepages/0/d941215561/htdocs/app/Controllers/ProfileController.php on line 24 and exactly 1 expected
in SYSTEMPATH/Session/Session.php on line 546.
 1 APPPATH/Controllers/ProfileController.php(24): CodeIgniter\Session\Session->remove()
 2 SYSTEMPATH/CodeIgniter.php(927): App\Controllers\ProfileController->logout()
 3 SYSTEMPATH/CodeIgniter.php(482): CodeIgniter\CodeIgniter->runController(Object(App\Controllers\ProfileController))
 4 SYSTEMPATH/CodeIgniter.php(351): CodeIgniter\CodeIgniter->handleRequest(null, Object(Config\Cache), false)
 5 FCPATH/index.php(67): CodeIgniter\CodeIgniter->run()
CRITICAL - 2023-01-02 15:27:20 --> session_destroy(): Trying to destroy uninitialized session
in APPPATH/Controllers/ProfileController.php on line 23.
 1 [internal function]: CodeIgniter\Debug\Exceptions->errorHandler(2, 'session_destroy(): Trying to destroy uninitialized session', 'APPPATH/Controllers/ProfileController.php', 23)
 2 APPPATH/Controllers/ProfileController.php(23): session_destroy()
 3 SYSTEMPATH/CodeIgniter.php(927): App\Controllers\ProfileController->logout()
 4 SYSTEMPATH/CodeIgniter.php(482): CodeIgniter\CodeIgniter->runController(Object(App\Controllers\ProfileController))
 5 SYSTEMPATH/CodeIgniter.php(351): CodeIgniter\CodeIgniter->handleRequest(null, Object(Config\Cache), false)
 6 FCPATH/index.php(67): CodeIgniter\CodeIgniter->run()
CRITICAL - 2023-01-02 15:28:28 --> The route for "index.php/home" cannot be found.
in SYSTEMPATH/HTTP/RedirectResponse.php on line 60.
 1 SYSTEMPATH/HTTP/RedirectResponse.php(60): CodeIgniter\HTTP\Exceptions\HTTPException::forInvalidRedirectRoute('index.php/home')
 2 SYSTEMPATH/Common.php(860): CodeIgniter\HTTP\RedirectResponse->route(false)
 3 APPPATH/Controllers/ProfileController.php(25): redirect('index.php/home')
 4 SYSTEMPATH/CodeIgniter.php(927): App\Controllers\ProfileController->logout()
 5 SYSTEMPATH/CodeIgniter.php(482): CodeIgniter\CodeIgniter->runController(Object(App\Controllers\ProfileController))
 6 SYSTEMPATH/CodeIgniter.php(351): CodeIgniter\CodeIgniter->handleRequest(null, Object(Config\Cache), false)
 7 FCPATH/index.php(67): CodeIgniter\CodeIgniter->run()
CRITICAL - 2023-01-02 15:30:48 --> Call to undefined function App\Controllers\view˙()
in APPPATH/Controllers/ProfileController.php on line 16.
 1 SYSTEMPATH/CodeIgniter.php(927): App\Controllers\ProfileController->index()
 2 SYSTEMPATH/CodeIgniter.php(482): CodeIgniter\CodeIgniter->runController(Object(App\Controllers\ProfileController))
 3 SYSTEMPATH/CodeIgniter.php(351): CodeIgniter\CodeIgniter->handleRequest(null, Object(Config\Cache), false)
 4 FCPATH/index.php(67): CodeIgniter\CodeIgniter->run()
CRITICAL - 2023-01-02 15:37:32 --> The route for "https://premium-rides.com" cannot be found.
in SYSTEMPATH/HTTP/RedirectResponse.php on line 60.
 1 SYSTEMPATH/HTTP/RedirectResponse.php(60): CodeIgniter\HTTP\Exceptions\HTTPException::forInvalidRedirectRoute('https://premium-rides.com')
 2 SYSTEMPATH/Common.php(860): CodeIgniter\HTTP\RedirectResponse->route(false)
 3 APPPATH/Controllers/ProfileController.php(25): redirect('https://premium-rides.com')
 4 SYSTEMPATH/CodeIgniter.php(927): App\Controllers\ProfileController->logout()
 5 SYSTEMPATH/CodeIgniter.php(482): CodeIgniter\CodeIgniter->runController(Object(App\Controllers\ProfileController))
 6 SYSTEMPATH/CodeIgniter.php(351): CodeIgniter\CodeIgniter->handleRequest(null, Object(Config\Cache), false)
 7 FCPATH/index.php(67): CodeIgniter\CodeIgniter->run()
CRITICAL - 2023-01-02 15:39:17 --> Undefined constant "App\Controllers\signin"
in APPPATH/Controllers/ProfileController.php on line 25.
 1 SYSTEMPATH/CodeIgniter.php(927): App\Controllers\ProfileController->logout()
 2 SYSTEMPATH/CodeIgniter.php(482): CodeIgniter\CodeIgniter->runController(Object(App\Controllers\ProfileController))
 3 SYSTEMPATH/CodeIgniter.php(351): CodeIgniter\CodeIgniter->handleRequest(null, Object(Config\Cache), false)
 4 FCPATH/index.php(67): CodeIgniter\CodeIgniter->run()
CRITICAL - 2023-01-02 15:39:18 --> Undefined constant "App\Controllers\signin"
in APPPATH/Controllers/ProfileController.php on line 25.
 1 SYSTEMPATH/CodeIgniter.php(927): App\Controllers\ProfileController->logout()
 2 SYSTEMPATH/CodeIgniter.php(482): CodeIgniter\CodeIgniter->runController(Object(App\Controllers\ProfileController))
 3 SYSTEMPATH/CodeIgniter.php(351): CodeIgniter\CodeIgniter->handleRequest(null, Object(Config\Cache), false)
 4 FCPATH/index.php(67): CodeIgniter\CodeIgniter->run()
CRITICAL - 2023-01-02 15:40:11 --> Undefined constant "App\Controllers\home"
in APPPATH/Controllers/ProfileController.php on line 25.
 1 SYSTEMPATH/CodeIgniter.php(927): App\Controllers\ProfileController->logout()
 2 SYSTEMPATH/CodeIgniter.php(482): CodeIgniter\CodeIgniter->runController(Object(App\Controllers\ProfileController))
 3 SYSTEMPATH/CodeIgniter.php(351): CodeIgniter\CodeIgniter->handleRequest(null, Object(Config\Cache), false)
 4 FCPATH/index.php(67): CodeIgniter\CodeIgniter->run()
CRITICAL - 2023-01-02 15:40:12 --> Undefined constant "App\Controllers\home"
in APPPATH/Controllers/ProfileController.php on line 25.
 1 SYSTEMPATH/CodeIgniter.php(927): App\Controllers\ProfileController->logout()
 2 SYSTEMPATH/CodeIgniter.php(482): CodeIgniter\CodeIgniter->runController(Object(App\Controllers\ProfileController))
 3 SYSTEMPATH/CodeIgniter.php(351): CodeIgniter\CodeIgniter->handleRequest(null, Object(Config\Cache), false)
 4 FCPATH/index.php(67): CodeIgniter\CodeIgniter->run()
CRITICAL - 2023-01-02 15:40:55 --> The route for "index.php/home" cannot be found.
in SYSTEMPATH/HTTP/RedirectResponse.php on line 60.
 1 SYSTEMPATH/HTTP/RedirectResponse.php(60): CodeIgniter\HTTP\Exceptions\HTTPException::forInvalidRedirectRoute('index.php/home')
 2 SYSTEMPATH/Common.php(860): CodeIgniter\HTTP\RedirectResponse->route(false)
 3 APPPATH/Controllers/ProfileController.php(25): redirect('index.php/home')
 4 SYSTEMPATH/CodeIgniter.php(927): App\Controllers\ProfileController->logout()
 5 SYSTEMPATH/CodeIgniter.php(482): CodeIgniter\CodeIgniter->runController(Object(App\Controllers\ProfileController))
 6 SYSTEMPATH/CodeIgniter.php(351): CodeIgniter\CodeIgniter->handleRequest(null, Object(Config\Cache), false)
 7 FCPATH/index.php(67): CodeIgniter\CodeIgniter->run()
CRITICAL - 2023-01-02 15:42:50 --> The route for "https://premium-rides.com" cannot be found.
in SYSTEMPATH/HTTP/RedirectResponse.php on line 60.
 1 SYSTEMPATH/HTTP/RedirectResponse.php(60): CodeIgniter\HTTP\Exceptions\HTTPException::forInvalidRedirectRoute('https://premium-rides.com')
 2 SYSTEMPATH/Common.php(860): CodeIgniter\HTTP\RedirectResponse->route(false)
 3 APPPATH/Controllers/ProfileController.php(25): redirect('https://premium-rides.com')
 4 SYSTEMPATH/CodeIgniter.php(927): App\Controllers\ProfileController->logout()
 5 SYSTEMPATH/CodeIgniter.php(482): CodeIgniter\CodeIgniter->runController(Object(App\Controllers\ProfileController))
 6 SYSTEMPATH/CodeIgniter.php(351): CodeIgniter\CodeIgniter->handleRequest(null, Object(Config\Cache), false)
 7 FCPATH/index.php(67): CodeIgniter\CodeIgniter->run()
CRITICAL - 2023-01-02 15:42:52 --> The route for "https://premium-rides.com" cannot be found.
in SYSTEMPATH/HTTP/RedirectResponse.php on line 60.
 1 SYSTEMPATH/HTTP/RedirectResponse.php(60): CodeIgniter\HTTP\Exceptions\HTTPException::forInvalidRedirectRoute('https://premium-rides.com')
 2 SYSTEMPATH/Common.php(860): CodeIgniter\HTTP\RedirectResponse->route(false)
 3 APPPATH/Controllers/ProfileController.php(25): redirect('https://premium-rides.com')
 4 SYSTEMPATH/CodeIgniter.php(927): App\Controllers\ProfileController->logout()
 5 SYSTEMPATH/CodeIgniter.php(482): CodeIgniter\CodeIgniter->runController(Object(App\Controllers\ProfileController))
 6 SYSTEMPATH/CodeIgniter.php(351): CodeIgniter\CodeIgniter->handleRequest(null, Object(Config\Cache), false)
 7 FCPATH/index.php(67): CodeIgniter\CodeIgniter->run()
CRITICAL - 2023-01-02 16:06:56 --> CodeIgniter\HTTP\RedirectResponse::to(): Argument #2 ($code) must be of type ?int, array given, called in /homepages/0/d941215561/htdocs/app/Controllers/ProfileController.php on line 13
in SYSTEMPATH/HTTP/RedirectResponse.php on line 32.
 1 APPPATH/Controllers/ProfileController.php(13): CodeIgniter\HTTP\RedirectResponse->to('AdminController', [...])
 2 SYSTEMPATH/CodeIgniter.php(927): App\Controllers\ProfileController->index()
 3 SYSTEMPATH/CodeIgniter.php(482): CodeIgniter\CodeIgniter->runController(Object(App\Controllers\ProfileController))
 4 SYSTEMPATH/CodeIgniter.php(351): CodeIgniter\CodeIgniter->handleRequest(null, Object(Config\Cache), false)
 5 FCPATH/index.php(67): CodeIgniter\CodeIgniter->run()
