CRITICAL - 2023-01-09 12:17:19 --> Undefined array key 11
in APPPATH/Controllers/AdminController.php on line 57.
 1 APPPATH/Controllers/AdminController.php(57): CodeIgniter\Debug\Exceptions->errorHandler(2, 'Undefined array key 11', 'APPPATH/Controllers/AdminController.php', 57)
 2 SYSTEMPATH/CodeIgniter.php(927): App\Controllers\AdminController->uberReportImport()
 3 SYSTEMPATH/CodeIgniter.php(482): CodeIgniter\CodeIgniter->runController(Object(App\Controllers\AdminController))
 4 SYSTEMPATH/CodeIgniter.php(351): CodeIgniter\CodeIgniter->handleRequest(null, Object(Config\Cache), false)
 5 FCPATH/index.php(67): CodeIgniter\CodeIgniter->run()
CRITICAL - 2023-01-09 12:25:43 --> Illegal offset type
in APPPATH/Controllers/AdminController.php on line 41.
 1 [internal function]: CodeIgniter\Debug\Exceptions->shutdownHandler()
CRITICAL - 2023-01-09 12:44:06 --> Undefined array key 11
in APPPATH/Controllers/AdminController.php on line 57.
 1 APPPATH/Controllers/AdminController.php(57): CodeIgniter\Debug\Exceptions->errorHandler(2, 'Undefined array key 11', 'APPPATH/Controllers/AdminController.php', 57)
 2 SYSTEMPATH/CodeIgniter.php(927): App\Controllers\AdminController->uberReportImport()
 3 SYSTEMPATH/CodeIgniter.php(482): CodeIgniter\CodeIgniter->runController(Object(App\Controllers\AdminController))
 4 SYSTEMPATH/CodeIgniter.php(351): CodeIgniter\CodeIgniter->handleRequest(null, Object(Config\Cache), false)
 5 FCPATH/index.php(67): CodeIgniter\CodeIgniter->run()
CRITICAL - 2023-01-09 12:52:16 --> Undefined array key 11
in APPPATH/Controllers/AdminController.php on line 57.
 1 APPPATH/Controllers/AdminController.php(57): CodeIgniter\Debug\Exceptions->errorHandler(2, 'Undefined array key 11', 'APPPATH/Controllers/AdminController.php', 57)
 2 SYSTEMPATH/CodeIgniter.php(927): App\Controllers\AdminController->uberReportImport()
 3 SYSTEMPATH/CodeIgniter.php(482): CodeIgniter\CodeIgniter->runController(Object(App\Controllers\AdminController))
 4 SYSTEMPATH/CodeIgniter.php(351): CodeIgniter\CodeIgniter->handleRequest(null, Object(Config\Cache), false)
 5 FCPATH/index.php(67): CodeIgniter\CodeIgniter->run()
CRITICAL - 2023-01-09 13:13:33 --> array_map(): Argument #2 ($array) must be of type array, resource given
in APPPATH/Controllers/AdminController.php on line 39.
 1 APPPATH/Controllers/AdminController.php(39): array_map('str_getcsv', resource (stream))
 2 SYSTEMPATH/CodeIgniter.php(927): App\Controllers\AdminController->uberReportImport()
 3 SYSTEMPATH/CodeIgniter.php(482): CodeIgniter\CodeIgniter->runController(Object(App\Controllers\AdminController))
 4 SYSTEMPATH/CodeIgniter.php(351): CodeIgniter\CodeIgniter->handleRequest(null, Object(Config\Cache), false)
 5 FCPATH/index.php(67): CodeIgniter\CodeIgniter->run()
CRITICAL - 2023-01-09 13:29:48 --> Undefined variable $value
in APPPATH/Views/adminDashboard/importUber.php on line 46.
 1 APPPATH/Views/adminDashboard/importUber.php(46): CodeIgniter\Debug\Exceptions->errorHandler(2, 'Undefined variable $value', 'APPPATH/Views/adminDashboard/importUber.php', 46)
 2 SYSTEMPATH/View/View.php(213): include('APPPATH/Views/adminDashboard/importUber.php')
 3 SYSTEMPATH/View/View.php(216): CodeIgniter\View\View->CodeIgniter\View\{closure}()
 4 SYSTEMPATH/Common.php(1134): CodeIgniter\View\View->render('adminDashboard/importUber', [], true)
 5 APPPATH/Controllers/AdminController.php(66): view('adminDashboard/importUber', [...])
 6 SYSTEMPATH/CodeIgniter.php(927): App\Controllers\AdminController->uberReportImport()
 7 SYSTEMPATH/CodeIgniter.php(482): CodeIgniter\CodeIgniter->runController(Object(App\Controllers\AdminController))
 8 SYSTEMPATH/CodeIgniter.php(351): CodeIgniter\CodeIgniter->handleRequest(null, Object(Config\Cache), false)
 9 FCPATH/index.php(67): CodeIgniter\CodeIgniter->run()
CRITICAL - 2023-01-09 13:30:07 --> Undefined variable $data
in APPPATH/Views/adminDashboard/importUber.php on line 46.
 1 APPPATH/Views/adminDashboard/importUber.php(46): CodeIgniter\Debug\Exceptions->errorHandler(2, 'Undefined variable $data', 'APPPATH/Views/adminDashboard/importUber.php', 46)
 2 SYSTEMPATH/View/View.php(213): include('APPPATH/Views/adminDashboard/importUber.php')
 3 SYSTEMPATH/View/View.php(216): CodeIgniter\View\View->CodeIgniter\View\{closure}()
 4 SYSTEMPATH/Common.php(1134): CodeIgniter\View\View->render('adminDashboard/importUber', [], true)
 5 APPPATH/Controllers/AdminController.php(66): view('adminDashboard/importUber', [...])
 6 SYSTEMPATH/CodeIgniter.php(927): App\Controllers\AdminController->uberReportImport()
 7 SYSTEMPATH/CodeIgniter.php(482): CodeIgniter\CodeIgniter->runController(Object(App\Controllers\AdminController))
 8 SYSTEMPATH/CodeIgniter.php(351): CodeIgniter\CodeIgniter->handleRequest(null, Object(Config\Cache), false)
 9 FCPATH/index.php(67): CodeIgniter\CodeIgniter->run()
CRITICAL - 2023-01-09 13:33:21 --> Undefined variable $data
in APPPATH/Views/adminDashboard/importUber.php on line 46.
 1 APPPATH/Views/adminDashboard/importUber.php(46): CodeIgniter\Debug\Exceptions->errorHandler(2, 'Undefined variable $data', 'APPPATH/Views/adminDashboard/importUber.php', 46)
 2 SYSTEMPATH/View/View.php(213): include('APPPATH/Views/adminDashboard/importUber.php')
 3 SYSTEMPATH/View/View.php(216): CodeIgniter\View\View->CodeIgniter\View\{closure}()
 4 SYSTEMPATH/Common.php(1134): CodeIgniter\View\View->render('adminDashboard/importUber', [], true)
 5 APPPATH/Controllers/AdminController.php(66): view('adminDashboard/importUber', [...])
 6 SYSTEMPATH/CodeIgniter.php(927): App\Controllers\AdminController->uberReportImport()
 7 SYSTEMPATH/CodeIgniter.php(482): CodeIgniter\CodeIgniter->runController(Object(App\Controllers\AdminController))
 8 SYSTEMPATH/CodeIgniter.php(351): CodeIgniter\CodeIgniter->handleRequest(null, Object(Config\Cache), false)
 9 FCPATH/index.php(67): CodeIgniter\CodeIgniter->run()
CRITICAL - 2023-01-09 13:34:59 --> Undefined variable $data
in APPPATH/Views/adminDashboard/importUber.php on line 46.
 1 APPPATH/Views/adminDashboard/importUber.php(46): CodeIgniter\Debug\Exceptions->errorHandler(2, 'Undefined variable $data', 'APPPATH/Views/adminDashboard/importUber.php', 46)
 2 SYSTEMPATH/View/View.php(213): include('APPPATH/Views/adminDashboard/importUber.php')
 3 SYSTEMPATH/View/View.php(216): CodeIgniter\View\View->CodeIgniter\View\{closure}()
 4 SYSTEMPATH/Common.php(1134): CodeIgniter\View\View->render('adminDashboard/importUber', [], true)
 5 APPPATH/Controllers/AdminController.php(20): view('adminDashboard/importUber')
 6 SYSTEMPATH/CodeIgniter.php(927): App\Controllers\AdminController->uberImport()
 7 SYSTEMPATH/CodeIgniter.php(482): CodeIgniter\CodeIgniter->runController(Object(App\Controllers\AdminController))
 8 SYSTEMPATH/CodeIgniter.php(351): CodeIgniter\CodeIgniter->handleRequest(null, Object(Config\Cache), false)
 9 FCPATH/index.php(67): CodeIgniter\CodeIgniter->run()
CRITICAL - 2023-01-09 13:35:00 --> Undefined variable $data
in APPPATH/Views/adminDashboard/importUber.php on line 46.
 1 APPPATH/Views/adminDashboard/importUber.php(46): CodeIgniter\Debug\Exceptions->errorHandler(2, 'Undefined variable $data', 'APPPATH/Views/adminDashboard/importUber.php', 46)
 2 SYSTEMPATH/View/View.php(213): include('APPPATH/Views/adminDashboard/importUber.php')
 3 SYSTEMPATH/View/View.php(216): CodeIgniter\View\View->CodeIgniter\View\{closure}()
 4 SYSTEMPATH/Common.php(1134): CodeIgniter\View\View->render('adminDashboard/importUber', [], true)
 5 APPPATH/Controllers/AdminController.php(20): view('adminDashboard/importUber')
 6 SYSTEMPATH/CodeIgniter.php(927): App\Controllers\AdminController->uberImport()
 7 SYSTEMPATH/CodeIgniter.php(482): CodeIgniter\CodeIgniter->runController(Object(App\Controllers\AdminController))
 8 SYSTEMPATH/CodeIgniter.php(351): CodeIgniter\CodeIgniter->handleRequest(null, Object(Config\Cache), false)
 9 FCPATH/index.php(67): CodeIgniter\CodeIgniter->run()
CRITICAL - 2023-01-09 13:35:01 --> Undefined variable $data
in APPPATH/Views/adminDashboard/importUber.php on line 46.
 1 APPPATH/Views/adminDashboard/importUber.php(46): CodeIgniter\Debug\Exceptions->errorHandler(2, 'Undefined variable $data', 'APPPATH/Views/adminDashboard/importUber.php', 46)
 2 SYSTEMPATH/View/View.php(213): include('APPPATH/Views/adminDashboard/importUber.php')
 3 SYSTEMPATH/View/View.php(216): CodeIgniter\View\View->CodeIgniter\View\{closure}()
 4 SYSTEMPATH/Common.php(1134): CodeIgniter\View\View->render('adminDashboard/importUber', [], true)
 5 APPPATH/Controllers/AdminController.php(20): view('adminDashboard/importUber')
 6 SYSTEMPATH/CodeIgniter.php(927): App\Controllers\AdminController->uberImport()
 7 SYSTEMPATH/CodeIgniter.php(482): CodeIgniter\CodeIgniter->runController(Object(App\Controllers\AdminController))
 8 SYSTEMPATH/CodeIgniter.php(351): CodeIgniter\CodeIgniter->handleRequest(null, Object(Config\Cache), false)
 9 FCPATH/index.php(67): CodeIgniter\CodeIgniter->run()
CRITICAL - 2023-01-09 13:35:02 --> Undefined variable $data
in APPPATH/Views/adminDashboard/importUber.php on line 46.
 1 APPPATH/Views/adminDashboard/importUber.php(46): CodeIgniter\Debug\Exceptions->errorHandler(2, 'Undefined variable $data', 'APPPATH/Views/adminDashboard/importUber.php', 46)
 2 SYSTEMPATH/View/View.php(213): include('APPPATH/Views/adminDashboard/importUber.php')
 3 SYSTEMPATH/View/View.php(216): CodeIgniter\View\View->CodeIgniter\View\{closure}()
 4 SYSTEMPATH/Common.php(1134): CodeIgniter\View\View->render('adminDashboard/importUber', [], true)
 5 APPPATH/Controllers/AdminController.php(20): view('adminDashboard/importUber')
 6 SYSTEMPATH/CodeIgniter.php(927): App\Controllers\AdminController->uberImport()
 7 SYSTEMPATH/CodeIgniter.php(482): CodeIgniter\CodeIgniter->runController(Object(App\Controllers\AdminController))
 8 SYSTEMPATH/CodeIgniter.php(351): CodeIgniter\CodeIgniter->handleRequest(null, Object(Config\Cache), false)
 9 FCPATH/index.php(67): CodeIgniter\CodeIgniter->run()
CRITICAL - 2023-01-09 13:35:04 --> Undefined variable $data
in APPPATH/Views/adminDashboard/importUber.php on line 46.
 1 APPPATH/Views/adminDashboard/importUber.php(46): CodeIgniter\Debug\Exceptions->errorHandler(2, 'Undefined variable $data', 'APPPATH/Views/adminDashboard/importUber.php', 46)
 2 SYSTEMPATH/View/View.php(213): include('APPPATH/Views/adminDashboard/importUber.php')
 3 SYSTEMPATH/View/View.php(216): CodeIgniter\View\View->CodeIgniter\View\{closure}()
 4 SYSTEMPATH/Common.php(1134): CodeIgniter\View\View->render('adminDashboard/importUber', [], true)
 5 APPPATH/Controllers/AdminController.php(20): view('adminDashboard/importUber')
 6 SYSTEMPATH/CodeIgniter.php(927): App\Controllers\AdminController->uberImport()
 7 SYSTEMPATH/CodeIgniter.php(482): CodeIgniter\CodeIgniter->runController(Object(App\Controllers\AdminController))
 8 SYSTEMPATH/CodeIgniter.php(351): CodeIgniter\CodeIgniter->handleRequest(null, Object(Config\Cache), false)
 9 FCPATH/index.php(67): CodeIgniter\CodeIgniter->run()
CRITICAL - 2023-01-09 13:35:10 --> Undefined variable $data
in APPPATH/Views/adminDashboard/importUber.php on line 46.
 1 APPPATH/Views/adminDashboard/importUber.php(46): CodeIgniter\Debug\Exceptions->errorHandler(2, 'Undefined variable $data', 'APPPATH/Views/adminDashboard/importUber.php', 46)
 2 SYSTEMPATH/View/View.php(213): include('APPPATH/Views/adminDashboard/importUber.php')
 3 SYSTEMPATH/View/View.php(216): CodeIgniter\View\View->CodeIgniter\View\{closure}()
 4 SYSTEMPATH/Common.php(1134): CodeIgniter\View\View->render('adminDashboard/importUber', [], true)
 5 APPPATH/Controllers/AdminController.php(20): view('adminDashboard/importUber')
 6 SYSTEMPATH/CodeIgniter.php(927): App\Controllers\AdminController->uberImport()
 7 SYSTEMPATH/CodeIgniter.php(482): CodeIgniter\CodeIgniter->runController(Object(App\Controllers\AdminController))
 8 SYSTEMPATH/CodeIgniter.php(351): CodeIgniter\CodeIgniter->handleRequest(null, Object(Config\Cache), false)
 9 FCPATH/index.php(67): CodeIgniter\CodeIgniter->run()
CRITICAL - 2023-01-09 13:35:11 --> Undefined variable $data
in APPPATH/Views/adminDashboard/importUber.php on line 46.
 1 APPPATH/Views/adminDashboard/importUber.php(46): CodeIgniter\Debug\Exceptions->errorHandler(2, 'Undefined variable $data', 'APPPATH/Views/adminDashboard/importUber.php', 46)
 2 SYSTEMPATH/View/View.php(213): include('APPPATH/Views/adminDashboard/importUber.php')
 3 SYSTEMPATH/View/View.php(216): CodeIgniter\View\View->CodeIgniter\View\{closure}()
 4 SYSTEMPATH/Common.php(1134): CodeIgniter\View\View->render('adminDashboard/importUber', [], true)
 5 APPPATH/Controllers/AdminController.php(20): view('adminDashboard/importUber')
 6 SYSTEMPATH/CodeIgniter.php(927): App\Controllers\AdminController->uberImport()
 7 SYSTEMPATH/CodeIgniter.php(482): CodeIgniter\CodeIgniter->runController(Object(App\Controllers\AdminController))
 8 SYSTEMPATH/CodeIgniter.php(351): CodeIgniter\CodeIgniter->handleRequest(null, Object(Config\Cache), false)
 9 FCPATH/index.php(67): CodeIgniter\CodeIgniter->run()
CRITICAL - 2023-01-09 13:35:11 --> Undefined variable $data
in APPPATH/Views/adminDashboard/importUber.php on line 46.
 1 APPPATH/Views/adminDashboard/importUber.php(46): CodeIgniter\Debug\Exceptions->errorHandler(2, 'Undefined variable $data', 'APPPATH/Views/adminDashboard/importUber.php', 46)
 2 SYSTEMPATH/View/View.php(213): include('APPPATH/Views/adminDashboard/importUber.php')
 3 SYSTEMPATH/View/View.php(216): CodeIgniter\View\View->CodeIgniter\View\{closure}()
 4 SYSTEMPATH/Common.php(1134): CodeIgniter\View\View->render('adminDashboard/importUber', [], true)
 5 APPPATH/Controllers/AdminController.php(20): view('adminDashboard/importUber')
 6 SYSTEMPATH/CodeIgniter.php(927): App\Controllers\AdminController->uberImport()
 7 SYSTEMPATH/CodeIgniter.php(482): CodeIgniter\CodeIgniter->runController(Object(App\Controllers\AdminController))
 8 SYSTEMPATH/CodeIgniter.php(351): CodeIgniter\CodeIgniter->handleRequest(null, Object(Config\Cache), false)
 9 FCPATH/index.php(67): CodeIgniter\CodeIgniter->run()
CRITICAL - 2023-01-09 13:35:16 --> Undefined variable $data
in APPPATH/Views/adminDashboard/importUber.php on line 46.
 1 APPPATH/Views/adminDashboard/importUber.php(46): CodeIgniter\Debug\Exceptions->errorHandler(2, 'Undefined variable $data', 'APPPATH/Views/adminDashboard/importUber.php', 46)
 2 SYSTEMPATH/View/View.php(213): include('APPPATH/Views/adminDashboard/importUber.php')
 3 SYSTEMPATH/View/View.php(216): CodeIgniter\View\View->CodeIgniter\View\{closure}()
 4 SYSTEMPATH/Common.php(1134): CodeIgniter\View\View->render('adminDashboard/importUber', [], true)
 5 APPPATH/Controllers/AdminController.php(67): view('adminDashboard/importUber', [...])
 6 SYSTEMPATH/CodeIgniter.php(927): App\Controllers\AdminController->uberReportImport()
 7 SYSTEMPATH/CodeIgniter.php(482): CodeIgniter\CodeIgniter->runController(Object(App\Controllers\AdminController))
 8 SYSTEMPATH/CodeIgniter.php(351): CodeIgniter\CodeIgniter->handleRequest(null, Object(Config\Cache), false)
 9 FCPATH/index.php(67): CodeIgniter\CodeIgniter->run()
CRITICAL - 2023-01-09 13:39:28 --> Undefined variable $value
in APPPATH/Views/adminDashboard/importUber.php on line 46.
 1 APPPATH/Views/adminDashboard/importUber.php(46): CodeIgniter\Debug\Exceptions->errorHandler(2, 'Undefined variable $value', 'APPPATH/Views/adminDashboard/importUber.php', 46)
 2 SYSTEMPATH/View/View.php(213): include('APPPATH/Views/adminDashboard/importUber.php')
 3 SYSTEMPATH/View/View.php(216): CodeIgniter\View\View->CodeIgniter\View\{closure}()
 4 SYSTEMPATH/Common.php(1134): CodeIgniter\View\View->render('adminDashboard/importUber', [], true)
 5 APPPATH/Controllers/AdminController.php(67): view('adminDashboard/importUber', [...])
 6 SYSTEMPATH/CodeIgniter.php(927): App\Controllers\AdminController->uberReportImport()
 7 SYSTEMPATH/CodeIgniter.php(482): CodeIgniter\CodeIgniter->runController(Object(App\Controllers\AdminController))
 8 SYSTEMPATH/CodeIgniter.php(351): CodeIgniter\CodeIgniter->handleRequest(null, Object(Config\Cache), false)
 9 FCPATH/index.php(67): CodeIgniter\CodeIgniter->run()
CRITICAL - 2023-01-09 13:42:09 --> Cannot use [] for reading
in APPPATH/Views/adminDashboard/importUber.php on line 46.
 1 [internal function]: CodeIgniter\Debug\Exceptions->shutdownHandler()
CRITICAL - 2023-01-09 13:42:39 --> Undefined variable $value
in APPPATH/Views/adminDashboard/importUber.php on line 46.
 1 APPPATH/Views/adminDashboard/importUber.php(46): CodeIgniter\Debug\Exceptions->errorHandler(2, 'Undefined variable $value', 'APPPATH/Views/adminDashboard/importUber.php', 46)
 2 SYSTEMPATH/View/View.php(213): include('APPPATH/Views/adminDashboard/importUber.php')
 3 SYSTEMPATH/View/View.php(216): CodeIgniter\View\View->CodeIgniter\View\{closure}()
 4 SYSTEMPATH/Common.php(1134): CodeIgniter\View\View->render('adminDashboard/importUber', [], true)
 5 APPPATH/Controllers/AdminController.php(67): view('adminDashboard/importUber', [...])
 6 SYSTEMPATH/CodeIgniter.php(927): App\Controllers\AdminController->uberReportImport()
 7 SYSTEMPATH/CodeIgniter.php(482): CodeIgniter\CodeIgniter->runController(Object(App\Controllers\AdminController))
 8 SYSTEMPATH/CodeIgniter.php(351): CodeIgniter\CodeIgniter->handleRequest(null, Object(Config\Cache), false)
 9 FCPATH/index.php(67): CodeIgniter\CodeIgniter->run()
CRITICAL - 2023-01-09 13:42:57 --> Undefined variable $value
in APPPATH/Views/adminDashboard/importUber.php on line 46.
 1 APPPATH/Views/adminDashboard/importUber.php(46): CodeIgniter\Debug\Exceptions->errorHandler(2, 'Undefined variable $value', 'APPPATH/Views/adminDashboard/importUber.php', 46)
 2 SYSTEMPATH/View/View.php(213): include('APPPATH/Views/adminDashboard/importUber.php')
 3 SYSTEMPATH/View/View.php(216): CodeIgniter\View\View->CodeIgniter\View\{closure}()
 4 SYSTEMPATH/Common.php(1134): CodeIgniter\View\View->render('adminDashboard/importUber', [], true)
 5 APPPATH/Controllers/AdminController.php(67): view('adminDashboard/importUber', [...])
 6 SYSTEMPATH/CodeIgniter.php(927): App\Controllers\AdminController->uberReportImport()
 7 SYSTEMPATH/CodeIgniter.php(482): CodeIgniter\CodeIgniter->runController(Object(App\Controllers\AdminController))
 8 SYSTEMPATH/CodeIgniter.php(351): CodeIgniter\CodeIgniter->handleRequest(null, Object(Config\Cache), false)
 9 FCPATH/index.php(67): CodeIgniter\CodeIgniter->run()
CRITICAL - 2023-01-09 13:43:09 --> Undefined variable $value
in APPPATH/Views/adminDashboard/importUber.php on line 46.
 1 APPPATH/Views/adminDashboard/importUber.php(46): CodeIgniter\Debug\Exceptions->errorHandler(2, 'Undefined variable $value', 'APPPATH/Views/adminDashboard/importUber.php', 46)
 2 SYSTEMPATH/View/View.php(213): include('APPPATH/Views/adminDashboard/importUber.php')
 3 SYSTEMPATH/View/View.php(216): CodeIgniter\View\View->CodeIgniter\View\{closure}()
 4 SYSTEMPATH/Common.php(1134): CodeIgniter\View\View->render('adminDashboard/importUber', [], true)
 5 APPPATH/Controllers/AdminController.php(67): view('adminDashboard/importUber', [...])
 6 SYSTEMPATH/CodeIgniter.php(927): App\Controllers\AdminController->uberReportImport()
 7 SYSTEMPATH/CodeIgniter.php(482): CodeIgniter\CodeIgniter->runController(Object(App\Controllers\AdminController))
 8 SYSTEMPATH/CodeIgniter.php(351): CodeIgniter\CodeIgniter->handleRequest(null, Object(Config\Cache), false)
 9 FCPATH/index.php(67): CodeIgniter\CodeIgniter->run()
CRITICAL - 2023-01-09 13:55:36 --> Undefined property: CodeIgniter\View\View::$table
in APPPATH/Views/adminDashboard/importUber.php on line 46.
 1 APPPATH/Views/adminDashboard/importUber.php(46): CodeIgniter\Debug\Exceptions->errorHandler(2, 'Undefined property: CodeIgniter\\View\\View::$table', 'APPPATH/Views/adminDashboard/importUber.php', 46)
 2 SYSTEMPATH/View/View.php(213): include('APPPATH/Views/adminDashboard/importUber.php')
 3 SYSTEMPATH/View/View.php(216): CodeIgniter\View\View->CodeIgniter\View\{closure}()
 4 SYSTEMPATH/Common.php(1134): CodeIgniter\View\View->render('adminDashboard/importUber', [], true)
 5 APPPATH/Controllers/AdminController.php(66): view('adminDashboard/importUber', [...])
 6 SYSTEMPATH/CodeIgniter.php(927): App\Controllers\AdminController->uberReportImport()
 7 SYSTEMPATH/CodeIgniter.php(482): CodeIgniter\CodeIgniter->runController(Object(App\Controllers\AdminController))
 8 SYSTEMPATH/CodeIgniter.php(351): CodeIgniter\CodeIgniter->handleRequest(null, Object(Config\Cache), false)
 9 FCPATH/index.php(67): CodeIgniter\CodeIgniter->run()
CRITICAL - 2023-01-09 14:07:10 --> Undefined constant "key"
in APPPATH/Views/adminDashboard/importUber.php on line 54.
 1 SYSTEMPATH/View/View.php(213): include()
 2 SYSTEMPATH/View/View.php(216): CodeIgniter\View\View->CodeIgniter\View\{closure}()
 3 SYSTEMPATH/Common.php(1134): CodeIgniter\View\View->render('adminDashboard/importUber', [], true)
 4 APPPATH/Controllers/AdminController.php(66): view('adminDashboard/importUber', [...])
 5 SYSTEMPATH/CodeIgniter.php(927): App\Controllers\AdminController->uberReportImport()
 6 SYSTEMPATH/CodeIgniter.php(482): CodeIgniter\CodeIgniter->runController(Object(App\Controllers\AdminController))
 7 SYSTEMPATH/CodeIgniter.php(351): CodeIgniter\CodeIgniter->handleRequest(null, Object(Config\Cache), false)
 8 FCPATH/index.php(67): CodeIgniter\CodeIgniter->run()
CRITICAL - 2023-01-09 14:25:25 --> Cannot access offset of type string on string
in APPPATH/Views/adminDashboard/importUber.php on line 61.
 1 SYSTEMPATH/View/View.php(213): include()
 2 SYSTEMPATH/View/View.php(216): CodeIgniter\View\View->CodeIgniter\View\{closure}()
 3 SYSTEMPATH/Common.php(1134): CodeIgniter\View\View->render('adminDashboard/importUber', [], true)
 4 APPPATH/Controllers/AdminController.php(66): view('adminDashboard/importUber', [...])
 5 SYSTEMPATH/CodeIgniter.php(927): App\Controllers\AdminController->uberReportImport()
 6 SYSTEMPATH/CodeIgniter.php(482): CodeIgniter\CodeIgniter->runController(Object(App\Controllers\AdminController))
 7 SYSTEMPATH/CodeIgniter.php(351): CodeIgniter\CodeIgniter->handleRequest(null, Object(Config\Cache), false)
 8 FCPATH/index.php(67): CodeIgniter\CodeIgniter->run()
CRITICAL - 2023-01-09 14:27:02 --> Uninitialized string offset 0
in APPPATH/Views/adminDashboard/importUber.php on line 61.
 1 APPPATH/Views/adminDashboard/importUber.php(61): CodeIgniter\Debug\Exceptions->errorHandler(2, 'Uninitialized string offset 0', 'APPPATH/Views/adminDashboard/importUber.php', 61)
 2 SYSTEMPATH/View/View.php(213): include('APPPATH/Views/adminDashboard/importUber.php')
 3 SYSTEMPATH/View/View.php(216): CodeIgniter\View\View->CodeIgniter\View\{closure}()
 4 SYSTEMPATH/Common.php(1134): CodeIgniter\View\View->render('adminDashboard/importUber', [], true)
 5 APPPATH/Controllers/AdminController.php(66): view('adminDashboard/importUber', [...])
 6 SYSTEMPATH/CodeIgniter.php(927): App\Controllers\AdminController->uberReportImport()
 7 SYSTEMPATH/CodeIgniter.php(482): CodeIgniter\CodeIgniter->runController(Object(App\Controllers\AdminController))
 8 SYSTEMPATH/CodeIgniter.php(351): CodeIgniter\CodeIgniter->handleRequest(null, Object(Config\Cache), false)
 9 FCPATH/index.php(67): CodeIgniter\CodeIgniter->run()
CRITICAL - 2023-01-09 14:27:08 --> Uninitialized string offset 0
in APPPATH/Views/adminDashboard/importUber.php on line 61.
 1 APPPATH/Views/adminDashboard/importUber.php(61): CodeIgniter\Debug\Exceptions->errorHandler(2, 'Uninitialized string offset 0', 'APPPATH/Views/adminDashboard/importUber.php', 61)
 2 SYSTEMPATH/View/View.php(213): include('APPPATH/Views/adminDashboard/importUber.php')
 3 SYSTEMPATH/View/View.php(216): CodeIgniter\View\View->CodeIgniter\View\{closure}()
 4 SYSTEMPATH/Common.php(1134): CodeIgniter\View\View->render('adminDashboard/importUber', [], true)
 5 APPPATH/Controllers/AdminController.php(66): view('adminDashboard/importUber', [...])
 6 SYSTEMPATH/CodeIgniter.php(927): App\Controllers\AdminController->uberReportImport()
 7 SYSTEMPATH/CodeIgniter.php(482): CodeIgniter\CodeIgniter->runController(Object(App\Controllers\AdminController))
 8 SYSTEMPATH/CodeIgniter.php(351): CodeIgniter\CodeIgniter->handleRequest(null, Object(Config\Cache), false)
 9 FCPATH/index.php(67): CodeIgniter\CodeIgniter->run()
CRITICAL - 2023-01-09 15:13:10 --> Undefined variable $uberReport
in APPPATH/Views/adminDashboard/importUber.php on line 53.
 1 APPPATH/Views/adminDashboard/importUber.php(53): CodeIgniter\Debug\Exceptions->errorHandler(2, 'Undefined variable $uberReport', 'APPPATH/Views/adminDashboard/importUber.php', 53)
 2 SYSTEMPATH/View/View.php(213): include('APPPATH/Views/adminDashboard/importUber.php')
 3 SYSTEMPATH/View/View.php(216): CodeIgniter\View\View->CodeIgniter\View\{closure}()
 4 SYSTEMPATH/Common.php(1134): CodeIgniter\View\View->render('adminDashboard/importUber', [], true)
 5 APPPATH/Controllers/AdminController.php(66): view('adminDashboard/importUber', [...])
 6 SYSTEMPATH/CodeIgniter.php(927): App\Controllers\AdminController->uberReportImport()
 7 SYSTEMPATH/CodeIgniter.php(482): CodeIgniter\CodeIgniter->runController(Object(App\Controllers\AdminController))
 8 SYSTEMPATH/CodeIgniter.php(351): CodeIgniter\CodeIgniter->handleRequest(null, Object(Config\Cache), false)
 9 FCPATH/index.php(67): CodeIgniter\CodeIgniter->run()
CRITICAL - 2023-01-09 15:13:47 --> Undefined variable $uberReport
in APPPATH/Views/adminDashboard/importUber.php on line 53.
 1 APPPATH/Views/adminDashboard/importUber.php(53): CodeIgniter\Debug\Exceptions->errorHandler(2, 'Undefined variable $uberReport', 'APPPATH/Views/adminDashboard/importUber.php', 53)
 2 SYSTEMPATH/View/View.php(213): include('APPPATH/Views/adminDashboard/importUber.php')
 3 SYSTEMPATH/View/View.php(216): CodeIgniter\View\View->CodeIgniter\View\{closure}()
 4 SYSTEMPATH/Common.php(1134): CodeIgniter\View\View->render('adminDashboard/importUber', [], true)
 5 APPPATH/Controllers/AdminController.php(66): view('adminDashboard/importUber', [...])
 6 SYSTEMPATH/CodeIgniter.php(927): App\Controllers\AdminController->uberReportImport()
 7 SYSTEMPATH/CodeIgniter.php(482): CodeIgniter\CodeIgniter->runController(Object(App\Controllers\AdminController))
 8 SYSTEMPATH/CodeIgniter.php(351): CodeIgniter\CodeIgniter->handleRequest(null, Object(Config\Cache), false)
 9 FCPATH/index.php(67): CodeIgniter\CodeIgniter->run()
CRITICAL - 2023-01-09 15:37:48 --> Undefined variable $header_row1
in APPPATH/Controllers/AdminController.php on line 45.
 1 APPPATH/Controllers/AdminController.php(45): CodeIgniter\Debug\Exceptions->errorHandler(2, 'Undefined variable $header_row1', 'APPPATH/Controllers/AdminController.php', 45)
 2 SYSTEMPATH/CodeIgniter.php(927): App\Controllers\AdminController->uberReportImport()
 3 SYSTEMPATH/CodeIgniter.php(482): CodeIgniter\CodeIgniter->runController(Object(App\Controllers\AdminController))
 4 SYSTEMPATH/CodeIgniter.php(351): CodeIgniter\CodeIgniter->handleRequest(null, Object(Config\Cache), false)
 5 FCPATH/index.php(67): CodeIgniter\CodeIgniter->run()
CRITICAL - 2023-01-09 15:46:59 --> Cannot access offset of type string on string
in APPPATH/Views/adminDashboard/importUber.php on line 61.
 1 SYSTEMPATH/View/View.php(213): include()
 2 SYSTEMPATH/View/View.php(216): CodeIgniter\View\View->CodeIgniter\View\{closure}()
 3 SYSTEMPATH/Common.php(1134): CodeIgniter\View\View->render('adminDashboard/importUber', [], true)
 4 APPPATH/Controllers/AdminController.php(78): view('adminDashboard/importUber', [...])
 5 SYSTEMPATH/CodeIgniter.php(927): App\Controllers\AdminController->uberReportImport()
 6 SYSTEMPATH/CodeIgniter.php(482): CodeIgniter\CodeIgniter->runController(Object(App\Controllers\AdminController))
 7 SYSTEMPATH/CodeIgniter.php(351): CodeIgniter\CodeIgniter->handleRequest(null, Object(Config\Cache), false)
 8 FCPATH/index.php(67): CodeIgniter\CodeIgniter->run()
CRITICAL - 2023-01-09 15:47:29 --> Cannot access offset of type string on string
in APPPATH/Views/adminDashboard/importUber.php on line 61.
 1 SYSTEMPATH/View/View.php(213): include()
 2 SYSTEMPATH/View/View.php(216): CodeIgniter\View\View->CodeIgniter\View\{closure}()
 3 SYSTEMPATH/Common.php(1134): CodeIgniter\View\View->render('adminDashboard/importUber', [], true)
 4 APPPATH/Controllers/AdminController.php(78): view('adminDashboard/importUber', [...])
 5 SYSTEMPATH/CodeIgniter.php(927): App\Controllers\AdminController->uberReportImport()
 6 SYSTEMPATH/CodeIgniter.php(482): CodeIgniter\CodeIgniter->runController(Object(App\Controllers\AdminController))
 7 SYSTEMPATH/CodeIgniter.php(351): CodeIgniter\CodeIgniter->handleRequest(null, Object(Config\Cache), false)
 8 FCPATH/index.php(67): CodeIgniter\CodeIgniter->run()
CRITICAL - 2023-01-09 15:48:24 --> Undefined array key "UUID_vozaca"
in APPPATH/Views/adminDashboard/importUber.php on line 61.
 1 APPPATH/Views/adminDashboard/importUber.php(61): CodeIgniter\Debug\Exceptions->errorHandler(2, 'Undefined array key "UUID_vozaca"', 'APPPATH/Views/adminDashboard/importUber.php', 61)
 2 SYSTEMPATH/View/View.php(213): include('APPPATH/Views/adminDashboard/importUber.php')
 3 SYSTEMPATH/View/View.php(216): CodeIgniter\View\View->CodeIgniter\View\{closure}()
 4 SYSTEMPATH/Common.php(1134): CodeIgniter\View\View->render('adminDashboard/importUber', [], true)
 5 APPPATH/Controllers/AdminController.php(78): view('adminDashboard/importUber', [...])
 6 SYSTEMPATH/CodeIgniter.php(927): App\Controllers\AdminController->uberReportImport()
 7 SYSTEMPATH/CodeIgniter.php(482): CodeIgniter\CodeIgniter->runController(Object(App\Controllers\AdminController))
 8 SYSTEMPATH/CodeIgniter.php(351): CodeIgniter\CodeIgniter->handleRequest(null, Object(Config\Cache), false)
 9 FCPATH/index.php(67): CodeIgniter\CodeIgniter->run()
CRITICAL - 2023-01-09 15:48:40 --> Cannot access offset of type string on string
in APPPATH/Views/adminDashboard/importUber.php on line 61.
 1 SYSTEMPATH/View/View.php(213): include()
 2 SYSTEMPATH/View/View.php(216): CodeIgniter\View\View->CodeIgniter\View\{closure}()
 3 SYSTEMPATH/Common.php(1134): CodeIgniter\View\View->render('adminDashboard/importUber', [], true)
 4 APPPATH/Controllers/AdminController.php(78): view('adminDashboard/importUber', [...])
 5 SYSTEMPATH/CodeIgniter.php(927): App\Controllers\AdminController->uberReportImport()
 6 SYSTEMPATH/CodeIgniter.php(482): CodeIgniter\CodeIgniter->runController(Object(App\Controllers\AdminController))
 7 SYSTEMPATH/CodeIgniter.php(351): CodeIgniter\CodeIgniter->handleRequest(null, Object(Config\Cache), false)
 8 FCPATH/index.php(67): CodeIgniter\CodeIgniter->run()
CRITICAL - 2023-01-09 15:56:40 --> Cannot access offset of type string on string
in APPPATH/Views/adminDashboard/importUber.php on line 67.
 1 SYSTEMPATH/View/View.php(213): include()
 2 SYSTEMPATH/View/View.php(216): CodeIgniter\View\View->CodeIgniter\View\{closure}()
 3 SYSTEMPATH/Common.php(1134): CodeIgniter\View\View->render('adminDashboard/importUber', [], true)
 4 APPPATH/Controllers/AdminController.php(78): view('adminDashboard/importUber', [...])
 5 SYSTEMPATH/CodeIgniter.php(927): App\Controllers\AdminController->uberReportImport()
 6 SYSTEMPATH/CodeIgniter.php(482): CodeIgniter\CodeIgniter->runController(Object(App\Controllers\AdminController))
 7 SYSTEMPATH/CodeIgniter.php(351): CodeIgniter\CodeIgniter->handleRequest(null, Object(Config\Cache), false)
 8 FCPATH/index.php(67): CodeIgniter\CodeIgniter->run()
CRITICAL - 2023-01-09 15:58:15 --> Undefined variable $UUID_Vozaca
in APPPATH/Views/adminDashboard/importUber.php on line 67.
 1 APPPATH/Views/adminDashboard/importUber.php(67): CodeIgniter\Debug\Exceptions->errorHandler(2, 'Undefined variable $UUID_Vozaca', 'APPPATH/Views/adminDashboard/importUber.php', 67)
 2 SYSTEMPATH/View/View.php(213): include('APPPATH/Views/adminDashboard/importUber.php')
 3 SYSTEMPATH/View/View.php(216): CodeIgniter\View\View->CodeIgniter\View\{closure}()
 4 SYSTEMPATH/Common.php(1134): CodeIgniter\View\View->render('adminDashboard/importUber', [], true)
 5 APPPATH/Controllers/AdminController.php(78): view('adminDashboard/importUber', [...])
 6 SYSTEMPATH/CodeIgniter.php(927): App\Controllers\AdminController->uberReportImport()
 7 SYSTEMPATH/CodeIgniter.php(482): CodeIgniter\CodeIgniter->runController(Object(App\Controllers\AdminController))
 8 SYSTEMPATH/CodeIgniter.php(351): CodeIgniter\CodeIgniter->handleRequest(null, Object(Config\Cache), false)
 9 FCPATH/index.php(67): CodeIgniter\CodeIgniter->run()
CRITICAL - 2023-01-09 15:58:45 --> Undefined variable $UUID_Vozaca
in APPPATH/Views/adminDashboard/importUber.php on line 67.
 1 APPPATH/Views/adminDashboard/importUber.php(67): CodeIgniter\Debug\Exceptions->errorHandler(2, 'Undefined variable $UUID_Vozaca', 'APPPATH/Views/adminDashboard/importUber.php', 67)
 2 SYSTEMPATH/View/View.php(213): include('APPPATH/Views/adminDashboard/importUber.php')
 3 SYSTEMPATH/View/View.php(216): CodeIgniter\View\View->CodeIgniter\View\{closure}()
 4 SYSTEMPATH/Common.php(1134): CodeIgniter\View\View->render('adminDashboard/importUber', [], true)
 5 APPPATH/Controllers/AdminController.php(78): view('adminDashboard/importUber', [...])
 6 SYSTEMPATH/CodeIgniter.php(927): App\Controllers\AdminController->uberReportImport()
 7 SYSTEMPATH/CodeIgniter.php(482): CodeIgniter\CodeIgniter->runController(Object(App\Controllers\AdminController))
 8 SYSTEMPATH/CodeIgniter.php(351): CodeIgniter\CodeIgniter->handleRequest(null, Object(Config\Cache), false)
 9 FCPATH/index.php(67): CodeIgniter\CodeIgniter->run()
CRITICAL - 2023-01-09 15:59:07 --> Array to string conversion
in APPPATH/Views/adminDashboard/importUber.php on line 67.
 1 APPPATH/Views/adminDashboard/importUber.php(67): CodeIgniter\Debug\Exceptions->errorHandler(2, 'Array to string conversion', 'APPPATH/Views/adminDashboard/importUber.php', 67)
 2 SYSTEMPATH/View/View.php(213): include('APPPATH/Views/adminDashboard/importUber.php')
 3 SYSTEMPATH/View/View.php(216): CodeIgniter\View\View->CodeIgniter\View\{closure}()
 4 SYSTEMPATH/Common.php(1134): CodeIgniter\View\View->render('adminDashboard/importUber', [], true)
 5 APPPATH/Controllers/AdminController.php(78): view('adminDashboard/importUber', [...])
 6 SYSTEMPATH/CodeIgniter.php(927): App\Controllers\AdminController->uberReportImport()
 7 SYSTEMPATH/CodeIgniter.php(482): CodeIgniter\CodeIgniter->runController(Object(App\Controllers\AdminController))
 8 SYSTEMPATH/CodeIgniter.php(351): CodeIgniter\CodeIgniter->handleRequest(null, Object(Config\Cache), false)
 9 FCPATH/index.php(67): CodeIgniter\CodeIgniter->run()
CRITICAL - 2023-01-09 15:59:35 --> Undefined array key "UUID_Vozaca"
in APPPATH/Views/adminDashboard/importUber.php on line 67.
 1 APPPATH/Views/adminDashboard/importUber.php(67): CodeIgniter\Debug\Exceptions->errorHandler(2, 'Undefined array key "UUID_Vozaca"', 'APPPATH/Views/adminDashboard/importUber.php', 67)
 2 SYSTEMPATH/View/View.php(213): include('APPPATH/Views/adminDashboard/importUber.php')
 3 SYSTEMPATH/View/View.php(216): CodeIgniter\View\View->CodeIgniter\View\{closure}()
 4 SYSTEMPATH/Common.php(1134): CodeIgniter\View\View->render('adminDashboard/importUber', [], true)
 5 APPPATH/Controllers/AdminController.php(78): view('adminDashboard/importUber', [...])
 6 SYSTEMPATH/CodeIgniter.php(927): App\Controllers\AdminController->uberReportImport()
 7 SYSTEMPATH/CodeIgniter.php(482): CodeIgniter\CodeIgniter->runController(Object(App\Controllers\AdminController))
 8 SYSTEMPATH/CodeIgniter.php(351): CodeIgniter\CodeIgniter->handleRequest(null, Object(Config\Cache), false)
 9 FCPATH/index.php(67): CodeIgniter\CodeIgniter->run()
CRITICAL - 2023-01-09 16:00:36 --> Cannot access offset of type string on string
in APPPATH/Views/adminDashboard/importUber.php on line 68.
 1 SYSTEMPATH/View/View.php(213): include()
 2 SYSTEMPATH/View/View.php(216): CodeIgniter\View\View->CodeIgniter\View\{closure}()
 3 SYSTEMPATH/Common.php(1134): CodeIgniter\View\View->render('adminDashboard/importUber', [], true)
 4 APPPATH/Controllers/AdminController.php(78): view('adminDashboard/importUber', [...])
 5 SYSTEMPATH/CodeIgniter.php(927): App\Controllers\AdminController->uberReportImport()
 6 SYSTEMPATH/CodeIgniter.php(482): CodeIgniter\CodeIgniter->runController(Object(App\Controllers\AdminController))
 7 SYSTEMPATH/CodeIgniter.php(351): CodeIgniter\CodeIgniter->handleRequest(null, Object(Config\Cache), false)
 8 FCPATH/index.php(67): CodeIgniter\CodeIgniter->run()
CRITICAL - 2023-01-09 16:01:11 --> Cannot access offset of type string on string
in APPPATH/Views/adminDashboard/importUber.php on line 68.
 1 SYSTEMPATH/View/View.php(213): include()
 2 SYSTEMPATH/View/View.php(216): CodeIgniter\View\View->CodeIgniter\View\{closure}()
 3 SYSTEMPATH/Common.php(1134): CodeIgniter\View\View->render('adminDashboard/importUber', [], true)
 4 APPPATH/Controllers/AdminController.php(78): view('adminDashboard/importUber', [...])
 5 SYSTEMPATH/CodeIgniter.php(927): App\Controllers\AdminController->uberReportImport()
 6 SYSTEMPATH/CodeIgniter.php(482): CodeIgniter\CodeIgniter->runController(Object(App\Controllers\AdminController))
 7 SYSTEMPATH/CodeIgniter.php(351): CodeIgniter\CodeIgniter->handleRequest(null, Object(Config\Cache), false)
 8 FCPATH/index.php(67): CodeIgniter\CodeIgniter->run()
