CRITICAL - 2023-01-26 08:03:14 --> Undefined variable $driver
in APPPATH/Controllers/AdminController.php on line 310.
 1 APPPATH/Controllers/AdminController.php(310): CodeIgniter\Debug\Exceptions->errorHandler(2, 'Undefined variable $driver', 'APPPATH/Controllers/AdminController.php', 310)
 2 SYSTEMPATH/CodeIgniter.php(927): App\Controllers\AdminController->addDriver()
 3 SYSTEMPATH/CodeIgniter.php(482): CodeIgniter\CodeIgniter->runController(Object(App\Controllers\AdminController))
 4 SYSTEMPATH/CodeIgniter.php(351): CodeIgniter\CodeIgniter->handleRequest(null, Object(Config\Cache), false)
 5 FCPATH/index.php(67): CodeIgniter\CodeIgniter->run()
CRITICAL - 2023-01-26 08:04:22 --> Object of class stdClass could not be converted to string
in APPPATH/Controllers/AdminController.php on line 310.
 1 SYSTEMPATH/CodeIgniter.php(927): App\Controllers\AdminController->addDriver()
 2 SYSTEMPATH/CodeIgniter.php(482): CodeIgniter\CodeIgniter->runController(Object(App\Controllers\AdminController))
 3 SYSTEMPATH/CodeIgniter.php(351): CodeIgniter\CodeIgniter->handleRequest(null, Object(Config\Cache), false)
 4 FCPATH/index.php(67): CodeIgniter\CodeIgniter->run()
CRITICAL - 2023-01-26 08:04:24 --> Object of class stdClass could not be converted to string
in APPPATH/Controllers/AdminController.php on line 310.
 1 SYSTEMPATH/CodeIgniter.php(927): App\Controllers\AdminController->addDriver()
 2 SYSTEMPATH/CodeIgniter.php(482): CodeIgniter\CodeIgniter->runController(Object(App\Controllers\AdminController))
 3 SYSTEMPATH/CodeIgniter.php(351): CodeIgniter\CodeIgniter->handleRequest(null, Object(Config\Cache), false)
 4 FCPATH/index.php(67): CodeIgniter\CodeIgniter->run()
CRITICAL - 2023-01-26 08:11:10 --> Call to undefined method App\Models\DriverModel::getResultArray
in SYSTEMPATH/Model.php on line 774.
 1 APPPATH/Controllers/AdminController.php(309): CodeIgniter\Model->__call('getResultArray', [])
 2 SYSTEMPATH/CodeIgniter.php(927): App\Controllers\AdminController->addDriver()
 3 SYSTEMPATH/CodeIgniter.php(482): CodeIgniter\CodeIgniter->runController(Object(App\Controllers\AdminController))
 4 SYSTEMPATH/CodeIgniter.php(351): CodeIgniter\CodeIgniter->handleRequest(null, Object(Config\Cache), false)
 5 FCPATH/index.php(67): CodeIgniter\CodeIgniter->run()
CRITICAL - 2023-01-26 08:12:28 --> Array to string conversion
in APPPATH/Controllers/AdminController.php on line 310.
 1 APPPATH/Controllers/AdminController.php(310): CodeIgniter\Debug\Exceptions->errorHandler(2, 'Array to string conversion', 'APPPATH/Controllers/AdminController.php', 310)
 2 SYSTEMPATH/CodeIgniter.php(927): App\Controllers\AdminController->addDriver()
 3 SYSTEMPATH/CodeIgniter.php(482): CodeIgniter\CodeIgniter->runController(Object(App\Controllers\AdminController))
 4 SYSTEMPATH/CodeIgniter.php(351): CodeIgniter\CodeIgniter->handleRequest(null, Object(Config\Cache), false)
 5 FCPATH/index.php(67): CodeIgniter\CodeIgniter->run()
CRITICAL - 2023-01-26 08:12:47 --> Array to string conversion
in APPPATH/Controllers/AdminController.php on line 314.
 1 APPPATH/Controllers/AdminController.php(314): CodeIgniter\Debug\Exceptions->errorHandler(2, 'Array to string conversion', 'APPPATH/Controllers/AdminController.php', 314)
 2 SYSTEMPATH/CodeIgniter.php(927): App\Controllers\AdminController->addDriver()
 3 SYSTEMPATH/CodeIgniter.php(482): CodeIgniter\CodeIgniter->runController(Object(App\Controllers\AdminController))
 4 SYSTEMPATH/CodeIgniter.php(351): CodeIgniter\CodeIgniter->handleRequest(null, Object(Config\Cache), false)
 5 FCPATH/index.php(67): CodeIgniter\CodeIgniter->run()
CRITICAL - 2023-01-26 11:54:05 --> Cannot access offset of type string on string
in APPPATH/Views/adminDashboard/addDriver.php on line 82.
 1 SYSTEMPATH/View/View.php(213): include()
 2 SYSTEMPATH/View/View.php(216): CodeIgniter\View\View->CodeIgniter\View\{closure}()
 3 SYSTEMPATH/Common.php(1134): CodeIgniter\View\View->render('adminDashboard/addDriver', [], true)
 4 APPPATH/Controllers/AdminController.php(386): view('adminDashboard/addDriver', [...])
 5 SYSTEMPATH/CodeIgniter.php(927): App\Controllers\AdminController->addDriverSave()
 6 SYSTEMPATH/CodeIgniter.php(482): CodeIgniter\CodeIgniter->runController(Object(App\Controllers\AdminController))
 7 SYSTEMPATH/CodeIgniter.php(351): CodeIgniter\CodeIgniter->handleRequest(null, Object(Config\Cache), false)
 8 FCPATH/index.php(67): CodeIgniter\CodeIgniter->run()
CRITICAL - 2023-01-26 12:05:43 --> Array to string conversion
in APPPATH/Views/adminDashboard/addDriver.php on line 82.
 1 APPPATH/Views/adminDashboard/addDriver.php(82): CodeIgniter\Debug\Exceptions->errorHandler(2, 'Array to string conversion', 'APPPATH/Views/adminDashboard/addDriver.php', 82)
 2 SYSTEMPATH/View/View.php(213): include('APPPATH/Views/adminDashboard/addDriver.php')
 3 SYSTEMPATH/View/View.php(216): CodeIgniter\View\View->CodeIgniter\View\{closure}()
 4 SYSTEMPATH/Common.php(1134): CodeIgniter\View\View->render('adminDashboard/addDriver', [], true)
 5 APPPATH/Controllers/AdminController.php(314): view('adminDashboard/addDriver', [...])
 6 SYSTEMPATH/CodeIgniter.php(927): App\Controllers\AdminController->addDriver()
 7 SYSTEMPATH/CodeIgniter.php(482): CodeIgniter\CodeIgniter->runController(Object(App\Controllers\AdminController))
 8 SYSTEMPATH/CodeIgniter.php(351): CodeIgniter\CodeIgniter->handleRequest(null, Object(Config\Cache), false)
 9 FCPATH/index.php(67): CodeIgniter\CodeIgniter->run()
