CRITICAL - 2023-02-20 04:27:34 --> Invalid file: pdf_view.php
in SYSTEMPATH/Exceptions/FrameworkException.php on line 33.
 1 SYSTEMPATH/View/View.php(201): CodeIgniter\Exceptions\FrameworkException::forInvalidFile('pdf_view.php')
 2 SYSTEMPATH/Common.php(1134): CodeIgniter\View\View->render('pdf_view', [], true)
 3 APPPATH/Controllers/PdfController.php(10): view('pdf_view')
 4 SYSTEMPATH/CodeIgniter.php(927): App\Controllers\PdfController->index()
 5 SYSTEMPATH/CodeIgniter.php(482): CodeIgniter\CodeIgniter->runController(Object(App\Controllers\PdfController))
 6 SYSTEMPATH/CodeIgniter.php(351): CodeIgniter\CodeIgniter->handleRequest(null, Object(Config\Cache), false)
 7 FCPATH/index.php(67): CodeIgniter\CodeIgniter->run()
CRITICAL - 2023-02-20 04:28:45 --> Path cannot be empty
in APPPATH/ThirdParty/dompdf/src/Options.php on line 323.
 1 APPPATH/ThirdParty/dompdf/src/Options.php(323): file_get_contents('ROOTPATH/public')
 2 APPPATH/ThirdParty/dompdf/src/Dompdf.php(258): Dompdf\Options->__construct()
 3 APPPATH/Controllers/PdfController.php(14): Dompdf\Dompdf->__construct()
 4 SYSTEMPATH/CodeIgniter.php(927): App\Controllers\PdfController->htmlToPDF()
 5 SYSTEMPATH/CodeIgniter.php(482): CodeIgniter\CodeIgniter->runController(Object(App\Controllers\PdfController))
 6 SYSTEMPATH/CodeIgniter.php(351): CodeIgniter\CodeIgniter->handleRequest(null, Object(Config\Cache), false)
 7 FCPATH/index.php(67): CodeIgniter\CodeIgniter->run()
CRITICAL - 2023-02-20 06:20:07 --> Path cannot be empty
in APPPATH/ThirdParty/dompdf/src/Options.php on line 323.
 1 APPPATH/ThirdParty/dompdf/src/Options.php(323): file_get_contents('ROOTPATH/public')
 2 APPPATH/ThirdParty/dompdf/src/Dompdf.php(258): Dompdf\Options->__construct()
 3 APPPATH/Controllers/PdfController.php(14): Dompdf\Dompdf->__construct()
 4 SYSTEMPATH/CodeIgniter.php(927): App\Controllers\PdfController->htmlToPDF()
 5 SYSTEMPATH/CodeIgniter.php(482): CodeIgniter\CodeIgniter->runController(Object(App\Controllers\PdfController))
 6 SYSTEMPATH/CodeIgniter.php(351): CodeIgniter\CodeIgniter->handleRequest(null, Object(Config\Cache), false)
 7 FCPATH/index.php(67): CodeIgniter\CodeIgniter->run()
CRITICAL - 2023-02-20 06:20:08 --> Path cannot be empty
in APPPATH/ThirdParty/dompdf/src/Options.php on line 323.
 1 APPPATH/ThirdParty/dompdf/src/Options.php(323): file_get_contents('ROOTPATH/public')
 2 APPPATH/ThirdParty/dompdf/src/Dompdf.php(258): Dompdf\Options->__construct()
 3 APPPATH/Controllers/PdfController.php(14): Dompdf\Dompdf->__construct()
 4 SYSTEMPATH/CodeIgniter.php(927): App\Controllers\PdfController->htmlToPDF()
 5 SYSTEMPATH/CodeIgniter.php(482): CodeIgniter\CodeIgniter->runController(Object(App\Controllers\PdfController))
 6 SYSTEMPATH/CodeIgniter.php(351): CodeIgniter\CodeIgniter->handleRequest(null, Object(Config\Cache), false)
 7 FCPATH/index.php(67): CodeIgniter\CodeIgniter->run()
CRITICAL - 2023-02-20 06:20:08 --> Path cannot be empty
in APPPATH/ThirdParty/dompdf/src/Options.php on line 323.
 1 APPPATH/ThirdParty/dompdf/src/Options.php(323): file_get_contents('ROOTPATH/public')
 2 APPPATH/ThirdParty/dompdf/src/Dompdf.php(258): Dompdf\Options->__construct()
 3 APPPATH/Controllers/PdfController.php(14): Dompdf\Dompdf->__construct()
 4 SYSTEMPATH/CodeIgniter.php(927): App\Controllers\PdfController->htmlToPDF()
 5 SYSTEMPATH/CodeIgniter.php(482): CodeIgniter\CodeIgniter->runController(Object(App\Controllers\PdfController))
 6 SYSTEMPATH/CodeIgniter.php(351): CodeIgniter\CodeIgniter->handleRequest(null, Object(Config\Cache), false)
 7 FCPATH/index.php(67): CodeIgniter\CodeIgniter->run()
CRITICAL - 2023-02-20 06:45:42 --> Undefined variable $data
in APPPATH/Controllers/AdminController.php on line 385.
 1 APPPATH/Controllers/AdminController.php(385): CodeIgniter\Debug\Exceptions->errorHandler(2, 'Undefined variable $data', 'APPPATH/Controllers/AdminController.php', 385)
 2 SYSTEMPATH/CodeIgniter.php(927): App\Controllers\AdminController->ugovoroRadu()
 3 SYSTEMPATH/CodeIgniter.php(482): CodeIgniter\CodeIgniter->runController(Object(App\Controllers\AdminController))
 4 SYSTEMPATH/CodeIgniter.php(351): CodeIgniter\CodeIgniter->handleRequest(null, Object(Config\Cache), false)
 5 FCPATH/index.php(67): CodeIgniter\CodeIgniter->run()
CRITICAL - 2023-02-20 06:48:37 --> Trying to access array offset on value of type null
in APPPATH/Controllers/AdminController.php on line 391.
 1 APPPATH/Controllers/AdminController.php(391): CodeIgniter\Debug\Exceptions->errorHandler(2, 'Trying to access array offset on value of type null', 'APPPATH/Controllers/AdminController.php', 391)
 2 SYSTEMPATH/CodeIgniter.php(927): App\Controllers\AdminController->ugovoroRadu()
 3 SYSTEMPATH/CodeIgniter.php(482): CodeIgniter\CodeIgniter->runController(Object(App\Controllers\AdminController))
 4 SYSTEMPATH/CodeIgniter.php(351): CodeIgniter\CodeIgniter->handleRequest(null, Object(Config\Cache), false)
 5 FCPATH/index.php(67): CodeIgniter\CodeIgniter->run()
CRITICAL - 2023-02-20 07:17:25 --> Call to undefined function App\Controllers\getRowArray()
in APPPATH/Controllers/AdminController.php on line 393.
 1 SYSTEMPATH/CodeIgniter.php(927): App\Controllers\AdminController->ugovoroRadu('6')
 2 SYSTEMPATH/CodeIgniter.php(482): CodeIgniter\CodeIgniter->runController(Object(App\Controllers\AdminController))
 3 SYSTEMPATH/CodeIgniter.php(351): CodeIgniter\CodeIgniter->handleRequest(null, Object(Config\Cache), false)
 4 FCPATH/index.php(67): CodeIgniter\CodeIgniter->run()
CRITICAL - 2023-02-20 07:30:23 --> Undefined array key "OIB"
in APPPATH/Views/adminDashboard/ugovoroRadu.php on line 7.
 1 APPPATH/Views/adminDashboard/ugovoroRadu.php(7): CodeIgniter\Debug\Exceptions->errorHandler(2, 'Undefined array key "OIB"', 'APPPATH/Views/adminDashboard/ugovoroRadu.php', 7)
 2 SYSTEMPATH/View/View.php(213): include('APPPATH/Views/adminDashboard/ugovoroRadu.php')
 3 SYSTEMPATH/View/View.php(216): CodeIgniter\View\View->CodeIgniter\View\{closure}()
 4 SYSTEMPATH/Common.php(1134): CodeIgniter\View\View->render('adminDashboard/ugovoroRadu', [], true)
 5 APPPATH/Controllers/AdminController.php(403): view('adminDashboard/ugovoroRadu')
 6 SYSTEMPATH/CodeIgniter.php(927): App\Controllers\AdminController->ugovoroRadu('6')
 7 SYSTEMPATH/CodeIgniter.php(482): CodeIgniter\CodeIgniter->runController(Object(App\Controllers\AdminController))
 8 SYSTEMPATH/CodeIgniter.php(351): CodeIgniter\CodeIgniter->handleRequest(null, Object(Config\Cache), false)
 9 FCPATH/index.php(67): CodeIgniter\CodeIgniter->run()
CRITICAL - 2023-02-20 08:00:42 --> Undefined array key "pocetak_rada"
in APPPATH/Controllers/AdminController.php on line 398.
 1 APPPATH/Controllers/AdminController.php(398): CodeIgniter\Debug\Exceptions->errorHandler(2, 'Undefined array key "pocetak_rada"', 'APPPATH/Controllers/AdminController.php', 398)
 2 SYSTEMPATH/CodeIgniter.php(927): App\Controllers\AdminController->ugovoroRadu('6')
 3 SYSTEMPATH/CodeIgniter.php(482): CodeIgniter\CodeIgniter->runController(Object(App\Controllers\AdminController))
 4 SYSTEMPATH/CodeIgniter.php(351): CodeIgniter\CodeIgniter->handleRequest(null, Object(Config\Cache), false)
 5 FCPATH/index.php(67): CodeIgniter\CodeIgniter->run()
CRITICAL - 2023-02-20 09:07:06 --> Trying to access array offset on value of type null
in APPPATH/Controllers/AdminController.php on line 396.
 1 APPPATH/Controllers/AdminController.php(396): CodeIgniter\Debug\Exceptions->errorHandler(2, 'Trying to access array offset on value of type null', 'APPPATH/Controllers/AdminController.php', 396)
 2 SYSTEMPATH/CodeIgniter.php(927): App\Controllers\AdminController->ugovoroRadu()
 3 SYSTEMPATH/CodeIgniter.php(482): CodeIgniter\CodeIgniter->runController(Object(App\Controllers\AdminController))
 4 SYSTEMPATH/CodeIgniter.php(351): CodeIgniter\CodeIgniter->handleRequest(null, Object(Config\Cache), false)
 5 FCPATH/index.php(67): CodeIgniter\CodeIgniter->run()
CRITICAL - 2023-02-20 09:26:08 --> Trying to access array offset on value of type null
in APPPATH/Controllers/AdminController.php on line 396.
 1 APPPATH/Controllers/AdminController.php(396): CodeIgniter\Debug\Exceptions->errorHandler(2, 'Trying to access array offset on value of type null', 'APPPATH/Controllers/AdminController.php', 396)
 2 SYSTEMPATH/CodeIgniter.php(927): App\Controllers\AdminController->ugovoroRadu('74')
 3 SYSTEMPATH/CodeIgniter.php(482): CodeIgniter\CodeIgniter->runController(Object(App\Controllers\AdminController))
 4 SYSTEMPATH/CodeIgniter.php(351): CodeIgniter\CodeIgniter->handleRequest(null, Object(Config\Cache), false)
 5 FCPATH/index.php(67): CodeIgniter\CodeIgniter->run()
CRITICAL - 2023-02-20 09:27:57 --> Undefined variable $driverId
in APPPATH/Views/adminDashboard/driver.php on line 335.
 1 APPPATH/Views/adminDashboard/driver.php(335): CodeIgniter\Debug\Exceptions->errorHandler(2, 'Undefined variable $driverId', 'APPPATH/Views/adminDashboard/driver.php', 335)
 2 SYSTEMPATH/View/View.php(213): include('APPPATH/Views/adminDashboard/driver.php')
 3 SYSTEMPATH/View/View.php(216): CodeIgniter\View\View->CodeIgniter\View\{closure}()
 4 SYSTEMPATH/Common.php(1134): CodeIgniter\View\View->render('adminDashboard/driver', [], true)
 5 APPPATH/Controllers/AdminController.php(380): view('adminDashboard/driver')
 6 SYSTEMPATH/CodeIgniter.php(927): App\Controllers\AdminController->driver('6')
 7 SYSTEMPATH/CodeIgniter.php(482): CodeIgniter\CodeIgniter->runController(Object(App\Controllers\AdminController))
 8 SYSTEMPATH/CodeIgniter.php(351): CodeIgniter\CodeIgniter->handleRequest(null, Object(Config\Cache), false)
 9 FCPATH/index.php(67): CodeIgniter\CodeIgniter->run()
CRITICAL - 2023-02-20 09:27:59 --> Undefined variable $driverId
in APPPATH/Views/adminDashboard/driver.php on line 335.
 1 APPPATH/Views/adminDashboard/driver.php(335): CodeIgniter\Debug\Exceptions->errorHandler(2, 'Undefined variable $driverId', 'APPPATH/Views/adminDashboard/driver.php', 335)
 2 SYSTEMPATH/View/View.php(213): include('APPPATH/Views/adminDashboard/driver.php')
 3 SYSTEMPATH/View/View.php(216): CodeIgniter\View\View->CodeIgniter\View\{closure}()
 4 SYSTEMPATH/Common.php(1134): CodeIgniter\View\View->render('adminDashboard/driver', [], true)
 5 APPPATH/Controllers/AdminController.php(380): view('adminDashboard/driver')
 6 SYSTEMPATH/CodeIgniter.php(927): App\Controllers\AdminController->driver('6')
 7 SYSTEMPATH/CodeIgniter.php(482): CodeIgniter\CodeIgniter->runController(Object(App\Controllers\AdminController))
 8 SYSTEMPATH/CodeIgniter.php(351): CodeIgniter\CodeIgniter->handleRequest(null, Object(Config\Cache), false)
 9 FCPATH/index.php(67): CodeIgniter\CodeIgniter->run()
CRITICAL - 2023-02-20 14:44:09 --> Undefined variable $id
in APPPATH/Controllers/AdminController.php on line 537.
 1 APPPATH/Controllers/AdminController.php(537): CodeIgniter\Debug\Exceptions->errorHandler(2, 'Undefined variable $id', 'APPPATH/Controllers/AdminController.php', 537)
 2 SYSTEMPATH/CodeIgniter.php(927): App\Controllers\AdminController->addVoziloSave()
 3 SYSTEMPATH/CodeIgniter.php(482): CodeIgniter\CodeIgniter->runController(Object(App\Controllers\AdminController))
 4 SYSTEMPATH/CodeIgniter.php(351): CodeIgniter\CodeIgniter->handleRequest(null, Object(Config\Cache), false)
 5 FCPATH/index.php(67): CodeIgniter\CodeIgniter->run()
CRITICAL - 2023-02-20 14:46:02 --> Undefined variable $id
in APPPATH/Controllers/AdminController.php on line 539.
 1 APPPATH/Controllers/AdminController.php(539): CodeIgniter\Debug\Exceptions->errorHandler(2, 'Undefined variable $id', 'APPPATH/Controllers/AdminController.php', 539)
 2 SYSTEMPATH/CodeIgniter.php(927): App\Controllers\AdminController->addVoziloSave()
 3 SYSTEMPATH/CodeIgniter.php(482): CodeIgniter\CodeIgniter->runController(Object(App\Controllers\AdminController))
 4 SYSTEMPATH/CodeIgniter.php(351): CodeIgniter\CodeIgniter->handleRequest(null, Object(Config\Cache), false)
 5 FCPATH/index.php(67): CodeIgniter\CodeIgniter->run()
CRITICAL - 2023-02-20 14:46:07 --> Undefined variable $id
in APPPATH/Controllers/AdminController.php on line 539.
 1 APPPATH/Controllers/AdminController.php(539): CodeIgniter\Debug\Exceptions->errorHandler(2, 'Undefined variable $id', 'APPPATH/Controllers/AdminController.php', 539)
 2 SYSTEMPATH/CodeIgniter.php(927): App\Controllers\AdminController->addVoziloSave()
 3 SYSTEMPATH/CodeIgniter.php(482): CodeIgniter\CodeIgniter->runController(Object(App\Controllers\AdminController))
 4 SYSTEMPATH/CodeIgniter.php(351): CodeIgniter\CodeIgniter->handleRequest(null, Object(Config\Cache), false)
 5 FCPATH/index.php(67): CodeIgniter\CodeIgniter->run()
CRITICAL - 2023-02-20 14:56:34 --> redirect(): Argument #1 ($route) must be of type ?string, array given, called in /homepages/0/d941215561/htdocs/app/Controllers/AdminController.php on line 538
in SYSTEMPATH/Common.php on line 855.
 1 APPPATH/Controllers/AdminController.php(538): redirect([...])
 2 SYSTEMPATH/CodeIgniter.php(927): App\Controllers\AdminController->addVoziloSave()
 3 SYSTEMPATH/CodeIgniter.php(482): CodeIgniter\CodeIgniter->runController(Object(App\Controllers\AdminController))
 4 SYSTEMPATH/CodeIgniter.php(351): CodeIgniter\CodeIgniter->handleRequest(null, Object(Config\Cache), false)
 5 FCPATH/index.php(67): CodeIgniter\CodeIgniter->run()
CRITICAL - 2023-02-20 14:57:47 --> syntax error, unexpected token "public"
in APPPATH/Controllers/AdminController.php on line 559.
 1 SYSTEMPATH/Autoloader/Autoloader.php(259): CodeIgniter\Autoloader\Autoloader->includeFile('APPPATH/Controllers/AdminController.php')
 2 SYSTEMPATH/Autoloader/Autoloader.php(237): CodeIgniter\Autoloader\Autoloader->loadInNamespace('App\\Controllers\\AdminController')
 3 [internal function]: CodeIgniter\Autoloader\Autoloader->loadClass('App\\Controllers\\AdminController')
 4 SYSTEMPATH/CodeIgniter.php(877): class_exists('\\App\\Controllers\\AdminController', true)
 5 SYSTEMPATH/CodeIgniter.php(469): CodeIgniter\CodeIgniter->startController()
 6 SYSTEMPATH/CodeIgniter.php(351): CodeIgniter\CodeIgniter->handleRequest(null, Object(Config\Cache), false)
 7 FCPATH/index.php(67): CodeIgniter\CodeIgniter->run()
CRITICAL - 2023-02-20 14:57:49 --> syntax error, unexpected token "public"
in APPPATH/Controllers/AdminController.php on line 559.
 1 SYSTEMPATH/Autoloader/Autoloader.php(259): CodeIgniter\Autoloader\Autoloader->includeFile('APPPATH/Controllers/AdminController.php')
 2 SYSTEMPATH/Autoloader/Autoloader.php(237): CodeIgniter\Autoloader\Autoloader->loadInNamespace('App\\Controllers\\AdminController')
 3 [internal function]: CodeIgniter\Autoloader\Autoloader->loadClass('App\\Controllers\\AdminController')
 4 SYSTEMPATH/CodeIgniter.php(877): class_exists('\\App\\Controllers\\AdminController', true)
 5 SYSTEMPATH/CodeIgniter.php(469): CodeIgniter\CodeIgniter->startController()
 6 SYSTEMPATH/CodeIgniter.php(351): CodeIgniter\CodeIgniter->handleRequest(null, Object(Config\Cache), false)
 7 FCPATH/index.php(67): CodeIgniter\CodeIgniter->run()
CRITICAL - 2023-02-20 14:57:50 --> syntax error, unexpected token "public"
in APPPATH/Controllers/AdminController.php on line 559.
 1 SYSTEMPATH/Autoloader/Autoloader.php(259): CodeIgniter\Autoloader\Autoloader->includeFile('APPPATH/Controllers/AdminController.php')
 2 SYSTEMPATH/Autoloader/Autoloader.php(237): CodeIgniter\Autoloader\Autoloader->loadInNamespace('App\\Controllers\\AdminController')
 3 [internal function]: CodeIgniter\Autoloader\Autoloader->loadClass('App\\Controllers\\AdminController')
 4 SYSTEMPATH/CodeIgniter.php(877): class_exists('\\App\\Controllers\\AdminController', true)
 5 SYSTEMPATH/CodeIgniter.php(469): CodeIgniter\CodeIgniter->startController()
 6 SYSTEMPATH/CodeIgniter.php(351): CodeIgniter\CodeIgniter->handleRequest(null, Object(Config\Cache), false)
 7 FCPATH/index.php(67): CodeIgniter\CodeIgniter->run()
CRITICAL - 2023-02-20 14:57:51 --> syntax error, unexpected token "public"
in APPPATH/Controllers/AdminController.php on line 559.
 1 SYSTEMPATH/Autoloader/Autoloader.php(259): CodeIgniter\Autoloader\Autoloader->includeFile('APPPATH/Controllers/AdminController.php')
 2 SYSTEMPATH/Autoloader/Autoloader.php(237): CodeIgniter\Autoloader\Autoloader->loadInNamespace('App\\Controllers\\AdminController')
 3 [internal function]: CodeIgniter\Autoloader\Autoloader->loadClass('App\\Controllers\\AdminController')
 4 SYSTEMPATH/CodeIgniter.php(877): class_exists('\\App\\Controllers\\AdminController', true)
 5 SYSTEMPATH/CodeIgniter.php(469): CodeIgniter\CodeIgniter->startController()
 6 SYSTEMPATH/CodeIgniter.php(351): CodeIgniter\CodeIgniter->handleRequest(null, Object(Config\Cache), false)
 7 FCPATH/index.php(67): CodeIgniter\CodeIgniter->run()
CRITICAL - 2023-02-20 14:57:55 --> syntax error, unexpected token "public"
in APPPATH/Controllers/AdminController.php on line 559.
 1 SYSTEMPATH/Autoloader/Autoloader.php(259): CodeIgniter\Autoloader\Autoloader->includeFile('APPPATH/Controllers/AdminController.php')
 2 SYSTEMPATH/Autoloader/Autoloader.php(237): CodeIgniter\Autoloader\Autoloader->loadInNamespace('App\\Controllers\\AdminController')
 3 [internal function]: CodeIgniter\Autoloader\Autoloader->loadClass('App\\Controllers\\AdminController')
 4 SYSTEMPATH/CodeIgniter.php(877): class_exists('\\App\\Controllers\\AdminController', true)
 5 SYSTEMPATH/CodeIgniter.php(469): CodeIgniter\CodeIgniter->startController()
 6 SYSTEMPATH/CodeIgniter.php(351): CodeIgniter\CodeIgniter->handleRequest(null, Object(Config\Cache), false)
 7 FCPATH/index.php(67): CodeIgniter\CodeIgniter->run()
CRITICAL - 2023-02-20 14:58:39 --> syntax error, unexpected end of file, expecting "elseif" or "else" or "endif"
in APPPATH/Views/adminDashboard/driver.php on line 463.
 1 SYSTEMPATH/View/View.php(216): CodeIgniter\View\View->CodeIgniter\View\{closure}()
 2 SYSTEMPATH/Common.php(1134): CodeIgniter\View\View->render('adminDashboard/driver', [], true)
 3 APPPATH/Controllers/AdminController.php(381): view('adminDashboard/driver')
 4 SYSTEMPATH/CodeIgniter.php(927): App\Controllers\AdminController->driver('5')
 5 SYSTEMPATH/CodeIgniter.php(482): CodeIgniter\CodeIgniter->runController(Object(App\Controllers\AdminController))
 6 SYSTEMPATH/CodeIgniter.php(351): CodeIgniter\CodeIgniter->handleRequest(null, Object(Config\Cache), false)
 7 FCPATH/index.php(67): CodeIgniter\CodeIgniter->run()
CRITICAL - 2023-02-20 14:58:44 --> syntax error, unexpected end of file, expecting "elseif" or "else" or "endif"
in APPPATH/Views/adminDashboard/driver.php on line 463.
 1 SYSTEMPATH/View/View.php(216): CodeIgniter\View\View->CodeIgniter\View\{closure}()
 2 SYSTEMPATH/Common.php(1134): CodeIgniter\View\View->render('adminDashboard/driver', [], true)
 3 APPPATH/Controllers/AdminController.php(381): view('adminDashboard/driver')
 4 SYSTEMPATH/CodeIgniter.php(927): App\Controllers\AdminController->driver('5')
 5 SYSTEMPATH/CodeIgniter.php(482): CodeIgniter\CodeIgniter->runController(Object(App\Controllers\AdminController))
 6 SYSTEMPATH/CodeIgniter.php(351): CodeIgniter\CodeIgniter->handleRequest(null, Object(Config\Cache), false)
 7 FCPATH/index.php(67): CodeIgniter\CodeIgniter->run()
