CRITICAL - 2023-03-06 03:54:37 --> Object of class DateInterval could not be converted to string
in APPPATH/Controllers/AdminController.php on line 1058.
 1 SYSTEMPATH/CodeIgniter.php(927): App\Controllers\AdminController->obracun('202309')
 2 SYSTEMPATH/CodeIgniter.php(482): CodeIgniter\CodeIgniter->runController(Object(App\Controllers\AdminController))
 3 SYSTEMPATH/CodeIgniter.php(351): CodeIgniter\CodeIgniter->handleRequest(null, Object(Config\Cache), false)
 4 FCPATH/index.php(67): CodeIgniter\CodeIgniter->run()
CRITICAL - 2023-03-06 04:02:18 --> Object of class DateInterval could not be converted to string
in APPPATH/Controllers/AdminController.php on line 1058.
 1 SYSTEMPATH/CodeIgniter.php(927): App\Controllers\AdminController->obracun('202309')
 2 SYSTEMPATH/CodeIgniter.php(482): CodeIgniter\CodeIgniter->runController(Object(App\Controllers\AdminController))
 3 SYSTEMPATH/CodeIgniter.php(351): CodeIgniter\CodeIgniter->handleRequest(null, Object(Config\Cache), false)
 4 FCPATH/index.php(67): CodeIgniter\CodeIgniter->run()
CRITICAL - 2023-03-06 04:57:27 --> Array to string conversion
in SYSTEMPATH/Database/BaseBuilder.php on line 1800.
 1 [internal function]: CodeIgniter\Debug\Exceptions->errorHandler(2, 'Array to string conversion', 'SYSTEMPATH/Database/BaseBuilder.php', 1800)
 2 SYSTEMPATH/Database/BaseBuilder.php(1800): implode(', ', [...])
 3 SYSTEMPATH/Database/BaseBuilder.php(1773): CodeIgniter\Database\BaseBuilder->_insertBatch('`obracun`', [], [...])
 4 SYSTEMPATH/Model.php(312): CodeIgniter\Database\BaseBuilder->insertBatch([...], null, 100)
 5 SYSTEMPATH/BaseModel.php(835): CodeIgniter\Model->doInsertBatch([...], null, 100, false)
 6 APPPATH/Controllers/AdminController.php(1200): CodeIgniter\BaseModel->insertBatch([...])
 7 SYSTEMPATH/CodeIgniter.php(927): App\Controllers\AdminController->obracun('202302')
 8 SYSTEMPATH/CodeIgniter.php(482): CodeIgniter\CodeIgniter->runController(Object(App\Controllers\AdminController))
 9 SYSTEMPATH/CodeIgniter.php(351): CodeIgniter\CodeIgniter->handleRequest(null, Object(Config\Cache), false)
10 FCPATH/index.php(67): CodeIgniter\CodeIgniter->run()
CRITICAL - 2023-03-06 04:57:27 --> Array to string conversion
in SYSTEMPATH/Database/BaseBuilder.php on line 1800.
 1 [internal function]: CodeIgniter\Debug\Exceptions->errorHandler(2, 'Array to string conversion', 'SYSTEMPATH/Database/BaseBuilder.php', 1800)
 2 SYSTEMPATH/Database/BaseBuilder.php(1800): implode(', ', [...])
 3 SYSTEMPATH/Database/BaseBuilder.php(1773): CodeIgniter\Database\BaseBuilder->_insertBatch('`obracun`', [], [...])
 4 SYSTEMPATH/Model.php(312): CodeIgniter\Database\BaseBuilder->insertBatch([...], null, 100)
 5 SYSTEMPATH/BaseModel.php(835): CodeIgniter\Model->doInsertBatch([...], null, 100, false)
 6 APPPATH/Controllers/AdminController.php(1200): CodeIgniter\BaseModel->insertBatch([...])
 7 SYSTEMPATH/CodeIgniter.php(927): App\Controllers\AdminController->obracun('202302')
 8 SYSTEMPATH/CodeIgniter.php(482): CodeIgniter\CodeIgniter->runController(Object(App\Controllers\AdminController))
 9 SYSTEMPATH/CodeIgniter.php(351): CodeIgniter\CodeIgniter->handleRequest(null, Object(Config\Cache), false)
10 FCPATH/index.php(67): CodeIgniter\CodeIgniter->run()
CRITICAL - 2023-03-06 05:02:03 --> Array to string conversion
in SYSTEMPATH/Database/BaseBuilder.php on line 1800.
 1 [internal function]: CodeIgniter\Debug\Exceptions->errorHandler(2, 'Array to string conversion', 'SYSTEMPATH/Database/BaseBuilder.php', 1800)
 2 SYSTEMPATH/Database/BaseBuilder.php(1800): implode(', ', [...])
 3 SYSTEMPATH/Database/BaseBuilder.php(1773): CodeIgniter\Database\BaseBuilder->_insertBatch('`obracun`', [], [...])
 4 SYSTEMPATH/Model.php(312): CodeIgniter\Database\BaseBuilder->insertBatch([...], null, 100)
 5 SYSTEMPATH/BaseModel.php(835): CodeIgniter\Model->doInsertBatch([...], null, 100, false)
 6 APPPATH/Controllers/AdminController.php(1202): CodeIgniter\BaseModel->insertBatch([...])
 7 SYSTEMPATH/CodeIgniter.php(927): App\Controllers\AdminController->obracun('202302')
 8 SYSTEMPATH/CodeIgniter.php(482): CodeIgniter\CodeIgniter->runController(Object(App\Controllers\AdminController))
 9 SYSTEMPATH/CodeIgniter.php(351): CodeIgniter\CodeIgniter->handleRequest(null, Object(Config\Cache), false)
10 FCPATH/index.php(67): CodeIgniter\CodeIgniter->run()
