ERROR - 2024-09-17 13:21:46 --> Error connecting to the database: ErrorException: mysqli::real_connect(): php_network_getaddresses: getaddrinfo for db5010865126.hosting-data.io failed: Name or service not known in /home/damodar/htdocs/agregator.online/public/appstarter/system/Database/MySQLi/Connection.php:170
Stack trace:
#0 [internal function]: CodeIgniter\Debug\Exceptions->errorHandler()
#1 /home/damodar/htdocs/agregator.online/public/appstarter/system/Database/MySQLi/Connection.php(170): mysqli->real_connect()
#2 /home/damodar/htdocs/agregator.online/public/appstarter/system/Database/BaseConnection.php(382): CodeIgniter\Database\MySQLi\Connection->connect()
#3 /home/damodar/htdocs/agregator.online/public/appstarter/system/Database/BaseConnection.php(561): CodeIgniter\Database\BaseConnection->initialize()
#4 /home/damodar/htdocs/agregator.online/public/appstarter/system/Database/BaseBuilder.php(1585): CodeIgniter\Database\BaseConnection->query()
#5 /home/damodar/htdocs/agregator.online/public/appstarter/system/Model.php(250): CodeIgniter\Database\BaseBuilder->get()
#6 /home/damodar/htdocs/agregator.online/public/appstarter/system/BaseModel.php(623): CodeIgniter\Model->doFirst()
#7 /home/damodar/htdocs/agregator.online/public/appstarter/app/Controllers/SigninController.php(38): CodeIgniter\BaseModel->first()
#8 /home/damodar/htdocs/agregator.online/public/appstarter/system/CodeIgniter.php(927): App\Controllers\SigninController->loginAuth()
#9 /home/damodar/htdocs/agregator.online/public/appstarter/system/CodeIgniter.php(482): CodeIgniter\CodeIgniter->runController()
#10 /home/damodar/htdocs/agregator.online/public/appstarter/system/CodeIgniter.php(351): CodeIgniter\CodeIgniter->handleRequest()
#11 /home/damodar/htdocs/agregator.online/public/appstarter/public/index.php(67): CodeIgniter\CodeIgniter->run()
#12 {main}

Next mysqli_sql_exception: php_network_getaddresses: getaddrinfo for db5010865126.hosting-data.io failed: Name or service not known in /home/damodar/htdocs/agregator.online/public/appstarter/system/Database/MySQLi/Connection.php:170
Stack trace:
#0 /home/damodar/htdocs/agregator.online/public/appstarter/system/Database/MySQLi/Connection.php(170): mysqli->real_connect()
#1 /home/damodar/htdocs/agregator.online/public/appstarter/system/Database/BaseConnection.php(382): CodeIgniter\Database\MySQLi\Connection->connect()
#2 /home/damodar/htdocs/agregator.online/public/appstarter/system/Database/BaseConnection.php(561): CodeIgniter\Database\BaseConnection->initialize()
#3 /home/damodar/htdocs/agregator.online/public/appstarter/system/Database/BaseBuilder.php(1585): CodeIgniter\Database\BaseConnection->query()
#4 /home/damodar/htdocs/agregator.online/public/appstarter/system/Model.php(250): CodeIgniter\Database\BaseBuilder->get()
#5 /home/damodar/htdocs/agregator.online/public/appstarter/system/BaseModel.php(623): CodeIgniter\Model->doFirst()
#6 /home/damodar/htdocs/agregator.online/public/appstarter/app/Controllers/SigninController.php(38): CodeIgniter\BaseModel->first()
#7 /home/damodar/htdocs/agregator.online/public/appstarter/system/CodeIgniter.php(927): App\Controllers\SigninController->loginAuth()
#8 /home/damodar/htdocs/agregator.online/public/appstarter/system/CodeIgniter.php(482): CodeIgniter\CodeIgniter->runController()
#9 /home/damodar/htdocs/agregator.online/public/appstarter/system/CodeIgniter.php(351): CodeIgniter\CodeIgniter->handleRequest()
#10 /home/damodar/htdocs/agregator.online/public/appstarter/public/index.php(67): CodeIgniter\CodeIgniter->run()
#11 {main}

Next CodeIgniter\Database\Exceptions\DatabaseException: php_network_getaddresses: getaddrinfo for db5010865126.hosting-data.io failed: Name or service not known in /home/damodar/htdocs/agregator.online/public/appstarter/system/Database/MySQLi/Connection.php:215
Stack trace:
#0 /home/damodar/htdocs/agregator.online/public/appstarter/system/Database/BaseConnection.php(382): CodeIgniter\Database\MySQLi\Connection->connect()
#1 /home/damodar/htdocs/agregator.online/public/appstarter/system/Database/BaseConnection.php(561): CodeIgniter\Database\BaseConnection->initialize()
#2 /home/damodar/htdocs/agregator.online/public/appstarter/system/Database/BaseBuilder.php(1585): CodeIgniter\Database\BaseConnection->query()
#3 /home/damodar/htdocs/agregator.online/public/appstarter/system/Model.php(250): CodeIgniter\Database\BaseBuilder->get()
#4 /home/damodar/htdocs/agregator.online/public/appstarter/system/BaseModel.php(623): CodeIgniter\Model->doFirst()
#5 /home/damodar/htdocs/agregator.online/public/appstarter/app/Controllers/SigninController.php(38): CodeIgniter\BaseModel->first()
#6 /home/damodar/htdocs/agregator.online/public/appstarter/system/CodeIgniter.php(927): App\Controllers\SigninController->loginAuth()
#7 /home/damodar/htdocs/agregator.online/public/appstarter/system/CodeIgniter.php(482): CodeIgniter\CodeIgniter->runController()
#8 /home/damodar/htdocs/agregator.online/public/appstarter/system/CodeIgniter.php(351): CodeIgniter\CodeIgniter->handleRequest()
#9 /home/damodar/htdocs/agregator.online/public/appstarter/public/index.php(67): CodeIgniter\CodeIgniter->run()
#10 {main}
CRITICAL - 2024-09-17 13:21:46 --> Unable to connect to the database.
Main connection [MySQLi]: php_network_getaddresses: getaddrinfo for db5010865126.hosting-data.io failed: Name or service not known
in SYSTEMPATH/Database/BaseConnection.php on line 418.
 1 SYSTEMPATH/Database/BaseConnection.php(561): CodeIgniter\Database\BaseConnection->initialize()
 2 SYSTEMPATH/Database/BaseBuilder.php(1585): CodeIgniter\Database\BaseConnection->query()
 3 SYSTEMPATH/Model.php(250): CodeIgniter\Database\BaseBuilder->get()
 4 SYSTEMPATH/BaseModel.php(623): CodeIgniter\Model->doFirst()
 5 APPPATH/Controllers/SigninController.php(38): CodeIgniter\BaseModel->first()
 6 SYSTEMPATH/CodeIgniter.php(927): App\Controllers\SigninController->loginAuth()
 7 SYSTEMPATH/CodeIgniter.php(482): CodeIgniter\CodeIgniter->runController()
 8 SYSTEMPATH/CodeIgniter.php(351): CodeIgniter\CodeIgniter->handleRequest()
 9 FCPATH/index.php(67): CodeIgniter\CodeIgniter->run()
CRITICAL - 2024-09-17 13:24:13 --> Class "UltraMsg\WhatsAppApi" not found
in APPPATH/Libraries/UltramsgLib.php on line 26.
 1 APPPATH/Controllers/AdminController.php(1270): App\Libraries\UltramsgLib->__construct()
 2 SYSTEMPATH/CodeIgniter.php(927): App\Controllers\AdminController->driver()
 3 SYSTEMPATH/CodeIgniter.php(482): CodeIgniter\CodeIgniter->runController()
 4 SYSTEMPATH/CodeIgniter.php(351): CodeIgniter\CodeIgniter->handleRequest()
 5 FCPATH/index.php(67): CodeIgniter\CodeIgniter->run()
CRITICAL - 2024-09-17 13:24:54 --> Class "UltraMsg\WhatsAppApi" not found
in APPPATH/Libraries/UltramsgLib.php on line 26.
 1 APPPATH/Controllers/AdminController.php(3490): App\Libraries\UltramsgLib->__construct()
 2 SYSTEMPATH/CodeIgniter.php(927): App\Controllers\AdminController->obracun()
 3 SYSTEMPATH/CodeIgniter.php(482): CodeIgniter\CodeIgniter->runController()
 4 SYSTEMPATH/CodeIgniter.php(351): CodeIgniter\CodeIgniter->handleRequest()
 5 FCPATH/index.php(67): CodeIgniter\CodeIgniter->run()
CRITICAL - 2024-09-17 13:34:00 --> Class "UltraMsg\WhatsAppApi" not found
in APPPATH/Libraries/UltramsgLib.php on line 26.
 1 APPPATH/Controllers/AdminController.php(3490): App\Libraries\UltramsgLib->__construct()
 2 SYSTEMPATH/CodeIgniter.php(927): App\Controllers\AdminController->obracun()
 3 SYSTEMPATH/CodeIgniter.php(482): CodeIgniter\CodeIgniter->runController()
 4 SYSTEMPATH/CodeIgniter.php(351): CodeIgniter\CodeIgniter->handleRequest()
 5 FCPATH/index.php(67): CodeIgniter\CodeIgniter->run()
CRITICAL - 2024-09-17 13:34:30 --> Class "UltraMsg\WhatsAppApi" not found
in APPPATH/Libraries/UltramsgLib.php on line 26.
 1 APPPATH/Controllers/AdminController.php(1270): App\Libraries\UltramsgLib->__construct()
 2 SYSTEMPATH/CodeIgniter.php(927): App\Controllers\AdminController->driver()
 3 SYSTEMPATH/CodeIgniter.php(482): CodeIgniter\CodeIgniter->runController()
 4 SYSTEMPATH/CodeIgniter.php(351): CodeIgniter\CodeIgniter->handleRequest()
 5 FCPATH/index.php(67): CodeIgniter\CodeIgniter->run()
CRITICAL - 2024-09-17 13:35:45 --> Undefined variable $UltramsgLib
in APPPATH/Controllers/AdminController.php on line 1301.
 1 APPPATH/Controllers/AdminController.php(1301): CodeIgniter\Debug\Exceptions->errorHandler()
 2 SYSTEMPATH/CodeIgniter.php(927): App\Controllers\AdminController->driver()
 3 SYSTEMPATH/CodeIgniter.php(482): CodeIgniter\CodeIgniter->runController()
 4 SYSTEMPATH/CodeIgniter.php(351): CodeIgniter\CodeIgniter->handleRequest()
 5 FCPATH/index.php(67): CodeIgniter\CodeIgniter->run()
CRITICAL - 2024-09-17 13:41:26 --> Class "UltraMsg\WhatsAppApi" not found
in APPPATH/Libraries/UltramsgLib.php on line 26.
 1 APPPATH/Controllers/AdminController.php(1270): App\Libraries\UltramsgLib->__construct()
 2 SYSTEMPATH/CodeIgniter.php(927): App\Controllers\AdminController->driver()
 3 SYSTEMPATH/CodeIgniter.php(482): CodeIgniter\CodeIgniter->runController()
 4 SYSTEMPATH/CodeIgniter.php(351): CodeIgniter\CodeIgniter->handleRequest()
 5 FCPATH/index.php(67): CodeIgniter\CodeIgniter->run()
CRITICAL - 2024-09-17 13:42:08 --> Class "Iban\Validation\Validator" not found
in APPPATH/Services/IbanValidationService.php on line 13.
 1 APPPATH/Controllers/AdminController.php(1381): App\Services\IbanValidationService->__construct()
 2 APPPATH/Controllers/AdminController.php(1344): App\Controllers\AdminController->validateIban()
 3 SYSTEMPATH/CodeIgniter.php(927): App\Controllers\AdminController->driver()
 4 SYSTEMPATH/CodeIgniter.php(482): CodeIgniter\CodeIgniter->runController()
 5 SYSTEMPATH/CodeIgniter.php(351): CodeIgniter\CodeIgniter->handleRequest()
 6 FCPATH/index.php(67): CodeIgniter\CodeIgniter->run()
CRITICAL - 2024-09-17 13:42:49 --> Undefined variable $ibanValid
in APPPATH/Controllers/AdminController.php on line 1348.
 1 APPPATH/Controllers/AdminController.php(1348): CodeIgniter\Debug\Exceptions->errorHandler()
 2 SYSTEMPATH/CodeIgniter.php(927): App\Controllers\AdminController->driver()
 3 SYSTEMPATH/CodeIgniter.php(482): CodeIgniter\CodeIgniter->runController()
 4 SYSTEMPATH/CodeIgniter.php(351): CodeIgniter\CodeIgniter->handleRequest()
 5 FCPATH/index.php(67): CodeIgniter\CodeIgniter->run()
CRITICAL - 2024-09-17 13:43:44 --> Undefined array key "ibanValid"
in APPPATH/Views/adminDashboard/driver.php on line 373.
 1 APPPATH/Views/adminDashboard/driver.php(373): CodeIgniter\Debug\Exceptions->errorHandler()
 2 SYSTEMPATH/View/View.php(213): include('APPPATH/Views/adminDashboard/driver.php')
 3 SYSTEMPATH/View/View.php(216): CodeIgniter\View\View->CodeIgniter\View\{closure}()
 4 SYSTEMPATH/Common.php(1134): CodeIgniter\View\View->render()
 5 APPPATH/Controllers/AdminController.php(1373): view()
 6 SYSTEMPATH/CodeIgniter.php(927): App\Controllers\AdminController->driver()
 7 SYSTEMPATH/CodeIgniter.php(482): CodeIgniter\CodeIgniter->runController()
 8 SYSTEMPATH/CodeIgniter.php(351): CodeIgniter\CodeIgniter->handleRequest()
 9 FCPATH/index.php(67): CodeIgniter\CodeIgniter->run()
CRITICAL - 2024-09-17 13:44:52 --> Class "UltraMsg\WhatsAppApi" not found
in APPPATH/Libraries/UltramsgLib.php on line 26.
 1 APPPATH/Controllers/AdminController.php(3495): App\Libraries\UltramsgLib->__construct()
 2 SYSTEMPATH/CodeIgniter.php(927): App\Controllers\AdminController->obracun()
 3 SYSTEMPATH/CodeIgniter.php(482): CodeIgniter\CodeIgniter->runController()
 4 SYSTEMPATH/CodeIgniter.php(351): CodeIgniter\CodeIgniter->handleRequest()
 5 FCPATH/index.php(67): CodeIgniter\CodeIgniter->run()
CRITICAL - 2024-09-17 16:53:08 --> Creation of dynamic property App\Controllers\VehicleController::$tvrtkaModel is deprecated
in APPPATH/Controllers/VehicleController.php on line 27.
 1 APPPATH/Controllers/VehicleController.php(27): CodeIgniter\Debug\Exceptions->errorHandler()
 2 SYSTEMPATH/CodeIgniter.php(889): App\Controllers\VehicleController->__construct()
 3 SYSTEMPATH/CodeIgniter.php(473): CodeIgniter\CodeIgniter->createController()
 4 SYSTEMPATH/CodeIgniter.php(351): CodeIgniter\CodeIgniter->handleRequest()
 5 FCPATH/index.php(67): CodeIgniter\CodeIgniter->run()
CRITICAL - 2024-09-17 16:53:52 --> Class "UltraMsg\WhatsAppApi" not found
in APPPATH/Libraries/UltramsgLib.php on line 26.
 1 APPPATH/Controllers/AdminController.php(3495): App\Libraries\UltramsgLib->__construct()
 2 SYSTEMPATH/CodeIgniter.php(927): App\Controllers\AdminController->obracun()
 3 SYSTEMPATH/CodeIgniter.php(482): CodeIgniter\CodeIgniter->runController()
 4 SYSTEMPATH/CodeIgniter.php(351): CodeIgniter\CodeIgniter->handleRequest()
 5 FCPATH/index.php(67): CodeIgniter\CodeIgniter->run()
CRITICAL - 2024-09-17 17:12:32 --> Class "Iban\Validation\Validator" not found
in APPPATH/Services/IbanValidationService.php on line 13.
 1 APPPATH/Controllers/AdminController.php(1381): App\Services\IbanValidationService->__construct()
 2 APPPATH/Controllers/AdminController.php(1344): App\Controllers\AdminController->validateIban()
 3 SYSTEMPATH/CodeIgniter.php(927): App\Controllers\AdminController->driver()
 4 SYSTEMPATH/CodeIgniter.php(482): CodeIgniter\CodeIgniter->runController()
 5 SYSTEMPATH/CodeIgniter.php(351): CodeIgniter\CodeIgniter->handleRequest()
 6 FCPATH/index.php(67): CodeIgniter\CodeIgniter->run()
CRITICAL - 2024-09-17 17:23:08 --> Non-static method PHP_IBAN\IBAN::Verify() cannot be called statically
in APPPATH/Services/IbanValidationService.php on line 12.
 1 APPPATH/Controllers/AdminController.php(1382): App\Services\IbanValidationService->validate()
 2 APPPATH/Controllers/AdminController.php(1344): App\Controllers\AdminController->validateIban()
 3 SYSTEMPATH/CodeIgniter.php(927): App\Controllers\AdminController->driver()
 4 SYSTEMPATH/CodeIgniter.php(482): CodeIgniter\CodeIgniter->runController()
 5 SYSTEMPATH/CodeIgniter.php(351): CodeIgniter\CodeIgniter->handleRequest()
 6 FCPATH/index.php(67): CodeIgniter\CodeIgniter->run()
CRITICAL - 2024-09-17 17:23:11 --> Non-static method PHP_IBAN\IBAN::Verify() cannot be called statically
in APPPATH/Services/IbanValidationService.php on line 12.
 1 APPPATH/Controllers/AdminController.php(1382): App\Services\IbanValidationService->validate()
 2 APPPATH/Controllers/AdminController.php(1344): App\Controllers\AdminController->validateIban()
 3 SYSTEMPATH/CodeIgniter.php(927): App\Controllers\AdminController->driver()
 4 SYSTEMPATH/CodeIgniter.php(482): CodeIgniter\CodeIgniter->runController()
 5 SYSTEMPATH/CodeIgniter.php(351): CodeIgniter\CodeIgniter->handleRequest()
 6 FCPATH/index.php(67): CodeIgniter\CodeIgniter->run()
