CRITICAL - 2023-02-07 01:00:07 --> file_get_contents(/homepages/0/d941215561/htdocs/writable/debugbar/debugbar_1675719149.730949.json): Failed to open stream: No such file or directory
in SYSTEMPATH/Debug/Toolbar/Collectors/History.php on line 82.
 1 [internal function]: CodeIgniter\Debug\Exceptions->errorHandler(2, 'file_get_contents(/homepages/0/d941215561/htdocs/writable/debugbar/debugbar_1675719149.730949.json): Failed to open stream: No such file or directory', 'SYSTEMPATH/Debug/Toolbar/Collectors/History.php', 82)
 2 SYSTEMPATH/Debug/Toolbar/Collectors/History.php(82): file_get_contents('ROOTPATH/writable/debugbar/debugbar_1675719149.730949.json')
 3 SYSTEMPATH/Debug/Toolbar.php(500): CodeIgniter\Debug\Toolbar\Collectors\History->setFiles('1675753198.360027', 20)
 4 SYSTEMPATH/Debug/Toolbar.php(477): CodeIgniter\Debug\Toolbar->format([...], 'html')
 5 APPPATH/Config/Events.php(46): CodeIgniter\Debug\Toolbar->respond()
 6 SYSTEMPATH/Events/Events.php(149): CodeIgniter\Events\Events::Config\{closure}()
 7 SYSTEMPATH/CodeIgniter.php(328): CodeIgniter\Events\Events::trigger('pre_system')
 8 FCPATH/index.php(67): CodeIgniter\CodeIgniter->run()
CRITICAL - 2023-02-07 01:00:10 --> Array to string conversion
in APPPATH/Views/adminDashboard/obracun1.php on line 4.
 1 APPPATH/Views/adminDashboard/obracun1.php(4): CodeIgniter\Debug\Exceptions->errorHandler(2, 'Array to string conversion', 'APPPATH/Views/adminDashboard/obracun1.php', 4)
 2 SYSTEMPATH/View/View.php(213): include('APPPATH/Views/adminDashboard/obracun1.php')
 3 SYSTEMPATH/View/View.php(216): CodeIgniter\View\View->CodeIgniter\View\{closure}()
 4 SYSTEMPATH/Common.php(1134): CodeIgniter\View\View->render('adminDashboard/obracun1', [], true)
 5 APPPATH/Controllers/AdminController.php(761): view('adminDashboard/obracun1')
 6 SYSTEMPATH/CodeIgniter.php(927): App\Controllers\AdminController->obracun('202305')
 7 SYSTEMPATH/CodeIgniter.php(482): CodeIgniter\CodeIgniter->runController(Object(App\Controllers\AdminController))
 8 SYSTEMPATH/CodeIgniter.php(351): CodeIgniter\CodeIgniter->handleRequest(null, Object(Config\Cache), false)
 9 FCPATH/index.php(67): CodeIgniter\CodeIgniter->run()
