CRITICAL - 2023-03-02 09:36:40 --> Call to undefined function App\Controllers\view˙()
in APPPATH/Controllers/ProfileController.php on line 16.
 1 SYSTEMPATH/CodeIgniter.php(927): App\Controllers\ProfileController->index()
 2 SYSTEMPATH/CodeIgniter.php(482): CodeIgniter\CodeIgniter->runController(Object(App\Controllers\ProfileController))
 3 SYSTEMPATH/CodeIgniter.php(351): CodeIgniter\CodeIgniter->handleRequest(null, Object(Config\Cache), false)
 4 FCPATH/index.php(67): CodeIgniter\CodeIgniter->run()
CRITICAL - 2023-03-02 09:51:24 --> Call to undefined method App\Models\TvrtkaModel::getResultArray
in SYSTEMPATH/Model.php on line 774.
 1 APPPATH/Controllers/AdminController.php(29): CodeIgniter\Model->__call('getResultArray', [])
 2 SYSTEMPATH/CodeIgniter.php(927): App\Controllers\AdminController->index()
 3 SYSTEMPATH/CodeIgniter.php(482): CodeIgniter\CodeIgniter->runController(Object(App\Controllers\AdminController))
 4 SYSTEMPATH/CodeIgniter.php(351): CodeIgniter\CodeIgniter->handleRequest(null, Object(Config\Cache), false)
 5 FCPATH/index.php(67): CodeIgniter\CodeIgniter->run()
CRITICAL - 2023-03-02 09:51:44 --> Call to undefined method App\Models\TvrtkaModel::getRowArray
in SYSTEMPATH/Model.php on line 774.
 1 APPPATH/Controllers/AdminController.php(29): CodeIgniter\Model->__call('getRowArray', [])
 2 SYSTEMPATH/CodeIgniter.php(927): App\Controllers\AdminController->index()
 3 SYSTEMPATH/CodeIgniter.php(482): CodeIgniter\CodeIgniter->runController(Object(App\Controllers\AdminController))
 4 SYSTEMPATH/CodeIgniter.php(351): CodeIgniter\CodeIgniter->handleRequest(null, Object(Config\Cache), false)
 5 FCPATH/index.php(67): CodeIgniter\CodeIgniter->run()
CRITICAL - 2023-03-02 09:51:46 --> Call to undefined method App\Models\TvrtkaModel::getRowArray
in SYSTEMPATH/Model.php on line 774.
 1 APPPATH/Controllers/AdminController.php(29): CodeIgniter\Model->__call('getRowArray', [])
 2 SYSTEMPATH/CodeIgniter.php(927): App\Controllers\AdminController->index()
 3 SYSTEMPATH/CodeIgniter.php(482): CodeIgniter\CodeIgniter->runController(Object(App\Controllers\AdminController))
 4 SYSTEMPATH/CodeIgniter.php(351): CodeIgniter\CodeIgniter->handleRequest(null, Object(Config\Cache), false)
 5 FCPATH/index.php(67): CodeIgniter\CodeIgniter->run()
