CRITICAL - 2023-02-19 12:10:50 --> Class "App\Controllers\Dompdf\Dompdf" not found
in APPPATH/Controllers/PdfController.php on line 17.
 1 SYSTEMPATH/CodeIgniter.php(927): App\Controllers\PdfController->htmlToPDF()
 2 SYSTEMPATH/CodeIgniter.php(482): CodeIgniter\CodeIgniter->runController(Object(App\Controllers\PdfController))
 3 SYSTEMPATH/CodeIgniter.php(351): CodeIgniter\CodeIgniter->handleRequest(null, Object(Config\Cache), false)
 4 FCPATH/index.php(67): CodeIgniter\CodeIgniter->run()
CRITICAL - 2023-02-19 12:11:27 --> Class "App\Controllers\Dompdf" not found
in APPPATH/Controllers/PdfController.php on line 17.
 1 SYSTEMPATH/CodeIgniter.php(927): App\Controllers\PdfController->htmlToPDF()
 2 SYSTEMPATH/CodeIgniter.php(482): CodeIgniter\CodeIgniter->runController(Object(App\Controllers\PdfController))
 3 SYSTEMPATH/CodeIgniter.php(351): CodeIgniter\CodeIgniter->handleRequest(null, Object(Config\Cache), false)
 4 FCPATH/index.php(67): CodeIgniter\CodeIgniter->run()
CRITICAL - 2023-02-19 12:15:02 --> Class "App\Controllers\Dompdf" not found
in APPPATH/Controllers/PdfController.php on line 17.
 1 SYSTEMPATH/CodeIgniter.php(927): App\Controllers\PdfController->htmlToPDF()
 2 SYSTEMPATH/CodeIgniter.php(482): CodeIgniter\CodeIgniter->runController(Object(App\Controllers\PdfController))
 3 SYSTEMPATH/CodeIgniter.php(351): CodeIgniter\CodeIgniter->handleRequest(null, Object(Config\Cache), false)
 4 FCPATH/index.php(67): CodeIgniter\CodeIgniter->run()
CRITICAL - 2023-02-19 12:18:47 --> Class "App\Controllers\Dompdf" not found
in APPPATH/Controllers/PdfController.php on line 17.
 1 SYSTEMPATH/CodeIgniter.php(927): App\Controllers\PdfController->htmlToPDF()
 2 SYSTEMPATH/CodeIgniter.php(482): CodeIgniter\CodeIgniter->runController(Object(App\Controllers\PdfController))
 3 SYSTEMPATH/CodeIgniter.php(351): CodeIgniter\CodeIgniter->handleRequest(null, Object(Config\Cache), false)
 4 FCPATH/index.php(67): CodeIgniter\CodeIgniter->run()
CRITICAL - 2023-02-19 12:19:41 --> Class "App\Controllers\Dompdf\Dompdf" not found
in APPPATH/Controllers/PdfController.php on line 17.
 1 SYSTEMPATH/CodeIgniter.php(927): App\Controllers\PdfController->htmlToPDF()
 2 SYSTEMPATH/CodeIgniter.php(482): CodeIgniter\CodeIgniter->runController(Object(App\Controllers\PdfController))
 3 SYSTEMPATH/CodeIgniter.php(351): CodeIgniter\CodeIgniter->handleRequest(null, Object(Config\Cache), false)
 4 FCPATH/index.php(67): CodeIgniter\CodeIgniter->run()
CRITICAL - 2023-02-19 12:21:37 --> include(/homepages/0/d941215561/htdocs/app/ThirdParty/dompdf/src/Dompdrf.php): Failed to open stream: No such file or directory
in APPPATH/Controllers/PdfController.php on line 9.
 1 APPPATH/Controllers/PdfController.php(9): CodeIgniter\Debug\Exceptions->errorHandler(2, 'include(/homepages/0/d941215561/htdocs/app/ThirdParty/dompdf/src/Dompdrf.php): Failed to open stream: No such file or directory', 'APPPATH/Controllers/PdfController.php', 9)
 2 APPPATH/Controllers/PdfController.php(9): include()
 3 SYSTEMPATH/CodeIgniter.php(889): App\Controllers\PdfController->__construct()
 4 SYSTEMPATH/CodeIgniter.php(473): CodeIgniter\CodeIgniter->createController()
 5 SYSTEMPATH/CodeIgniter.php(351): CodeIgniter\CodeIgniter->handleRequest(null, Object(Config\Cache), false)
 6 FCPATH/index.php(67): CodeIgniter\CodeIgniter->run()
CRITICAL - 2023-02-19 12:21:43 --> include(/homepages/0/d941215561/htdocs/app/ThirdParty/dompdf/src/Dompdrf.php): Failed to open stream: No such file or directory
in APPPATH/Controllers/PdfController.php on line 9.
 1 APPPATH/Controllers/PdfController.php(9): CodeIgniter\Debug\Exceptions->errorHandler(2, 'include(/homepages/0/d941215561/htdocs/app/ThirdParty/dompdf/src/Dompdrf.php): Failed to open stream: No such file or directory', 'APPPATH/Controllers/PdfController.php', 9)
 2 APPPATH/Controllers/PdfController.php(9): include()
 3 SYSTEMPATH/CodeIgniter.php(889): App\Controllers\PdfController->__construct()
 4 SYSTEMPATH/CodeIgniter.php(473): CodeIgniter\CodeIgniter->createController()
 5 SYSTEMPATH/CodeIgniter.php(351): CodeIgniter\CodeIgniter->handleRequest(null, Object(Config\Cache), false)
 6 FCPATH/index.php(67): CodeIgniter\CodeIgniter->run()
CRITICAL - 2023-02-19 12:23:10 --> Class "App\Controllers\Dompdf\Dompdf" not found
in APPPATH/Controllers/PdfController.php on line 18.
 1 SYSTEMPATH/CodeIgniter.php(927): App\Controllers\PdfController->htmlToPDF()
 2 SYSTEMPATH/CodeIgniter.php(482): CodeIgniter\CodeIgniter->runController(Object(App\Controllers\PdfController))
 3 SYSTEMPATH/CodeIgniter.php(351): CodeIgniter\CodeIgniter->handleRequest(null, Object(Config\Cache), false)
 4 FCPATH/index.php(67): CodeIgniter\CodeIgniter->run()
CRITICAL - 2023-02-19 12:23:24 --> Class "App\Controllers\Dompdf" not found
in APPPATH/Controllers/PdfController.php on line 18.
 1 SYSTEMPATH/CodeIgniter.php(927): App\Controllers\PdfController->htmlToPDF()
 2 SYSTEMPATH/CodeIgniter.php(482): CodeIgniter\CodeIgniter->runController(Object(App\Controllers\PdfController))
 3 SYSTEMPATH/CodeIgniter.php(351): CodeIgniter\CodeIgniter->handleRequest(null, Object(Config\Cache), false)
 4 FCPATH/index.php(67): CodeIgniter\CodeIgniter->run()
CRITICAL - 2023-02-19 12:23:25 --> Class "App\Controllers\Dompdf" not found
in APPPATH/Controllers/PdfController.php on line 18.
 1 SYSTEMPATH/CodeIgniter.php(927): App\Controllers\PdfController->htmlToPDF()
 2 SYSTEMPATH/CodeIgniter.php(482): CodeIgniter\CodeIgniter->runController(Object(App\Controllers\PdfController))
 3 SYSTEMPATH/CodeIgniter.php(351): CodeIgniter\CodeIgniter->handleRequest(null, Object(Config\Cache), false)
 4 FCPATH/index.php(67): CodeIgniter\CodeIgniter->run()
