CRITICAL - 2023-02-06 04:07:28 --> date_isodate_set() expects at least 3 arguments, 2 given
in APPPATH/Controllers/AdminController.php on line 513.
 1 APPPATH/Controllers/AdminController.php(513): date_isodate_set('2023', '02')
 2 SYSTEMPATH/CodeIgniter.php(927): App\Controllers\AdminController->obracun('202302')
 3 SYSTEMPATH/CodeIgniter.php(482): CodeIgniter\CodeIgniter->runController(Object(App\Controllers\AdminController))
 4 SYSTEMPATH/CodeIgniter.php(351): CodeIgniter\CodeIgniter->handleRequest(null, Object(Config\Cache), false)
 5 FCPATH/index.php(67): CodeIgniter\CodeIgniter->run()
CRITICAL - 2023-02-06 04:17:24 --> Undefined variable $monthNo
in APPPATH/Controllers/AdminController.php on line 622.
 1 APPPATH/Controllers/AdminController.php(622): CodeIgniter\Debug\Exceptions->errorHandler(2, 'Undefined variable $monthNo', 'APPPATH/Controllers/AdminController.php', 622)
 2 SYSTEMPATH/CodeIgniter.php(927): App\Controllers\AdminController->obracun('202302')
 3 SYSTEMPATH/CodeIgniter.php(482): CodeIgniter\CodeIgniter->runController(Object(App\Controllers\AdminController))
 4 SYSTEMPATH/CodeIgniter.php(351): CodeIgniter\CodeIgniter->handleRequest(null, Object(Config\Cache), false)
 5 FCPATH/index.php(67): CodeIgniter\CodeIgniter->run()
ERROR - 2023-02-06 04:17:46 --> mysqli_sql_exception: Table 'dbs9189261.obracun' doesn't exist in /homepages/0/d941215561/htdocs/system/Database/MySQLi/Connection.php:292
Stack trace:
#0 /homepages/0/d941215561/htdocs/system/Database/MySQLi/Connection.php(292): mysqli->query('INSERT INTO `ob...', 0)
#1 /homepages/0/d941215561/htdocs/system/Database/BaseConnection.php(666): CodeIgniter\Database\MySQLi\Connection->execute('INSERT INTO `ob...')
#2 /homepages/0/d941215561/htdocs/system/Database/BaseConnection.php(593): CodeIgniter\Database\BaseConnection->simpleQuery('INSERT INTO `ob...')
#3 /homepages/0/d941215561/htdocs/system/Database/BaseBuilder.php(1916): CodeIgniter\Database\BaseConnection->query('INSERT INTO `ob...', Array, false)
#4 /homepages/0/d941215561/htdocs/system/Model.php(279): CodeIgniter\Database\BaseBuilder->insert()
#5 /homepages/0/d941215561/htdocs/system/BaseModel.php(749): CodeIgniter\Model->doInsert(Array)
#6 /homepages/0/d941215561/htdocs/system/Model.php(667): CodeIgniter\BaseModel->insert(Array, false)
#7 /homepages/0/d941215561/htdocs/system/BaseModel.php(659): CodeIgniter\Model->insert(Array, false)
#8 /homepages/0/d941215561/htdocs/app/Controllers/AdminController.php(627): CodeIgniter\BaseModel->save(Array)
#9 /homepages/0/d941215561/htdocs/system/CodeIgniter.php(927): App\Controllers\AdminController->obracun('202302')
#10 /homepages/0/d941215561/htdocs/system/CodeIgniter.php(482): CodeIgniter\CodeIgniter->runController(Object(App\Controllers\AdminController))
#11 /homepages/0/d941215561/htdocs/system/CodeIgniter.php(351): CodeIgniter\CodeIgniter->handleRequest(NULL, Object(Config\Cache), false)
#12 /homepages/0/d941215561/htdocs/public/index.php(67): CodeIgniter\CodeIgniter->run()
#13 {main}
CRITICAL - 2023-02-06 04:17:46 --> Table 'dbs9189261.obracun' doesn't exist
in SYSTEMPATH/Database/MySQLi/Connection.php on line 292.
 1 SYSTEMPATH/Database/MySQLi/Connection.php(292): mysqli->query('INSERT INTO `obracun` (`driver_id`, `vozac`, `fleet`, `month`, `bolt_fiskalizacija`, `uber_fiskalizacija`) VALUES (\'4\', \'Nikola Šagi\', \'Premium Rides\', \'01\', 1, 1)', 0)
 2 SYSTEMPATH/Database/BaseConnection.php(666): CodeIgniter\Database\MySQLi\Connection->execute('INSERT INTO `obracun` (`driver_id`, `vozac`, `fleet`, `month`, `bolt_fiskalizacija`, `uber_fiskalizacija`) VALUES (\'4\', \'Nikola Šagi\', \'Premium Rides\', \'01\', 1, 1)')
 3 SYSTEMPATH/Database/BaseConnection.php(593): CodeIgniter\Database\BaseConnection->simpleQuery('INSERT INTO `obracun` (`driver_id`, `vozac`, `fleet`, `month`, `bolt_fiskalizacija`, `uber_fiskalizacija`) VALUES (\'4\', \'Nikola Šagi\', \'Premium Rides\', \'01\', 1, 1)')
 4 SYSTEMPATH/Database/BaseBuilder.php(1916): CodeIgniter\Database\BaseConnection->query('INSERT INTO `obracun` (`driver_id`, `vozac`, `fleet`, `month`, `bolt_fiskalizacija`, `uber_fiskalizacija`) VALUES (:driver_id:, :vozac:, :fleet:, :month:, :bolt_fiskalizacija:, :uber_fiskalizacija:)', [...], false)
 5 SYSTEMPATH/Model.php(279): CodeIgniter\Database\BaseBuilder->insert()
 6 SYSTEMPATH/BaseModel.php(749): CodeIgniter\Model->doInsert([...])
 7 SYSTEMPATH/Model.php(667): CodeIgniter\BaseModel->insert([...], false)
 8 SYSTEMPATH/BaseModel.php(659): CodeIgniter\Model->insert([...], false)
 9 APPPATH/Controllers/AdminController.php(627): CodeIgniter\BaseModel->save([...])
10 SYSTEMPATH/CodeIgniter.php(927): App\Controllers\AdminController->obracun('202302')
11 SYSTEMPATH/CodeIgniter.php(482): CodeIgniter\CodeIgniter->runController(Object(App\Controllers\AdminController))
12 SYSTEMPATH/CodeIgniter.php(351): CodeIgniter\CodeIgniter->handleRequest(null, Object(Config\Cache), false)
13 FCPATH/index.php(67): CodeIgniter\CodeIgniter->run()
CRITICAL - 2023-02-06 04:30:37 --> Undefined variable $fisk
in APPPATH/Controllers/AdminController.php on line 626.
 1 APPPATH/Controllers/AdminController.php(626): CodeIgniter\Debug\Exceptions->errorHandler(2, 'Undefined variable $fisk', 'APPPATH/Controllers/AdminController.php', 626)
 2 SYSTEMPATH/CodeIgniter.php(927): App\Controllers\AdminController->obracun('202302')
 3 SYSTEMPATH/CodeIgniter.php(482): CodeIgniter\CodeIgniter->runController(Object(App\Controllers\AdminController))
 4 SYSTEMPATH/CodeIgniter.php(351): CodeIgniter\CodeIgniter->handleRequest(null, Object(Config\Cache), false)
 5 FCPATH/index.php(67): CodeIgniter\CodeIgniter->run()
ERROR - 2023-02-06 04:43:36 --> mysqli_sql_exception: Table 'dbs9189261.obracun' doesn't exist in /homepages/0/d941215561/htdocs/system/Database/MySQLi/Connection.php:292
Stack trace:
#0 /homepages/0/d941215561/htdocs/system/Database/MySQLi/Connection.php(292): mysqli->query('INSERT INTO `ob...', 0)
#1 /homepages/0/d941215561/htdocs/system/Database/BaseConnection.php(666): CodeIgniter\Database\MySQLi\Connection->execute('INSERT INTO `ob...')
#2 /homepages/0/d941215561/htdocs/system/Database/BaseConnection.php(593): CodeIgniter\Database\BaseConnection->simpleQuery('INSERT INTO `ob...')
#3 /homepages/0/d941215561/htdocs/system/Database/BaseBuilder.php(1916): CodeIgniter\Database\BaseConnection->query('INSERT INTO `ob...', Array, false)
#4 /homepages/0/d941215561/htdocs/system/Model.php(279): CodeIgniter\Database\BaseBuilder->insert()
#5 /homepages/0/d941215561/htdocs/system/BaseModel.php(749): CodeIgniter\Model->doInsert(Array)
#6 /homepages/0/d941215561/htdocs/system/Model.php(667): CodeIgniter\BaseModel->insert(Array, false)
#7 /homepages/0/d941215561/htdocs/system/BaseModel.php(659): CodeIgniter\Model->insert(Array, false)
#8 /homepages/0/d941215561/htdocs/app/Controllers/AdminController.php(676): CodeIgniter\BaseModel->save(Array)
#9 /homepages/0/d941215561/htdocs/system/CodeIgniter.php(927): App\Controllers\AdminController->obracun('202302')
#10 /homepages/0/d941215561/htdocs/system/CodeIgniter.php(482): CodeIgniter\CodeIgniter->runController(Object(App\Controllers\AdminController))
#11 /homepages/0/d941215561/htdocs/system/CodeIgniter.php(351): CodeIgniter\CodeIgniter->handleRequest(NULL, Object(Config\Cache), false)
#12 /homepages/0/d941215561/htdocs/public/index.php(67): CodeIgniter\CodeIgniter->run()
#13 {main}
CRITICAL - 2023-02-06 04:43:36 --> Table 'dbs9189261.obracun' doesn't exist
in SYSTEMPATH/Database/MySQLi/Connection.php on line 292.
 1 SYSTEMPATH/Database/MySQLi/Connection.php(292): mysqli->query('INSERT INTO `obracun` (`vozac`, `boltNeto`, `boltGotovina`, `boltRazlika`, `uberNeto`, `uberGotovina`, `uberRazlika`, `myPosNeto`, `myPosGotovina`, `myPosRazlika`, `ukupnoNeto`, `ukupnoGotovina`, `ukupnoRazlika`, `provizija`, `taximetar`, `fleet`, `week`, `referals`) VALUES (\'Nikola Šagi\', 60.95, -47, 13.95, 0, 0, 0, 29.44, 0, 29.44, 90.39, -47, 43.39, 0, 2.65, \'Premium Rides\', \'202302\', \'[{\\"vozac\\":\\"Nikola \\\\u0160agi\\",\\"referal_reward\\":\\"0\\",\\"vrsta_provizije\\":\\"Fiksna\\"},{\\"vozac\\":\\"Arijana Husnjak\\",\\"referal_reward\\":\\"0\\",\\"vrsta_provizije\\":\\"Fiksna\\"},{\\"vozac\\":\\"Antonijo Prtenja\\\\u010da\\",\\"referal_reward\\":\\"0\\",\\"vrsta_provizije\\":\\"Fiksna\\"},{\\"vozac\\":\\"Arnel Musi\\\\u0107\\",\\"referal_reward\\":\\"0\\",\\"vrsta_provizije\\":\\"Fiksna\\"},{\\"vozac\\":\\"Hrvoje Stipanovi\\\\u0107\\",\\"referal_reward\\":\\"0\\",\\"vrsta_provizije\\":\\"Fiksna\\"},{\\"vozac\\":\\"Kristijan Pau\\\\u0161i\\\\u0107\\",\\"referal_reward\\":\\"0\\",\\"vrsta_provizije\\":\\"Fiksna\\"},{\\"vozac\\":\\"Marijan Smitka\\",\\"referal_reward\\":\\"0\\",\\"vrsta_provizije\\":\\"Fiksna\\"},{\\"vozac\\":\\"Marko Markovi\\\\u0107\\",\\"referal_reward\\":\\"0\\",\\"vrsta_provizije\\":\\"Fiksna\\"},{\\"vozac\\":\\"Mislav Horvat\\",\\"referal_reward\\":\\"0\\",\\"vrsta_provizije\\":\\"Fiksna\\"},{\\"vozac\\":\\"Robert Juri\\\\u0161i\\\\u0107\\",\\"referal_reward\\":\\"0\\",\\"vrsta_provizije\\":\\"Fiksna\\"},{\\"vozac\\":\\"Stjepan Tunji\\\\u0107\\",\\"referal_reward\\":\\"0\\",\\"vrsta_provizije\\":\\"Fiksna\\"},{\\"vozac\\":\\"\\\\u0160imun Tr\\\\u017ei\\\\u0107\\",\\"referal_reward\\":\\"0\\",\\"vrsta_provizije\\":\\"Fiksna\\"},{\\"vozac\\":\\"Tomislav Mi\\\\u0161kovi\\\\u0107\\",\\"referal_reward\\":\\"0\\",\\"vrsta_provizije\\":\\"Postotak\\"}]\')', 0)
 2 SYSTEMPATH/Database/BaseConnection.php(666): CodeIgniter\Database\MySQLi\Connection->execute('INSERT INTO `obracun` (`vozac`, `boltNeto`, `boltGotovina`, `boltRazlika`, `uberNeto`, `uberGotovina`, `uberRazlika`, `myPosNeto`, `myPosGotovina`, `myPosRazlika`, `ukupnoNeto`, `ukupnoGotovina`, `ukupnoRazlika`, `provizija`, `taximetar`, `fleet`, `week`, `referals`) VALUES (\'Nikola Šagi\', 60.95, -47, 13.95, 0, 0, 0, 29.44, 0, 29.44, 90.39, -47, 43.39, 0, 2.65, \'Premium Rides\', \'202302\', \'[{\\"vozac\\":\\"Nikola \\\\u0160agi\\",\\"referal_reward\\":\\"0\\",\\"vrsta_provizije\\":\\"Fiksna\\"},{\\"vozac\\":\\"Arijana Husnjak\\",\\"referal_reward\\":\\"0\\",\\"vrsta_provizije\\":\\"Fiksna\\"},{\\"vozac\\":\\"Antonijo Prtenja\\\\u010da\\",\\"referal_reward\\":\\"0\\",\\"vrsta_provizije\\":\\"Fiksna\\"},{\\"vozac\\":\\"Arnel Musi\\\\u0107\\",\\"referal_reward\\":\\"0\\",\\"vrsta_provizije\\":\\"Fiksna\\"},{\\"vozac\\":\\"Hrvoje Stipanovi\\\\u0107\\",\\"referal_reward\\":\\"0\\",\\"vrsta_provizije\\":\\"Fiksna\\"},{\\"vozac\\":\\"Kristijan Pau\\\\u0161i\\\\u0107\\",\\"referal_reward\\":\\"0\\",\\"vrsta_provizije\\":\\"Fiksna\\"},{\\"vozac\\":\\"Marijan Smitka\\",\\"referal_reward\\":\\"0\\",\\"vrsta_provizije\\":\\"Fiksna\\"},{\\"vozac\\":\\"Marko Markovi\\\\u0107\\",\\"referal_reward\\":\\"0\\",\\"vrsta_provizije\\":\\"Fiksna\\"},{\\"vozac\\":\\"Mislav Horvat\\",\\"referal_reward\\":\\"0\\",\\"vrsta_provizije\\":\\"Fiksna\\"},{\\"vozac\\":\\"Robert Juri\\\\u0161i\\\\u0107\\",\\"referal_reward\\":\\"0\\",\\"vrsta_provizije\\":\\"Fiksna\\"},{\\"vozac\\":\\"Stjepan Tunji\\\\u0107\\",\\"referal_reward\\":\\"0\\",\\"vrsta_provizije\\":\\"Fiksna\\"},{\\"vozac\\":\\"\\\\u0160imun Tr\\\\u017ei\\\\u0107\\",\\"referal_reward\\":\\"0\\",\\"vrsta_provizije\\":\\"Fiksna\\"},{\\"vozac\\":\\"Tomislav Mi\\\\u0161kovi\\\\u0107\\",\\"referal_reward\\":\\"0\\",\\"vrsta_provizije\\":\\"Postotak\\"}]\')')
 3 SYSTEMPATH/Database/BaseConnection.php(593): CodeIgniter\Database\BaseConnection->simpleQuery('INSERT INTO `obracun` (`vozac`, `boltNeto`, `boltGotovina`, `boltRazlika`, `uberNeto`, `uberGotovina`, `uberRazlika`, `myPosNeto`, `myPosGotovina`, `myPosRazlika`, `ukupnoNeto`, `ukupnoGotovina`, `ukupnoRazlika`, `provizija`, `taximetar`, `fleet`, `week`, `referals`) VALUES (\'Nikola Šagi\', 60.95, -47, 13.95, 0, 0, 0, 29.44, 0, 29.44, 90.39, -47, 43.39, 0, 2.65, \'Premium Rides\', \'202302\', \'[{\\"vozac\\":\\"Nikola \\\\u0160agi\\",\\"referal_reward\\":\\"0\\",\\"vrsta_provizije\\":\\"Fiksna\\"},{\\"vozac\\":\\"Arijana Husnjak\\",\\"referal_reward\\":\\"0\\",\\"vrsta_provizije\\":\\"Fiksna\\"},{\\"vozac\\":\\"Antonijo Prtenja\\\\u010da\\",\\"referal_reward\\":\\"0\\",\\"vrsta_provizije\\":\\"Fiksna\\"},{\\"vozac\\":\\"Arnel Musi\\\\u0107\\",\\"referal_reward\\":\\"0\\",\\"vrsta_provizije\\":\\"Fiksna\\"},{\\"vozac\\":\\"Hrvoje Stipanovi\\\\u0107\\",\\"referal_reward\\":\\"0\\",\\"vrsta_provizije\\":\\"Fiksna\\"},{\\"vozac\\":\\"Kristijan Pau\\\\u0161i\\\\u0107\\",\\"referal_reward\\":\\"0\\",\\"vrsta_provizije\\":\\"Fiksna\\"},{\\"vozac\\":\\"Marijan Smitka\\",\\"referal_reward\\":\\"0\\",\\"vrsta_provizije\\":\\"Fiksna\\"},{\\"vozac\\":\\"Marko Markovi\\\\u0107\\",\\"referal_reward\\":\\"0\\",\\"vrsta_provizije\\":\\"Fiksna\\"},{\\"vozac\\":\\"Mislav Horvat\\",\\"referal_reward\\":\\"0\\",\\"vrsta_provizije\\":\\"Fiksna\\"},{\\"vozac\\":\\"Robert Juri\\\\u0161i\\\\u0107\\",\\"referal_reward\\":\\"0\\",\\"vrsta_provizije\\":\\"Fiksna\\"},{\\"vozac\\":\\"Stjepan Tunji\\\\u0107\\",\\"referal_reward\\":\\"0\\",\\"vrsta_provizije\\":\\"Fiksna\\"},{\\"vozac\\":\\"\\\\u0160imun Tr\\\\u017ei\\\\u0107\\",\\"referal_reward\\":\\"0\\",\\"vrsta_provizije\\":\\"Fiksna\\"},{\\"vozac\\":\\"Tomislav Mi\\\\u0161kovi\\\\u0107\\",\\"referal_reward\\":\\"0\\",\\"vrsta_provizije\\":\\"Postotak\\"}]\')')
 4 SYSTEMPATH/Database/BaseBuilder.php(1916): CodeIgniter\Database\BaseConnection->query('INSERT INTO `obracun` (`vozac`, `boltNeto`, `boltGotovina`, `boltRazlika`, `uberNeto`, `uberGotovina`, `uberRazlika`, `myPosNeto`, `myPosGotovina`, `myPosRazlika`, `ukupnoNeto`, `ukupnoGotovina`, `ukupnoRazlika`, `provizija`, `taximetar`, `fleet`, `week`, `referals`) VALUES (:vozac:, :boltNeto:, :boltGotovina:, :boltRazlika:, :uberNeto:, :uberGotovina:, :uberRazlika:, :myPosNeto:, :myPosGotovina:, :myPosRazlika:, :ukupnoNeto:, :ukupnoGotovina:, :ukupnoRazlika:, :provizija:, :taximetar:, :fleet:, :week:, :referals:)', [...], false)
 5 SYSTEMPATH/Model.php(279): CodeIgniter\Database\BaseBuilder->insert()
 6 SYSTEMPATH/BaseModel.php(749): CodeIgniter\Model->doInsert([...])
 7 SYSTEMPATH/Model.php(667): CodeIgniter\BaseModel->insert([...], false)
 8 SYSTEMPATH/BaseModel.php(659): CodeIgniter\Model->insert([...], false)
 9 APPPATH/Controllers/AdminController.php(676): CodeIgniter\BaseModel->save([...])
10 SYSTEMPATH/CodeIgniter.php(927): App\Controllers\AdminController->obracun('202302')
11 SYSTEMPATH/CodeIgniter.php(482): CodeIgniter\CodeIgniter->runController(Object(App\Controllers\AdminController))
12 SYSTEMPATH/CodeIgniter.php(351): CodeIgniter\CodeIgniter->handleRequest(null, Object(Config\Cache), false)
13 FCPATH/index.php(67): CodeIgniter\CodeIgniter->run()
CRITICAL - 2023-02-06 04:49:43 --> Cannot access offset of type string on string
in APPPATH/Views/adminDashboard/obracun.php on line 18.
 1 SYSTEMPATH/View/View.php(213): include()
 2 SYSTEMPATH/View/View.php(216): CodeIgniter\View\View->CodeIgniter\View\{closure}()
 3 SYSTEMPATH/Common.php(1134): CodeIgniter\View\View->render('adminDashboard/obracun', [], true)
 4 APPPATH/Controllers/AdminController.php(717): view('adminDashboard/obracun', [...])
 5 SYSTEMPATH/CodeIgniter.php(927): App\Controllers\AdminController->obracun('202302')
 6 SYSTEMPATH/CodeIgniter.php(482): CodeIgniter\CodeIgniter->runController(Object(App\Controllers\AdminController))
 7 SYSTEMPATH/CodeIgniter.php(351): CodeIgniter\CodeIgniter->handleRequest(null, Object(Config\Cache), false)
 8 FCPATH/index.php(67): CodeIgniter\CodeIgniter->run()
CRITICAL - 2023-02-06 04:50:57 --> Cannot access offset of type string on string
in APPPATH/Views/adminDashboard/obracun.php on line 18.
 1 SYSTEMPATH/View/View.php(213): include()
 2 SYSTEMPATH/View/View.php(216): CodeIgniter\View\View->CodeIgniter\View\{closure}()
 3 SYSTEMPATH/Common.php(1134): CodeIgniter\View\View->render('adminDashboard/obracun', [], true)
 4 APPPATH/Controllers/AdminController.php(717): view('adminDashboard/obracun', [...])
 5 SYSTEMPATH/CodeIgniter.php(927): App\Controllers\AdminController->obracun('202302')
 6 SYSTEMPATH/CodeIgniter.php(482): CodeIgniter\CodeIgniter->runController(Object(App\Controllers\AdminController))
 7 SYSTEMPATH/CodeIgniter.php(351): CodeIgniter\CodeIgniter->handleRequest(null, Object(Config\Cache), false)
 8 FCPATH/index.php(67): CodeIgniter\CodeIgniter->run()
CRITICAL - 2023-02-06 04:50:58 --> Cannot access offset of type string on string
in APPPATH/Views/adminDashboard/obracun.php on line 18.
 1 SYSTEMPATH/View/View.php(213): include()
 2 SYSTEMPATH/View/View.php(216): CodeIgniter\View\View->CodeIgniter\View\{closure}()
 3 SYSTEMPATH/Common.php(1134): CodeIgniter\View\View->render('adminDashboard/obracun', [], true)
 4 APPPATH/Controllers/AdminController.php(717): view('adminDashboard/obracun', [...])
 5 SYSTEMPATH/CodeIgniter.php(927): App\Controllers\AdminController->obracun('202302')
 6 SYSTEMPATH/CodeIgniter.php(482): CodeIgniter\CodeIgniter->runController(Object(App\Controllers\AdminController))
 7 SYSTEMPATH/CodeIgniter.php(351): CodeIgniter\CodeIgniter->handleRequest(null, Object(Config\Cache), false)
 8 FCPATH/index.php(67): CodeIgniter\CodeIgniter->run()
CRITICAL - 2023-02-06 04:51:02 --> Cannot access offset of type string on string
in APPPATH/Views/adminDashboard/obracun.php on line 18.
 1 SYSTEMPATH/View/View.php(213): include()
 2 SYSTEMPATH/View/View.php(216): CodeIgniter\View\View->CodeIgniter\View\{closure}()
 3 SYSTEMPATH/Common.php(1134): CodeIgniter\View\View->render('adminDashboard/obracun', [], true)
 4 APPPATH/Controllers/AdminController.php(717): view('adminDashboard/obracun', [...])
 5 SYSTEMPATH/CodeIgniter.php(927): App\Controllers\AdminController->obracun('202303')
 6 SYSTEMPATH/CodeIgniter.php(482): CodeIgniter\CodeIgniter->runController(Object(App\Controllers\AdminController))
 7 SYSTEMPATH/CodeIgniter.php(351): CodeIgniter\CodeIgniter->handleRequest(null, Object(Config\Cache), false)
 8 FCPATH/index.php(67): CodeIgniter\CodeIgniter->run()
CRITICAL - 2023-02-06 05:16:19 --> Array to string conversion
in APPPATH/Controllers/AdminController.php on line 677.
 1 [internal function]: CodeIgniter\Debug\Exceptions->errorHandler(2, 'Array to string conversion', 'APPPATH/Controllers/AdminController.php', 677)
 2 APPPATH/Controllers/AdminController.php(677): array_unique([...])
 3 SYSTEMPATH/CodeIgniter.php(927): App\Controllers\AdminController->obracun('202303')
 4 SYSTEMPATH/CodeIgniter.php(482): CodeIgniter\CodeIgniter->runController(Object(App\Controllers\AdminController))
 5 SYSTEMPATH/CodeIgniter.php(351): CodeIgniter\CodeIgniter->handleRequest(null, Object(Config\Cache), false)
 6 FCPATH/index.php(67): CodeIgniter\CodeIgniter->run()
CRITICAL - 2023-02-06 05:21:52 --> Array to string conversion
in APPPATH/Controllers/AdminController.php on line 679.
 1 [internal function]: CodeIgniter\Debug\Exceptions->errorHandler(2, 'Array to string conversion', 'APPPATH/Controllers/AdminController.php', 679)
 2 APPPATH/Controllers/AdminController.php(679): array_unique([...])
 3 SYSTEMPATH/CodeIgniter.php(927): App\Controllers\AdminController->obracun('202304')
 4 SYSTEMPATH/CodeIgniter.php(482): CodeIgniter\CodeIgniter->runController(Object(App\Controllers\AdminController))
 5 SYSTEMPATH/CodeIgniter.php(351): CodeIgniter\CodeIgniter->handleRequest(null, Object(Config\Cache), false)
 6 FCPATH/index.php(67): CodeIgniter\CodeIgniter->run()
CRITICAL - 2023-02-06 05:23:20 --> Array to string conversion
in APPPATH/Controllers/AdminController.php on line 677.
 1 [internal function]: CodeIgniter\Debug\Exceptions->errorHandler(2, 'Array to string conversion', 'APPPATH/Controllers/AdminController.php', 677)
 2 APPPATH/Controllers/AdminController.php(677): array_unique([...])
 3 SYSTEMPATH/CodeIgniter.php(927): App\Controllers\AdminController->obracun('202304')
 4 SYSTEMPATH/CodeIgniter.php(482): CodeIgniter\CodeIgniter->runController(Object(App\Controllers\AdminController))
 5 SYSTEMPATH/CodeIgniter.php(351): CodeIgniter\CodeIgniter->handleRequest(null, Object(Config\Cache), false)
 6 FCPATH/index.php(67): CodeIgniter\CodeIgniter->run()
CRITICAL - 2023-02-06 05:23:51 --> Array to string conversion
in APPPATH/Controllers/AdminController.php on line 677.
 1 [internal function]: CodeIgniter\Debug\Exceptions->errorHandler(2, 'Array to string conversion', 'APPPATH/Controllers/AdminController.php', 677)
 2 APPPATH/Controllers/AdminController.php(677): array_unique([...])
 3 SYSTEMPATH/CodeIgniter.php(927): App\Controllers\AdminController->obracun('202304')
 4 SYSTEMPATH/CodeIgniter.php(482): CodeIgniter\CodeIgniter->runController(Object(App\Controllers\AdminController))
 5 SYSTEMPATH/CodeIgniter.php(351): CodeIgniter\CodeIgniter->handleRequest(null, Object(Config\Cache), false)
 6 FCPATH/index.php(67): CodeIgniter\CodeIgniter->run()
CRITICAL - 2023-02-06 05:24:12 --> Array to string conversion
in APPPATH/Controllers/AdminController.php on line 677.
 1 [internal function]: CodeIgniter\Debug\Exceptions->errorHandler(2, 'Array to string conversion', 'APPPATH/Controllers/AdminController.php', 677)
 2 APPPATH/Controllers/AdminController.php(677): array_unique([...])
 3 SYSTEMPATH/CodeIgniter.php(927): App\Controllers\AdminController->obracun('202304')
 4 SYSTEMPATH/CodeIgniter.php(482): CodeIgniter\CodeIgniter->runController(Object(App\Controllers\AdminController))
 5 SYSTEMPATH/CodeIgniter.php(351): CodeIgniter\CodeIgniter->handleRequest(null, Object(Config\Cache), false)
 6 FCPATH/index.php(67): CodeIgniter\CodeIgniter->run()
CRITICAL - 2023-02-06 05:32:30 --> Undefined array key "week"
in APPPATH/Controllers/AdminController.php on line 677.
 1 APPPATH/Controllers/AdminController.php(677): CodeIgniter\Debug\Exceptions->errorHandler(2, 'Undefined array key "week"', 'APPPATH/Controllers/AdminController.php', 677)
 2 SYSTEMPATH/CodeIgniter.php(927): App\Controllers\AdminController->obracun('202304')
 3 SYSTEMPATH/CodeIgniter.php(482): CodeIgniter\CodeIgniter->runController(Object(App\Controllers\AdminController))
 4 SYSTEMPATH/CodeIgniter.php(351): CodeIgniter\CodeIgniter->handleRequest(null, Object(Config\Cache), false)
 5 FCPATH/index.php(67): CodeIgniter\CodeIgniter->run()
CRITICAL - 2023-02-06 05:34:04 --> Undefined variable $postObracuni
in APPPATH/Controllers/AdminController.php on line 684.
 1 APPPATH/Controllers/AdminController.php(684): CodeIgniter\Debug\Exceptions->errorHandler(2, 'Undefined variable $postObracuni', 'APPPATH/Controllers/AdminController.php', 684)
 2 SYSTEMPATH/CodeIgniter.php(927): App\Controllers\AdminController->obracun('202304')
 3 SYSTEMPATH/CodeIgniter.php(482): CodeIgniter\CodeIgniter->runController(Object(App\Controllers\AdminController))
 4 SYSTEMPATH/CodeIgniter.php(351): CodeIgniter\CodeIgniter->handleRequest(null, Object(Config\Cache), false)
 5 FCPATH/index.php(67): CodeIgniter\CodeIgniter->run()
CRITICAL - 2023-02-06 07:53:32 --> syntax error, unexpected token "else", expecting "function" or "const"
in APPPATH/Controllers/AdminController.php on line 732.
 1 SYSTEMPATH/Autoloader/Autoloader.php(259): CodeIgniter\Autoloader\Autoloader->includeFile('APPPATH/Controllers/AdminController.php')
 2 SYSTEMPATH/Autoloader/Autoloader.php(237): CodeIgniter\Autoloader\Autoloader->loadInNamespace('App\\Controllers\\AdminController')
 3 [internal function]: CodeIgniter\Autoloader\Autoloader->loadClass('App\\Controllers\\AdminController')
 4 SYSTEMPATH/CodeIgniter.php(877): class_exists('\\App\\Controllers\\AdminController', true)
 5 SYSTEMPATH/CodeIgniter.php(469): CodeIgniter\CodeIgniter->startController()
 6 SYSTEMPATH/CodeIgniter.php(351): CodeIgniter\CodeIgniter->handleRequest(null, Object(Config\Cache), false)
 7 FCPATH/index.php(67): CodeIgniter\CodeIgniter->run()
CRITICAL - 2023-02-06 07:55:55 --> Undefined variable $posObr
in APPPATH/Controllers/AdminController.php on line 685.
 1 APPPATH/Controllers/AdminController.php(685): CodeIgniter\Debug\Exceptions->errorHandler(2, 'Undefined variable $posObr', 'APPPATH/Controllers/AdminController.php', 685)
 2 SYSTEMPATH/CodeIgniter.php(927): App\Controllers\AdminController->obracun('202302')
 3 SYSTEMPATH/CodeIgniter.php(482): CodeIgniter\CodeIgniter->runController(Object(App\Controllers\AdminController))
 4 SYSTEMPATH/CodeIgniter.php(351): CodeIgniter\CodeIgniter->handleRequest(null, Object(Config\Cache), false)
 5 FCPATH/index.php(67): CodeIgniter\CodeIgniter->run()
CRITICAL - 2023-02-06 07:57:53 --> Cannot use [] for reading
in APPPATH/Controllers/AdminController.php on line 682.
 1 SYSTEMPATH/CodeIgniter.php(927): App\Controllers\AdminController->obracun('202302')
 2 SYSTEMPATH/CodeIgniter.php(482): CodeIgniter\CodeIgniter->runController(Object(App\Controllers\AdminController))
 3 SYSTEMPATH/CodeIgniter.php(351): CodeIgniter\CodeIgniter->handleRequest(null, Object(Config\Cache), false)
 4 FCPATH/index.php(67): CodeIgniter\CodeIgniter->run()
CRITICAL - 2023-02-06 08:55:40 --> Call to undefined method App\Models\ObracunModel::getNumRows
in SYSTEMPATH/Model.php on line 774.
 1 APPPATH/Controllers/AdminController.php(524): CodeIgniter\Model->__call('getNumRows', [])
 2 SYSTEMPATH/CodeIgniter.php(927): App\Controllers\AdminController->obracun('202302')
 3 SYSTEMPATH/CodeIgniter.php(482): CodeIgniter\CodeIgniter->runController(Object(App\Controllers\AdminController))
 4 SYSTEMPATH/CodeIgniter.php(351): CodeIgniter\CodeIgniter->handleRequest(null, Object(Config\Cache), false)
 5 FCPATH/index.php(67): CodeIgniter\CodeIgniter->run()
CRITICAL - 2023-02-06 08:56:34 --> Call to undefined method App\Models\ObracunModel::count_all_results
in SYSTEMPATH/Model.php on line 774.
 1 APPPATH/Controllers/AdminController.php(524): CodeIgniter\Model->__call('count_all_results', [])
 2 SYSTEMPATH/CodeIgniter.php(927): App\Controllers\AdminController->obracun('202302')
 3 SYSTEMPATH/CodeIgniter.php(482): CodeIgniter\CodeIgniter->runController(Object(App\Controllers\AdminController))
 4 SYSTEMPATH/CodeIgniter.php(351): CodeIgniter\CodeIgniter->handleRequest(null, Object(Config\Cache), false)
 5 FCPATH/index.php(67): CodeIgniter\CodeIgniter->run()
CRITICAL - 2023-02-06 08:56:35 --> Call to undefined method App\Models\ObracunModel::count_all_results
in SYSTEMPATH/Model.php on line 774.
 1 APPPATH/Controllers/AdminController.php(524): CodeIgniter\Model->__call('count_all_results', [])
 2 SYSTEMPATH/CodeIgniter.php(927): App\Controllers\AdminController->obracun('202302')
 3 SYSTEMPATH/CodeIgniter.php(482): CodeIgniter\CodeIgniter->runController(Object(App\Controllers\AdminController))
 4 SYSTEMPATH/CodeIgniter.php(351): CodeIgniter\CodeIgniter->handleRequest(null, Object(Config\Cache), false)
 5 FCPATH/index.php(67): CodeIgniter\CodeIgniter->run()
CRITICAL - 2023-02-06 08:56:53 --> Call to undefined method CodeIgniter\Database\MySQLi\Result::count_all_results()
in APPPATH/Controllers/AdminController.php on line 524.
 1 SYSTEMPATH/CodeIgniter.php(927): App\Controllers\AdminController->obracun('202302')
 2 SYSTEMPATH/CodeIgniter.php(482): CodeIgniter\CodeIgniter->runController(Object(App\Controllers\AdminController))
 3 SYSTEMPATH/CodeIgniter.php(351): CodeIgniter\CodeIgniter->handleRequest(null, Object(Config\Cache), false)
 4 FCPATH/index.php(67): CodeIgniter\CodeIgniter->run()
CRITICAL - 2023-02-06 08:56:54 --> Call to undefined method CodeIgniter\Database\MySQLi\Result::count_all_results()
in APPPATH/Controllers/AdminController.php on line 524.
 1 SYSTEMPATH/CodeIgniter.php(927): App\Controllers\AdminController->obracun('202302')
 2 SYSTEMPATH/CodeIgniter.php(482): CodeIgniter\CodeIgniter->runController(Object(App\Controllers\AdminController))
 3 SYSTEMPATH/CodeIgniter.php(351): CodeIgniter\CodeIgniter->handleRequest(null, Object(Config\Cache), false)
 4 FCPATH/index.php(67): CodeIgniter\CodeIgniter->run()
CRITICAL - 2023-02-06 09:05:08 --> insertBatch() called with no data
in SYSTEMPATH/Database/BaseBuilder.php on line 1749.
 1 SYSTEMPATH/Model.php(312): CodeIgniter\Database\BaseBuilder->insertBatch([], null, 100)
 2 SYSTEMPATH/BaseModel.php(835): CodeIgniter\Model->doInsertBatch([], null, 100, false)
 3 APPPATH/Controllers/AdminController.php(680): CodeIgniter\BaseModel->insertBatch([])
 4 SYSTEMPATH/CodeIgniter.php(927): App\Controllers\AdminController->obracun('202308')
 5 SYSTEMPATH/CodeIgniter.php(482): CodeIgniter\CodeIgniter->runController(Object(App\Controllers\AdminController))
 6 SYSTEMPATH/CodeIgniter.php(351): CodeIgniter\CodeIgniter->handleRequest(null, Object(Config\Cache), false)
 7 FCPATH/index.php(67): CodeIgniter\CodeIgniter->run()
CRITICAL - 2023-02-06 09:09:14 --> Call to a member function getResultArray() on null
in APPPATH/Controllers/AdminController.php on line 723.
 1 SYSTEMPATH/CodeIgniter.php(927): App\Controllers\AdminController->obracun('202303')
 2 SYSTEMPATH/CodeIgniter.php(482): CodeIgniter\CodeIgniter->runController(Object(App\Controllers\AdminController))
 3 SYSTEMPATH/CodeIgniter.php(351): CodeIgniter\CodeIgniter->handleRequest(null, Object(Config\Cache), false)
 4 FCPATH/index.php(67): CodeIgniter\CodeIgniter->run()
CRITICAL - 2023-02-06 09:10:26 --> Call to a member function getResultArray() on null
in APPPATH/Controllers/AdminController.php on line 723.
 1 SYSTEMPATH/CodeIgniter.php(927): App\Controllers\AdminController->obracun('202304')
 2 SYSTEMPATH/CodeIgniter.php(482): CodeIgniter\CodeIgniter->runController(Object(App\Controllers\AdminController))
 3 SYSTEMPATH/CodeIgniter.php(351): CodeIgniter\CodeIgniter->handleRequest(null, Object(Config\Cache), false)
 4 FCPATH/index.php(67): CodeIgniter\CodeIgniter->run()
CRITICAL - 2023-02-06 09:14:04 --> Call to a member function getResultArray() on null
in APPPATH/Controllers/AdminController.php on line 725.
 1 SYSTEMPATH/CodeIgniter.php(927): App\Controllers\AdminController->obracun('202304')
 2 SYSTEMPATH/CodeIgniter.php(482): CodeIgniter\CodeIgniter->runController(Object(App\Controllers\AdminController))
 3 SYSTEMPATH/CodeIgniter.php(351): CodeIgniter\CodeIgniter->handleRequest(null, Object(Config\Cache), false)
 4 FCPATH/index.php(67): CodeIgniter\CodeIgniter->run()
CRITICAL - 2023-02-06 09:14:43 --> Undefined variable $reportForWeek
in APPPATH/Controllers/AdminController.php on line 727.
 1 APPPATH/Controllers/AdminController.php(727): CodeIgniter\Debug\Exceptions->errorHandler(2, 'Undefined variable $reportForWeek', 'APPPATH/Controllers/AdminController.php', 727)
 2 SYSTEMPATH/CodeIgniter.php(927): App\Controllers\AdminController->obracun('202304')
 3 SYSTEMPATH/CodeIgniter.php(482): CodeIgniter\CodeIgniter->runController(Object(App\Controllers\AdminController))
 4 SYSTEMPATH/CodeIgniter.php(351): CodeIgniter\CodeIgniter->handleRequest(null, Object(Config\Cache), false)
 5 FCPATH/index.php(67): CodeIgniter\CodeIgniter->run()
CRITICAL - 2023-02-06 09:15:05 --> Undefined variable $page
in APPPATH/Views/adminDashboard/header.php on line 8.
 1 APPPATH/Views/adminDashboard/header.php(8): CodeIgniter\Debug\Exceptions->errorHandler(2, 'Undefined variable $page', 'APPPATH/Views/adminDashboard/header.php', 8)
 2 SYSTEMPATH/View/View.php(213): include('APPPATH/Views/adminDashboard/header.php')
 3 SYSTEMPATH/View/View.php(216): CodeIgniter\View\View->CodeIgniter\View\{closure}()
 4 SYSTEMPATH/Common.php(1134): CodeIgniter\View\View->render('adminDashboard/header', [], true)
 5 APPPATH/Controllers/AdminController.php(730): view('adminDashboard/header', [...])
 6 SYSTEMPATH/CodeIgniter.php(927): App\Controllers\AdminController->obracun('202304')
 7 SYSTEMPATH/CodeIgniter.php(482): CodeIgniter\CodeIgniter->runController(Object(App\Controllers\AdminController))
 8 SYSTEMPATH/CodeIgniter.php(351): CodeIgniter\CodeIgniter->handleRequest(null, Object(Config\Cache), false)
 9 FCPATH/index.php(67): CodeIgniter\CodeIgniter->run()
CRITICAL - 2023-02-06 09:15:32 --> foreach() argument must be of type array|object, string given
in APPPATH/Views/adminDashboard/obracun.php on line 80.
 1 APPPATH/Views/adminDashboard/obracun.php(80): CodeIgniter\Debug\Exceptions->errorHandler(2, 'foreach() argument must be of type array|object, string given', 'APPPATH/Views/adminDashboard/obracun.php', 80)
 2 SYSTEMPATH/View/View.php(213): include('APPPATH/Views/adminDashboard/obracun.php')
 3 SYSTEMPATH/View/View.php(216): CodeIgniter\View\View->CodeIgniter\View\{closure}()
 4 SYSTEMPATH/Common.php(1134): CodeIgniter\View\View->render('adminDashboard/obracun', [], true)
 5 APPPATH/Controllers/AdminController.php(733): view('adminDashboard/obracun')
 6 SYSTEMPATH/CodeIgniter.php(927): App\Controllers\AdminController->obracun('202304')
 7 SYSTEMPATH/CodeIgniter.php(482): CodeIgniter\CodeIgniter->runController(Object(App\Controllers\AdminController))
 8 SYSTEMPATH/CodeIgniter.php(351): CodeIgniter\CodeIgniter->handleRequest(null, Object(Config\Cache), false)
 9 FCPATH/index.php(67): CodeIgniter\CodeIgniter->run()
CRITICAL - 2023-02-06 09:17:45 --> foreach() argument must be of type array|object, null given
in APPPATH/Views/adminDashboard/obracun.php on line 80.
 1 APPPATH/Views/adminDashboard/obracun.php(80): CodeIgniter\Debug\Exceptions->errorHandler(2, 'foreach() argument must be of type array|object, null given', 'APPPATH/Views/adminDashboard/obracun.php', 80)
 2 SYSTEMPATH/View/View.php(213): include('APPPATH/Views/adminDashboard/obracun.php')
 3 SYSTEMPATH/View/View.php(216): CodeIgniter\View\View->CodeIgniter\View\{closure}()
 4 SYSTEMPATH/Common.php(1134): CodeIgniter\View\View->render('adminDashboard/obracun', [], true)
 5 APPPATH/Controllers/AdminController.php(733): view('adminDashboard/obracun')
 6 SYSTEMPATH/CodeIgniter.php(927): App\Controllers\AdminController->obracun('202304')
 7 SYSTEMPATH/CodeIgniter.php(482): CodeIgniter\CodeIgniter->runController(Object(App\Controllers\AdminController))
 8 SYSTEMPATH/CodeIgniter.php(351): CodeIgniter\CodeIgniter->handleRequest(null, Object(Config\Cache), false)
 9 FCPATH/index.php(67): CodeIgniter\CodeIgniter->run()
CRITICAL - 2023-02-06 09:18:33 --> foreach() argument must be of type array|object, null given
in APPPATH/Views/adminDashboard/obracun.php on line 81.
 1 APPPATH/Views/adminDashboard/obracun.php(81): CodeIgniter\Debug\Exceptions->errorHandler(2, 'foreach() argument must be of type array|object, null given', 'APPPATH/Views/adminDashboard/obracun.php', 81)
 2 SYSTEMPATH/View/View.php(213): include('APPPATH/Views/adminDashboard/obracun.php')
 3 SYSTEMPATH/View/View.php(216): CodeIgniter\View\View->CodeIgniter\View\{closure}()
 4 SYSTEMPATH/Common.php(1134): CodeIgniter\View\View->render('adminDashboard/obracun', [], true)
 5 APPPATH/Controllers/AdminController.php(733): view('adminDashboard/obracun')
 6 SYSTEMPATH/CodeIgniter.php(927): App\Controllers\AdminController->obracun('202304')
 7 SYSTEMPATH/CodeIgniter.php(482): CodeIgniter\CodeIgniter->runController(Object(App\Controllers\AdminController))
 8 SYSTEMPATH/CodeIgniter.php(351): CodeIgniter\CodeIgniter->handleRequest(null, Object(Config\Cache), false)
 9 FCPATH/index.php(67): CodeIgniter\CodeIgniter->run()
CRITICAL - 2023-02-06 09:19:07 --> foreach() argument must be of type array|object, null given
in APPPATH/Views/adminDashboard/obracun.php on line 81.
 1 APPPATH/Views/adminDashboard/obracun.php(81): CodeIgniter\Debug\Exceptions->errorHandler(2, 'foreach() argument must be of type array|object, null given', 'APPPATH/Views/adminDashboard/obracun.php', 81)
 2 SYSTEMPATH/View/View.php(213): include('APPPATH/Views/adminDashboard/obracun.php')
 3 SYSTEMPATH/View/View.php(216): CodeIgniter\View\View->CodeIgniter\View\{closure}()
 4 SYSTEMPATH/Common.php(1134): CodeIgniter\View\View->render('adminDashboard/obracun', [], true)
 5 APPPATH/Controllers/AdminController.php(733): view('adminDashboard/obracun')
 6 SYSTEMPATH/CodeIgniter.php(927): App\Controllers\AdminController->obracun('202304')
 7 SYSTEMPATH/CodeIgniter.php(482): CodeIgniter\CodeIgniter->runController(Object(App\Controllers\AdminController))
 8 SYSTEMPATH/CodeIgniter.php(351): CodeIgniter\CodeIgniter->handleRequest(null, Object(Config\Cache), false)
 9 FCPATH/index.php(67): CodeIgniter\CodeIgniter->run()
CRITICAL - 2023-02-06 09:22:02 --> Undefined variable $obracunFirma
in APPPATH/Views/adminDashboard/obracun.php on line 122.
 1 APPPATH/Views/adminDashboard/obracun.php(122): CodeIgniter\Debug\Exceptions->errorHandler(2, 'Undefined variable $obracunFirma', 'APPPATH/Views/adminDashboard/obracun.php', 122)
 2 SYSTEMPATH/View/View.php(213): include('APPPATH/Views/adminDashboard/obracun.php')
 3 SYSTEMPATH/View/View.php(216): CodeIgniter\View\View->CodeIgniter\View\{closure}()
 4 SYSTEMPATH/Common.php(1134): CodeIgniter\View\View->render('adminDashboard/obracun', [], true)
 5 APPPATH/Controllers/AdminController.php(733): view('adminDashboard/obracun')
 6 SYSTEMPATH/CodeIgniter.php(927): App\Controllers\AdminController->obracun('202304')
 7 SYSTEMPATH/CodeIgniter.php(482): CodeIgniter\CodeIgniter->runController(Object(App\Controllers\AdminController))
 8 SYSTEMPATH/CodeIgniter.php(351): CodeIgniter\CodeIgniter->handleRequest(null, Object(Config\Cache), false)
 9 FCPATH/index.php(67): CodeIgniter\CodeIgniter->run()
CRITICAL - 2023-02-06 09:34:32 --> Undefined variable $obracunFirma
in APPPATH/Views/adminDashboard/obracun.php on line 122.
 1 APPPATH/Views/adminDashboard/obracun.php(122): CodeIgniter\Debug\Exceptions->errorHandler(2, 'Undefined variable $obracunFirma', 'APPPATH/Views/adminDashboard/obracun.php', 122)
 2 SYSTEMPATH/View/View.php(213): include('APPPATH/Views/adminDashboard/obracun.php')
 3 SYSTEMPATH/View/View.php(216): CodeIgniter\View\View->CodeIgniter\View\{closure}()
 4 SYSTEMPATH/Common.php(1134): CodeIgniter\View\View->render('adminDashboard/obracun', [], true)
 5 APPPATH/Controllers/AdminController.php(737): view('adminDashboard/obracun')
 6 SYSTEMPATH/CodeIgniter.php(927): App\Controllers\AdminController->obracun('202302')
 7 SYSTEMPATH/CodeIgniter.php(482): CodeIgniter\CodeIgniter->runController(Object(App\Controllers\AdminController))
 8 SYSTEMPATH/CodeIgniter.php(351): CodeIgniter\CodeIgniter->handleRequest(null, Object(Config\Cache), false)
 9 FCPATH/index.php(67): CodeIgniter\CodeIgniter->run()
CRITICAL - 2023-02-06 09:35:18 --> Undefined variable $obracunFirmaModel
in APPPATH/Controllers/AdminController.php on line 730.
 1 APPPATH/Controllers/AdminController.php(730): CodeIgniter\Debug\Exceptions->errorHandler(2, 'Undefined variable $obracunFirmaModel', 'APPPATH/Controllers/AdminController.php', 730)
 2 SYSTEMPATH/CodeIgniter.php(927): App\Controllers\AdminController->obracun('202302')
 3 SYSTEMPATH/CodeIgniter.php(482): CodeIgniter\CodeIgniter->runController(Object(App\Controllers\AdminController))
 4 SYSTEMPATH/CodeIgniter.php(351): CodeIgniter\CodeIgniter->handleRequest(null, Object(Config\Cache), false)
 5 FCPATH/index.php(67): CodeIgniter\CodeIgniter->run()
CRITICAL - 2023-02-06 09:37:16 --> Undefined variable $obracunFirma
in APPPATH/Views/adminDashboard/obracun.php on line 122.
 1 APPPATH/Views/adminDashboard/obracun.php(122): CodeIgniter\Debug\Exceptions->errorHandler(2, 'Undefined variable $obracunFirma', 'APPPATH/Views/adminDashboard/obracun.php', 122)
 2 SYSTEMPATH/View/View.php(213): include('APPPATH/Views/adminDashboard/obracun.php')
 3 SYSTEMPATH/View/View.php(216): CodeIgniter\View\View->CodeIgniter\View\{closure}()
 4 SYSTEMPATH/Common.php(1134): CodeIgniter\View\View->render('adminDashboard/obracun', [], true)
 5 APPPATH/Controllers/AdminController.php(739): view('adminDashboard/obracun')
 6 SYSTEMPATH/CodeIgniter.php(927): App\Controllers\AdminController->obracun('202302')
 7 SYSTEMPATH/CodeIgniter.php(482): CodeIgniter\CodeIgniter->runController(Object(App\Controllers\AdminController))
 8 SYSTEMPATH/CodeIgniter.php(351): CodeIgniter\CodeIgniter->handleRequest(null, Object(Config\Cache), false)
 9 FCPATH/index.php(67): CodeIgniter\CodeIgniter->run()
CRITICAL - 2023-02-06 09:37:46 --> Undefined array key "uberNetoSvi"
in APPPATH/Views/adminDashboard/obracun.php on line 122.
 1 APPPATH/Views/adminDashboard/obracun.php(122): CodeIgniter\Debug\Exceptions->errorHandler(2, 'Undefined array key "uberNetoSvi"', 'APPPATH/Views/adminDashboard/obracun.php', 122)
 2 SYSTEMPATH/View/View.php(213): include('APPPATH/Views/adminDashboard/obracun.php')
 3 SYSTEMPATH/View/View.php(216): CodeIgniter\View\View->CodeIgniter\View\{closure}()
 4 SYSTEMPATH/Common.php(1134): CodeIgniter\View\View->render('adminDashboard/obracun', [], true)
 5 APPPATH/Controllers/AdminController.php(740): view('adminDashboard/obracun')
 6 SYSTEMPATH/CodeIgniter.php(927): App\Controllers\AdminController->obracun('202302')
 7 SYSTEMPATH/CodeIgniter.php(482): CodeIgniter\CodeIgniter->runController(Object(App\Controllers\AdminController))
 8 SYSTEMPATH/CodeIgniter.php(351): CodeIgniter\CodeIgniter->handleRequest(null, Object(Config\Cache), false)
 9 FCPATH/index.php(67): CodeIgniter\CodeIgniter->run()
CRITICAL - 2023-02-06 09:37:49 --> Undefined array key "uberNetoSvi"
in APPPATH/Views/adminDashboard/obracun.php on line 122.
 1 APPPATH/Views/adminDashboard/obracun.php(122): CodeIgniter\Debug\Exceptions->errorHandler(2, 'Undefined array key "uberNetoSvi"', 'APPPATH/Views/adminDashboard/obracun.php', 122)
 2 SYSTEMPATH/View/View.php(213): include('APPPATH/Views/adminDashboard/obracun.php')
 3 SYSTEMPATH/View/View.php(216): CodeIgniter\View\View->CodeIgniter\View\{closure}()
 4 SYSTEMPATH/Common.php(1134): CodeIgniter\View\View->render('adminDashboard/obracun', [], true)
 5 APPPATH/Controllers/AdminController.php(740): view('adminDashboard/obracun')
 6 SYSTEMPATH/CodeIgniter.php(927): App\Controllers\AdminController->obracun('202302')
 7 SYSTEMPATH/CodeIgniter.php(482): CodeIgniter\CodeIgniter->runController(Object(App\Controllers\AdminController))
 8 SYSTEMPATH/CodeIgniter.php(351): CodeIgniter\CodeIgniter->handleRequest(null, Object(Config\Cache), false)
 9 FCPATH/index.php(67): CodeIgniter\CodeIgniter->run()
CRITICAL - 2023-02-06 09:38:54 --> foreach() argument must be of type array|object, string given
in APPPATH/Views/adminDashboard/obracun.php on line 166.
 1 APPPATH/Views/adminDashboard/obracun.php(166): CodeIgniter\Debug\Exceptions->errorHandler(2, 'foreach() argument must be of type array|object, string given', 'APPPATH/Views/adminDashboard/obracun.php', 166)
 2 SYSTEMPATH/View/View.php(213): include('APPPATH/Views/adminDashboard/obracun.php')
 3 SYSTEMPATH/View/View.php(216): CodeIgniter\View\View->CodeIgniter\View\{closure}()
 4 SYSTEMPATH/Common.php(1134): CodeIgniter\View\View->render('adminDashboard/obracun', [], true)
 5 APPPATH/Controllers/AdminController.php(742): view('adminDashboard/obracun')
 6 SYSTEMPATH/CodeIgniter.php(927): App\Controllers\AdminController->obracun('202302')
 7 SYSTEMPATH/CodeIgniter.php(482): CodeIgniter\CodeIgniter->runController(Object(App\Controllers\AdminController))
 8 SYSTEMPATH/CodeIgniter.php(351): CodeIgniter\CodeIgniter->handleRequest(null, Object(Config\Cache), false)
 9 FCPATH/index.php(67): CodeIgniter\CodeIgniter->run()
CRITICAL - 2023-02-06 09:40:03 --> foreach() argument must be of type array|object, string given
in APPPATH/Views/adminDashboard/obracun.php on line 166.
 1 APPPATH/Views/adminDashboard/obracun.php(166): CodeIgniter\Debug\Exceptions->errorHandler(2, 'foreach() argument must be of type array|object, string given', 'APPPATH/Views/adminDashboard/obracun.php', 166)
 2 SYSTEMPATH/View/View.php(213): include('APPPATH/Views/adminDashboard/obracun.php')
 3 SYSTEMPATH/View/View.php(216): CodeIgniter\View\View->CodeIgniter\View\{closure}()
 4 SYSTEMPATH/Common.php(1134): CodeIgniter\View\View->render('adminDashboard/obracun', [], true)
 5 APPPATH/Controllers/AdminController.php(740): view('adminDashboard/obracun')
 6 SYSTEMPATH/CodeIgniter.php(927): App\Controllers\AdminController->obracun('202302')
 7 SYSTEMPATH/CodeIgniter.php(482): CodeIgniter\CodeIgniter->runController(Object(App\Controllers\AdminController))
 8 SYSTEMPATH/CodeIgniter.php(351): CodeIgniter\CodeIgniter->handleRequest(null, Object(Config\Cache), false)
 9 FCPATH/index.php(67): CodeIgniter\CodeIgniter->run()
CRITICAL - 2023-02-06 09:41:10 --> foreach() argument must be of type array|object, string given
in APPPATH/Views/adminDashboard/obracun.php on line 166.
 1 APPPATH/Views/adminDashboard/obracun.php(166): CodeIgniter\Debug\Exceptions->errorHandler(2, 'foreach() argument must be of type array|object, string given', 'APPPATH/Views/adminDashboard/obracun.php', 166)
 2 SYSTEMPATH/View/View.php(213): include('APPPATH/Views/adminDashboard/obracun.php')
 3 SYSTEMPATH/View/View.php(216): CodeIgniter\View\View->CodeIgniter\View\{closure}()
 4 SYSTEMPATH/Common.php(1134): CodeIgniter\View\View->render('adminDashboard/obracun', [], true)
 5 APPPATH/Controllers/AdminController.php(745): view('adminDashboard/obracun')
 6 SYSTEMPATH/CodeIgniter.php(927): App\Controllers\AdminController->obracun('202302')
 7 SYSTEMPATH/CodeIgniter.php(482): CodeIgniter\CodeIgniter->runController(Object(App\Controllers\AdminController))
 8 SYSTEMPATH/CodeIgniter.php(351): CodeIgniter\CodeIgniter->handleRequest(null, Object(Config\Cache), false)
 9 FCPATH/index.php(67): CodeIgniter\CodeIgniter->run()
CRITICAL - 2023-02-06 10:09:14 --> Undefined variable $myPosTransakcije
in APPPATH/Controllers/AdminController.php on line 673.
 1 APPPATH/Controllers/AdminController.php(673): CodeIgniter\Debug\Exceptions->errorHandler(2, 'Undefined variable $myPosTransakcije', 'APPPATH/Controllers/AdminController.php', 673)
 2 SYSTEMPATH/CodeIgniter.php(927): App\Controllers\AdminController->obracun('202304')
 3 SYSTEMPATH/CodeIgniter.php(482): CodeIgniter\CodeIgniter->runController(Object(App\Controllers\AdminController))
 4 SYSTEMPATH/CodeIgniter.php(351): CodeIgniter\CodeIgniter->handleRequest(null, Object(Config\Cache), false)
 5 FCPATH/index.php(67): CodeIgniter\CodeIgniter->run()
CRITICAL - 2023-02-06 10:09:30 --> Undefined variable $myPosTransakcije
in APPPATH/Controllers/AdminController.php on line 673.
 1 APPPATH/Controllers/AdminController.php(673): CodeIgniter\Debug\Exceptions->errorHandler(2, 'Undefined variable $myPosTransakcije', 'APPPATH/Controllers/AdminController.php', 673)
 2 SYSTEMPATH/CodeIgniter.php(927): App\Controllers\AdminController->obracun('202304')
 3 SYSTEMPATH/CodeIgniter.php(482): CodeIgniter\CodeIgniter->runController(Object(App\Controllers\AdminController))
 4 SYSTEMPATH/CodeIgniter.php(351): CodeIgniter\CodeIgniter->handleRequest(null, Object(Config\Cache), false)
 5 FCPATH/index.php(67): CodeIgniter\CodeIgniter->run()
CRITICAL - 2023-02-06 10:10:36 --> Undefined variable $myPosTransakcije
in APPPATH/Controllers/AdminController.php on line 673.
 1 APPPATH/Controllers/AdminController.php(673): CodeIgniter\Debug\Exceptions->errorHandler(2, 'Undefined variable $myPosTransakcije', 'APPPATH/Controllers/AdminController.php', 673)
 2 SYSTEMPATH/CodeIgniter.php(927): App\Controllers\AdminController->obracun('202304')
 3 SYSTEMPATH/CodeIgniter.php(482): CodeIgniter\CodeIgniter->runController(Object(App\Controllers\AdminController))
 4 SYSTEMPATH/CodeIgniter.php(351): CodeIgniter\CodeIgniter->handleRequest(null, Object(Config\Cache), false)
 5 FCPATH/index.php(67): CodeIgniter\CodeIgniter->run()
CRITICAL - 2023-02-06 10:10:40 --> Undefined variable $myPosTransakcije
in APPPATH/Controllers/AdminController.php on line 673.
 1 APPPATH/Controllers/AdminController.php(673): CodeIgniter\Debug\Exceptions->errorHandler(2, 'Undefined variable $myPosTransakcije', 'APPPATH/Controllers/AdminController.php', 673)
 2 SYSTEMPATH/CodeIgniter.php(927): App\Controllers\AdminController->obracun('202305')
 3 SYSTEMPATH/CodeIgniter.php(482): CodeIgniter\CodeIgniter->runController(Object(App\Controllers\AdminController))
 4 SYSTEMPATH/CodeIgniter.php(351): CodeIgniter\CodeIgniter->handleRequest(null, Object(Config\Cache), false)
 5 FCPATH/index.php(67): CodeIgniter\CodeIgniter->run()
CRITICAL - 2023-02-06 10:12:52 --> Undefined variable $myPosTransakcije
in APPPATH/Controllers/AdminController.php on line 673.
 1 APPPATH/Controllers/AdminController.php(673): CodeIgniter\Debug\Exceptions->errorHandler(2, 'Undefined variable $myPosTransakcije', 'APPPATH/Controllers/AdminController.php', 673)
 2 SYSTEMPATH/CodeIgniter.php(927): App\Controllers\AdminController->obracun('202304')
 3 SYSTEMPATH/CodeIgniter.php(482): CodeIgniter\CodeIgniter->runController(Object(App\Controllers\AdminController))
 4 SYSTEMPATH/CodeIgniter.php(351): CodeIgniter\CodeIgniter->handleRequest(null, Object(Config\Cache), false)
 5 FCPATH/index.php(67): CodeIgniter\CodeIgniter->run()
CRITICAL - 2023-02-06 10:12:53 --> Undefined variable $myPosTransakcije
in APPPATH/Controllers/AdminController.php on line 673.
 1 APPPATH/Controllers/AdminController.php(673): CodeIgniter\Debug\Exceptions->errorHandler(2, 'Undefined variable $myPosTransakcije', 'APPPATH/Controllers/AdminController.php', 673)
 2 SYSTEMPATH/CodeIgniter.php(927): App\Controllers\AdminController->obracun('202304')
 3 SYSTEMPATH/CodeIgniter.php(482): CodeIgniter\CodeIgniter->runController(Object(App\Controllers\AdminController))
 4 SYSTEMPATH/CodeIgniter.php(351): CodeIgniter\CodeIgniter->handleRequest(null, Object(Config\Cache), false)
 5 FCPATH/index.php(67): CodeIgniter\CodeIgniter->run()
CRITICAL - 2023-02-06 10:13:38 --> Undefined variable $myPosTransakcije
in APPPATH/Controllers/AdminController.php on line 674.
 1 APPPATH/Controllers/AdminController.php(674): CodeIgniter\Debug\Exceptions->errorHandler(2, 'Undefined variable $myPosTransakcije', 'APPPATH/Controllers/AdminController.php', 674)
 2 SYSTEMPATH/CodeIgniter.php(927): App\Controllers\AdminController->obracun('202304')
 3 SYSTEMPATH/CodeIgniter.php(482): CodeIgniter\CodeIgniter->runController(Object(App\Controllers\AdminController))
 4 SYSTEMPATH/CodeIgniter.php(351): CodeIgniter\CodeIgniter->handleRequest(null, Object(Config\Cache), false)
 5 FCPATH/index.php(67): CodeIgniter\CodeIgniter->run()
CRITICAL - 2023-02-06 10:13:40 --> Undefined variable $myPosTransakcije
in APPPATH/Controllers/AdminController.php on line 674.
 1 APPPATH/Controllers/AdminController.php(674): CodeIgniter\Debug\Exceptions->errorHandler(2, 'Undefined variable $myPosTransakcije', 'APPPATH/Controllers/AdminController.php', 674)
 2 SYSTEMPATH/CodeIgniter.php(927): App\Controllers\AdminController->obracun('202304')
 3 SYSTEMPATH/CodeIgniter.php(482): CodeIgniter\CodeIgniter->runController(Object(App\Controllers\AdminController))
 4 SYSTEMPATH/CodeIgniter.php(351): CodeIgniter\CodeIgniter->handleRequest(null, Object(Config\Cache), false)
 5 FCPATH/index.php(67): CodeIgniter\CodeIgniter->run()
CRITICAL - 2023-02-06 10:13:41 --> Undefined variable $myPosTransakcije
in APPPATH/Controllers/AdminController.php on line 674.
 1 APPPATH/Controllers/AdminController.php(674): CodeIgniter\Debug\Exceptions->errorHandler(2, 'Undefined variable $myPosTransakcije', 'APPPATH/Controllers/AdminController.php', 674)
 2 SYSTEMPATH/CodeIgniter.php(927): App\Controllers\AdminController->obracun('202304')
 3 SYSTEMPATH/CodeIgniter.php(482): CodeIgniter\CodeIgniter->runController(Object(App\Controllers\AdminController))
 4 SYSTEMPATH/CodeIgniter.php(351): CodeIgniter\CodeIgniter->handleRequest(null, Object(Config\Cache), false)
 5 FCPATH/index.php(67): CodeIgniter\CodeIgniter->run()
CRITICAL - 2023-02-06 10:23:31 --> Array to string conversion
in SYSTEMPATH/Database/BaseBuilder.php on line 1842.
 1 [internal function]: CodeIgniter\Debug\Exceptions->errorHandler(2, 'Array to string conversion', 'SYSTEMPATH/Database/BaseBuilder.php', 1842)
 2 SYSTEMPATH/Database/BaseBuilder.php(1842): implode(',', [...])
 3 SYSTEMPATH/Database/BaseBuilder.php(1770): CodeIgniter\Database\BaseBuilder->setInsertBatch([...], 'ROOTPATH/public', true)
 4 SYSTEMPATH/Model.php(312): CodeIgniter\Database\BaseBuilder->insertBatch([...], null, 100)
 5 SYSTEMPATH/BaseModel.php(835): CodeIgniter\Model->doInsertBatch([...], null, 100, false)
 6 APPPATH/Controllers/AdminController.php(689): CodeIgniter\BaseModel->insertBatch([...])
 7 SYSTEMPATH/CodeIgniter.php(927): App\Controllers\AdminController->obracun('202305')
 8 SYSTEMPATH/CodeIgniter.php(482): CodeIgniter\CodeIgniter->runController(Object(App\Controllers\AdminController))
 9 SYSTEMPATH/CodeIgniter.php(351): CodeIgniter\CodeIgniter->handleRequest(null, Object(Config\Cache), false)
10 FCPATH/index.php(67): CodeIgniter\CodeIgniter->run()
CRITICAL - 2023-02-06 10:25:14 --> Array to string conversion
in SYSTEMPATH/Database/BaseBuilder.php on line 1842.
 1 [internal function]: CodeIgniter\Debug\Exceptions->errorHandler(2, 'Array to string conversion', 'SYSTEMPATH/Database/BaseBuilder.php', 1842)
 2 SYSTEMPATH/Database/BaseBuilder.php(1842): implode(',', [...])
 3 SYSTEMPATH/Database/BaseBuilder.php(1770): CodeIgniter\Database\BaseBuilder->setInsertBatch([...], 'ROOTPATH/public', true)
 4 SYSTEMPATH/Model.php(312): CodeIgniter\Database\BaseBuilder->insertBatch([...], null, 100)
 5 SYSTEMPATH/BaseModel.php(835): CodeIgniter\Model->doInsertBatch([...], null, 100, false)
 6 APPPATH/Controllers/AdminController.php(689): CodeIgniter\BaseModel->insertBatch([...])
 7 SYSTEMPATH/CodeIgniter.php(927): App\Controllers\AdminController->obracun('202305')
 8 SYSTEMPATH/CodeIgniter.php(482): CodeIgniter\CodeIgniter->runController(Object(App\Controllers\AdminController))
 9 SYSTEMPATH/CodeIgniter.php(351): CodeIgniter\CodeIgniter->handleRequest(null, Object(Config\Cache), false)
10 FCPATH/index.php(67): CodeIgniter\CodeIgniter->run()
CRITICAL - 2023-02-06 10:26:58 --> Array to string conversion
in SYSTEMPATH/Database/BaseBuilder.php on line 1842.
 1 [internal function]: CodeIgniter\Debug\Exceptions->errorHandler(2, 'Array to string conversion', 'SYSTEMPATH/Database/BaseBuilder.php', 1842)
 2 SYSTEMPATH/Database/BaseBuilder.php(1842): implode(',', [...])
 3 SYSTEMPATH/Database/BaseBuilder.php(1770): CodeIgniter\Database\BaseBuilder->setInsertBatch([...], 'ROOTPATH/public', true)
 4 SYSTEMPATH/Model.php(312): CodeIgniter\Database\BaseBuilder->insertBatch([...], null, 100)
 5 SYSTEMPATH/BaseModel.php(835): CodeIgniter\Model->doInsertBatch([...], null, 100, false)
 6 APPPATH/Controllers/AdminController.php(688): CodeIgniter\BaseModel->insertBatch([...])
 7 SYSTEMPATH/CodeIgniter.php(927): App\Controllers\AdminController->obracun('202303')
 8 SYSTEMPATH/CodeIgniter.php(482): CodeIgniter\CodeIgniter->runController(Object(App\Controllers\AdminController))
 9 SYSTEMPATH/CodeIgniter.php(351): CodeIgniter\CodeIgniter->handleRequest(null, Object(Config\Cache), false)
10 FCPATH/index.php(67): CodeIgniter\CodeIgniter->run()
CRITICAL - 2023-02-06 10:27:05 --> Array to string conversion
in SYSTEMPATH/Database/BaseBuilder.php on line 1842.
 1 [internal function]: CodeIgniter\Debug\Exceptions->errorHandler(2, 'Array to string conversion', 'SYSTEMPATH/Database/BaseBuilder.php', 1842)
 2 SYSTEMPATH/Database/BaseBuilder.php(1842): implode(',', [...])
 3 SYSTEMPATH/Database/BaseBuilder.php(1770): CodeIgniter\Database\BaseBuilder->setInsertBatch([...], 'ROOTPATH/public', true)
 4 SYSTEMPATH/Model.php(312): CodeIgniter\Database\BaseBuilder->insertBatch([...], null, 100)
 5 SYSTEMPATH/BaseModel.php(835): CodeIgniter\Model->doInsertBatch([...], null, 100, false)
 6 APPPATH/Controllers/AdminController.php(688): CodeIgniter\BaseModel->insertBatch([...])
 7 SYSTEMPATH/CodeIgniter.php(927): App\Controllers\AdminController->obracun('202302')
 8 SYSTEMPATH/CodeIgniter.php(482): CodeIgniter\CodeIgniter->runController(Object(App\Controllers\AdminController))
 9 SYSTEMPATH/CodeIgniter.php(351): CodeIgniter\CodeIgniter->handleRequest(null, Object(Config\Cache), false)
10 FCPATH/index.php(67): CodeIgniter\CodeIgniter->run()
CRITICAL - 2023-02-06 10:28:46 --> Array to string conversion
in SYSTEMPATH/Database/BaseBuilder.php on line 1842.
 1 [internal function]: CodeIgniter\Debug\Exceptions->errorHandler(2, 'Array to string conversion', 'SYSTEMPATH/Database/BaseBuilder.php', 1842)
 2 SYSTEMPATH/Database/BaseBuilder.php(1842): implode(',', [...])
 3 SYSTEMPATH/Database/BaseBuilder.php(1770): CodeIgniter\Database\BaseBuilder->setInsertBatch([...], 'ROOTPATH/public', true)
 4 SYSTEMPATH/Model.php(312): CodeIgniter\Database\BaseBuilder->insertBatch([...], null, 100)
 5 SYSTEMPATH/BaseModel.php(835): CodeIgniter\Model->doInsertBatch([...], null, 100, false)
 6 APPPATH/Controllers/AdminController.php(688): CodeIgniter\BaseModel->insertBatch([...])
 7 SYSTEMPATH/CodeIgniter.php(927): App\Controllers\AdminController->obracun('202303')
 8 SYSTEMPATH/CodeIgniter.php(482): CodeIgniter\CodeIgniter->runController(Object(App\Controllers\AdminController))
 9 SYSTEMPATH/CodeIgniter.php(351): CodeIgniter\CodeIgniter->handleRequest(null, Object(Config\Cache), false)
10 FCPATH/index.php(67): CodeIgniter\CodeIgniter->run()
CRITICAL - 2023-02-06 10:28:48 --> Array to string conversion
in SYSTEMPATH/Database/BaseBuilder.php on line 1842.
 1 [internal function]: CodeIgniter\Debug\Exceptions->errorHandler(2, 'Array to string conversion', 'SYSTEMPATH/Database/BaseBuilder.php', 1842)
 2 SYSTEMPATH/Database/BaseBuilder.php(1842): implode(',', [...])
 3 SYSTEMPATH/Database/BaseBuilder.php(1770): CodeIgniter\Database\BaseBuilder->setInsertBatch([...], 'ROOTPATH/public', true)
 4 SYSTEMPATH/Model.php(312): CodeIgniter\Database\BaseBuilder->insertBatch([...], null, 100)
 5 SYSTEMPATH/BaseModel.php(835): CodeIgniter\Model->doInsertBatch([...], null, 100, false)
 6 APPPATH/Controllers/AdminController.php(688): CodeIgniter\BaseModel->insertBatch([...])
 7 SYSTEMPATH/CodeIgniter.php(927): App\Controllers\AdminController->obracun('202302')
 8 SYSTEMPATH/CodeIgniter.php(482): CodeIgniter\CodeIgniter->runController(Object(App\Controllers\AdminController))
 9 SYSTEMPATH/CodeIgniter.php(351): CodeIgniter\CodeIgniter->handleRequest(null, Object(Config\Cache), false)
10 FCPATH/index.php(67): CodeIgniter\CodeIgniter->run()
CRITICAL - 2023-02-06 10:28:52 --> Array to string conversion
in SYSTEMPATH/Database/BaseBuilder.php on line 1842.
 1 [internal function]: CodeIgniter\Debug\Exceptions->errorHandler(2, 'Array to string conversion', 'SYSTEMPATH/Database/BaseBuilder.php', 1842)
 2 SYSTEMPATH/Database/BaseBuilder.php(1842): implode(',', [...])
 3 SYSTEMPATH/Database/BaseBuilder.php(1770): CodeIgniter\Database\BaseBuilder->setInsertBatch([...], 'ROOTPATH/public', true)
 4 SYSTEMPATH/Model.php(312): CodeIgniter\Database\BaseBuilder->insertBatch([...], null, 100)
 5 SYSTEMPATH/BaseModel.php(835): CodeIgniter\Model->doInsertBatch([...], null, 100, false)
 6 APPPATH/Controllers/AdminController.php(688): CodeIgniter\BaseModel->insertBatch([...])
 7 SYSTEMPATH/CodeIgniter.php(927): App\Controllers\AdminController->obracun('202304')
 8 SYSTEMPATH/CodeIgniter.php(482): CodeIgniter\CodeIgniter->runController(Object(App\Controllers\AdminController))
 9 SYSTEMPATH/CodeIgniter.php(351): CodeIgniter\CodeIgniter->handleRequest(null, Object(Config\Cache), false)
10 FCPATH/index.php(67): CodeIgniter\CodeIgniter->run()
CRITICAL - 2023-02-06 10:30:46 --> Array to string conversion
in SYSTEMPATH/Database/BaseBuilder.php on line 1842.
 1 [internal function]: CodeIgniter\Debug\Exceptions->errorHandler(2, 'Array to string conversion', 'SYSTEMPATH/Database/BaseBuilder.php', 1842)
 2 SYSTEMPATH/Database/BaseBuilder.php(1842): implode(',', [...])
 3 SYSTEMPATH/Database/BaseBuilder.php(1770): CodeIgniter\Database\BaseBuilder->setInsertBatch([...], 'ROOTPATH/public', true)
 4 SYSTEMPATH/Model.php(312): CodeIgniter\Database\BaseBuilder->insertBatch([...], null, 100)
 5 SYSTEMPATH/BaseModel.php(835): CodeIgniter\Model->doInsertBatch([...], null, 100, false)
 6 APPPATH/Controllers/AdminController.php(689): CodeIgniter\BaseModel->insertBatch([...])
 7 SYSTEMPATH/CodeIgniter.php(927): App\Controllers\AdminController->obracun('202302')
 8 SYSTEMPATH/CodeIgniter.php(482): CodeIgniter\CodeIgniter->runController(Object(App\Controllers\AdminController))
 9 SYSTEMPATH/CodeIgniter.php(351): CodeIgniter\CodeIgniter->handleRequest(null, Object(Config\Cache), false)
10 FCPATH/index.php(67): CodeIgniter\CodeIgniter->run()
CRITICAL - 2023-02-06 10:39:08 --> [] operator not supported for strings
in APPPATH/Controllers/AdminController.php on line 593.
 1 SYSTEMPATH/CodeIgniter.php(927): App\Controllers\AdminController->obracun('202303')
 2 SYSTEMPATH/CodeIgniter.php(482): CodeIgniter\CodeIgniter->runController(Object(App\Controllers\AdminController))
 3 SYSTEMPATH/CodeIgniter.php(351): CodeIgniter\CodeIgniter->handleRequest(null, Object(Config\Cache), false)
 4 FCPATH/index.php(67): CodeIgniter\CodeIgniter->run()
CRITICAL - 2023-02-06 10:53:58 --> Cannot use object of type stdClass as array
in APPPATH/Views/adminDashboard/obracun.php on line 114.
 1 SYSTEMPATH/View/View.php(213): include()
 2 SYSTEMPATH/View/View.php(216): CodeIgniter\View\View->CodeIgniter\View\{closure}()
 3 SYSTEMPATH/Common.php(1134): CodeIgniter\View\View->render('adminDashboard/obracun', [], true)
 4 APPPATH/Controllers/AdminController.php(753): view('adminDashboard/obracun')
 5 SYSTEMPATH/CodeIgniter.php(927): App\Controllers\AdminController->obracun('202302')
 6 SYSTEMPATH/CodeIgniter.php(482): CodeIgniter\CodeIgniter->runController(Object(App\Controllers\AdminController))
 7 SYSTEMPATH/CodeIgniter.php(351): CodeIgniter\CodeIgniter->handleRequest(null, Object(Config\Cache), false)
 8 FCPATH/index.php(67): CodeIgniter\CodeIgniter->run()
CRITICAL - 2023-02-06 10:55:45 --> Cannot use object of type stdClass as array
in APPPATH/Views/adminDashboard/obracun.php on line 115.
 1 SYSTEMPATH/View/View.php(213): include()
 2 SYSTEMPATH/View/View.php(216): CodeIgniter\View\View->CodeIgniter\View\{closure}()
 3 SYSTEMPATH/Common.php(1134): CodeIgniter\View\View->render('adminDashboard/obracun', [], true)
 4 APPPATH/Controllers/AdminController.php(753): view('adminDashboard/obracun')
 5 SYSTEMPATH/CodeIgniter.php(927): App\Controllers\AdminController->obracun('202302')
 6 SYSTEMPATH/CodeIgniter.php(482): CodeIgniter\CodeIgniter->runController(Object(App\Controllers\AdminController))
 7 SYSTEMPATH/CodeIgniter.php(351): CodeIgniter\CodeIgniter->handleRequest(null, Object(Config\Cache), false)
 8 FCPATH/index.php(67): CodeIgniter\CodeIgniter->run()
CRITICAL - 2023-02-06 10:58:14 --> Cannot use object of type stdClass as array
in APPPATH/Views/adminDashboard/obracun.php on line 108.
 1 SYSTEMPATH/View/View.php(213): include()
 2 SYSTEMPATH/View/View.php(216): CodeIgniter\View\View->CodeIgniter\View\{closure}()
 3 SYSTEMPATH/Common.php(1134): CodeIgniter\View\View->render('adminDashboard/obracun', [], true)
 4 APPPATH/Controllers/AdminController.php(753): view('adminDashboard/obracun')
 5 SYSTEMPATH/CodeIgniter.php(927): App\Controllers\AdminController->obracun('202302')
 6 SYSTEMPATH/CodeIgniter.php(482): CodeIgniter\CodeIgniter->runController(Object(App\Controllers\AdminController))
 7 SYSTEMPATH/CodeIgniter.php(351): CodeIgniter\CodeIgniter->handleRequest(null, Object(Config\Cache), false)
 8 FCPATH/index.php(67): CodeIgniter\CodeIgniter->run()
CRITICAL - 2023-02-06 11:00:22 --> Cannot use object of type stdClass as array
in APPPATH/Views/adminDashboard/obracun.php on line 108.
 1 SYSTEMPATH/View/View.php(213): include()
 2 SYSTEMPATH/View/View.php(216): CodeIgniter\View\View->CodeIgniter\View\{closure}()
 3 SYSTEMPATH/Common.php(1134): CodeIgniter\View\View->render('adminDashboard/obracun', [], true)
 4 APPPATH/Controllers/AdminController.php(753): view('adminDashboard/obracun')
 5 SYSTEMPATH/CodeIgniter.php(927): App\Controllers\AdminController->obracun('202302')
 6 SYSTEMPATH/CodeIgniter.php(482): CodeIgniter\CodeIgniter->runController(Object(App\Controllers\AdminController))
 7 SYSTEMPATH/CodeIgniter.php(351): CodeIgniter\CodeIgniter->handleRequest(null, Object(Config\Cache), false)
 8 FCPATH/index.php(67): CodeIgniter\CodeIgniter->run()
CRITICAL - 2023-02-06 11:00:22 --> Cannot use object of type stdClass as array
in APPPATH/Views/adminDashboard/obracun.php on line 108.
 1 SYSTEMPATH/View/View.php(213): include()
 2 SYSTEMPATH/View/View.php(216): CodeIgniter\View\View->CodeIgniter\View\{closure}()
 3 SYSTEMPATH/Common.php(1134): CodeIgniter\View\View->render('adminDashboard/obracun', [], true)
 4 APPPATH/Controllers/AdminController.php(753): view('adminDashboard/obracun')
 5 SYSTEMPATH/CodeIgniter.php(927): App\Controllers\AdminController->obracun('202302')
 6 SYSTEMPATH/CodeIgniter.php(482): CodeIgniter\CodeIgniter->runController(Object(App\Controllers\AdminController))
 7 SYSTEMPATH/CodeIgniter.php(351): CodeIgniter\CodeIgniter->handleRequest(null, Object(Config\Cache), false)
 8 FCPATH/index.php(67): CodeIgniter\CodeIgniter->run()
CRITICAL - 2023-02-06 11:00:23 --> Cannot use object of type stdClass as array
in APPPATH/Views/adminDashboard/obracun.php on line 108.
 1 SYSTEMPATH/View/View.php(213): include()
 2 SYSTEMPATH/View/View.php(216): CodeIgniter\View\View->CodeIgniter\View\{closure}()
 3 SYSTEMPATH/Common.php(1134): CodeIgniter\View\View->render('adminDashboard/obracun', [], true)
 4 APPPATH/Controllers/AdminController.php(753): view('adminDashboard/obracun')
 5 SYSTEMPATH/CodeIgniter.php(927): App\Controllers\AdminController->obracun('202302')
 6 SYSTEMPATH/CodeIgniter.php(482): CodeIgniter\CodeIgniter->runController(Object(App\Controllers\AdminController))
 7 SYSTEMPATH/CodeIgniter.php(351): CodeIgniter\CodeIgniter->handleRequest(null, Object(Config\Cache), false)
 8 FCPATH/index.php(67): CodeIgniter\CodeIgniter->run()
CRITICAL - 2023-02-06 11:00:23 --> Cannot use object of type stdClass as array
in APPPATH/Views/adminDashboard/obracun.php on line 108.
 1 SYSTEMPATH/View/View.php(213): include()
 2 SYSTEMPATH/View/View.php(216): CodeIgniter\View\View->CodeIgniter\View\{closure}()
 3 SYSTEMPATH/Common.php(1134): CodeIgniter\View\View->render('adminDashboard/obracun', [], true)
 4 APPPATH/Controllers/AdminController.php(753): view('adminDashboard/obracun')
 5 SYSTEMPATH/CodeIgniter.php(927): App\Controllers\AdminController->obracun('202302')
 6 SYSTEMPATH/CodeIgniter.php(482): CodeIgniter\CodeIgniter->runController(Object(App\Controllers\AdminController))
 7 SYSTEMPATH/CodeIgniter.php(351): CodeIgniter\CodeIgniter->handleRequest(null, Object(Config\Cache), false)
 8 FCPATH/index.php(67): CodeIgniter\CodeIgniter->run()
CRITICAL - 2023-02-06 11:00:36 --> Cannot use object of type stdClass as array
in APPPATH/Views/adminDashboard/obracun.php on line 108.
 1 SYSTEMPATH/View/View.php(213): include()
 2 SYSTEMPATH/View/View.php(216): CodeIgniter\View\View->CodeIgniter\View\{closure}()
 3 SYSTEMPATH/Common.php(1134): CodeIgniter\View\View->render('adminDashboard/obracun', [], true)
 4 APPPATH/Controllers/AdminController.php(753): view('adminDashboard/obracun')
 5 SYSTEMPATH/CodeIgniter.php(927): App\Controllers\AdminController->obracun('202302')
 6 SYSTEMPATH/CodeIgniter.php(482): CodeIgniter\CodeIgniter->runController(Object(App\Controllers\AdminController))
 7 SYSTEMPATH/CodeIgniter.php(351): CodeIgniter\CodeIgniter->handleRequest(null, Object(Config\Cache), false)
 8 FCPATH/index.php(67): CodeIgniter\CodeIgniter->run()
CRITICAL - 2023-02-06 11:01:17 --> Cannot use object of type stdClass as array
in APPPATH/Views/adminDashboard/obracun.php on line 110.
 1 SYSTEMPATH/View/View.php(213): include()
 2 SYSTEMPATH/View/View.php(216): CodeIgniter\View\View->CodeIgniter\View\{closure}()
 3 SYSTEMPATH/Common.php(1134): CodeIgniter\View\View->render('adminDashboard/obracun', [], true)
 4 APPPATH/Controllers/AdminController.php(753): view('adminDashboard/obracun')
 5 SYSTEMPATH/CodeIgniter.php(927): App\Controllers\AdminController->obracun('202302')
 6 SYSTEMPATH/CodeIgniter.php(482): CodeIgniter\CodeIgniter->runController(Object(App\Controllers\AdminController))
 7 SYSTEMPATH/CodeIgniter.php(351): CodeIgniter\CodeIgniter->handleRequest(null, Object(Config\Cache), false)
 8 FCPATH/index.php(67): CodeIgniter\CodeIgniter->run()
CRITICAL - 2023-02-06 11:06:49 --> foreach() argument must be of type array|object, string given
in APPPATH/Views/adminDashboard/obracun.php on line 115.
 1 APPPATH/Views/adminDashboard/obracun.php(115): CodeIgniter\Debug\Exceptions->errorHandler(2, 'foreach() argument must be of type array|object, string given', 'APPPATH/Views/adminDashboard/obracun.php', 115)
 2 SYSTEMPATH/View/View.php(213): include('APPPATH/Views/adminDashboard/obracun.php')
 3 SYSTEMPATH/View/View.php(216): CodeIgniter\View\View->CodeIgniter\View\{closure}()
 4 SYSTEMPATH/Common.php(1134): CodeIgniter\View\View->render('adminDashboard/obracun', [], true)
 5 APPPATH/Controllers/AdminController.php(753): view('adminDashboard/obracun')
 6 SYSTEMPATH/CodeIgniter.php(927): App\Controllers\AdminController->obracun('202302')
 7 SYSTEMPATH/CodeIgniter.php(482): CodeIgniter\CodeIgniter->runController(Object(App\Controllers\AdminController))
 8 SYSTEMPATH/CodeIgniter.php(351): CodeIgniter\CodeIgniter->handleRequest(null, Object(Config\Cache), false)
 9 FCPATH/index.php(67): CodeIgniter\CodeIgniter->run()
CRITICAL - 2023-02-06 12:44:47 --> Unmatched '}'
in APPPATH/Views/adminDashboard/obracun1.php on line 175.
 1 SYSTEMPATH/View/View.php(216): CodeIgniter\View\View->CodeIgniter\View\{closure}()
 2 SYSTEMPATH/Common.php(1134): CodeIgniter\View\View->render('adminDashboard/obracun1', [], true)
 3 APPPATH/Controllers/AdminController.php(753): view('adminDashboard/obracun1')
 4 SYSTEMPATH/CodeIgniter.php(927): App\Controllers\AdminController->obracun('202302')
 5 SYSTEMPATH/CodeIgniter.php(482): CodeIgniter\CodeIgniter->runController(Object(App\Controllers\AdminController))
 6 SYSTEMPATH/CodeIgniter.php(351): CodeIgniter\CodeIgniter->handleRequest(null, Object(Config\Cache), false)
 7 FCPATH/index.php(67): CodeIgniter\CodeIgniter->run()
CRITICAL - 2023-02-06 12:45:14 --> syntax error, unexpected end of file, expecting "elseif" or "else" or "endif"
in APPPATH/Views/adminDashboard/obracun1.php on line 182.
 1 SYSTEMPATH/View/View.php(216): CodeIgniter\View\View->CodeIgniter\View\{closure}()
 2 SYSTEMPATH/Common.php(1134): CodeIgniter\View\View->render('adminDashboard/obracun1', [], true)
 3 APPPATH/Controllers/AdminController.php(753): view('adminDashboard/obracun1')
 4 SYSTEMPATH/CodeIgniter.php(927): App\Controllers\AdminController->obracun('202302')
 5 SYSTEMPATH/CodeIgniter.php(482): CodeIgniter\CodeIgniter->runController(Object(App\Controllers\AdminController))
 6 SYSTEMPATH/CodeIgniter.php(351): CodeIgniter\CodeIgniter->handleRequest(null, Object(Config\Cache), false)
 7 FCPATH/index.php(67): CodeIgniter\CodeIgniter->run()
CRITICAL - 2023-02-06 13:31:08 --> Undefined array key "fiskalizacijaUber"
in APPPATH/Views/adminDashboard/obracun1.php on line 60.
 1 APPPATH/Views/adminDashboard/obracun1.php(60): CodeIgniter\Debug\Exceptions->errorHandler(2, 'Undefined array key "fiskalizacijaUber"', 'APPPATH/Views/adminDashboard/obracun1.php', 60)
 2 SYSTEMPATH/View/View.php(213): include('APPPATH/Views/adminDashboard/obracun1.php')
 3 SYSTEMPATH/View/View.php(216): CodeIgniter\View\View->CodeIgniter\View\{closure}()
 4 SYSTEMPATH/Common.php(1134): CodeIgniter\View\View->render('adminDashboard/obracun1', [], true)
 5 APPPATH/Controllers/AdminController.php(760): view('adminDashboard/obracun1')
 6 SYSTEMPATH/CodeIgniter.php(927): App\Controllers\AdminController->obracun('202304')
 7 SYSTEMPATH/CodeIgniter.php(482): CodeIgniter\CodeIgniter->runController(Object(App\Controllers\AdminController))
 8 SYSTEMPATH/CodeIgniter.php(351): CodeIgniter\CodeIgniter->handleRequest(null, Object(Config\Cache), false)
 9 FCPATH/index.php(67): CodeIgniter\CodeIgniter->run()
CRITICAL - 2023-02-06 13:34:31 --> Undefined array key "fiskalizacijaUber"
in APPPATH/Views/adminDashboard/obracun1.php on line 60.
 1 APPPATH/Views/adminDashboard/obracun1.php(60): CodeIgniter\Debug\Exceptions->errorHandler(2, 'Undefined array key "fiskalizacijaUber"', 'APPPATH/Views/adminDashboard/obracun1.php', 60)
 2 SYSTEMPATH/View/View.php(213): include('APPPATH/Views/adminDashboard/obracun1.php')
 3 SYSTEMPATH/View/View.php(216): CodeIgniter\View\View->CodeIgniter\View\{closure}()
 4 SYSTEMPATH/Common.php(1134): CodeIgniter\View\View->render('adminDashboard/obracun1', [], true)
 5 APPPATH/Controllers/AdminController.php(760): view('adminDashboard/obracun1')
 6 SYSTEMPATH/CodeIgniter.php(927): App\Controllers\AdminController->obracun('202304')
 7 SYSTEMPATH/CodeIgniter.php(482): CodeIgniter\CodeIgniter->runController(Object(App\Controllers\AdminController))
 8 SYSTEMPATH/CodeIgniter.php(351): CodeIgniter\CodeIgniter->handleRequest(null, Object(Config\Cache), false)
 9 FCPATH/index.php(67): CodeIgniter\CodeIgniter->run()
CRITICAL - 2023-02-06 13:34:33 --> Undefined array key "fiskalizacijaUber"
in APPPATH/Views/adminDashboard/obracun1.php on line 60.
 1 APPPATH/Views/adminDashboard/obracun1.php(60): CodeIgniter\Debug\Exceptions->errorHandler(2, 'Undefined array key "fiskalizacijaUber"', 'APPPATH/Views/adminDashboard/obracun1.php', 60)
 2 SYSTEMPATH/View/View.php(213): include('APPPATH/Views/adminDashboard/obracun1.php')
 3 SYSTEMPATH/View/View.php(216): CodeIgniter\View\View->CodeIgniter\View\{closure}()
 4 SYSTEMPATH/Common.php(1134): CodeIgniter\View\View->render('adminDashboard/obracun1', [], true)
 5 APPPATH/Controllers/AdminController.php(760): view('adminDashboard/obracun1')
 6 SYSTEMPATH/CodeIgniter.php(927): App\Controllers\AdminController->obracun('202304')
 7 SYSTEMPATH/CodeIgniter.php(482): CodeIgniter\CodeIgniter->runController(Object(App\Controllers\AdminController))
 8 SYSTEMPATH/CodeIgniter.php(351): CodeIgniter\CodeIgniter->handleRequest(null, Object(Config\Cache), false)
 9 FCPATH/index.php(67): CodeIgniter\CodeIgniter->run()
CRITICAL - 2023-02-06 13:34:33 --> Undefined array key "fiskalizacijaUber"
in APPPATH/Views/adminDashboard/obracun1.php on line 60.
 1 APPPATH/Views/adminDashboard/obracun1.php(60): CodeIgniter\Debug\Exceptions->errorHandler(2, 'Undefined array key "fiskalizacijaUber"', 'APPPATH/Views/adminDashboard/obracun1.php', 60)
 2 SYSTEMPATH/View/View.php(213): include('APPPATH/Views/adminDashboard/obracun1.php')
 3 SYSTEMPATH/View/View.php(216): CodeIgniter\View\View->CodeIgniter\View\{closure}()
 4 SYSTEMPATH/Common.php(1134): CodeIgniter\View\View->render('adminDashboard/obracun1', [], true)
 5 APPPATH/Controllers/AdminController.php(760): view('adminDashboard/obracun1')
 6 SYSTEMPATH/CodeIgniter.php(927): App\Controllers\AdminController->obracun('202304')
 7 SYSTEMPATH/CodeIgniter.php(482): CodeIgniter\CodeIgniter->runController(Object(App\Controllers\AdminController))
 8 SYSTEMPATH/CodeIgniter.php(351): CodeIgniter\CodeIgniter->handleRequest(null, Object(Config\Cache), false)
 9 FCPATH/index.php(67): CodeIgniter\CodeIgniter->run()
