CRITICAL - 2023-02-12 10:58:27 --> Class "App\Controllers\DateTime" not found
in APPPATH/Controllers/AdminController.php on line 531.
 1 SYSTEMPATH/CodeIgniter.php(927): App\Controllers\AdminController->obracun('202302')
 2 SYSTEMPATH/CodeIgniter.php(482): CodeIgniter\CodeIgniter->runController(Object(App\Controllers\AdminController))
 3 SYSTEMPATH/CodeIgniter.php(351): CodeIgniter\CodeIgniter->handleRequest(null, Object(Config\Cache), false)
 4 FCPATH/index.php(67): CodeIgniter\CodeIgniter->run()
CRITICAL - 2023-02-12 10:58:48 --> Class "App\Controllers\DateTime" not found
in APPPATH/Controllers/AdminController.php on line 531.
 1 SYSTEMPATH/CodeIgniter.php(927): App\Controllers\AdminController->obracun('202302')
 2 SYSTEMPATH/CodeIgniter.php(482): CodeIgniter\CodeIgniter->runController(Object(App\Controllers\AdminController))
 3 SYSTEMPATH/CodeIgniter.php(351): CodeIgniter\CodeIgniter->handleRequest(null, Object(Config\Cache), false)
 4 FCPATH/index.php(67): CodeIgniter\CodeIgniter->run()
CRITICAL - 2023-02-12 11:03:43 --> There is no data to insert.
in SYSTEMPATH/BaseModel.php on line 729.
 1 SYSTEMPATH/BaseModel.php(729): CodeIgniter\Database\Exceptions\DataException::forEmptyDataset('insert')
 2 SYSTEMPATH/Model.php(667): CodeIgniter\BaseModel->insert([], true)
 3 APPPATH/Controllers/AdminController.php(652): CodeIgniter\Model->insert([...])
 4 SYSTEMPATH/CodeIgniter.php(927): App\Controllers\AdminController->obracun('202302')
 5 SYSTEMPATH/CodeIgniter.php(482): CodeIgniter\CodeIgniter->runController(Object(App\Controllers\AdminController))
 6 SYSTEMPATH/CodeIgniter.php(351): CodeIgniter\CodeIgniter->handleRequest(null, Object(Config\Cache), false)
 7 FCPATH/index.php(67): CodeIgniter\CodeIgniter->run()
