CRITICAL - 2023-01-23 03:27:38 --> Undefined variable $week
in APPPATH/Controllers/AdminController.php on line 375.
 1 APPPATH/Controllers/AdminController.php(375): CodeIgniter\Debug\Exceptions->errorHandler(2, 'Undefined variable $week', 'APPPATH/Controllers/AdminController.php', 375)
 2 SYSTEMPATH/CodeIgniter.php(927): App\Controllers\AdminController->obracun()
 3 SYSTEMPATH/CodeIgniter.php(482): CodeIgniter\CodeIgniter->runController(Object(App\Controllers\AdminController))
 4 SYSTEMPATH/CodeIgniter.php(351): CodeIgniter\CodeIgniter->handleRequest(null, Object(Config\Cache), false)
 5 FCPATH/index.php(67): CodeIgniter\CodeIgniter->run()
CRITICAL - 2023-01-23 03:28:18 --> Invalid file: adminDashboard/obracun.php
in SYSTEMPATH/Exceptions/FrameworkException.php on line 33.
 1 SYSTEMPATH/View/View.php(201): CodeIgniter\Exceptions\FrameworkException::forInvalidFile('adminDashboard/obracun.php')
 2 SYSTEMPATH/Common.php(1134): CodeIgniter\View\View->render('adminDashboard/obracun', [], true)
 3 APPPATH/Controllers/AdminController.php(385): view('adminDashboard/obracun', [...])
 4 SYSTEMPATH/CodeIgniter.php(927): App\Controllers\AdminController->obracun()
 5 SYSTEMPATH/CodeIgniter.php(482): CodeIgniter\CodeIgniter->runController(Object(App\Controllers\AdminController))
 6 SYSTEMPATH/CodeIgniter.php(351): CodeIgniter\CodeIgniter->handleRequest(null, Object(Config\Cache), false)
 7 FCPATH/index.php(67): CodeIgniter\CodeIgniter->run()
CRITICAL - 2023-01-23 03:41:20 --> Invalid file: adminDashboard/obracun.php
in SYSTEMPATH/Exceptions/FrameworkException.php on line 33.
 1 SYSTEMPATH/View/View.php(201): CodeIgniter\Exceptions\FrameworkException::forInvalidFile('adminDashboard/obracun.php')
 2 SYSTEMPATH/Common.php(1134): CodeIgniter\View\View->render('adminDashboard/obracun', [], true)
 3 APPPATH/Controllers/AdminController.php(401): view('adminDashboard/obracun', [...])
 4 SYSTEMPATH/CodeIgniter.php(927): App\Controllers\AdminController->obracun()
 5 SYSTEMPATH/CodeIgniter.php(482): CodeIgniter\CodeIgniter->runController(Object(App\Controllers\AdminController))
 6 SYSTEMPATH/CodeIgniter.php(351): CodeIgniter\CodeIgniter->handleRequest(null, Object(Config\Cache), false)
 7 FCPATH/index.php(67): CodeIgniter\CodeIgniter->run()
CRITICAL - 2023-01-23 04:54:29 --> Cannot use [] for reading
in APPPATH/Controllers/AdminController.php on line 390.
 1 [internal function]: CodeIgniter\Debug\Exceptions->shutdownHandler()
CRITICAL - 2023-01-23 05:07:32 --> Cannot use [] for reading
in APPPATH/Controllers/AdminController.php on line 401.
 1 [internal function]: CodeIgniter\Debug\Exceptions->shutdownHandler()
CRITICAL - 2023-01-23 05:07:57 --> Undefined array key "vozac"
in APPPATH/Controllers/AdminController.php on line 397.
 1 APPPATH/Controllers/AdminController.php(397): CodeIgniter\Debug\Exceptions->errorHandler(2, 'Undefined array key "vozac"', 'APPPATH/Controllers/AdminController.php', 397)
 2 SYSTEMPATH/CodeIgniter.php(927): App\Controllers\AdminController->obracun()
 3 SYSTEMPATH/CodeIgniter.php(482): CodeIgniter\CodeIgniter->runController(Object(App\Controllers\AdminController))
 4 SYSTEMPATH/CodeIgniter.php(351): CodeIgniter\CodeIgniter->handleRequest(null, Object(Config\Cache), false)
 5 FCPATH/index.php(67): CodeIgniter\CodeIgniter->run()
CRITICAL - 2023-01-23 05:08:39 --> Undefined array key "Vozac"
in APPPATH/Controllers/AdminController.php on line 397.
 1 APPPATH/Controllers/AdminController.php(397): CodeIgniter\Debug\Exceptions->errorHandler(2, 'Undefined array key "Vozac"', 'APPPATH/Controllers/AdminController.php', 397)
 2 SYSTEMPATH/CodeIgniter.php(927): App\Controllers\AdminController->obracun()
 3 SYSTEMPATH/CodeIgniter.php(482): CodeIgniter\CodeIgniter->runController(Object(App\Controllers\AdminController))
 4 SYSTEMPATH/CodeIgniter.php(351): CodeIgniter\CodeIgniter->handleRequest(null, Object(Config\Cache), false)
 5 FCPATH/index.php(67): CodeIgniter\CodeIgniter->run()
CRITICAL - 2023-01-23 05:08:40 --> Undefined array key "Vozac"
in APPPATH/Controllers/AdminController.php on line 397.
 1 APPPATH/Controllers/AdminController.php(397): CodeIgniter\Debug\Exceptions->errorHandler(2, 'Undefined array key "Vozac"', 'APPPATH/Controllers/AdminController.php', 397)
 2 SYSTEMPATH/CodeIgniter.php(927): App\Controllers\AdminController->obracun()
 3 SYSTEMPATH/CodeIgniter.php(482): CodeIgniter\CodeIgniter->runController(Object(App\Controllers\AdminController))
 4 SYSTEMPATH/CodeIgniter.php(351): CodeIgniter\CodeIgniter->handleRequest(null, Object(Config\Cache), false)
 5 FCPATH/index.php(67): CodeIgniter\CodeIgniter->run()
CRITICAL - 2023-01-23 05:08:41 --> Undefined array key "Vozac"
in APPPATH/Controllers/AdminController.php on line 397.
 1 APPPATH/Controllers/AdminController.php(397): CodeIgniter\Debug\Exceptions->errorHandler(2, 'Undefined array key "Vozac"', 'APPPATH/Controllers/AdminController.php', 397)
 2 SYSTEMPATH/CodeIgniter.php(927): App\Controllers\AdminController->obracun()
 3 SYSTEMPATH/CodeIgniter.php(482): CodeIgniter\CodeIgniter->runController(Object(App\Controllers\AdminController))
 4 SYSTEMPATH/CodeIgniter.php(351): CodeIgniter\CodeIgniter->handleRequest(null, Object(Config\Cache), false)
 5 FCPATH/index.php(67): CodeIgniter\CodeIgniter->run()
CRITICAL - 2023-01-23 05:09:37 --> Cannot use [] for reading
in APPPATH/Controllers/AdminController.php on line 397.
 1 [internal function]: CodeIgniter\Debug\Exceptions->shutdownHandler()
CRITICAL - 2023-01-23 10:05:24 --> Undefined array key "Voznje_placene_gotovinom_prikupljena_gotovina"
in APPPATH/Controllers/AdminController.php on line 166.
 1 APPPATH/Controllers/AdminController.php(166): CodeIgniter\Debug\Exceptions->errorHandler(2, 'Undefined array key "Voznje_placene_gotovinom_prikupljena_gotovina"', 'APPPATH/Controllers/AdminController.php', 166)
 2 SYSTEMPATH/CodeIgniter.php(927): App\Controllers\AdminController->boltReportImport()
 3 SYSTEMPATH/CodeIgniter.php(482): CodeIgniter\CodeIgniter->runController(Object(App\Controllers\AdminController))
 4 SYSTEMPATH/CodeIgniter.php(351): CodeIgniter\CodeIgniter->handleRequest(null, Object(Config\Cache), false)
 5 FCPATH/index.php(67): CodeIgniter\CodeIgniter->run()
CRITICAL - 2023-01-23 10:16:58 --> syntax error, unexpected token "}"
in APPPATH/Controllers/AdminController.php on line 166.
 1 SYSTEMPATH/Autoloader/Autoloader.php(259): CodeIgniter\Autoloader\Autoloader->includeFile('APPPATH/Controllers/AdminController.php')
 2 SYSTEMPATH/Autoloader/Autoloader.php(237): CodeIgniter\Autoloader\Autoloader->loadInNamespace('App\\Controllers\\AdminController')
 3 [internal function]: CodeIgniter\Autoloader\Autoloader->loadClass('App\\Controllers\\AdminController')
 4 SYSTEMPATH/CodeIgniter.php(877): class_exists('\\App\\Controllers\\AdminController', true)
 5 SYSTEMPATH/CodeIgniter.php(469): CodeIgniter\CodeIgniter->startController()
 6 SYSTEMPATH/CodeIgniter.php(351): CodeIgniter\CodeIgniter->handleRequest(null, Object(Config\Cache), false)
 7 FCPATH/index.php(67): CodeIgniter\CodeIgniter->run()
CRITICAL - 2023-01-23 10:18:01 --> Undefined array key "Vozac"
in APPPATH/Controllers/AdminController.php on line 166.
 1 APPPATH/Controllers/AdminController.php(166): CodeIgniter\Debug\Exceptions->errorHandler(2, 'Undefined array key "Vozac"', 'APPPATH/Controllers/AdminController.php', 166)
 2 SYSTEMPATH/CodeIgniter.php(927): App\Controllers\AdminController->boltReportImport()
 3 SYSTEMPATH/CodeIgniter.php(482): CodeIgniter\CodeIgniter->runController(Object(App\Controllers\AdminController))
 4 SYSTEMPATH/CodeIgniter.php(351): CodeIgniter\CodeIgniter->handleRequest(null, Object(Config\Cache), false)
 5 FCPATH/index.php(67): CodeIgniter\CodeIgniter->run()
CRITICAL - 2023-01-23 10:39:56 --> Call to undefined function App\Controllers\strt()
in APPPATH/Controllers/AdminController.php on line 433.
 1 SYSTEMPATH/CodeIgniter.php(927): App\Controllers\AdminController->obracun()
 2 SYSTEMPATH/CodeIgniter.php(482): CodeIgniter\CodeIgniter->runController(Object(App\Controllers\AdminController))
 3 SYSTEMPATH/CodeIgniter.php(351): CodeIgniter\CodeIgniter->handleRequest(null, Object(Config\Cache), false)
 4 FCPATH/index.php(67): CodeIgniter\CodeIgniter->run()
CRITICAL - 2023-01-23 10:40:18 --> Undefined array key "Terminal_name"
in APPPATH/Controllers/AdminController.php on line 433.
 1 APPPATH/Controllers/AdminController.php(433): CodeIgniter\Debug\Exceptions->errorHandler(2, 'Undefined array key "Terminal_name"', 'APPPATH/Controllers/AdminController.php', 433)
 2 SYSTEMPATH/CodeIgniter.php(927): App\Controllers\AdminController->obracun()
 3 SYSTEMPATH/CodeIgniter.php(482): CodeIgniter\CodeIgniter->runController(Object(App\Controllers\AdminController))
 4 SYSTEMPATH/CodeIgniter.php(351): CodeIgniter\CodeIgniter->handleRequest(null, Object(Config\Cache), false)
 5 FCPATH/index.php(67): CodeIgniter\CodeIgniter->run()
CRITICAL - 2023-01-23 10:40:29 --> Undefined array key "Terminal_name"
in APPPATH/Controllers/AdminController.php on line 433.
 1 APPPATH/Controllers/AdminController.php(433): CodeIgniter\Debug\Exceptions->errorHandler(2, 'Undefined array key "Terminal_name"', 'APPPATH/Controllers/AdminController.php', 433)
 2 SYSTEMPATH/CodeIgniter.php(927): App\Controllers\AdminController->obracun()
 3 SYSTEMPATH/CodeIgniter.php(482): CodeIgniter\CodeIgniter->runController(Object(App\Controllers\AdminController))
 4 SYSTEMPATH/CodeIgniter.php(351): CodeIgniter\CodeIgniter->handleRequest(null, Object(Config\Cache), false)
 5 FCPATH/index.php(67): CodeIgniter\CodeIgniter->run()
CRITICAL - 2023-01-23 10:40:58 --> Undefined array key "Terminal_name"
in APPPATH/Controllers/AdminController.php on line 433.
 1 APPPATH/Controllers/AdminController.php(433): CodeIgniter\Debug\Exceptions->errorHandler(2, 'Undefined array key "Terminal_name"', 'APPPATH/Controllers/AdminController.php', 433)
 2 SYSTEMPATH/CodeIgniter.php(927): App\Controllers\AdminController->obracun()
 3 SYSTEMPATH/CodeIgniter.php(482): CodeIgniter\CodeIgniter->runController(Object(App\Controllers\AdminController))
 4 SYSTEMPATH/CodeIgniter.php(351): CodeIgniter\CodeIgniter->handleRequest(null, Object(Config\Cache), false)
 5 FCPATH/index.php(67): CodeIgniter\CodeIgniter->run()
CRITICAL - 2023-01-23 10:41:17 --> syntax error, unexpected token "echo", expecting "function" or "const"
in APPPATH/Controllers/AdminController.php on line 442.
 1 SYSTEMPATH/Autoloader/Autoloader.php(259): CodeIgniter\Autoloader\Autoloader->includeFile('APPPATH/Controllers/AdminController.php')
 2 SYSTEMPATH/Autoloader/Autoloader.php(237): CodeIgniter\Autoloader\Autoloader->loadInNamespace('App\\Controllers\\AdminController')
 3 [internal function]: CodeIgniter\Autoloader\Autoloader->loadClass('App\\Controllers\\AdminController')
 4 SYSTEMPATH/CodeIgniter.php(877): class_exists('\\App\\Controllers\\AdminController', true)
 5 SYSTEMPATH/CodeIgniter.php(469): CodeIgniter\CodeIgniter->startController()
 6 SYSTEMPATH/CodeIgniter.php(351): CodeIgniter\CodeIgniter->handleRequest(null, Object(Config\Cache), false)
 7 FCPATH/index.php(67): CodeIgniter\CodeIgniter->run()
CRITICAL - 2023-01-23 10:53:01 --> Undefined array key "myPos"
in APPPATH/Controllers/AdminController.php on line 434.
 1 APPPATH/Controllers/AdminController.php(434): CodeIgniter\Debug\Exceptions->errorHandler(2, 'Undefined array key "myPos"', 'APPPATH/Controllers/AdminController.php', 434)
 2 SYSTEMPATH/CodeIgniter.php(927): App\Controllers\AdminController->obracun()
 3 SYSTEMPATH/CodeIgniter.php(482): CodeIgniter\CodeIgniter->runController(Object(App\Controllers\AdminController))
 4 SYSTEMPATH/CodeIgniter.php(351): CodeIgniter\CodeIgniter->handleRequest(null, Object(Config\Cache), false)
 5 FCPATH/index.php(67): CodeIgniter\CodeIgniter->run()
CRITICAL - 2023-01-23 11:02:46 --> Undefined array key "Vozac"
in APPPATH/Views/adminDashboard/obracun.php on line 9.
 1 APPPATH/Views/adminDashboard/obracun.php(9): CodeIgniter\Debug\Exceptions->errorHandler(2, 'Undefined array key "Vozac"', 'APPPATH/Views/adminDashboard/obracun.php', 9)
 2 SYSTEMPATH/View/View.php(213): include('APPPATH/Views/adminDashboard/obracun.php')
 3 SYSTEMPATH/View/View.php(216): CodeIgniter\View\View->CodeIgniter\View\{closure}()
 4 SYSTEMPATH/Common.php(1134): CodeIgniter\View\View->render('adminDashboard/obracun', [], true)
 5 APPPATH/Controllers/AdminController.php(449): view('adminDashboard/obracun', [...])
 6 SYSTEMPATH/CodeIgniter.php(927): App\Controllers\AdminController->obracun()
 7 SYSTEMPATH/CodeIgniter.php(482): CodeIgniter\CodeIgniter->runController(Object(App\Controllers\AdminController))
 8 SYSTEMPATH/CodeIgniter.php(351): CodeIgniter\CodeIgniter->handleRequest(null, Object(Config\Cache), false)
 9 FCPATH/index.php(67): CodeIgniter\CodeIgniter->run()
CRITICAL - 2023-01-23 11:32:57 --> Undefined array key "neto_zarada_uber"
in APPPATH/Views/adminDashboard/obracun.php on line 12.
 1 APPPATH/Views/adminDashboard/obracun.php(12): CodeIgniter\Debug\Exceptions->errorHandler(2, 'Undefined array key "neto_zarada_uber"', 'APPPATH/Views/adminDashboard/obracun.php', 12)
 2 SYSTEMPATH/View/View.php(213): include('APPPATH/Views/adminDashboard/obracun.php')
 3 SYSTEMPATH/View/View.php(216): CodeIgniter\View\View->CodeIgniter\View\{closure}()
 4 SYSTEMPATH/Common.php(1134): CodeIgniter\View\View->render('adminDashboard/obracun', [], true)
 5 APPPATH/Controllers/AdminController.php(449): view('adminDashboard/obracun', [...])
 6 SYSTEMPATH/CodeIgniter.php(927): App\Controllers\AdminController->obracun()
 7 SYSTEMPATH/CodeIgniter.php(482): CodeIgniter\CodeIgniter->runController(Object(App\Controllers\AdminController))
 8 SYSTEMPATH/CodeIgniter.php(351): CodeIgniter\CodeIgniter->handleRequest(null, Object(Config\Cache), false)
 9 FCPATH/index.php(67): CodeIgniter\CodeIgniter->run()
CRITICAL - 2023-01-23 11:34:58 --> Array to string conversion
in APPPATH/Views/adminDashboard/obracun.php on line 12.
 1 APPPATH/Views/adminDashboard/obracun.php(12): CodeIgniter\Debug\Exceptions->errorHandler(2, 'Array to string conversion', 'APPPATH/Views/adminDashboard/obracun.php', 12)
 2 SYSTEMPATH/View/View.php(213): include('APPPATH/Views/adminDashboard/obracun.php')
 3 SYSTEMPATH/View/View.php(216): CodeIgniter\View\View->CodeIgniter\View\{closure}()
 4 SYSTEMPATH/Common.php(1134): CodeIgniter\View\View->render('adminDashboard/obracun', [], true)
 5 APPPATH/Controllers/AdminController.php(449): view('adminDashboard/obracun', [...])
 6 SYSTEMPATH/CodeIgniter.php(927): App\Controllers\AdminController->obracun()
 7 SYSTEMPATH/CodeIgniter.php(482): CodeIgniter\CodeIgniter->runController(Object(App\Controllers\AdminController))
 8 SYSTEMPATH/CodeIgniter.php(351): CodeIgniter\CodeIgniter->handleRequest(null, Object(Config\Cache), false)
 9 FCPATH/index.php(67): CodeIgniter\CodeIgniter->run()
CRITICAL - 2023-01-23 11:36:18 --> Undefined array key "neto_zarada_uber"
in APPPATH/Views/adminDashboard/obracun.php on line 12.
 1 APPPATH/Views/adminDashboard/obracun.php(12): CodeIgniter\Debug\Exceptions->errorHandler(2, 'Undefined array key "neto_zarada_uber"', 'APPPATH/Views/adminDashboard/obracun.php', 12)
 2 SYSTEMPATH/View/View.php(213): include('APPPATH/Views/adminDashboard/obracun.php')
 3 SYSTEMPATH/View/View.php(216): CodeIgniter\View\View->CodeIgniter\View\{closure}()
 4 SYSTEMPATH/Common.php(1134): CodeIgniter\View\View->render('adminDashboard/obracun', [], true)
 5 APPPATH/Controllers/AdminController.php(449): view('adminDashboard/obracun', [...])
 6 SYSTEMPATH/CodeIgniter.php(927): App\Controllers\AdminController->obracun()
 7 SYSTEMPATH/CodeIgniter.php(482): CodeIgniter\CodeIgniter->runController(Object(App\Controllers\AdminController))
 8 SYSTEMPATH/CodeIgniter.php(351): CodeIgniter\CodeIgniter->handleRequest(null, Object(Config\Cache), false)
 9 FCPATH/index.php(67): CodeIgniter\CodeIgniter->run()
CRITICAL - 2023-01-23 11:36:51 --> Undefined array key "neto_zarada_uber"
in APPPATH/Views/adminDashboard/obracun.php on line 12.
 1 APPPATH/Views/adminDashboard/obracun.php(12): CodeIgniter\Debug\Exceptions->errorHandler(2, 'Undefined array key "neto_zarada_uber"', 'APPPATH/Views/adminDashboard/obracun.php', 12)
 2 SYSTEMPATH/View/View.php(213): include('APPPATH/Views/adminDashboard/obracun.php')
 3 SYSTEMPATH/View/View.php(216): CodeIgniter\View\View->CodeIgniter\View\{closure}()
 4 SYSTEMPATH/Common.php(1134): CodeIgniter\View\View->render('adminDashboard/obracun', [], true)
 5 APPPATH/Controllers/AdminController.php(449): view('adminDashboard/obracun', [...])
 6 SYSTEMPATH/CodeIgniter.php(927): App\Controllers\AdminController->obracun()
 7 SYSTEMPATH/CodeIgniter.php(482): CodeIgniter\CodeIgniter->runController(Object(App\Controllers\AdminController))
 8 SYSTEMPATH/CodeIgniter.php(351): CodeIgniter\CodeIgniter->handleRequest(null, Object(Config\Cache), false)
 9 FCPATH/index.php(67): CodeIgniter\CodeIgniter->run()
CRITICAL - 2023-01-23 11:36:52 --> Undefined array key "neto_zarada_uber"
in APPPATH/Views/adminDashboard/obracun.php on line 12.
 1 APPPATH/Views/adminDashboard/obracun.php(12): CodeIgniter\Debug\Exceptions->errorHandler(2, 'Undefined array key "neto_zarada_uber"', 'APPPATH/Views/adminDashboard/obracun.php', 12)
 2 SYSTEMPATH/View/View.php(213): include('APPPATH/Views/adminDashboard/obracun.php')
 3 SYSTEMPATH/View/View.php(216): CodeIgniter\View\View->CodeIgniter\View\{closure}()
 4 SYSTEMPATH/Common.php(1134): CodeIgniter\View\View->render('adminDashboard/obracun', [], true)
 5 APPPATH/Controllers/AdminController.php(449): view('adminDashboard/obracun', [...])
 6 SYSTEMPATH/CodeIgniter.php(927): App\Controllers\AdminController->obracun()
 7 SYSTEMPATH/CodeIgniter.php(482): CodeIgniter\CodeIgniter->runController(Object(App\Controllers\AdminController))
 8 SYSTEMPATH/CodeIgniter.php(351): CodeIgniter\CodeIgniter->handleRequest(null, Object(Config\Cache), false)
 9 FCPATH/index.php(67): CodeIgniter\CodeIgniter->run()
CRITICAL - 2023-01-23 11:36:52 --> Undefined array key "neto_zarada_uber"
in APPPATH/Views/adminDashboard/obracun.php on line 12.
 1 APPPATH/Views/adminDashboard/obracun.php(12): CodeIgniter\Debug\Exceptions->errorHandler(2, 'Undefined array key "neto_zarada_uber"', 'APPPATH/Views/adminDashboard/obracun.php', 12)
 2 SYSTEMPATH/View/View.php(213): include('APPPATH/Views/adminDashboard/obracun.php')
 3 SYSTEMPATH/View/View.php(216): CodeIgniter\View\View->CodeIgniter\View\{closure}()
 4 SYSTEMPATH/Common.php(1134): CodeIgniter\View\View->render('adminDashboard/obracun', [], true)
 5 APPPATH/Controllers/AdminController.php(449): view('adminDashboard/obracun', [...])
 6 SYSTEMPATH/CodeIgniter.php(927): App\Controllers\AdminController->obracun()
 7 SYSTEMPATH/CodeIgniter.php(482): CodeIgniter\CodeIgniter->runController(Object(App\Controllers\AdminController))
 8 SYSTEMPATH/CodeIgniter.php(351): CodeIgniter\CodeIgniter->handleRequest(null, Object(Config\Cache), false)
 9 FCPATH/index.php(67): CodeIgniter\CodeIgniter->run()
CRITICAL - 2023-01-23 11:36:52 --> Undefined array key "neto_zarada_uber"
in APPPATH/Views/adminDashboard/obracun.php on line 12.
 1 APPPATH/Views/adminDashboard/obracun.php(12): CodeIgniter\Debug\Exceptions->errorHandler(2, 'Undefined array key "neto_zarada_uber"', 'APPPATH/Views/adminDashboard/obracun.php', 12)
 2 SYSTEMPATH/View/View.php(213): include('APPPATH/Views/adminDashboard/obracun.php')
 3 SYSTEMPATH/View/View.php(216): CodeIgniter\View\View->CodeIgniter\View\{closure}()
 4 SYSTEMPATH/Common.php(1134): CodeIgniter\View\View->render('adminDashboard/obracun', [], true)
 5 APPPATH/Controllers/AdminController.php(449): view('adminDashboard/obracun', [...])
 6 SYSTEMPATH/CodeIgniter.php(927): App\Controllers\AdminController->obracun()
 7 SYSTEMPATH/CodeIgniter.php(482): CodeIgniter\CodeIgniter->runController(Object(App\Controllers\AdminController))
 8 SYSTEMPATH/CodeIgniter.php(351): CodeIgniter\CodeIgniter->handleRequest(null, Object(Config\Cache), false)
 9 FCPATH/index.php(67): CodeIgniter\CodeIgniter->run()
CRITICAL - 2023-01-23 11:38:26 --> Array to string conversion
in APPPATH/Views/adminDashboard/obracun.php on line 12.
 1 APPPATH/Views/adminDashboard/obracun.php(12): CodeIgniter\Debug\Exceptions->errorHandler(2, 'Array to string conversion', 'APPPATH/Views/adminDashboard/obracun.php', 12)
 2 SYSTEMPATH/View/View.php(213): include('APPPATH/Views/adminDashboard/obracun.php')
 3 SYSTEMPATH/View/View.php(216): CodeIgniter\View\View->CodeIgniter\View\{closure}()
 4 SYSTEMPATH/Common.php(1134): CodeIgniter\View\View->render('adminDashboard/obracun', [], true)
 5 APPPATH/Controllers/AdminController.php(449): view('adminDashboard/obracun', [...])
 6 SYSTEMPATH/CodeIgniter.php(927): App\Controllers\AdminController->obracun()
 7 SYSTEMPATH/CodeIgniter.php(482): CodeIgniter\CodeIgniter->runController(Object(App\Controllers\AdminController))
 8 SYSTEMPATH/CodeIgniter.php(351): CodeIgniter\CodeIgniter->handleRequest(null, Object(Config\Cache), false)
 9 FCPATH/index.php(67): CodeIgniter\CodeIgniter->run()
CRITICAL - 2023-01-23 11:38:45 --> Undefined constant "php"
in APPPATH/Views/adminDashboard/obracun.php on line 12.
 1 SYSTEMPATH/View/View.php(213): include()
 2 SYSTEMPATH/View/View.php(216): CodeIgniter\View\View->CodeIgniter\View\{closure}()
 3 SYSTEMPATH/Common.php(1134): CodeIgniter\View\View->render('adminDashboard/obracun', [], true)
 4 APPPATH/Controllers/AdminController.php(449): view('adminDashboard/obracun', [...])
 5 SYSTEMPATH/CodeIgniter.php(927): App\Controllers\AdminController->obracun()
 6 SYSTEMPATH/CodeIgniter.php(482): CodeIgniter\CodeIgniter->runController(Object(App\Controllers\AdminController))
 7 SYSTEMPATH/CodeIgniter.php(351): CodeIgniter\CodeIgniter->handleRequest(null, Object(Config\Cache), false)
 8 FCPATH/index.php(67): CodeIgniter\CodeIgniter->run()
CRITICAL - 2023-01-23 11:38:46 --> Undefined constant "php"
in APPPATH/Views/adminDashboard/obracun.php on line 12.
 1 SYSTEMPATH/View/View.php(213): include()
 2 SYSTEMPATH/View/View.php(216): CodeIgniter\View\View->CodeIgniter\View\{closure}()
 3 SYSTEMPATH/Common.php(1134): CodeIgniter\View\View->render('adminDashboard/obracun', [], true)
 4 APPPATH/Controllers/AdminController.php(449): view('adminDashboard/obracun', [...])
 5 SYSTEMPATH/CodeIgniter.php(927): App\Controllers\AdminController->obracun()
 6 SYSTEMPATH/CodeIgniter.php(482): CodeIgniter\CodeIgniter->runController(Object(App\Controllers\AdminController))
 7 SYSTEMPATH/CodeIgniter.php(351): CodeIgniter\CodeIgniter->handleRequest(null, Object(Config\Cache), false)
 8 FCPATH/index.php(67): CodeIgniter\CodeIgniter->run()
CRITICAL - 2023-01-23 11:42:51 --> Undefined array key "Antonijo Prtenjača"
in APPPATH/Controllers/AdminController.php on line 419.
 1 APPPATH/Controllers/AdminController.php(419): CodeIgniter\Debug\Exceptions->errorHandler(2, 'Undefined array key "Antonijo Prtenjača"', 'APPPATH/Controllers/AdminController.php', 419)
 2 SYSTEMPATH/CodeIgniter.php(927): App\Controllers\AdminController->obracun()
 3 SYSTEMPATH/CodeIgniter.php(482): CodeIgniter\CodeIgniter->runController(Object(App\Controllers\AdminController))
 4 SYSTEMPATH/CodeIgniter.php(351): CodeIgniter\CodeIgniter->handleRequest(null, Object(Config\Cache), false)
 5 FCPATH/index.php(67): CodeIgniter\CodeIgniter->run()
CRITICAL - 2023-01-23 11:43:55 --> Cannot use [] for reading
in APPPATH/Controllers/AdminController.php on line 419.
 1 [internal function]: CodeIgniter\Debug\Exceptions->shutdownHandler()
CRITICAL - 2023-01-23 11:46:01 --> Undefined array key "myPos"
in APPPATH/Controllers/AdminController.php on line 438.
 1 APPPATH/Controllers/AdminController.php(438): CodeIgniter\Debug\Exceptions->errorHandler(2, 'Undefined array key "myPos"', 'APPPATH/Controllers/AdminController.php', 438)
 2 SYSTEMPATH/CodeIgniter.php(927): App\Controllers\AdminController->obracun()
 3 SYSTEMPATH/CodeIgniter.php(482): CodeIgniter\CodeIgniter->runController(Object(App\Controllers\AdminController))
 4 SYSTEMPATH/CodeIgniter.php(351): CodeIgniter\CodeIgniter->handleRequest(null, Object(Config\Cache), false)
 5 FCPATH/index.php(67): CodeIgniter\CodeIgniter->run()
CRITICAL - 2023-01-23 11:52:34 --> Undefined variable $key
in APPPATH/Views/adminDashboard/obracun.php on line 9.
 1 APPPATH/Views/adminDashboard/obracun.php(9): CodeIgniter\Debug\Exceptions->errorHandler(2, 'Undefined variable $key', 'APPPATH/Views/adminDashboard/obracun.php', 9)
 2 SYSTEMPATH/View/View.php(213): include('APPPATH/Views/adminDashboard/obracun.php')
 3 SYSTEMPATH/View/View.php(216): CodeIgniter\View\View->CodeIgniter\View\{closure}()
 4 SYSTEMPATH/Common.php(1134): CodeIgniter\View\View->render('adminDashboard/obracun', [], true)
 5 APPPATH/Controllers/AdminController.php(449): view('adminDashboard/obracun', [...])
 6 SYSTEMPATH/CodeIgniter.php(927): App\Controllers\AdminController->obracun()
 7 SYSTEMPATH/CodeIgniter.php(482): CodeIgniter\CodeIgniter->runController(Object(App\Controllers\AdminController))
 8 SYSTEMPATH/CodeIgniter.php(351): CodeIgniter\CodeIgniter->handleRequest(null, Object(Config\Cache), false)
 9 FCPATH/index.php(67): CodeIgniter\CodeIgniter->run()
CRITICAL - 2023-01-23 11:53:23 --> Cannot access offset of type string on string
in APPPATH/Views/adminDashboard/obracun.php on line 12.
 1 SYSTEMPATH/View/View.php(213): include()
 2 SYSTEMPATH/View/View.php(216): CodeIgniter\View\View->CodeIgniter\View\{closure}()
 3 SYSTEMPATH/Common.php(1134): CodeIgniter\View\View->render('adminDashboard/obracun', [], true)
 4 APPPATH/Controllers/AdminController.php(449): view('adminDashboard/obracun', [...])
 5 SYSTEMPATH/CodeIgniter.php(927): App\Controllers\AdminController->obracun()
 6 SYSTEMPATH/CodeIgniter.php(482): CodeIgniter\CodeIgniter->runController(Object(App\Controllers\AdminController))
 7 SYSTEMPATH/CodeIgniter.php(351): CodeIgniter\CodeIgniter->handleRequest(null, Object(Config\Cache), false)
 8 FCPATH/index.php(67): CodeIgniter\CodeIgniter->run()
CRITICAL - 2023-01-23 11:56:21 --> Array to string conversion
in APPPATH/Views/adminDashboard/obracun.php on line 12.
 1 APPPATH/Views/adminDashboard/obracun.php(12): CodeIgniter\Debug\Exceptions->errorHandler(2, 'Array to string conversion', 'APPPATH/Views/adminDashboard/obracun.php', 12)
 2 SYSTEMPATH/View/View.php(213): include('APPPATH/Views/adminDashboard/obracun.php')
 3 SYSTEMPATH/View/View.php(216): CodeIgniter\View\View->CodeIgniter\View\{closure}()
 4 SYSTEMPATH/Common.php(1134): CodeIgniter\View\View->render('adminDashboard/obracun', [], true)
 5 APPPATH/Controllers/AdminController.php(449): view('adminDashboard/obracun', [...])
 6 SYSTEMPATH/CodeIgniter.php(927): App\Controllers\AdminController->obracun()
 7 SYSTEMPATH/CodeIgniter.php(482): CodeIgniter\CodeIgniter->runController(Object(App\Controllers\AdminController))
 8 SYSTEMPATH/CodeIgniter.php(351): CodeIgniter\CodeIgniter->handleRequest(null, Object(Config\Cache), false)
 9 FCPATH/index.php(67): CodeIgniter\CodeIgniter->run()
CRITICAL - 2023-01-23 11:56:45 --> Undefined array key "neto_zarada_uber"
in APPPATH/Views/adminDashboard/obracun.php on line 12.
 1 APPPATH/Views/adminDashboard/obracun.php(12): CodeIgniter\Debug\Exceptions->errorHandler(2, 'Undefined array key "neto_zarada_uber"', 'APPPATH/Views/adminDashboard/obracun.php', 12)
 2 SYSTEMPATH/View/View.php(213): include('APPPATH/Views/adminDashboard/obracun.php')
 3 SYSTEMPATH/View/View.php(216): CodeIgniter\View\View->CodeIgniter\View\{closure}()
 4 SYSTEMPATH/Common.php(1134): CodeIgniter\View\View->render('adminDashboard/obracun', [], true)
 5 APPPATH/Controllers/AdminController.php(449): view('adminDashboard/obracun', [...])
 6 SYSTEMPATH/CodeIgniter.php(927): App\Controllers\AdminController->obracun()
 7 SYSTEMPATH/CodeIgniter.php(482): CodeIgniter\CodeIgniter->runController(Object(App\Controllers\AdminController))
 8 SYSTEMPATH/CodeIgniter.php(351): CodeIgniter\CodeIgniter->handleRequest(null, Object(Config\Cache), false)
 9 FCPATH/index.php(67): CodeIgniter\CodeIgniter->run()
CRITICAL - 2023-01-23 11:57:32 --> Array to string conversion
in APPPATH/Views/adminDashboard/obracun.php on line 9.
 1 APPPATH/Views/adminDashboard/obracun.php(9): CodeIgniter\Debug\Exceptions->errorHandler(2, 'Array to string conversion', 'APPPATH/Views/adminDashboard/obracun.php', 9)
 2 SYSTEMPATH/View/View.php(213): include('APPPATH/Views/adminDashboard/obracun.php')
 3 SYSTEMPATH/View/View.php(216): CodeIgniter\View\View->CodeIgniter\View\{closure}()
 4 SYSTEMPATH/Common.php(1134): CodeIgniter\View\View->render('adminDashboard/obracun', [], true)
 5 APPPATH/Controllers/AdminController.php(449): view('adminDashboard/obracun', [...])
 6 SYSTEMPATH/CodeIgniter.php(927): App\Controllers\AdminController->obracun()
 7 SYSTEMPATH/CodeIgniter.php(482): CodeIgniter\CodeIgniter->runController(Object(App\Controllers\AdminController))
 8 SYSTEMPATH/CodeIgniter.php(351): CodeIgniter\CodeIgniter->handleRequest(null, Object(Config\Cache), false)
 9 FCPATH/index.php(67): CodeIgniter\CodeIgniter->run()
CRITICAL - 2023-01-23 11:58:15 --> Undefined array key "neto_zarada_uber"
in APPPATH/Views/adminDashboard/obracun.php on line 12.
 1 APPPATH/Views/adminDashboard/obracun.php(12): CodeIgniter\Debug\Exceptions->errorHandler(2, 'Undefined array key "neto_zarada_uber"', 'APPPATH/Views/adminDashboard/obracun.php', 12)
 2 SYSTEMPATH/View/View.php(213): include('APPPATH/Views/adminDashboard/obracun.php')
 3 SYSTEMPATH/View/View.php(216): CodeIgniter\View\View->CodeIgniter\View\{closure}()
 4 SYSTEMPATH/Common.php(1134): CodeIgniter\View\View->render('adminDashboard/obracun', [], true)
 5 APPPATH/Controllers/AdminController.php(449): view('adminDashboard/obracun', [...])
 6 SYSTEMPATH/CodeIgniter.php(927): App\Controllers\AdminController->obracun()
 7 SYSTEMPATH/CodeIgniter.php(482): CodeIgniter\CodeIgniter->runController(Object(App\Controllers\AdminController))
 8 SYSTEMPATH/CodeIgniter.php(351): CodeIgniter\CodeIgniter->handleRequest(null, Object(Config\Cache), false)
 9 FCPATH/index.php(67): CodeIgniter\CodeIgniter->run()
CRITICAL - 2023-01-23 12:00:31 --> Cannot access offset of type string on string
in APPPATH/Views/adminDashboard/obracun.php on line 12.
 1 SYSTEMPATH/View/View.php(213): include()
 2 SYSTEMPATH/View/View.php(216): CodeIgniter\View\View->CodeIgniter\View\{closure}()
 3 SYSTEMPATH/Common.php(1134): CodeIgniter\View\View->render('adminDashboard/obracun', [], true)
 4 APPPATH/Controllers/AdminController.php(449): view('adminDashboard/obracun', [...])
 5 SYSTEMPATH/CodeIgniter.php(927): App\Controllers\AdminController->obracun()
 6 SYSTEMPATH/CodeIgniter.php(482): CodeIgniter\CodeIgniter->runController(Object(App\Controllers\AdminController))
 7 SYSTEMPATH/CodeIgniter.php(351): CodeIgniter\CodeIgniter->handleRequest(null, Object(Config\Cache), false)
 8 FCPATH/index.php(67): CodeIgniter\CodeIgniter->run()
CRITICAL - 2023-01-23 12:00:52 --> Cannot access offset of type string on string
in APPPATH/Views/adminDashboard/obracun.php on line 12.
 1 SYSTEMPATH/View/View.php(213): include()
 2 SYSTEMPATH/View/View.php(216): CodeIgniter\View\View->CodeIgniter\View\{closure}()
 3 SYSTEMPATH/Common.php(1134): CodeIgniter\View\View->render('adminDashboard/obracun', [], true)
 4 APPPATH/Controllers/AdminController.php(449): view('adminDashboard/obracun', [...])
 5 SYSTEMPATH/CodeIgniter.php(927): App\Controllers\AdminController->obracun()
 6 SYSTEMPATH/CodeIgniter.php(482): CodeIgniter\CodeIgniter->runController(Object(App\Controllers\AdminController))
 7 SYSTEMPATH/CodeIgniter.php(351): CodeIgniter\CodeIgniter->handleRequest(null, Object(Config\Cache), false)
 8 FCPATH/index.php(67): CodeIgniter\CodeIgniter->run()
CRITICAL - 2023-01-23 12:05:29 --> Undefined array key "neto_zarada_uber"
in APPPATH/Views/adminDashboard/obracun.php on line 9.
 1 APPPATH/Views/adminDashboard/obracun.php(9): CodeIgniter\Debug\Exceptions->errorHandler(2, 'Undefined array key "neto_zarada_uber"', 'APPPATH/Views/adminDashboard/obracun.php', 9)
 2 SYSTEMPATH/View/View.php(213): include('APPPATH/Views/adminDashboard/obracun.php')
 3 SYSTEMPATH/View/View.php(216): CodeIgniter\View\View->CodeIgniter\View\{closure}()
 4 SYSTEMPATH/Common.php(1134): CodeIgniter\View\View->render('adminDashboard/obracun', [], true)
 5 APPPATH/Controllers/AdminController.php(449): view('adminDashboard/obracun', [...])
 6 SYSTEMPATH/CodeIgniter.php(927): App\Controllers\AdminController->obracun()
 7 SYSTEMPATH/CodeIgniter.php(482): CodeIgniter\CodeIgniter->runController(Object(App\Controllers\AdminController))
 8 SYSTEMPATH/CodeIgniter.php(351): CodeIgniter\CodeIgniter->handleRequest(null, Object(Config\Cache), false)
 9 FCPATH/index.php(67): CodeIgniter\CodeIgniter->run()
CRITICAL - 2023-01-23 12:06:35 --> Cannot use [] for reading
in APPPATH/Views/adminDashboard/obracun.php on line 9.
 1 [internal function]: CodeIgniter\Debug\Exceptions->shutdownHandler()
CRITICAL - 2023-01-23 12:14:11 --> Undefined array key "neto_zarada_uber"
in APPPATH/Views/adminDashboard/obracun.php on line 9.
 1 APPPATH/Views/adminDashboard/obracun.php(9): CodeIgniter\Debug\Exceptions->errorHandler(2, 'Undefined array key "neto_zarada_uber"', 'APPPATH/Views/adminDashboard/obracun.php', 9)
 2 SYSTEMPATH/View/View.php(213): include('APPPATH/Views/adminDashboard/obracun.php')
 3 SYSTEMPATH/View/View.php(216): CodeIgniter\View\View->CodeIgniter\View\{closure}()
 4 SYSTEMPATH/Common.php(1134): CodeIgniter\View\View->render('adminDashboard/obracun', [], true)
 5 APPPATH/Controllers/AdminController.php(449): view('adminDashboard/obracun', [...])
 6 SYSTEMPATH/CodeIgniter.php(927): App\Controllers\AdminController->obracun()
 7 SYSTEMPATH/CodeIgniter.php(482): CodeIgniter\CodeIgniter->runController(Object(App\Controllers\AdminController))
 8 SYSTEMPATH/CodeIgniter.php(351): CodeIgniter\CodeIgniter->handleRequest(null, Object(Config\Cache), false)
 9 FCPATH/index.php(67): CodeIgniter\CodeIgniter->run()
CRITICAL - 2023-01-23 12:14:14 --> Undefined array key "neto_zarada_uber"
in APPPATH/Views/adminDashboard/obracun.php on line 9.
 1 APPPATH/Views/adminDashboard/obracun.php(9): CodeIgniter\Debug\Exceptions->errorHandler(2, 'Undefined array key "neto_zarada_uber"', 'APPPATH/Views/adminDashboard/obracun.php', 9)
 2 SYSTEMPATH/View/View.php(213): include('APPPATH/Views/adminDashboard/obracun.php')
 3 SYSTEMPATH/View/View.php(216): CodeIgniter\View\View->CodeIgniter\View\{closure}()
 4 SYSTEMPATH/Common.php(1134): CodeIgniter\View\View->render('adminDashboard/obracun', [], true)
 5 APPPATH/Controllers/AdminController.php(449): view('adminDashboard/obracun', [...])
 6 SYSTEMPATH/CodeIgniter.php(927): App\Controllers\AdminController->obracun()
 7 SYSTEMPATH/CodeIgniter.php(482): CodeIgniter\CodeIgniter->runController(Object(App\Controllers\AdminController))
 8 SYSTEMPATH/CodeIgniter.php(351): CodeIgniter\CodeIgniter->handleRequest(null, Object(Config\Cache), false)
 9 FCPATH/index.php(67): CodeIgniter\CodeIgniter->run()
CRITICAL - 2023-01-23 12:15:02 --> Undefined array key "neto_zarada_uber"
in APPPATH/Views/adminDashboard/obracun.php on line 9.
 1 APPPATH/Views/adminDashboard/obracun.php(9): CodeIgniter\Debug\Exceptions->errorHandler(2, 'Undefined array key "neto_zarada_uber"', 'APPPATH/Views/adminDashboard/obracun.php', 9)
 2 SYSTEMPATH/View/View.php(213): include('APPPATH/Views/adminDashboard/obracun.php')
 3 SYSTEMPATH/View/View.php(216): CodeIgniter\View\View->CodeIgniter\View\{closure}()
 4 SYSTEMPATH/Common.php(1134): CodeIgniter\View\View->render('adminDashboard/obracun', [], true)
 5 APPPATH/Controllers/AdminController.php(449): view('adminDashboard/obracun', [...])
 6 SYSTEMPATH/CodeIgniter.php(927): App\Controllers\AdminController->obracun()
 7 SYSTEMPATH/CodeIgniter.php(482): CodeIgniter\CodeIgniter->runController(Object(App\Controllers\AdminController))
 8 SYSTEMPATH/CodeIgniter.php(351): CodeIgniter\CodeIgniter->handleRequest(null, Object(Config\Cache), false)
 9 FCPATH/index.php(67): CodeIgniter\CodeIgniter->run()
CRITICAL - 2023-01-23 12:15:04 --> Undefined array key "neto_zarada_uber"
in APPPATH/Views/adminDashboard/obracun.php on line 9.
 1 APPPATH/Views/adminDashboard/obracun.php(9): CodeIgniter\Debug\Exceptions->errorHandler(2, 'Undefined array key "neto_zarada_uber"', 'APPPATH/Views/adminDashboard/obracun.php', 9)
 2 SYSTEMPATH/View/View.php(213): include('APPPATH/Views/adminDashboard/obracun.php')
 3 SYSTEMPATH/View/View.php(216): CodeIgniter\View\View->CodeIgniter\View\{closure}()
 4 SYSTEMPATH/Common.php(1134): CodeIgniter\View\View->render('adminDashboard/obracun', [], true)
 5 APPPATH/Controllers/AdminController.php(449): view('adminDashboard/obracun', [...])
 6 SYSTEMPATH/CodeIgniter.php(927): App\Controllers\AdminController->obracun()
 7 SYSTEMPATH/CodeIgniter.php(482): CodeIgniter\CodeIgniter->runController(Object(App\Controllers\AdminController))
 8 SYSTEMPATH/CodeIgniter.php(351): CodeIgniter\CodeIgniter->handleRequest(null, Object(Config\Cache), false)
 9 FCPATH/index.php(67): CodeIgniter\CodeIgniter->run()
CRITICAL - 2023-01-23 12:15:24 --> Array to string conversion
in APPPATH/Views/adminDashboard/obracun.php on line 9.
 1 APPPATH/Views/adminDashboard/obracun.php(9): CodeIgniter\Debug\Exceptions->errorHandler(2, 'Array to string conversion', 'APPPATH/Views/adminDashboard/obracun.php', 9)
 2 SYSTEMPATH/View/View.php(213): include('APPPATH/Views/adminDashboard/obracun.php')
 3 SYSTEMPATH/View/View.php(216): CodeIgniter\View\View->CodeIgniter\View\{closure}()
 4 SYSTEMPATH/Common.php(1134): CodeIgniter\View\View->render('adminDashboard/obracun', [], true)
 5 APPPATH/Controllers/AdminController.php(449): view('adminDashboard/obracun', [...])
 6 SYSTEMPATH/CodeIgniter.php(927): App\Controllers\AdminController->obracun()
 7 SYSTEMPATH/CodeIgniter.php(482): CodeIgniter\CodeIgniter->runController(Object(App\Controllers\AdminController))
 8 SYSTEMPATH/CodeIgniter.php(351): CodeIgniter\CodeIgniter->handleRequest(null, Object(Config\Cache), false)
 9 FCPATH/index.php(67): CodeIgniter\CodeIgniter->run()
CRITICAL - 2023-01-23 12:15:25 --> Array to string conversion
in APPPATH/Views/adminDashboard/obracun.php on line 9.
 1 APPPATH/Views/adminDashboard/obracun.php(9): CodeIgniter\Debug\Exceptions->errorHandler(2, 'Array to string conversion', 'APPPATH/Views/adminDashboard/obracun.php', 9)
 2 SYSTEMPATH/View/View.php(213): include('APPPATH/Views/adminDashboard/obracun.php')
 3 SYSTEMPATH/View/View.php(216): CodeIgniter\View\View->CodeIgniter\View\{closure}()
 4 SYSTEMPATH/Common.php(1134): CodeIgniter\View\View->render('adminDashboard/obracun', [], true)
 5 APPPATH/Controllers/AdminController.php(449): view('adminDashboard/obracun', [...])
 6 SYSTEMPATH/CodeIgniter.php(927): App\Controllers\AdminController->obracun()
 7 SYSTEMPATH/CodeIgniter.php(482): CodeIgniter\CodeIgniter->runController(Object(App\Controllers\AdminController))
 8 SYSTEMPATH/CodeIgniter.php(351): CodeIgniter\CodeIgniter->handleRequest(null, Object(Config\Cache), false)
 9 FCPATH/index.php(67): CodeIgniter\CodeIgniter->run()
CRITICAL - 2023-01-23 12:22:30 --> Cannot access offset of type string on string
in APPPATH/Views/adminDashboard/obracun.php on line 7.
 1 SYSTEMPATH/View/View.php(213): include()
 2 SYSTEMPATH/View/View.php(216): CodeIgniter\View\View->CodeIgniter\View\{closure}()
 3 SYSTEMPATH/Common.php(1134): CodeIgniter\View\View->render('adminDashboard/obracun', [], true)
 4 APPPATH/Controllers/AdminController.php(449): view('adminDashboard/obracun', [...])
 5 SYSTEMPATH/CodeIgniter.php(927): App\Controllers\AdminController->obracun()
 6 SYSTEMPATH/CodeIgniter.php(482): CodeIgniter\CodeIgniter->runController(Object(App\Controllers\AdminController))
 7 SYSTEMPATH/CodeIgniter.php(351): CodeIgniter\CodeIgniter->handleRequest(null, Object(Config\Cache), false)
 8 FCPATH/index.php(67): CodeIgniter\CodeIgniter->run()
CRITICAL - 2023-01-23 12:22:43 --> Trying to access array offset on value of type float
in APPPATH/Views/adminDashboard/obracun.php on line 7.
 1 APPPATH/Views/adminDashboard/obracun.php(7): CodeIgniter\Debug\Exceptions->errorHandler(2, 'Trying to access array offset on value of type float', 'APPPATH/Views/adminDashboard/obracun.php', 7)
 2 SYSTEMPATH/View/View.php(213): include('APPPATH/Views/adminDashboard/obracun.php')
 3 SYSTEMPATH/View/View.php(216): CodeIgniter\View\View->CodeIgniter\View\{closure}()
 4 SYSTEMPATH/Common.php(1134): CodeIgniter\View\View->render('adminDashboard/obracun', [], true)
 5 APPPATH/Controllers/AdminController.php(449): view('adminDashboard/obracun', [...])
 6 SYSTEMPATH/CodeIgniter.php(927): App\Controllers\AdminController->obracun()
 7 SYSTEMPATH/CodeIgniter.php(482): CodeIgniter\CodeIgniter->runController(Object(App\Controllers\AdminController))
 8 SYSTEMPATH/CodeIgniter.php(351): CodeIgniter\CodeIgniter->handleRequest(null, Object(Config\Cache), false)
 9 FCPATH/index.php(67): CodeIgniter\CodeIgniter->run()
CRITICAL - 2023-01-23 12:25:01 --> Undefined array key "neto_zarada_uber"
in APPPATH/Views/adminDashboard/obracun.php on line 7.
 1 APPPATH/Views/adminDashboard/obracun.php(7): CodeIgniter\Debug\Exceptions->errorHandler(2, 'Undefined array key "neto_zarada_uber"', 'APPPATH/Views/adminDashboard/obracun.php', 7)
 2 SYSTEMPATH/View/View.php(213): include('APPPATH/Views/adminDashboard/obracun.php')
 3 SYSTEMPATH/View/View.php(216): CodeIgniter\View\View->CodeIgniter\View\{closure}()
 4 SYSTEMPATH/Common.php(1134): CodeIgniter\View\View->render('adminDashboard/obracun', [], true)
 5 APPPATH/Controllers/AdminController.php(449): view('adminDashboard/obracun', [...])
 6 SYSTEMPATH/CodeIgniter.php(927): App\Controllers\AdminController->obracun()
 7 SYSTEMPATH/CodeIgniter.php(482): CodeIgniter\CodeIgniter->runController(Object(App\Controllers\AdminController))
 8 SYSTEMPATH/CodeIgniter.php(351): CodeIgniter\CodeIgniter->handleRequest(null, Object(Config\Cache), false)
 9 FCPATH/index.php(67): CodeIgniter\CodeIgniter->run()
CRITICAL - 2023-01-23 12:25:22 --> Undefined array key "gotovina_uber"
in APPPATH/Views/adminDashboard/obracun.php on line 7.
 1 APPPATH/Views/adminDashboard/obracun.php(7): CodeIgniter\Debug\Exceptions->errorHandler(2, 'Undefined array key "gotovina_uber"', 'APPPATH/Views/adminDashboard/obracun.php', 7)
 2 SYSTEMPATH/View/View.php(213): include('APPPATH/Views/adminDashboard/obracun.php')
 3 SYSTEMPATH/View/View.php(216): CodeIgniter\View\View->CodeIgniter\View\{closure}()
 4 SYSTEMPATH/Common.php(1134): CodeIgniter\View\View->render('adminDashboard/obracun', [], true)
 5 APPPATH/Controllers/AdminController.php(449): view('adminDashboard/obracun', [...])
 6 SYSTEMPATH/CodeIgniter.php(927): App\Controllers\AdminController->obracun()
 7 SYSTEMPATH/CodeIgniter.php(482): CodeIgniter\CodeIgniter->runController(Object(App\Controllers\AdminController))
 8 SYSTEMPATH/CodeIgniter.php(351): CodeIgniter\CodeIgniter->handleRequest(null, Object(Config\Cache), false)
 9 FCPATH/index.php(67): CodeIgniter\CodeIgniter->run()
CRITICAL - 2023-01-23 12:26:58 --> Undefined variable $key
in APPPATH/Views/adminDashboard/obracun.php on line 9.
 1 APPPATH/Views/adminDashboard/obracun.php(9): CodeIgniter\Debug\Exceptions->errorHandler(2, 'Undefined variable $key', 'APPPATH/Views/adminDashboard/obracun.php', 9)
 2 SYSTEMPATH/View/View.php(213): include('APPPATH/Views/adminDashboard/obracun.php')
 3 SYSTEMPATH/View/View.php(216): CodeIgniter\View\View->CodeIgniter\View\{closure}()
 4 SYSTEMPATH/Common.php(1134): CodeIgniter\View\View->render('adminDashboard/obracun', [], true)
 5 APPPATH/Controllers/AdminController.php(449): view('adminDashboard/obracun', [...])
 6 SYSTEMPATH/CodeIgniter.php(927): App\Controllers\AdminController->obracun()
 7 SYSTEMPATH/CodeIgniter.php(482): CodeIgniter\CodeIgniter->runController(Object(App\Controllers\AdminController))
 8 SYSTEMPATH/CodeIgniter.php(351): CodeIgniter\CodeIgniter->handleRequest(null, Object(Config\Cache), false)
 9 FCPATH/index.php(67): CodeIgniter\CodeIgniter->run()
CRITICAL - 2023-01-23 12:27:12 --> Undefined array key "gotovina_uber"
in APPPATH/Views/adminDashboard/obracun.php on line 9.
 1 APPPATH/Views/adminDashboard/obracun.php(9): CodeIgniter\Debug\Exceptions->errorHandler(2, 'Undefined array key "gotovina_uber"', 'APPPATH/Views/adminDashboard/obracun.php', 9)
 2 SYSTEMPATH/View/View.php(213): include('APPPATH/Views/adminDashboard/obracun.php')
 3 SYSTEMPATH/View/View.php(216): CodeIgniter\View\View->CodeIgniter\View\{closure}()
 4 SYSTEMPATH/Common.php(1134): CodeIgniter\View\View->render('adminDashboard/obracun', [], true)
 5 APPPATH/Controllers/AdminController.php(449): view('adminDashboard/obracun', [...])
 6 SYSTEMPATH/CodeIgniter.php(927): App\Controllers\AdminController->obracun()
 7 SYSTEMPATH/CodeIgniter.php(482): CodeIgniter\CodeIgniter->runController(Object(App\Controllers\AdminController))
 8 SYSTEMPATH/CodeIgniter.php(351): CodeIgniter\CodeIgniter->handleRequest(null, Object(Config\Cache), false)
 9 FCPATH/index.php(67): CodeIgniter\CodeIgniter->run()
CRITICAL - 2023-01-23 12:27:14 --> Undefined array key "gotovina_uber"
in APPPATH/Views/adminDashboard/obracun.php on line 9.
 1 APPPATH/Views/adminDashboard/obracun.php(9): CodeIgniter\Debug\Exceptions->errorHandler(2, 'Undefined array key "gotovina_uber"', 'APPPATH/Views/adminDashboard/obracun.php', 9)
 2 SYSTEMPATH/View/View.php(213): include('APPPATH/Views/adminDashboard/obracun.php')
 3 SYSTEMPATH/View/View.php(216): CodeIgniter\View\View->CodeIgniter\View\{closure}()
 4 SYSTEMPATH/Common.php(1134): CodeIgniter\View\View->render('adminDashboard/obracun', [], true)
 5 APPPATH/Controllers/AdminController.php(449): view('adminDashboard/obracun', [...])
 6 SYSTEMPATH/CodeIgniter.php(927): App\Controllers\AdminController->obracun()
 7 SYSTEMPATH/CodeIgniter.php(482): CodeIgniter\CodeIgniter->runController(Object(App\Controllers\AdminController))
 8 SYSTEMPATH/CodeIgniter.php(351): CodeIgniter\CodeIgniter->handleRequest(null, Object(Config\Cache), false)
 9 FCPATH/index.php(67): CodeIgniter\CodeIgniter->run()
CRITICAL - 2023-01-23 12:27:14 --> Undefined array key "gotovina_uber"
in APPPATH/Views/adminDashboard/obracun.php on line 9.
 1 APPPATH/Views/adminDashboard/obracun.php(9): CodeIgniter\Debug\Exceptions->errorHandler(2, 'Undefined array key "gotovina_uber"', 'APPPATH/Views/adminDashboard/obracun.php', 9)
 2 SYSTEMPATH/View/View.php(213): include('APPPATH/Views/adminDashboard/obracun.php')
 3 SYSTEMPATH/View/View.php(216): CodeIgniter\View\View->CodeIgniter\View\{closure}()
 4 SYSTEMPATH/Common.php(1134): CodeIgniter\View\View->render('adminDashboard/obracun', [], true)
 5 APPPATH/Controllers/AdminController.php(449): view('adminDashboard/obracun', [...])
 6 SYSTEMPATH/CodeIgniter.php(927): App\Controllers\AdminController->obracun()
 7 SYSTEMPATH/CodeIgniter.php(482): CodeIgniter\CodeIgniter->runController(Object(App\Controllers\AdminController))
 8 SYSTEMPATH/CodeIgniter.php(351): CodeIgniter\CodeIgniter->handleRequest(null, Object(Config\Cache), false)
 9 FCPATH/index.php(67): CodeIgniter\CodeIgniter->run()
CRITICAL - 2023-01-23 12:27:14 --> Undefined array key "gotovina_uber"
in APPPATH/Views/adminDashboard/obracun.php on line 9.
 1 APPPATH/Views/adminDashboard/obracun.php(9): CodeIgniter\Debug\Exceptions->errorHandler(2, 'Undefined array key "gotovina_uber"', 'APPPATH/Views/adminDashboard/obracun.php', 9)
 2 SYSTEMPATH/View/View.php(213): include('APPPATH/Views/adminDashboard/obracun.php')
 3 SYSTEMPATH/View/View.php(216): CodeIgniter\View\View->CodeIgniter\View\{closure}()
 4 SYSTEMPATH/Common.php(1134): CodeIgniter\View\View->render('adminDashboard/obracun', [], true)
 5 APPPATH/Controllers/AdminController.php(449): view('adminDashboard/obracun', [...])
 6 SYSTEMPATH/CodeIgniter.php(927): App\Controllers\AdminController->obracun()
 7 SYSTEMPATH/CodeIgniter.php(482): CodeIgniter\CodeIgniter->runController(Object(App\Controllers\AdminController))
 8 SYSTEMPATH/CodeIgniter.php(351): CodeIgniter\CodeIgniter->handleRequest(null, Object(Config\Cache), false)
 9 FCPATH/index.php(67): CodeIgniter\CodeIgniter->run()
CRITICAL - 2023-01-23 12:44:46 --> Array to string conversion
in APPPATH/Views/adminDashboard/obracun.php on line 12.
 1 APPPATH/Views/adminDashboard/obracun.php(12): CodeIgniter\Debug\Exceptions->errorHandler(2, 'Array to string conversion', 'APPPATH/Views/adminDashboard/obracun.php', 12)
 2 SYSTEMPATH/View/View.php(213): include('APPPATH/Views/adminDashboard/obracun.php')
 3 SYSTEMPATH/View/View.php(216): CodeIgniter\View\View->CodeIgniter\View\{closure}()
 4 SYSTEMPATH/Common.php(1134): CodeIgniter\View\View->render('adminDashboard/obracun', [], true)
 5 APPPATH/Controllers/AdminController.php(448): view('adminDashboard/obracun', [...])
 6 SYSTEMPATH/CodeIgniter.php(927): App\Controllers\AdminController->obracun()
 7 SYSTEMPATH/CodeIgniter.php(482): CodeIgniter\CodeIgniter->runController(Object(App\Controllers\AdminController))
 8 SYSTEMPATH/CodeIgniter.php(351): CodeIgniter\CodeIgniter->handleRequest(null, Object(Config\Cache), false)
 9 FCPATH/index.php(67): CodeIgniter\CodeIgniter->run()
CRITICAL - 2023-01-23 12:45:24 --> Undefined array key "neto_zarada_uber"
in APPPATH/Views/adminDashboard/obracun.php on line 12.
 1 APPPATH/Views/adminDashboard/obracun.php(12): CodeIgniter\Debug\Exceptions->errorHandler(2, 'Undefined array key "neto_zarada_uber"', 'APPPATH/Views/adminDashboard/obracun.php', 12)
 2 SYSTEMPATH/View/View.php(213): include('APPPATH/Views/adminDashboard/obracun.php')
 3 SYSTEMPATH/View/View.php(216): CodeIgniter\View\View->CodeIgniter\View\{closure}()
 4 SYSTEMPATH/Common.php(1134): CodeIgniter\View\View->render('adminDashboard/obracun', [], true)
 5 APPPATH/Controllers/AdminController.php(448): view('adminDashboard/obracun', [...])
 6 SYSTEMPATH/CodeIgniter.php(927): App\Controllers\AdminController->obracun()
 7 SYSTEMPATH/CodeIgniter.php(482): CodeIgniter\CodeIgniter->runController(Object(App\Controllers\AdminController))
 8 SYSTEMPATH/CodeIgniter.php(351): CodeIgniter\CodeIgniter->handleRequest(null, Object(Config\Cache), false)
 9 FCPATH/index.php(67): CodeIgniter\CodeIgniter->run()
CRITICAL - 2023-01-23 12:46:15 --> Undefined array key "neto_zarada_uber"
in APPPATH/Views/adminDashboard/obracun.php on line 16.
 1 APPPATH/Views/adminDashboard/obracun.php(16): CodeIgniter\Debug\Exceptions->errorHandler(2, 'Undefined array key "neto_zarada_uber"', 'APPPATH/Views/adminDashboard/obracun.php', 16)
 2 SYSTEMPATH/View/View.php(213): include('APPPATH/Views/adminDashboard/obracun.php')
 3 SYSTEMPATH/View/View.php(216): CodeIgniter\View\View->CodeIgniter\View\{closure}()
 4 SYSTEMPATH/Common.php(1134): CodeIgniter\View\View->render('adminDashboard/obracun', [], true)
 5 APPPATH/Controllers/AdminController.php(448): view('adminDashboard/obracun', [...])
 6 SYSTEMPATH/CodeIgniter.php(927): App\Controllers\AdminController->obracun()
 7 SYSTEMPATH/CodeIgniter.php(482): CodeIgniter\CodeIgniter->runController(Object(App\Controllers\AdminController))
 8 SYSTEMPATH/CodeIgniter.php(351): CodeIgniter\CodeIgniter->handleRequest(null, Object(Config\Cache), false)
 9 FCPATH/index.php(67): CodeIgniter\CodeIgniter->run()
CRITICAL - 2023-01-23 12:47:43 --> Undefined array key "gotovina_bolt"
in APPPATH/Views/adminDashboard/obracun.php on line 9.
 1 APPPATH/Views/adminDashboard/obracun.php(9): CodeIgniter\Debug\Exceptions->errorHandler(2, 'Undefined array key "gotovina_bolt"', 'APPPATH/Views/adminDashboard/obracun.php', 9)
 2 SYSTEMPATH/View/View.php(213): include('APPPATH/Views/adminDashboard/obracun.php')
 3 SYSTEMPATH/View/View.php(216): CodeIgniter\View\View->CodeIgniter\View\{closure}()
 4 SYSTEMPATH/Common.php(1134): CodeIgniter\View\View->render('adminDashboard/obracun', [], true)
 5 APPPATH/Controllers/AdminController.php(448): view('adminDashboard/obracun', [...])
 6 SYSTEMPATH/CodeIgniter.php(927): App\Controllers\AdminController->obracun()
 7 SYSTEMPATH/CodeIgniter.php(482): CodeIgniter\CodeIgniter->runController(Object(App\Controllers\AdminController))
 8 SYSTEMPATH/CodeIgniter.php(351): CodeIgniter\CodeIgniter->handleRequest(null, Object(Config\Cache), false)
 9 FCPATH/index.php(67): CodeIgniter\CodeIgniter->run()
CRITICAL - 2023-01-23 12:48:50 --> Undefined array key "gotovina_bolt"
in APPPATH/Views/adminDashboard/obracun.php on line 9.
 1 APPPATH/Views/adminDashboard/obracun.php(9): CodeIgniter\Debug\Exceptions->errorHandler(2, 'Undefined array key "gotovina_bolt"', 'APPPATH/Views/adminDashboard/obracun.php', 9)
 2 SYSTEMPATH/View/View.php(213): include('APPPATH/Views/adminDashboard/obracun.php')
 3 SYSTEMPATH/View/View.php(216): CodeIgniter\View\View->CodeIgniter\View\{closure}()
 4 SYSTEMPATH/Common.php(1134): CodeIgniter\View\View->render('adminDashboard/obracun', [], true)
 5 APPPATH/Controllers/AdminController.php(448): view('adminDashboard/obracun', [...])
 6 SYSTEMPATH/CodeIgniter.php(927): App\Controllers\AdminController->obracun()
 7 SYSTEMPATH/CodeIgniter.php(482): CodeIgniter\CodeIgniter->runController(Object(App\Controllers\AdminController))
 8 SYSTEMPATH/CodeIgniter.php(351): CodeIgniter\CodeIgniter->handleRequest(null, Object(Config\Cache), false)
 9 FCPATH/index.php(67): CodeIgniter\CodeIgniter->run()
CRITICAL - 2023-01-23 12:49:08 --> Undefined array key "neto_zarada_uber"
in APPPATH/Views/adminDashboard/obracun.php on line 9.
 1 APPPATH/Views/adminDashboard/obracun.php(9): CodeIgniter\Debug\Exceptions->errorHandler(2, 'Undefined array key "neto_zarada_uber"', 'APPPATH/Views/adminDashboard/obracun.php', 9)
 2 SYSTEMPATH/View/View.php(213): include('APPPATH/Views/adminDashboard/obracun.php')
 3 SYSTEMPATH/View/View.php(216): CodeIgniter\View\View->CodeIgniter\View\{closure}()
 4 SYSTEMPATH/Common.php(1134): CodeIgniter\View\View->render('adminDashboard/obracun', [], true)
 5 APPPATH/Controllers/AdminController.php(448): view('adminDashboard/obracun', [...])
 6 SYSTEMPATH/CodeIgniter.php(927): App\Controllers\AdminController->obracun()
 7 SYSTEMPATH/CodeIgniter.php(482): CodeIgniter\CodeIgniter->runController(Object(App\Controllers\AdminController))
 8 SYSTEMPATH/CodeIgniter.php(351): CodeIgniter\CodeIgniter->handleRequest(null, Object(Config\Cache), false)
 9 FCPATH/index.php(67): CodeIgniter\CodeIgniter->run()
CRITICAL - 2023-01-23 12:51:39 --> Undefined array key "neto_zarada_uber"
in APPPATH/Views/adminDashboard/obracun.php on line 10.
 1 APPPATH/Views/adminDashboard/obracun.php(10): CodeIgniter\Debug\Exceptions->errorHandler(2, 'Undefined array key "neto_zarada_uber"', 'APPPATH/Views/adminDashboard/obracun.php', 10)
 2 SYSTEMPATH/View/View.php(213): include('APPPATH/Views/adminDashboard/obracun.php')
 3 SYSTEMPATH/View/View.php(216): CodeIgniter\View\View->CodeIgniter\View\{closure}()
 4 SYSTEMPATH/Common.php(1134): CodeIgniter\View\View->render('adminDashboard/obracun', [], true)
 5 APPPATH/Controllers/AdminController.php(448): view('adminDashboard/obracun', [...])
 6 SYSTEMPATH/CodeIgniter.php(927): App\Controllers\AdminController->obracun()
 7 SYSTEMPATH/CodeIgniter.php(482): CodeIgniter\CodeIgniter->runController(Object(App\Controllers\AdminController))
 8 SYSTEMPATH/CodeIgniter.php(351): CodeIgniter\CodeIgniter->handleRequest(null, Object(Config\Cache), false)
 9 FCPATH/index.php(67): CodeIgniter\CodeIgniter->run()
CRITICAL - 2023-01-23 12:54:41 --> Undefined array key "neto_zarada_uber"
in APPPATH/Views/adminDashboard/obracun.php on line 10.
 1 APPPATH/Views/adminDashboard/obracun.php(10): CodeIgniter\Debug\Exceptions->errorHandler(2, 'Undefined array key "neto_zarada_uber"', 'APPPATH/Views/adminDashboard/obracun.php', 10)
 2 SYSTEMPATH/View/View.php(213): include('APPPATH/Views/adminDashboard/obracun.php')
 3 SYSTEMPATH/View/View.php(216): CodeIgniter\View\View->CodeIgniter\View\{closure}()
 4 SYSTEMPATH/Common.php(1134): CodeIgniter\View\View->render('adminDashboard/obracun', [], true)
 5 APPPATH/Controllers/AdminController.php(448): view('adminDashboard/obracun', [...])
 6 SYSTEMPATH/CodeIgniter.php(927): App\Controllers\AdminController->obracun()
 7 SYSTEMPATH/CodeIgniter.php(482): CodeIgniter\CodeIgniter->runController(Object(App\Controllers\AdminController))
 8 SYSTEMPATH/CodeIgniter.php(351): CodeIgniter\CodeIgniter->handleRequest(null, Object(Config\Cache), false)
 9 FCPATH/index.php(67): CodeIgniter\CodeIgniter->run()
CRITICAL - 2023-01-23 12:55:11 --> Undefined array key "neto_zarada_uber"
in APPPATH/Views/adminDashboard/obracun.php on line 10.
 1 APPPATH/Views/adminDashboard/obracun.php(10): CodeIgniter\Debug\Exceptions->errorHandler(2, 'Undefined array key "neto_zarada_uber"', 'APPPATH/Views/adminDashboard/obracun.php', 10)
 2 SYSTEMPATH/View/View.php(213): include('APPPATH/Views/adminDashboard/obracun.php')
 3 SYSTEMPATH/View/View.php(216): CodeIgniter\View\View->CodeIgniter\View\{closure}()
 4 SYSTEMPATH/Common.php(1134): CodeIgniter\View\View->render('adminDashboard/obracun', [], true)
 5 APPPATH/Controllers/AdminController.php(448): view('adminDashboard/obracun', [...])
 6 SYSTEMPATH/CodeIgniter.php(927): App\Controllers\AdminController->obracun()
 7 SYSTEMPATH/CodeIgniter.php(482): CodeIgniter\CodeIgniter->runController(Object(App\Controllers\AdminController))
 8 SYSTEMPATH/CodeIgniter.php(351): CodeIgniter\CodeIgniter->handleRequest(null, Object(Config\Cache), false)
 9 FCPATH/index.php(67): CodeIgniter\CodeIgniter->run()
CRITICAL - 2023-01-23 12:56:24 --> Undefined array key "neto_zarada_uber"
in APPPATH/Views/adminDashboard/obracun.php on line 10.
 1 APPPATH/Views/adminDashboard/obracun.php(10): CodeIgniter\Debug\Exceptions->errorHandler(2, 'Undefined array key "neto_zarada_uber"', 'APPPATH/Views/adminDashboard/obracun.php', 10)
 2 SYSTEMPATH/View/View.php(213): include('APPPATH/Views/adminDashboard/obracun.php')
 3 SYSTEMPATH/View/View.php(216): CodeIgniter\View\View->CodeIgniter\View\{closure}()
 4 SYSTEMPATH/Common.php(1134): CodeIgniter\View\View->render('adminDashboard/obracun', [], true)
 5 APPPATH/Controllers/AdminController.php(449): view('adminDashboard/obracun', [...])
 6 SYSTEMPATH/CodeIgniter.php(927): App\Controllers\AdminController->obracun()
 7 SYSTEMPATH/CodeIgniter.php(482): CodeIgniter\CodeIgniter->runController(Object(App\Controllers\AdminController))
 8 SYSTEMPATH/CodeIgniter.php(351): CodeIgniter\CodeIgniter->handleRequest(null, Object(Config\Cache), false)
 9 FCPATH/index.php(67): CodeIgniter\CodeIgniter->run()
CRITICAL - 2023-01-23 12:59:49 --> Cannot use [] for reading
in APPPATH/Controllers/AdminController.php on line 422.
 1 [internal function]: CodeIgniter\Debug\Exceptions->shutdownHandler()
CRITICAL - 2023-01-23 13:00:51 --> Undefined array key "neto_zarada_uber"
in APPPATH/Views/adminDashboard/obracun.php on line 10.
 1 APPPATH/Views/adminDashboard/obracun.php(10): CodeIgniter\Debug\Exceptions->errorHandler(2, 'Undefined array key "neto_zarada_uber"', 'APPPATH/Views/adminDashboard/obracun.php', 10)
 2 SYSTEMPATH/View/View.php(213): include('APPPATH/Views/adminDashboard/obracun.php')
 3 SYSTEMPATH/View/View.php(216): CodeIgniter\View\View->CodeIgniter\View\{closure}()
 4 SYSTEMPATH/Common.php(1134): CodeIgniter\View\View->render('adminDashboard/obracun', [], true)
 5 APPPATH/Controllers/AdminController.php(452): view('adminDashboard/obracun', [...])
 6 SYSTEMPATH/CodeIgniter.php(927): App\Controllers\AdminController->obracun()
 7 SYSTEMPATH/CodeIgniter.php(482): CodeIgniter\CodeIgniter->runController(Object(App\Controllers\AdminController))
 8 SYSTEMPATH/CodeIgniter.php(351): CodeIgniter\CodeIgniter->handleRequest(null, Object(Config\Cache), false)
 9 FCPATH/index.php(67): CodeIgniter\CodeIgniter->run()
CRITICAL - 2023-01-23 13:04:09 --> Undefined array key "Antonijo Prtenjača"
in APPPATH/Controllers/AdminController.php on line 418.
 1 APPPATH/Controllers/AdminController.php(418): CodeIgniter\Debug\Exceptions->errorHandler(2, 'Undefined array key "Antonijo Prtenjača"', 'APPPATH/Controllers/AdminController.php', 418)
 2 SYSTEMPATH/CodeIgniter.php(927): App\Controllers\AdminController->obracun()
 3 SYSTEMPATH/CodeIgniter.php(482): CodeIgniter\CodeIgniter->runController(Object(App\Controllers\AdminController))
 4 SYSTEMPATH/CodeIgniter.php(351): CodeIgniter\CodeIgniter->handleRequest(null, Object(Config\Cache), false)
 5 FCPATH/index.php(67): CodeIgniter\CodeIgniter->run()
CRITICAL - 2023-01-23 13:05:06 --> Undefined array key "neto_zarada_uber"
in APPPATH/Views/adminDashboard/obracun.php on line 10.
 1 APPPATH/Views/adminDashboard/obracun.php(10): CodeIgniter\Debug\Exceptions->errorHandler(2, 'Undefined array key "neto_zarada_uber"', 'APPPATH/Views/adminDashboard/obracun.php', 10)
 2 SYSTEMPATH/View/View.php(213): include('APPPATH/Views/adminDashboard/obracun.php')
 3 SYSTEMPATH/View/View.php(216): CodeIgniter\View\View->CodeIgniter\View\{closure}()
 4 SYSTEMPATH/Common.php(1134): CodeIgniter\View\View->render('adminDashboard/obracun', [], true)
 5 APPPATH/Controllers/AdminController.php(458): view('adminDashboard/obracun', [...])
 6 SYSTEMPATH/CodeIgniter.php(927): App\Controllers\AdminController->obracun()
 7 SYSTEMPATH/CodeIgniter.php(482): CodeIgniter\CodeIgniter->runController(Object(App\Controllers\AdminController))
 8 SYSTEMPATH/CodeIgniter.php(351): CodeIgniter\CodeIgniter->handleRequest(null, Object(Config\Cache), false)
 9 FCPATH/index.php(67): CodeIgniter\CodeIgniter->run()
CRITICAL - 2023-01-23 13:05:27 --> Undefined array key "neto_zarada_uber"
in APPPATH/Views/adminDashboard/obracun.php on line 10.
 1 APPPATH/Views/adminDashboard/obracun.php(10): CodeIgniter\Debug\Exceptions->errorHandler(2, 'Undefined array key "neto_zarada_uber"', 'APPPATH/Views/adminDashboard/obracun.php', 10)
 2 SYSTEMPATH/View/View.php(213): include('APPPATH/Views/adminDashboard/obracun.php')
 3 SYSTEMPATH/View/View.php(216): CodeIgniter\View\View->CodeIgniter\View\{closure}()
 4 SYSTEMPATH/Common.php(1134): CodeIgniter\View\View->render('adminDashboard/obracun', [], true)
 5 APPPATH/Controllers/AdminController.php(458): view('adminDashboard/obracun', [...])
 6 SYSTEMPATH/CodeIgniter.php(927): App\Controllers\AdminController->obracun()
 7 SYSTEMPATH/CodeIgniter.php(482): CodeIgniter\CodeIgniter->runController(Object(App\Controllers\AdminController))
 8 SYSTEMPATH/CodeIgniter.php(351): CodeIgniter\CodeIgniter->handleRequest(null, Object(Config\Cache), false)
 9 FCPATH/index.php(67): CodeIgniter\CodeIgniter->run()
CRITICAL - 2023-01-23 13:07:50 --> Undefined array key "neto_zarada_uber"
in APPPATH/Views/adminDashboard/obracun.php on line 10.
 1 APPPATH/Views/adminDashboard/obracun.php(10): CodeIgniter\Debug\Exceptions->errorHandler(2, 'Undefined array key "neto_zarada_uber"', 'APPPATH/Views/adminDashboard/obracun.php', 10)
 2 SYSTEMPATH/View/View.php(213): include('APPPATH/Views/adminDashboard/obracun.php')
 3 SYSTEMPATH/View/View.php(216): CodeIgniter\View\View->CodeIgniter\View\{closure}()
 4 SYSTEMPATH/Common.php(1134): CodeIgniter\View\View->render('adminDashboard/obracun', [], true)
 5 APPPATH/Controllers/AdminController.php(462): view('adminDashboard/obracun', [...])
 6 SYSTEMPATH/CodeIgniter.php(927): App\Controllers\AdminController->obracun()
 7 SYSTEMPATH/CodeIgniter.php(482): CodeIgniter\CodeIgniter->runController(Object(App\Controllers\AdminController))
 8 SYSTEMPATH/CodeIgniter.php(351): CodeIgniter\CodeIgniter->handleRequest(null, Object(Config\Cache), false)
 9 FCPATH/index.php(67): CodeIgniter\CodeIgniter->run()
CRITICAL - 2023-01-23 13:10:23 --> Cannot access offset of type string on string
in APPPATH/Views/adminDashboard/obracun.php on line 10.
 1 SYSTEMPATH/View/View.php(213): include()
 2 SYSTEMPATH/View/View.php(216): CodeIgniter\View\View->CodeIgniter\View\{closure}()
 3 SYSTEMPATH/Common.php(1134): CodeIgniter\View\View->render('adminDashboard/obracun', [], true)
 4 APPPATH/Controllers/AdminController.php(462): view('adminDashboard/obracun', [...])
 5 SYSTEMPATH/CodeIgniter.php(927): App\Controllers\AdminController->obracun()
 6 SYSTEMPATH/CodeIgniter.php(482): CodeIgniter\CodeIgniter->runController(Object(App\Controllers\AdminController))
 7 SYSTEMPATH/CodeIgniter.php(351): CodeIgniter\CodeIgniter->handleRequest(null, Object(Config\Cache), false)
 8 FCPATH/index.php(67): CodeIgniter\CodeIgniter->run()
CRITICAL - 2023-01-23 13:10:41 --> Undefined array key "neto_zarada_uber"
in APPPATH/Views/adminDashboard/obracun.php on line 10.
 1 APPPATH/Views/adminDashboard/obracun.php(10): CodeIgniter\Debug\Exceptions->errorHandler(2, 'Undefined array key "neto_zarada_uber"', 'APPPATH/Views/adminDashboard/obracun.php', 10)
 2 SYSTEMPATH/View/View.php(213): include('APPPATH/Views/adminDashboard/obracun.php')
 3 SYSTEMPATH/View/View.php(216): CodeIgniter\View\View->CodeIgniter\View\{closure}()
 4 SYSTEMPATH/Common.php(1134): CodeIgniter\View\View->render('adminDashboard/obracun', [], true)
 5 APPPATH/Controllers/AdminController.php(462): view('adminDashboard/obracun', [...])
 6 SYSTEMPATH/CodeIgniter.php(927): App\Controllers\AdminController->obracun()
 7 SYSTEMPATH/CodeIgniter.php(482): CodeIgniter\CodeIgniter->runController(Object(App\Controllers\AdminController))
 8 SYSTEMPATH/CodeIgniter.php(351): CodeIgniter\CodeIgniter->handleRequest(null, Object(Config\Cache), false)
 9 FCPATH/index.php(67): CodeIgniter\CodeIgniter->run()
CRITICAL - 2023-01-23 13:12:53 --> Undefined array key "neto_zarada_uber"
in APPPATH/Views/adminDashboard/obracun.php on line 10.
 1 APPPATH/Views/adminDashboard/obracun.php(10): CodeIgniter\Debug\Exceptions->errorHandler(2, 'Undefined array key "neto_zarada_uber"', 'APPPATH/Views/adminDashboard/obracun.php', 10)
 2 SYSTEMPATH/View/View.php(213): include('APPPATH/Views/adminDashboard/obracun.php')
 3 SYSTEMPATH/View/View.php(216): CodeIgniter\View\View->CodeIgniter\View\{closure}()
 4 SYSTEMPATH/Common.php(1134): CodeIgniter\View\View->render('adminDashboard/obracun', [], true)
 5 APPPATH/Controllers/AdminController.php(467): view('adminDashboard/obracun', [...])
 6 SYSTEMPATH/CodeIgniter.php(927): App\Controllers\AdminController->obracun()
 7 SYSTEMPATH/CodeIgniter.php(482): CodeIgniter\CodeIgniter->runController(Object(App\Controllers\AdminController))
 8 SYSTEMPATH/CodeIgniter.php(351): CodeIgniter\CodeIgniter->handleRequest(null, Object(Config\Cache), false)
 9 FCPATH/index.php(67): CodeIgniter\CodeIgniter->run()
CRITICAL - 2023-01-23 13:15:20 --> foreach() argument must be of type array|object, int given
in APPPATH/Controllers/AdminController.php on line 431.
 1 APPPATH/Controllers/AdminController.php(431): CodeIgniter\Debug\Exceptions->errorHandler(2, 'foreach() argument must be of type array|object, int given', 'APPPATH/Controllers/AdminController.php', 431)
 2 SYSTEMPATH/CodeIgniter.php(927): App\Controllers\AdminController->obracun()
 3 SYSTEMPATH/CodeIgniter.php(482): CodeIgniter\CodeIgniter->runController(Object(App\Controllers\AdminController))
 4 SYSTEMPATH/CodeIgniter.php(351): CodeIgniter\CodeIgniter->handleRequest(null, Object(Config\Cache), false)
 5 FCPATH/index.php(67): CodeIgniter\CodeIgniter->run()
CRITICAL - 2023-01-23 13:16:20 --> Undefined array key "neto_zarada_uber"
in APPPATH/Views/adminDashboard/obracun.php on line 10.
 1 APPPATH/Views/adminDashboard/obracun.php(10): CodeIgniter\Debug\Exceptions->errorHandler(2, 'Undefined array key "neto_zarada_uber"', 'APPPATH/Views/adminDashboard/obracun.php', 10)
 2 SYSTEMPATH/View/View.php(213): include('APPPATH/Views/adminDashboard/obracun.php')
 3 SYSTEMPATH/View/View.php(216): CodeIgniter\View\View->CodeIgniter\View\{closure}()
 4 SYSTEMPATH/Common.php(1134): CodeIgniter\View\View->render('adminDashboard/obracun', [], true)
 5 APPPATH/Controllers/AdminController.php(468): view('adminDashboard/obracun', [...])
 6 SYSTEMPATH/CodeIgniter.php(927): App\Controllers\AdminController->obracun()
 7 SYSTEMPATH/CodeIgniter.php(482): CodeIgniter\CodeIgniter->runController(Object(App\Controllers\AdminController))
 8 SYSTEMPATH/CodeIgniter.php(351): CodeIgniter\CodeIgniter->handleRequest(null, Object(Config\Cache), false)
 9 FCPATH/index.php(67): CodeIgniter\CodeIgniter->run()
CRITICAL - 2023-01-23 13:22:44 --> Undefined array key "Vozac"
in APPPATH/Views/adminDashboard/obracun.php on line 11.
 1 APPPATH/Views/adminDashboard/obracun.php(11): CodeIgniter\Debug\Exceptions->errorHandler(2, 'Undefined array key "Vozac"', 'APPPATH/Views/adminDashboard/obracun.php', 11)
 2 SYSTEMPATH/View/View.php(213): include('APPPATH/Views/adminDashboard/obracun.php')
 3 SYSTEMPATH/View/View.php(216): CodeIgniter\View\View->CodeIgniter\View\{closure}()
 4 SYSTEMPATH/Common.php(1134): CodeIgniter\View\View->render('adminDashboard/obracun', [], true)
 5 APPPATH/Controllers/AdminController.php(462): view('adminDashboard/obracun', [...])
 6 SYSTEMPATH/CodeIgniter.php(927): App\Controllers\AdminController->obracun()
 7 SYSTEMPATH/CodeIgniter.php(482): CodeIgniter\CodeIgniter->runController(Object(App\Controllers\AdminController))
 8 SYSTEMPATH/CodeIgniter.php(351): CodeIgniter\CodeIgniter->handleRequest(null, Object(Config\Cache), false)
 9 FCPATH/index.php(67): CodeIgniter\CodeIgniter->run()
CRITICAL - 2023-01-23 13:23:48 --> Undefined array key "Vozac"
in APPPATH/Views/adminDashboard/obracun.php on line 14.
 1 APPPATH/Views/adminDashboard/obracun.php(14): CodeIgniter\Debug\Exceptions->errorHandler(2, 'Undefined array key "Vozac"', 'APPPATH/Views/adminDashboard/obracun.php', 14)
 2 SYSTEMPATH/View/View.php(213): include('APPPATH/Views/adminDashboard/obracun.php')
 3 SYSTEMPATH/View/View.php(216): CodeIgniter\View\View->CodeIgniter\View\{closure}()
 4 SYSTEMPATH/Common.php(1134): CodeIgniter\View\View->render('adminDashboard/obracun', [], true)
 5 APPPATH/Controllers/AdminController.php(462): view('adminDashboard/obracun', [...])
 6 SYSTEMPATH/CodeIgniter.php(927): App\Controllers\AdminController->obracun()
 7 SYSTEMPATH/CodeIgniter.php(482): CodeIgniter\CodeIgniter->runController(Object(App\Controllers\AdminController))
 8 SYSTEMPATH/CodeIgniter.php(351): CodeIgniter\CodeIgniter->handleRequest(null, Object(Config\Cache), false)
 9 FCPATH/index.php(67): CodeIgniter\CodeIgniter->run()
CRITICAL - 2023-01-23 13:23:50 --> Undefined array key "Vozac"
in APPPATH/Views/adminDashboard/obracun.php on line 14.
 1 APPPATH/Views/adminDashboard/obracun.php(14): CodeIgniter\Debug\Exceptions->errorHandler(2, 'Undefined array key "Vozac"', 'APPPATH/Views/adminDashboard/obracun.php', 14)
 2 SYSTEMPATH/View/View.php(213): include('APPPATH/Views/adminDashboard/obracun.php')
 3 SYSTEMPATH/View/View.php(216): CodeIgniter\View\View->CodeIgniter\View\{closure}()
 4 SYSTEMPATH/Common.php(1134): CodeIgniter\View\View->render('adminDashboard/obracun', [], true)
 5 APPPATH/Controllers/AdminController.php(462): view('adminDashboard/obracun', [...])
 6 SYSTEMPATH/CodeIgniter.php(927): App\Controllers\AdminController->obracun()
 7 SYSTEMPATH/CodeIgniter.php(482): CodeIgniter\CodeIgniter->runController(Object(App\Controllers\AdminController))
 8 SYSTEMPATH/CodeIgniter.php(351): CodeIgniter\CodeIgniter->handleRequest(null, Object(Config\Cache), false)
 9 FCPATH/index.php(67): CodeIgniter\CodeIgniter->run()
CRITICAL - 2023-01-23 13:26:56 --> Undefined array key "gotovina_Bolt"
in APPPATH/Views/adminDashboard/obracun.php on line 22.
 1 APPPATH/Views/adminDashboard/obracun.php(22): CodeIgniter\Debug\Exceptions->errorHandler(2, 'Undefined array key "gotovina_Bolt"', 'APPPATH/Views/adminDashboard/obracun.php', 22)
 2 SYSTEMPATH/View/View.php(213): include('APPPATH/Views/adminDashboard/obracun.php')
 3 SYSTEMPATH/View/View.php(216): CodeIgniter\View\View->CodeIgniter\View\{closure}()
 4 SYSTEMPATH/Common.php(1134): CodeIgniter\View\View->render('adminDashboard/obracun', [], true)
 5 APPPATH/Controllers/AdminController.php(462): view('adminDashboard/obracun', [...])
 6 SYSTEMPATH/CodeIgniter.php(927): App\Controllers\AdminController->obracun()
 7 SYSTEMPATH/CodeIgniter.php(482): CodeIgniter\CodeIgniter->runController(Object(App\Controllers\AdminController))
 8 SYSTEMPATH/CodeIgniter.php(351): CodeIgniter\CodeIgniter->handleRequest(null, Object(Config\Cache), false)
 9 FCPATH/index.php(67): CodeIgniter\CodeIgniter->run()
CRITICAL - 2023-01-23 13:27:47 --> array_combine(): Argument #1 ($keys) and argument #2 ($values) must have the same number of elements
in APPPATH/Controllers/AdminController.php on line 158.
 1 APPPATH/Controllers/AdminController.php(158): array_combine([...], [...])
 2 SYSTEMPATH/CodeIgniter.php(927): App\Controllers\AdminController->boltReportImport()
 3 SYSTEMPATH/CodeIgniter.php(482): CodeIgniter\CodeIgniter->runController(Object(App\Controllers\AdminController))
 4 SYSTEMPATH/CodeIgniter.php(351): CodeIgniter\CodeIgniter->handleRequest(null, Object(Config\Cache), false)
 5 FCPATH/index.php(67): CodeIgniter\CodeIgniter->run()
CRITICAL - 2023-01-23 15:19:48 --> Cannot access offset of type string on string
in APPPATH/Views/adminDashboard/obracun.php on line 15.
 1 SYSTEMPATH/View/View.php(213): include()
 2 SYSTEMPATH/View/View.php(216): CodeIgniter\View\View->CodeIgniter\View\{closure}()
 3 SYSTEMPATH/Common.php(1134): CodeIgniter\View\View->render('adminDashboard/obracun', [], true)
 4 APPPATH/Controllers/AdminController.php(468): view('adminDashboard/obracun', [...])
 5 SYSTEMPATH/CodeIgniter.php(927): App\Controllers\AdminController->obracun()
 6 SYSTEMPATH/CodeIgniter.php(482): CodeIgniter\CodeIgniter->runController(Object(App\Controllers\AdminController))
 7 SYSTEMPATH/CodeIgniter.php(351): CodeIgniter\CodeIgniter->handleRequest(null, Object(Config\Cache), false)
 8 FCPATH/index.php(67): CodeIgniter\CodeIgniter->run()
CRITICAL - 2023-01-23 15:21:15 --> Cannot access offset of type string on string
in APPPATH/Views/adminDashboard/obracun.php on line 15.
 1 SYSTEMPATH/View/View.php(213): include()
 2 SYSTEMPATH/View/View.php(216): CodeIgniter\View\View->CodeIgniter\View\{closure}()
 3 SYSTEMPATH/Common.php(1134): CodeIgniter\View\View->render('adminDashboard/obracun', [], true)
 4 APPPATH/Controllers/AdminController.php(468): view('adminDashboard/obracun', [...])
 5 SYSTEMPATH/CodeIgniter.php(927): App\Controllers\AdminController->obracun()
 6 SYSTEMPATH/CodeIgniter.php(482): CodeIgniter\CodeIgniter->runController(Object(App\Controllers\AdminController))
 7 SYSTEMPATH/CodeIgniter.php(351): CodeIgniter\CodeIgniter->handleRequest(null, Object(Config\Cache), false)
 8 FCPATH/index.php(67): CodeIgniter\CodeIgniter->run()
CRITICAL - 2023-01-23 15:21:17 --> Cannot access offset of type string on string
in APPPATH/Views/adminDashboard/obracun.php on line 15.
 1 SYSTEMPATH/View/View.php(213): include()
 2 SYSTEMPATH/View/View.php(216): CodeIgniter\View\View->CodeIgniter\View\{closure}()
 3 SYSTEMPATH/Common.php(1134): CodeIgniter\View\View->render('adminDashboard/obracun', [], true)
 4 APPPATH/Controllers/AdminController.php(468): view('adminDashboard/obracun', [...])
 5 SYSTEMPATH/CodeIgniter.php(927): App\Controllers\AdminController->obracun()
 6 SYSTEMPATH/CodeIgniter.php(482): CodeIgniter\CodeIgniter->runController(Object(App\Controllers\AdminController))
 7 SYSTEMPATH/CodeIgniter.php(351): CodeIgniter\CodeIgniter->handleRequest(null, Object(Config\Cache), false)
 8 FCPATH/index.php(67): CodeIgniter\CodeIgniter->run()
CRITICAL - 2023-01-23 15:29:13 --> Undefined array key "vozac"
in APPPATH/Controllers/AdminController.php on line 432.
 1 APPPATH/Controllers/AdminController.php(432): CodeIgniter\Debug\Exceptions->errorHandler(2, 'Undefined array key "vozac"', 'APPPATH/Controllers/AdminController.php', 432)
 2 SYSTEMPATH/CodeIgniter.php(927): App\Controllers\AdminController->obracun()
 3 SYSTEMPATH/CodeIgniter.php(482): CodeIgniter\CodeIgniter->runController(Object(App\Controllers\AdminController))
 4 SYSTEMPATH/CodeIgniter.php(351): CodeIgniter\CodeIgniter->handleRequest(null, Object(Config\Cache), false)
 5 FCPATH/index.php(67): CodeIgniter\CodeIgniter->run()
CRITICAL - 2023-01-23 15:34:37 --> Undefined variable $Vozac
in APPPATH/Controllers/AdminController.php on line 467.
 1 APPPATH/Controllers/AdminController.php(467): CodeIgniter\Debug\Exceptions->errorHandler(2, 'Undefined variable $Vozac', 'APPPATH/Controllers/AdminController.php', 467)
 2 SYSTEMPATH/CodeIgniter.php(927): App\Controllers\AdminController->obracun()
 3 SYSTEMPATH/CodeIgniter.php(482): CodeIgniter\CodeIgniter->runController(Object(App\Controllers\AdminController))
 4 SYSTEMPATH/CodeIgniter.php(351): CodeIgniter\CodeIgniter->handleRequest(null, Object(Config\Cache), false)
 5 FCPATH/index.php(67): CodeIgniter\CodeIgniter->run()
CRITICAL - 2023-01-23 15:34:38 --> Undefined variable $Vozac
in APPPATH/Controllers/AdminController.php on line 467.
 1 APPPATH/Controllers/AdminController.php(467): CodeIgniter\Debug\Exceptions->errorHandler(2, 'Undefined variable $Vozac', 'APPPATH/Controllers/AdminController.php', 467)
 2 SYSTEMPATH/CodeIgniter.php(927): App\Controllers\AdminController->obracun()
 3 SYSTEMPATH/CodeIgniter.php(482): CodeIgniter\CodeIgniter->runController(Object(App\Controllers\AdminController))
 4 SYSTEMPATH/CodeIgniter.php(351): CodeIgniter\CodeIgniter->handleRequest(null, Object(Config\Cache), false)
 5 FCPATH/index.php(67): CodeIgniter\CodeIgniter->run()
CRITICAL - 2023-01-23 15:34:59 --> Undefined array key "vozac"
in APPPATH/Controllers/AdminController.php on line 436.
 1 APPPATH/Controllers/AdminController.php(436): CodeIgniter\Debug\Exceptions->errorHandler(2, 'Undefined array key "vozac"', 'APPPATH/Controllers/AdminController.php', 436)
 2 SYSTEMPATH/CodeIgniter.php(927): App\Controllers\AdminController->obracun()
 3 SYSTEMPATH/CodeIgniter.php(482): CodeIgniter\CodeIgniter->runController(Object(App\Controllers\AdminController))
 4 SYSTEMPATH/CodeIgniter.php(351): CodeIgniter\CodeIgniter->handleRequest(null, Object(Config\Cache), false)
 5 FCPATH/index.php(67): CodeIgniter\CodeIgniter->run()
CRITICAL - 2023-01-23 15:35:00 --> Undefined array key "vozac"
in APPPATH/Controllers/AdminController.php on line 436.
 1 APPPATH/Controllers/AdminController.php(436): CodeIgniter\Debug\Exceptions->errorHandler(2, 'Undefined array key "vozac"', 'APPPATH/Controllers/AdminController.php', 436)
 2 SYSTEMPATH/CodeIgniter.php(927): App\Controllers\AdminController->obracun()
 3 SYSTEMPATH/CodeIgniter.php(482): CodeIgniter\CodeIgniter->runController(Object(App\Controllers\AdminController))
 4 SYSTEMPATH/CodeIgniter.php(351): CodeIgniter\CodeIgniter->handleRequest(null, Object(Config\Cache), false)
 5 FCPATH/index.php(67): CodeIgniter\CodeIgniter->run()
CRITICAL - 2023-01-23 15:47:08 --> Undefined variable $obracun
in APPPATH/Views/adminDashboard/obracun.php on line 5.
 1 APPPATH/Views/adminDashboard/obracun.php(5): CodeIgniter\Debug\Exceptions->errorHandler(2, 'Undefined variable $obracun', 'APPPATH/Views/adminDashboard/obracun.php', 5)
 2 SYSTEMPATH/View/View.php(213): include('APPPATH/Views/adminDashboard/obracun.php')
 3 SYSTEMPATH/View/View.php(216): CodeIgniter\View\View->CodeIgniter\View\{closure}()
 4 SYSTEMPATH/Common.php(1134): CodeIgniter\View\View->render('adminDashboard/obracun', [], true)
 5 APPPATH/Controllers/AdminController.php(423): view('adminDashboard/obracun', [...])
 6 SYSTEMPATH/CodeIgniter.php(927): App\Controllers\AdminController->obracun()
 7 SYSTEMPATH/CodeIgniter.php(482): CodeIgniter\CodeIgniter->runController(Object(App\Controllers\AdminController))
 8 SYSTEMPATH/CodeIgniter.php(351): CodeIgniter\CodeIgniter->handleRequest(null, Object(Config\Cache), false)
 9 FCPATH/index.php(67): CodeIgniter\CodeIgniter->run()
CRITICAL - 2023-01-23 15:49:55 --> Undefined variable $obracun
in APPPATH/Views/adminDashboard/obracun.php on line 5.
 1 APPPATH/Views/adminDashboard/obracun.php(5): CodeIgniter\Debug\Exceptions->errorHandler(2, 'Undefined variable $obracun', 'APPPATH/Views/adminDashboard/obracun.php', 5)
 2 SYSTEMPATH/View/View.php(213): include('APPPATH/Views/adminDashboard/obracun.php')
 3 SYSTEMPATH/View/View.php(216): CodeIgniter\View\View->CodeIgniter\View\{closure}()
 4 SYSTEMPATH/Common.php(1134): CodeIgniter\View\View->render('adminDashboard/obracun', [], true)
 5 APPPATH/Controllers/AdminController.php(429): view('adminDashboard/obracun', [...])
 6 SYSTEMPATH/CodeIgniter.php(927): App\Controllers\AdminController->obracun()
 7 SYSTEMPATH/CodeIgniter.php(482): CodeIgniter\CodeIgniter->runController(Object(App\Controllers\AdminController))
 8 SYSTEMPATH/CodeIgniter.php(351): CodeIgniter\CodeIgniter->handleRequest(null, Object(Config\Cache), false)
 9 FCPATH/index.php(67): CodeIgniter\CodeIgniter->run()
CRITICAL - 2023-01-23 15:57:56 --> Undefined variable $obracun
in APPPATH/Views/adminDashboard/obracun.php on line 5.
 1 APPPATH/Views/adminDashboard/obracun.php(5): CodeIgniter\Debug\Exceptions->errorHandler(2, 'Undefined variable $obracun', 'APPPATH/Views/adminDashboard/obracun.php', 5)
 2 SYSTEMPATH/View/View.php(213): include('APPPATH/Views/adminDashboard/obracun.php')
 3 SYSTEMPATH/View/View.php(216): CodeIgniter\View\View->CodeIgniter\View\{closure}()
 4 SYSTEMPATH/Common.php(1134): CodeIgniter\View\View->render('adminDashboard/obracun', [], true)
 5 APPPATH/Controllers/AdminController.php(451): view('adminDashboard/obracun', [...])
 6 SYSTEMPATH/CodeIgniter.php(927): App\Controllers\AdminController->obracun()
 7 SYSTEMPATH/CodeIgniter.php(482): CodeIgniter\CodeIgniter->runController(Object(App\Controllers\AdminController))
 8 SYSTEMPATH/CodeIgniter.php(351): CodeIgniter\CodeIgniter->handleRequest(null, Object(Config\Cache), false)
 9 FCPATH/index.php(67): CodeIgniter\CodeIgniter->run()
CRITICAL - 2023-01-23 15:58:40 --> Undefined variable $neto
in APPPATH/Controllers/AdminController.php on line 429.
 1 APPPATH/Controllers/AdminController.php(429): CodeIgniter\Debug\Exceptions->errorHandler(2, 'Undefined variable $neto', 'APPPATH/Controllers/AdminController.php', 429)
 2 SYSTEMPATH/CodeIgniter.php(927): App\Controllers\AdminController->obracun()
 3 SYSTEMPATH/CodeIgniter.php(482): CodeIgniter\CodeIgniter->runController(Object(App\Controllers\AdminController))
 4 SYSTEMPATH/CodeIgniter.php(351): CodeIgniter\CodeIgniter->handleRequest(null, Object(Config\Cache), false)
 5 FCPATH/index.php(67): CodeIgniter\CodeIgniter->run()
CRITICAL - 2023-01-23 15:58:57 --> Undefined variable $obracun
in APPPATH/Views/adminDashboard/obracun.php on line 5.
 1 APPPATH/Views/adminDashboard/obracun.php(5): CodeIgniter\Debug\Exceptions->errorHandler(2, 'Undefined variable $obracun', 'APPPATH/Views/adminDashboard/obracun.php', 5)
 2 SYSTEMPATH/View/View.php(213): include('APPPATH/Views/adminDashboard/obracun.php')
 3 SYSTEMPATH/View/View.php(216): CodeIgniter\View\View->CodeIgniter\View\{closure}()
 4 SYSTEMPATH/Common.php(1134): CodeIgniter\View\View->render('adminDashboard/obracun', [], true)
 5 APPPATH/Controllers/AdminController.php(451): view('adminDashboard/obracun', [...])
 6 SYSTEMPATH/CodeIgniter.php(927): App\Controllers\AdminController->obracun()
 7 SYSTEMPATH/CodeIgniter.php(482): CodeIgniter\CodeIgniter->runController(Object(App\Controllers\AdminController))
 8 SYSTEMPATH/CodeIgniter.php(351): CodeIgniter\CodeIgniter->handleRequest(null, Object(Config\Cache), false)
 9 FCPATH/index.php(67): CodeIgniter\CodeIgniter->run()
CRITICAL - 2023-01-23 15:58:59 --> Undefined variable $obracun
in APPPATH/Views/adminDashboard/obracun.php on line 5.
 1 APPPATH/Views/adminDashboard/obracun.php(5): CodeIgniter\Debug\Exceptions->errorHandler(2, 'Undefined variable $obracun', 'APPPATH/Views/adminDashboard/obracun.php', 5)
 2 SYSTEMPATH/View/View.php(213): include('APPPATH/Views/adminDashboard/obracun.php')
 3 SYSTEMPATH/View/View.php(216): CodeIgniter\View\View->CodeIgniter\View\{closure}()
 4 SYSTEMPATH/Common.php(1134): CodeIgniter\View\View->render('adminDashboard/obracun', [], true)
 5 APPPATH/Controllers/AdminController.php(451): view('adminDashboard/obracun', [...])
 6 SYSTEMPATH/CodeIgniter.php(927): App\Controllers\AdminController->obracun()
 7 SYSTEMPATH/CodeIgniter.php(482): CodeIgniter\CodeIgniter->runController(Object(App\Controllers\AdminController))
 8 SYSTEMPATH/CodeIgniter.php(351): CodeIgniter\CodeIgniter->handleRequest(null, Object(Config\Cache), false)
 9 FCPATH/index.php(67): CodeIgniter\CodeIgniter->run()
CRITICAL - 2023-01-23 16:07:35 --> Undefined variable $obracun
in APPPATH/Views/adminDashboard/obracun.php on line 5.
 1 APPPATH/Views/adminDashboard/obracun.php(5): CodeIgniter\Debug\Exceptions->errorHandler(2, 'Undefined variable $obracun', 'APPPATH/Views/adminDashboard/obracun.php', 5)
 2 SYSTEMPATH/View/View.php(213): include('APPPATH/Views/adminDashboard/obracun.php')
 3 SYSTEMPATH/View/View.php(216): CodeIgniter\View\View->CodeIgniter\View\{closure}()
 4 SYSTEMPATH/Common.php(1134): CodeIgniter\View\View->render('adminDashboard/obracun', [], true)
 5 APPPATH/Controllers/AdminController.php(467): view('adminDashboard/obracun', [...])
 6 SYSTEMPATH/CodeIgniter.php(927): App\Controllers\AdminController->obracun()
 7 SYSTEMPATH/CodeIgniter.php(482): CodeIgniter\CodeIgniter->runController(Object(App\Controllers\AdminController))
 8 SYSTEMPATH/CodeIgniter.php(351): CodeIgniter\CodeIgniter->handleRequest(null, Object(Config\Cache), false)
 9 FCPATH/index.php(67): CodeIgniter\CodeIgniter->run()
CRITICAL - 2023-01-23 16:08:31 --> Undefined variable $obracun
in APPPATH/Views/adminDashboard/obracun.php on line 5.
 1 APPPATH/Views/adminDashboard/obracun.php(5): CodeIgniter\Debug\Exceptions->errorHandler(2, 'Undefined variable $obracun', 'APPPATH/Views/adminDashboard/obracun.php', 5)
 2 SYSTEMPATH/View/View.php(213): include('APPPATH/Views/adminDashboard/obracun.php')
 3 SYSTEMPATH/View/View.php(216): CodeIgniter\View\View->CodeIgniter\View\{closure}()
 4 SYSTEMPATH/Common.php(1134): CodeIgniter\View\View->render('adminDashboard/obracun', [], true)
 5 APPPATH/Controllers/AdminController.php(467): view('adminDashboard/obracun', [...])
 6 SYSTEMPATH/CodeIgniter.php(927): App\Controllers\AdminController->obracun()
 7 SYSTEMPATH/CodeIgniter.php(482): CodeIgniter\CodeIgniter->runController(Object(App\Controllers\AdminController))
 8 SYSTEMPATH/CodeIgniter.php(351): CodeIgniter\CodeIgniter->handleRequest(null, Object(Config\Cache), false)
 9 FCPATH/index.php(67): CodeIgniter\CodeIgniter->run()
CRITICAL - 2023-01-23 16:09:32 --> Undefined variable $obracun
in APPPATH/Views/adminDashboard/obracun.php on line 5.
 1 APPPATH/Views/adminDashboard/obracun.php(5): CodeIgniter\Debug\Exceptions->errorHandler(2, 'Undefined variable $obracun', 'APPPATH/Views/adminDashboard/obracun.php', 5)
 2 SYSTEMPATH/View/View.php(213): include('APPPATH/Views/adminDashboard/obracun.php')
 3 SYSTEMPATH/View/View.php(216): CodeIgniter\View\View->CodeIgniter\View\{closure}()
 4 SYSTEMPATH/Common.php(1134): CodeIgniter\View\View->render('adminDashboard/obracun', [], true)
 5 APPPATH/Controllers/AdminController.php(471): view('adminDashboard/obracun', [...])
 6 SYSTEMPATH/CodeIgniter.php(927): App\Controllers\AdminController->obracun()
 7 SYSTEMPATH/CodeIgniter.php(482): CodeIgniter\CodeIgniter->runController(Object(App\Controllers\AdminController))
 8 SYSTEMPATH/CodeIgniter.php(351): CodeIgniter\CodeIgniter->handleRequest(null, Object(Config\Cache), false)
 9 FCPATH/index.php(67): CodeIgniter\CodeIgniter->run()
CRITICAL - 2023-01-23 16:10:50 --> foreach() argument must be of type array|object, string given
in APPPATH/Views/adminDashboard/obracun.php on line 5.
 1 APPPATH/Views/adminDashboard/obracun.php(5): CodeIgniter\Debug\Exceptions->errorHandler(2, 'foreach() argument must be of type array|object, string given', 'APPPATH/Views/adminDashboard/obracun.php', 5)
 2 SYSTEMPATH/View/View.php(213): include('APPPATH/Views/adminDashboard/obracun.php')
 3 SYSTEMPATH/View/View.php(216): CodeIgniter\View\View->CodeIgniter\View\{closure}()
 4 SYSTEMPATH/Common.php(1134): CodeIgniter\View\View->render('adminDashboard/obracun', [], true)
 5 APPPATH/Controllers/AdminController.php(462): view('adminDashboard/obracun', [...])
 6 SYSTEMPATH/CodeIgniter.php(927): App\Controllers\AdminController->obracun()
 7 SYSTEMPATH/CodeIgniter.php(482): CodeIgniter\CodeIgniter->runController(Object(App\Controllers\AdminController))
 8 SYSTEMPATH/CodeIgniter.php(351): CodeIgniter\CodeIgniter->handleRequest(null, Object(Config\Cache), false)
 9 FCPATH/index.php(67): CodeIgniter\CodeIgniter->run()
CRITICAL - 2023-01-23 16:12:16 --> Undefined variable $driver
in APPPATH/Views/adminDashboard/obracun.php on line 7.
 1 APPPATH/Views/adminDashboard/obracun.php(7): CodeIgniter\Debug\Exceptions->errorHandler(2, 'Undefined variable $driver', 'APPPATH/Views/adminDashboard/obracun.php', 7)
 2 SYSTEMPATH/View/View.php(213): include('APPPATH/Views/adminDashboard/obracun.php')
 3 SYSTEMPATH/View/View.php(216): CodeIgniter\View\View->CodeIgniter\View\{closure}()
 4 SYSTEMPATH/Common.php(1134): CodeIgniter\View\View->render('adminDashboard/obracun', [], true)
 5 APPPATH/Controllers/AdminController.php(462): view('adminDashboard/obracun', [...])
 6 SYSTEMPATH/CodeIgniter.php(927): App\Controllers\AdminController->obracun()
 7 SYSTEMPATH/CodeIgniter.php(482): CodeIgniter\CodeIgniter->runController(Object(App\Controllers\AdminController))
 8 SYSTEMPATH/CodeIgniter.php(351): CodeIgniter\CodeIgniter->handleRequest(null, Object(Config\Cache), false)
 9 FCPATH/index.php(67): CodeIgniter\CodeIgniter->run()
CRITICAL - 2023-01-23 16:12:29 --> Undefined variable $driver
in APPPATH/Views/adminDashboard/obracun.php on line 15.
 1 APPPATH/Views/adminDashboard/obracun.php(15): CodeIgniter\Debug\Exceptions->errorHandler(2, 'Undefined variable $driver', 'APPPATH/Views/adminDashboard/obracun.php', 15)
 2 SYSTEMPATH/View/View.php(213): include('APPPATH/Views/adminDashboard/obracun.php')
 3 SYSTEMPATH/View/View.php(216): CodeIgniter\View\View->CodeIgniter\View\{closure}()
 4 SYSTEMPATH/Common.php(1134): CodeIgniter\View\View->render('adminDashboard/obracun', [], true)
 5 APPPATH/Controllers/AdminController.php(462): view('adminDashboard/obracun', [...])
 6 SYSTEMPATH/CodeIgniter.php(927): App\Controllers\AdminController->obracun()
 7 SYSTEMPATH/CodeIgniter.php(482): CodeIgniter\CodeIgniter->runController(Object(App\Controllers\AdminController))
 8 SYSTEMPATH/CodeIgniter.php(351): CodeIgniter\CodeIgniter->handleRequest(null, Object(Config\Cache), false)
 9 FCPATH/index.php(67): CodeIgniter\CodeIgniter->run()
CRITICAL - 2023-01-23 16:12:50 --> Undefined variable $driver
in APPPATH/Views/adminDashboard/obracun.php on line 18.
 1 APPPATH/Views/adminDashboard/obracun.php(18): CodeIgniter\Debug\Exceptions->errorHandler(2, 'Undefined variable $driver', 'APPPATH/Views/adminDashboard/obracun.php', 18)
 2 SYSTEMPATH/View/View.php(213): include('APPPATH/Views/adminDashboard/obracun.php')
 3 SYSTEMPATH/View/View.php(216): CodeIgniter\View\View->CodeIgniter\View\{closure}()
 4 SYSTEMPATH/Common.php(1134): CodeIgniter\View\View->render('adminDashboard/obracun', [], true)
 5 APPPATH/Controllers/AdminController.php(462): view('adminDashboard/obracun', [...])
 6 SYSTEMPATH/CodeIgniter.php(927): App\Controllers\AdminController->obracun()
 7 SYSTEMPATH/CodeIgniter.php(482): CodeIgniter\CodeIgniter->runController(Object(App\Controllers\AdminController))
 8 SYSTEMPATH/CodeIgniter.php(351): CodeIgniter\CodeIgniter->handleRequest(null, Object(Config\Cache), false)
 9 FCPATH/index.php(67): CodeIgniter\CodeIgniter->run()
CRITICAL - 2023-01-23 16:17:10 --> Unclosed '{' on line 12
in APPPATH/Controllers/AdminController.php on line 481.
 1 SYSTEMPATH/Autoloader/Autoloader.php(259): CodeIgniter\Autoloader\Autoloader->includeFile('APPPATH/Controllers/AdminController.php')
 2 SYSTEMPATH/Autoloader/Autoloader.php(237): CodeIgniter\Autoloader\Autoloader->loadInNamespace('App\\Controllers\\AdminController')
 3 [internal function]: CodeIgniter\Autoloader\Autoloader->loadClass('App\\Controllers\\AdminController')
 4 SYSTEMPATH/CodeIgniter.php(877): class_exists('\\App\\Controllers\\AdminController', true)
 5 SYSTEMPATH/CodeIgniter.php(469): CodeIgniter\CodeIgniter->startController()
 6 SYSTEMPATH/CodeIgniter.php(351): CodeIgniter\CodeIgniter->handleRequest(null, Object(Config\Cache), false)
 7 FCPATH/index.php(67): CodeIgniter\CodeIgniter->run()
CRITICAL - 2023-01-23 16:27:01 --> Undefined variable $obracun
in APPPATH/Views/adminDashboard/obracun.php on line 7.
 1 APPPATH/Views/adminDashboard/obracun.php(7): CodeIgniter\Debug\Exceptions->errorHandler(2, 'Undefined variable $obracun', 'APPPATH/Views/adminDashboard/obracun.php', 7)
 2 SYSTEMPATH/View/View.php(213): include('APPPATH/Views/adminDashboard/obracun.php')
 3 SYSTEMPATH/View/View.php(216): CodeIgniter\View\View->CodeIgniter\View\{closure}()
 4 SYSTEMPATH/Common.php(1134): CodeIgniter\View\View->render('adminDashboard/obracun', [], true)
 5 APPPATH/Controllers/AdminController.php(460): view('adminDashboard/obracun', [...])
 6 SYSTEMPATH/CodeIgniter.php(927): App\Controllers\AdminController->obracun()
 7 SYSTEMPATH/CodeIgniter.php(482): CodeIgniter\CodeIgniter->runController(Object(App\Controllers\AdminController))
 8 SYSTEMPATH/CodeIgniter.php(351): CodeIgniter\CodeIgniter->handleRequest(null, Object(Config\Cache), false)
 9 FCPATH/index.php(67): CodeIgniter\CodeIgniter->run()
CRITICAL - 2023-01-23 16:27:33 --> Undefined variable $obracun
in APPPATH/Views/adminDashboard/obracun.php on line 7.
 1 APPPATH/Views/adminDashboard/obracun.php(7): CodeIgniter\Debug\Exceptions->errorHandler(2, 'Undefined variable $obracun', 'APPPATH/Views/adminDashboard/obracun.php', 7)
 2 SYSTEMPATH/View/View.php(213): include('APPPATH/Views/adminDashboard/obracun.php')
 3 SYSTEMPATH/View/View.php(216): CodeIgniter\View\View->CodeIgniter\View\{closure}()
 4 SYSTEMPATH/Common.php(1134): CodeIgniter\View\View->render('adminDashboard/obracun', [], true)
 5 APPPATH/Controllers/AdminController.php(463): view('adminDashboard/obracun', [...])
 6 SYSTEMPATH/CodeIgniter.php(927): App\Controllers\AdminController->obracun()
 7 SYSTEMPATH/CodeIgniter.php(482): CodeIgniter\CodeIgniter->runController(Object(App\Controllers\AdminController))
 8 SYSTEMPATH/CodeIgniter.php(351): CodeIgniter\CodeIgniter->handleRequest(null, Object(Config\Cache), false)
 9 FCPATH/index.php(67): CodeIgniter\CodeIgniter->run()
CRITICAL - 2023-01-23 16:28:44 --> Undefined variable $obracun
in APPPATH/Views/adminDashboard/obracun.php on line 7.
 1 APPPATH/Views/adminDashboard/obracun.php(7): CodeIgniter\Debug\Exceptions->errorHandler(2, 'Undefined variable $obracun', 'APPPATH/Views/adminDashboard/obracun.php', 7)
 2 SYSTEMPATH/View/View.php(213): include('APPPATH/Views/adminDashboard/obracun.php')
 3 SYSTEMPATH/View/View.php(216): CodeIgniter\View\View->CodeIgniter\View\{closure}()
 4 SYSTEMPATH/Common.php(1134): CodeIgniter\View\View->render('adminDashboard/obracun', [], true)
 5 APPPATH/Controllers/AdminController.php(461): view('adminDashboard/obracun', [...])
 6 SYSTEMPATH/CodeIgniter.php(927): App\Controllers\AdminController->obracun()
 7 SYSTEMPATH/CodeIgniter.php(482): CodeIgniter\CodeIgniter->runController(Object(App\Controllers\AdminController))
 8 SYSTEMPATH/CodeIgniter.php(351): CodeIgniter\CodeIgniter->handleRequest(null, Object(Config\Cache), false)
 9 FCPATH/index.php(67): CodeIgniter\CodeIgniter->run()
CRITICAL - 2023-01-23 16:29:53 --> Undefined variable $obracun
in APPPATH/Views/adminDashboard/obracun.php on line 7.
 1 APPPATH/Views/adminDashboard/obracun.php(7): CodeIgniter\Debug\Exceptions->errorHandler(2, 'Undefined variable $obracun', 'APPPATH/Views/adminDashboard/obracun.php', 7)
 2 SYSTEMPATH/View/View.php(213): include('APPPATH/Views/adminDashboard/obracun.php')
 3 SYSTEMPATH/View/View.php(216): CodeIgniter\View\View->CodeIgniter\View\{closure}()
 4 SYSTEMPATH/Common.php(1134): CodeIgniter\View\View->render('adminDashboard/obracun', [], true)
 5 APPPATH/Controllers/AdminController.php(464): view('adminDashboard/obracun', [...])
 6 SYSTEMPATH/CodeIgniter.php(927): App\Controllers\AdminController->obracun()
 7 SYSTEMPATH/CodeIgniter.php(482): CodeIgniter\CodeIgniter->runController(Object(App\Controllers\AdminController))
 8 SYSTEMPATH/CodeIgniter.php(351): CodeIgniter\CodeIgniter->handleRequest(null, Object(Config\Cache), false)
 9 FCPATH/index.php(67): CodeIgniter\CodeIgniter->run()
