CRITICAL - 2023-01-24 04:37:35 --> Undefined variable $373.62
in APPPATH/Controllers/AdminController.php on line 475.
 1 APPPATH/Controllers/AdminController.php(475): CodeIgniter\Debug\Exceptions->errorHandler(2, 'Undefined variable $373.62', 'APPPATH/Controllers/AdminController.php', 475)
 2 SYSTEMPATH/CodeIgniter.php(927): App\Controllers\AdminController->obracun()
 3 SYSTEMPATH/CodeIgniter.php(482): CodeIgniter\CodeIgniter->runController(Object(App\Controllers\AdminController))
 4 SYSTEMPATH/CodeIgniter.php(351): CodeIgniter\CodeIgniter->handleRequest(null, Object(Config\Cache), false)
 5 FCPATH/index.php(67): CodeIgniter\CodeIgniter->run()
CRITICAL - 2023-01-24 04:37:53 --> Undefined variable $-216.5
in APPPATH/Controllers/AdminController.php on line 476.
 1 APPPATH/Controllers/AdminController.php(476): CodeIgniter\Debug\Exceptions->errorHandler(2, 'Undefined variable $-216.5', 'APPPATH/Controllers/AdminController.php', 476)
 2 SYSTEMPATH/CodeIgniter.php(927): App\Controllers\AdminController->obracun()
 3 SYSTEMPATH/CodeIgniter.php(482): CodeIgniter\CodeIgniter->runController(Object(App\Controllers\AdminController))
 4 SYSTEMPATH/CodeIgniter.php(351): CodeIgniter\CodeIgniter->handleRequest(null, Object(Config\Cache), false)
 5 FCPATH/index.php(67): CodeIgniter\CodeIgniter->run()
CRITICAL - 2023-01-24 04:41:09 --> Undefined variable $driversList
in APPPATH/Views/adminDashboard/obracun.php on line 6.
 1 APPPATH/Views/adminDashboard/obracun.php(6): CodeIgniter\Debug\Exceptions->errorHandler(2, 'Undefined variable $driversList', 'APPPATH/Views/adminDashboard/obracun.php', 6)
 2 SYSTEMPATH/View/View.php(213): include('APPPATH/Views/adminDashboard/obracun.php')
 3 SYSTEMPATH/View/View.php(216): CodeIgniter\View\View->CodeIgniter\View\{closure}()
 4 SYSTEMPATH/Common.php(1134): CodeIgniter\View\View->render('adminDashboard/obracun', [], true)
 5 APPPATH/Controllers/AdminController.php(492): view('adminDashboard/obracun', [...])
 6 SYSTEMPATH/CodeIgniter.php(927): App\Controllers\AdminController->obracun()
 7 SYSTEMPATH/CodeIgniter.php(482): CodeIgniter\CodeIgniter->runController(Object(App\Controllers\AdminController))
 8 SYSTEMPATH/CodeIgniter.php(351): CodeIgniter\CodeIgniter->handleRequest(null, Object(Config\Cache), false)
 9 FCPATH/index.php(67): CodeIgniter\CodeIgniter->run()
CRITICAL - 2023-01-24 08:52:01 --> Call to undefined method CodeIgniter\HTTP\IncomingRequest::is()
in APPPATH/Controllers/AdminController.php on line 308.
 1 SYSTEMPATH/CodeIgniter.php(927): App\Controllers\AdminController->addDriver()
 2 SYSTEMPATH/CodeIgniter.php(482): CodeIgniter\CodeIgniter->runController(Object(App\Controllers\AdminController))
 3 SYSTEMPATH/CodeIgniter.php(351): CodeIgniter\CodeIgniter->handleRequest(null, Object(Config\Cache), false)
 4 FCPATH/index.php(67): CodeIgniter\CodeIgniter->run()
CRITICAL - 2023-01-24 08:55:16 --> Call to undefined method CodeIgniter\HTTP\IncomingRequest::is()
in APPPATH/Controllers/AdminController.php on line 308.
 1 SYSTEMPATH/CodeIgniter.php(927): App\Controllers\AdminController->addDriver()
 2 SYSTEMPATH/CodeIgniter.php(482): CodeIgniter\CodeIgniter->runController(Object(App\Controllers\AdminController))
 3 SYSTEMPATH/CodeIgniter.php(351): CodeIgniter\CodeIgniter->handleRequest(null, Object(Config\Cache), false)
 4 FCPATH/index.php(67): CodeIgniter\CodeIgniter->run()
