CRITICAL - 2024-09-19 03:06:01 --> Undefined array key 1
in APPPATH/Controllers/ImportController.php on line 104.
 1 APPPATH/Controllers/ImportController.php(104): CodeIgniter\Debug\Exceptions->errorHandler()
 2 APPPATH/Controllers/ImportController.php(80): App\Controllers\ImportController->timeToHours()
 3 SYSTEMPATH/CodeIgniter.php(927): App\Controllers\ImportController->activityUberImport()
 4 SYSTEMPATH/CodeIgniter.php(482): CodeIgniter\CodeIgniter->runController()
 5 SYSTEMPATH/CodeIgniter.php(351): CodeIgniter\CodeIgniter->handleRequest()
 6 FCPATH/index.php(67): CodeIgniter\CodeIgniter->run()
CRITICAL - 2024-09-19 03:06:17 --> Undefined array key 1
in APPPATH/Controllers/ImportController.php on line 104.
 1 APPPATH/Controllers/ImportController.php(104): CodeIgniter\Debug\Exceptions->errorHandler()
 2 APPPATH/Controllers/ImportController.php(80): App\Controllers\ImportController->timeToHours()
 3 SYSTEMPATH/CodeIgniter.php(927): App\Controllers\ImportController->activityUberImport()
 4 SYSTEMPATH/CodeIgniter.php(482): CodeIgniter\CodeIgniter->runController()
 5 SYSTEMPATH/CodeIgniter.php(351): CodeIgniter\CodeIgniter->handleRequest()
 6 FCPATH/index.php(67): CodeIgniter\CodeIgniter->run()
ERROR - 2024-09-19 04:17:40 --> Email: Unable to send email using SMTP. Your server might not be configured to send mail using this method.
ERROR - 2024-09-19 04:17:40 --> 220 kundenserver.de (mreue107) Nemesis ESMTP Service ready

hello: 250-kundenserver.de Hello agregator.online [185.124.108.16]
250-8BITMIME
250-SIZE 141557760
250 STARTTLS

starttls: 220 OK

hello: 250-kundenserver.de Hello agregator.online [185.124.108.16]
250-8BITMIME
250-AUTH PLAIN LOGIN
250 SIZE 141557760

Failed to authenticate password. Error: 535 Authentication credentials invalid

